
Linux mcs-computeA006 5.10.11-1.el7.elrepo.x86_64 #1 SMP Tue Jan 26 10:44:32 EST 2021 x86_64 x86_64 x86_64 GNU/Linux
@01 /home/mcs001/s145344/20221025/FullRecourseKEP/code/check/../../instances/KlimentovaInstances100/Klimentova_100_0.txt ===========
-----------------------------
Thu Nov 24 15:40:00 CET 2022
-----------------------------
@03 1669300800
/home/mcs001/s145344/20221025/FullRecourseKEP/code/check/../bin/fullrecoursekidney.linux.x86_64.gnu.opt.spx2 /home/mcs001/s145344/20221025/FullRecourseKEP/code/check/../../instances/KlimentovaInstances100/Klimentova_100_0.txt 4 -t 3600 -m 24000 -n 2100000000 -d 10000 -s /home/mcs001/s145344/20221025/FullRecourseKEP/code/check/../settings/method1-complexFALSE-cyc4-chain4-liftTRUE-policy2.set
SCIP version 8.0.2 [precision: 8 byte] [memory: block] [mode: optimized] [LP solver: Soplex 6.0.2] [GitHash: 5f0473c4fb]
Copyright (C) 2002-2022 Konrad-Zuse-Zentrum fuer Informationstechnik Berlin (ZIB)


Reading parameters from </home/mcs001/s145344/20221025/FullRecourseKEP/code/check/../settings/method1-complexFALSE-cyc4-chain4-liftTRUE-policy2.set>.

Changed settings:
misc/usesymmetry = 0
kidney/maxcyclelength = 4
kidney/maxchainlength = 4

Setting time limit to 3600.
Setting memory limit to 24000.
Setting node limit to 2100000000.
Setting display frequency to 10000.

Reading the graph
Reading graph from file /home/mcs001/s145344/20221025/FullRecourseKEP/code/check/../../instances/KlimentovaInstances100/Klimentova_100_0.txt
Finding the cycles
Enumerating all cycles
Number of cycles: 16463

Finding the chains
Enumerating all chains
Chain length maximum: 4
Number of chains: 415257
Strengthening the node bounds
Find the triplets
Time needed to read graph and detecting cycles/chains/triplets:	0.28
Create the model
Time to create master model:	0.79
Solve the model
@99 Start master loop of trilevel optimization algorithm.
@98 masteriteration 1: objective value 43.000000.
@97 Set up Benders model 1.
time limit reached@05================================================================================
   ================================   STATISTICS   ================================
[suboptimal] terminated after 3685.210000 seconds (stage 2: 3119.210000, stage 3: 0.680000).

[patterns]
Used attack patterns:
@06================================================================================

SCIP Status        : problem creation / modification
Total Time         :       0.00
  reading          :       0.00
Original Problem   :
  Problem name     : name
  Variables        : 431821 (431820 binary, 0 integer, 0 implicit integer, 1 continuous)
  Constraints      : 201 initial, 201 maximal
  Objective        : maximize, 1 non-zeros (abs.min = 1, abs.max = 1)
Free the model
@04 1669304487
-----------------------------
Thu Nov 24 16:41:27 CET 2022
-----------------------------

=ready=
Linux mcs-computeA005 5.10.11-1.el7.elrepo.x86_64 #1 SMP Tue Jan 26 10:44:32 EST 2021 x86_64 x86_64 x86_64 GNU/Linux
@01 /home/mcs001/s145344/20221025/FullRecourseKEP/code/check/../../instances/KlimentovaInstances100/Klimentova_100_1.txt ===========
-----------------------------
Thu Nov 24 15:40:02 CET 2022
-----------------------------
@03 1669300802
/home/mcs001/s145344/20221025/FullRecourseKEP/code/check/../bin/fullrecoursekidney.linux.x86_64.gnu.opt.spx2 /home/mcs001/s145344/20221025/FullRecourseKEP/code/check/../../instances/KlimentovaInstances100/Klimentova_100_1.txt 4 -t 3600 -m 24000 -n 2100000000 -d 10000 -s /home/mcs001/s145344/20221025/FullRecourseKEP/code/check/../settings/method1-complexFALSE-cyc4-chain4-liftTRUE-policy2.set
SCIP version 8.0.2 [precision: 8 byte] [memory: block] [mode: optimized] [LP solver: Soplex 6.0.2] [GitHash: 5f0473c4fb]
Copyright (C) 2002-2022 Konrad-Zuse-Zentrum fuer Informationstechnik Berlin (ZIB)


Reading parameters from </home/mcs001/s145344/20221025/FullRecourseKEP/code/check/../settings/method1-complexFALSE-cyc4-chain4-liftTRUE-policy2.set>.

Changed settings:
misc/usesymmetry = 0
kidney/maxcyclelength = 4
kidney/maxchainlength = 4

Setting time limit to 3600.
Setting memory limit to 24000.
Setting node limit to 2100000000.
Setting display frequency to 10000.

Reading the graph
Reading graph from file /home/mcs001/s145344/20221025/FullRecourseKEP/code/check/../../instances/KlimentovaInstances100/Klimentova_100_1.txt
Finding the cycles
Enumerating all cycles
Number of cycles: 12889

Finding the chains
Enumerating all chains
Chain length maximum: 4
Number of chains: 1144552
Strengthening the node bounds
Find the triplets
Time needed to read graph and detecting cycles/chains/triplets:	0.78
Create the model
Time to create master model:	2.26
Solve the model
@99 Start master loop of trilevel optimization algorithm.
@98 masteriteration 1: objective value 47.000000.
@97 Set up Benders model 1.
memory limit reached@05================================================================================
   ================================   STATISTICS   ================================
[suboptimal] terminated after 3253.920000 seconds (stage 2: 114.680000, stage 3: 2.550000).

[patterns]
Used attack patterns:
@06================================================================================

SCIP Status        : problem creation / modification
Total Time         :       0.00
  reading          :       0.00
Original Problem   :
  Problem name     : name
  Variables        : 1157542 (1157541 binary, 0 integer, 0 implicit integer, 1 continuous)
  Constraints      : 201 initial, 201 maximal
  Objective        : maximize, 1 non-zeros (abs.min = 1, abs.max = 1)
Free the model
@04 1669304072
-----------------------------
Thu Nov 24 16:34:32 CET 2022
-----------------------------

=ready=
Linux mcs-computeA007 5.10.11-1.el7.elrepo.x86_64 #1 SMP Tue Jan 26 10:44:32 EST 2021 x86_64 x86_64 x86_64 GNU/Linux
@01 /home/mcs001/s145344/20221025/FullRecourseKEP/code/check/../../instances/KlimentovaInstances100/Klimentova_100_2.txt ===========
-----------------------------
Thu Nov 24 15:40:04 CET 2022
-----------------------------
@03 1669300804
/home/mcs001/s145344/20221025/FullRecourseKEP/code/check/../bin/fullrecoursekidney.linux.x86_64.gnu.opt.spx2 /home/mcs001/s145344/20221025/FullRecourseKEP/code/check/../../instances/KlimentovaInstances100/Klimentova_100_2.txt 4 -t 3600 -m 24000 -n 2100000000 -d 10000 -s /home/mcs001/s145344/20221025/FullRecourseKEP/code/check/../settings/method1-complexFALSE-cyc4-chain4-liftTRUE-policy2.set
SCIP version 8.0.2 [precision: 8 byte] [memory: block] [mode: optimized] [LP solver: Soplex 6.0.2] [GitHash: 5f0473c4fb]
Copyright (C) 2002-2022 Konrad-Zuse-Zentrum fuer Informationstechnik Berlin (ZIB)


Reading parameters from </home/mcs001/s145344/20221025/FullRecourseKEP/code/check/../settings/method1-complexFALSE-cyc4-chain4-liftTRUE-policy2.set>.

Changed settings:
misc/usesymmetry = 0
kidney/maxcyclelength = 4
kidney/maxchainlength = 4

Setting time limit to 3600.
Setting memory limit to 24000.
Setting node limit to 2100000000.
Setting display frequency to 10000.

Reading the graph
Reading graph from file /home/mcs001/s145344/20221025/FullRecourseKEP/code/check/../../instances/KlimentovaInstances100/Klimentova_100_2.txt
Finding the cycles
Enumerating all cycles
Number of cycles: 37929

Finding the chains
Enumerating all chains
Chain length maximum: 4
Number of chains: 111945
Strengthening the node bounds
Find the triplets
Time needed to read graph and detecting cycles/chains/triplets:	0.1
Create the model
Time to create master model:	0.27
Solve the model
@99 Start master loop of trilevel optimization algorithm.
@98 masteriteration 1: objective value 48.000000.
@97 Set up Benders model 1.
Benders obj: 32.000000
Attack pattern: 
34 42 64 98 
@95 KEP objective: 44.000000
The recourse value 44.000000 of the currently considered attack pattern violates the master solution.
@96 Benders problem iteration 1: objective value 32.000000.
nattacks: 4
first attack: 34
@98 masteriteration 2: objective value 45.000000.
@97 Set up Benders model 2.
Benders obj: 29.000000
Attack pattern: 
4 6 62 70 
@95 KEP objective: 41.000000
The recourse value 41.000000 of the currently considered attack pattern violates the master solution.
@96 Benders problem iteration 2: objective value 29.000000.
nattacks: 4
first attack: 4
time limit reached@05================================================================================
   ================================   STATISTICS   ================================
[suboptimal] terminated after 3603.770000 seconds (stage 2: 2472.570000, stage 3: 0.540000).

[patterns]
Used attack patterns:
[scenario]    0:	      34      42      64      98
[scenario]    1:	       4       6      62      70
@06================================================================================

SCIP Status        : problem creation / modification
Total Time         :       0.00
  reading          :       0.00
Original Problem   :
  Problem name     : name
  Variables        : 449921 (449920 binary, 0 integer, 0 implicit integer, 1 continuous)
  Constraints      : 799 initial, 799 maximal
  Objective        : maximize, 1 non-zeros (abs.min = 1, abs.max = 1)
Free the model
@04 1669304416
-----------------------------
Thu Nov 24 16:40:16 CET 2022
-----------------------------

=ready=
Linux mcs-computeA009 5.10.11-1.el7.elrepo.x86_64 #1 SMP Tue Jan 26 10:44:32 EST 2021 x86_64 x86_64 x86_64 GNU/Linux
@01 /home/mcs001/s145344/20221025/FullRecourseKEP/code/check/../../instances/KlimentovaInstances100/Klimentova_100_3.txt ===========
-----------------------------
Thu Nov 24 15:40:07 CET 2022
-----------------------------
@03 1669300807
/home/mcs001/s145344/20221025/FullRecourseKEP/code/check/../bin/fullrecoursekidney.linux.x86_64.gnu.opt.spx2 /home/mcs001/s145344/20221025/FullRecourseKEP/code/check/../../instances/KlimentovaInstances100/Klimentova_100_3.txt 4 -t 3600 -m 24000 -n 2100000000 -d 10000 -s /home/mcs001/s145344/20221025/FullRecourseKEP/code/check/../settings/method1-complexFALSE-cyc4-chain4-liftTRUE-policy2.set
SCIP version 8.0.2 [precision: 8 byte] [memory: block] [mode: optimized] [LP solver: Soplex 6.0.2] [GitHash: 5f0473c4fb]
Copyright (C) 2002-2022 Konrad-Zuse-Zentrum fuer Informationstechnik Berlin (ZIB)


Reading parameters from </home/mcs001/s145344/20221025/FullRecourseKEP/code/check/../settings/method1-complexFALSE-cyc4-chain4-liftTRUE-policy2.set>.

Changed settings:
misc/usesymmetry = 0
kidney/maxcyclelength = 4
kidney/maxchainlength = 4

Setting time limit to 3600.
Setting memory limit to 24000.
Setting node limit to 2100000000.
Setting display frequency to 10000.

Reading the graph
Reading graph from file /home/mcs001/s145344/20221025/FullRecourseKEP/code/check/../../instances/KlimentovaInstances100/Klimentova_100_3.txt
Finding the cycles
Enumerating all cycles
Number of cycles: 26165

Finding the chains
Enumerating all chains
Chain length maximum: 4
Number of chains: 1528644
Strengthening the node bounds
Find the triplets
Time needed to read graph and detecting cycles/chains/triplets:	1.14
Create the model
Time to create master model:	3.14
Solve the model
@99 Start master loop of trilevel optimization algorithm.
time limit reached@05================================================================================
   ================================   STATISTICS   ================================
[suboptimal] terminated after 4653.100000 seconds (stage 2: 0.000000, stage 3: 0.000000).

[patterns]
Used attack patterns:
@06================================================================================

SCIP Status        : problem creation / modification
Total Time         :       0.00
  reading          :       0.00
Original Problem   :
  Problem name     : name
  Variables        : 1554910 (1554909 binary, 0 integer, 0 implicit integer, 1 continuous)
  Constraints      : 201 initial, 201 maximal
  Objective        : maximize, 1 non-zeros (abs.min = 1, abs.max = 1)
Free the model
@04 1669305479
-----------------------------
Thu Nov 24 16:57:59 CET 2022
-----------------------------

=ready=
Linux mcs-computeA004 5.10.11-1.el7.elrepo.x86_64 #1 SMP Tue Jan 26 10:44:32 EST 2021 x86_64 x86_64 x86_64 GNU/Linux
@01 /home/mcs001/s145344/20221025/FullRecourseKEP/code/check/../../instances/KlimentovaInstances100/Klimentova_100_4.txt ===========
-----------------------------
Thu Nov 24 15:40:25 CET 2022
-----------------------------
@03 1669300825
/home/mcs001/s145344/20221025/FullRecourseKEP/code/check/../bin/fullrecoursekidney.linux.x86_64.gnu.opt.spx2 /home/mcs001/s145344/20221025/FullRecourseKEP/code/check/../../instances/KlimentovaInstances100/Klimentova_100_4.txt 4 -t 3600 -m 24000 -n 2100000000 -d 10000 -s /home/mcs001/s145344/20221025/FullRecourseKEP/code/check/../settings/method1-complexFALSE-cyc4-chain4-liftTRUE-policy2.set
SCIP version 8.0.2 [precision: 8 byte] [memory: block] [mode: optimized] [LP solver: Soplex 6.0.2] [GitHash: 5f0473c4fb]
Copyright (C) 2002-2022 Konrad-Zuse-Zentrum fuer Informationstechnik Berlin (ZIB)


Reading parameters from </home/mcs001/s145344/20221025/FullRecourseKEP/code/check/../settings/method1-complexFALSE-cyc4-chain4-liftTRUE-policy2.set>.

Changed settings:
misc/usesymmetry = 0
kidney/maxcyclelength = 4
kidney/maxchainlength = 4

Setting time limit to 3600.
Setting memory limit to 24000.
Setting node limit to 2100000000.
Setting display frequency to 10000.

Reading the graph
Reading graph from file /home/mcs001/s145344/20221025/FullRecourseKEP/code/check/../../instances/KlimentovaInstances100/Klimentova_100_4.txt
Finding the cycles
Enumerating all cycles
Number of cycles: 26420

Finding the chains
Enumerating all chains
Chain length maximum: 4
Number of chains: 935073
Strengthening the node bounds
Find the triplets
Time needed to read graph and detecting cycles/chains/triplets:	0.66
Create the model
Time to create master model:	1.93
Solve the model
@99 Start master loop of trilevel optimization algorithm.
@98 masteriteration 1: objective value 62.000000.
@97 Set up Benders model 1.
memory limit reached@05================================================================================
   ================================   STATISTICS   ================================
[suboptimal] terminated after 1887.690000 seconds (stage 2: 134.510000, stage 3: 1.810000).

[patterns]
Used attack patterns:
@06================================================================================

SCIP Status        : problem creation / modification
Total Time         :       0.00
  reading          :       0.00
Original Problem   :
  Problem name     : name
  Variables        : 961594 (961593 binary, 0 integer, 0 implicit integer, 1 continuous)
  Constraints      : 201 initial, 201 maximal
  Objective        : maximize, 1 non-zeros (abs.min = 1, abs.max = 1)
Free the model
@04 1669302722
-----------------------------
Thu Nov 24 16:12:02 CET 2022
-----------------------------

=ready=
Linux mcs-computeA010 5.10.11-1.el7.elrepo.x86_64 #1 SMP Tue Jan 26 10:44:32 EST 2021 x86_64 x86_64 x86_64 GNU/Linux
@01 /home/mcs001/s145344/20221025/FullRecourseKEP/code/check/../../instances/KlimentovaInstances100/Klimentova_100_5.txt ===========
-----------------------------
Thu Nov 24 15:40:28 CET 2022
-----------------------------
@03 1669300828
/home/mcs001/s145344/20221025/FullRecourseKEP/code/check/../bin/fullrecoursekidney.linux.x86_64.gnu.opt.spx2 /home/mcs001/s145344/20221025/FullRecourseKEP/code/check/../../instances/KlimentovaInstances100/Klimentova_100_5.txt 4 -t 3600 -m 24000 -n 2100000000 -d 10000 -s /home/mcs001/s145344/20221025/FullRecourseKEP/code/check/../settings/method1-complexFALSE-cyc4-chain4-liftTRUE-policy2.set
SCIP version 8.0.2 [precision: 8 byte] [memory: block] [mode: optimized] [LP solver: Soplex 6.0.2] [GitHash: 5f0473c4fb]
Copyright (C) 2002-2022 Konrad-Zuse-Zentrum fuer Informationstechnik Berlin (ZIB)


Reading parameters from </home/mcs001/s145344/20221025/FullRecourseKEP/code/check/../settings/method1-complexFALSE-cyc4-chain4-liftTRUE-policy2.set>.

Changed settings:
misc/usesymmetry = 0
kidney/maxcyclelength = 4
kidney/maxchainlength = 4

Setting time limit to 3600.
Setting memory limit to 24000.
Setting node limit to 2100000000.
Setting display frequency to 10000.

Reading the graph
Reading graph from file /home/mcs001/s145344/20221025/FullRecourseKEP/code/check/../../instances/KlimentovaInstances100/Klimentova_100_5.txt
Finding the cycles
Enumerating all cycles
Number of cycles: 17405

Finding the chains
Enumerating all chains
Chain length maximum: 4
Number of chains: 677587
Strengthening the node bounds
Find the triplets
Time needed to read graph and detecting cycles/chains/triplets:	0.47
Create the model
Time to create master model:	1.34
Solve the model
@99 Start master loop of trilevel optimization algorithm.
@98 masteriteration 1: objective value 39.000000.
@97 Set up Benders model 1.
time limit reached@05================================================================================
   ================================   STATISTICS   ================================
[suboptimal] terminated after 3820.950000 seconds (stage 2: 2510.720000, stage 3: 1.140000).

[patterns]
Used attack patterns:
@06================================================================================

SCIP Status        : problem creation / modification
Total Time         :       0.00
  reading          :       0.00
Original Problem   :
  Problem name     : name
  Variables        : 695093 (695092 binary, 0 integer, 0 implicit integer, 1 continuous)
  Constraints      : 201 initial, 201 maximal
  Objective        : maximize, 1 non-zeros (abs.min = 1, abs.max = 1)
Free the model
@04 1669304659
-----------------------------
Thu Nov 24 16:44:19 CET 2022
-----------------------------

=ready=
Linux mcs-computeA002 5.10.11-1.el7.elrepo.x86_64 #1 SMP Tue Jan 26 10:44:32 EST 2021 x86_64 x86_64 x86_64 GNU/Linux
@01 /home/mcs001/s145344/20221025/FullRecourseKEP/code/check/../../instances/KlimentovaInstances100/Klimentova_100_6.txt ===========
-----------------------------
Wed Nov  2 13:03:15 CET 2022
-----------------------------
@03 1667390595
/home/mcs001/s145344/20221025/FullRecourseKEP/code/check/../bin/fullrecoursekidney.linux.x86_64.gnu.opt.spx2 /home/mcs001/s145344/20221025/FullRecourseKEP/code/check/../../instances/KlimentovaInstances100/Klimentova_100_6.txt 4 -t 3600 -m 24000 -n 2100000000 -d 10000 -s /home/mcs001/s145344/20221025/FullRecourseKEP/code/check/../settings/method1-complexFALSE-cyc4-chain4-liftTRUE-policy2.set
SCIP version 8.0.2 [precision: 8 byte] [memory: block] [mode: optimized] [LP solver: Soplex 6.0.2] [GitHash: 5f0473c4fb]
Copyright (C) 2002-2022 Konrad-Zuse-Zentrum fuer Informationstechnik Berlin (ZIB)


Reading parameters from </home/mcs001/s145344/20221025/FullRecourseKEP/code/check/../settings/method1-complexFALSE-cyc4-chain4-liftTRUE-policy2.set>.

Changed settings:
misc/usesymmetry = 0
kidney/maxcyclelength = 4
kidney/maxchainlength = 4

Setting time limit to 3600.
Setting memory limit to 24000.
Setting node limit to 2100000000.
Setting display frequency to 10000.

Reading the graph
Reading graph from file /home/mcs001/s145344/20221025/FullRecourseKEP/code/check/../../instances/KlimentovaInstances100/Klimentova_100_6.txt
Finding the cycles
Enumerating all cycles
Number of cycles: 6558

Finding the chains
Enumerating all chains
Chain length maximum: 4
Number of chains: 49780
Strengthening the node bounds
Find the triplets
Time needed to read graph and detecting cycles/chains/triplets:	0.02
Create the model
Time to create master model:	0.07
Solve the model
@99 Start master loop of trilevel optimization algorithm.
@98 masteriteration 1: objective value 41.000000.
@97 Set up Benders model 1.
Benders obj: 25.000000
Attack pattern: 
50 57 61 75 
@95 KEP objective: 37.000000
The recourse value 37.000000 of the currently considered attack pattern violates the master solution.
@96 Benders problem iteration 1: objective value 25.000000.
nattacks: 4
first attack: 50
@98 masteriteration 2: objective value 37.000000.
@97 Set up Benders model 2.
Benders obj: 21.000000
Attack pattern: 
2 67 82 84 
@95 KEP objective: 33.000000
The recourse value 33.000000 of the currently considered attack pattern violates the master solution.
@96 Benders problem iteration 2: objective value 21.000000.
nattacks: 4
first attack: 2
@98 masteriteration 3: objective value 37.000000.
@97 Set up Benders model 3.
Benders obj: 25.000000
Attack pattern: 
19 63 64 97 
@95 KEP objective: 37.000000
Benders obj: 25.000000
Attack pattern: 
11 25 57 82 
@95 KEP objective: 37.000000
Benders obj: 25.000000
Attack pattern: 
11 21 25 63 
@95 KEP objective: 35.000000
The recourse value 35.000000 of the currently considered attack pattern violates the master solution.
@96 Benders problem iteration 3: objective value 25.000000.
nattacks: 4
first attack: 11
@98 masteriteration 4: objective value 36.000000.
@97 Set up Benders model 4.
Benders obj: 24.000000
Attack pattern: 
10 32 50 97 
@95 KEP objective: 33.000000
The recourse value 33.000000 of the currently considered attack pattern violates the master solution.
@96 Benders problem iteration 4: objective value 24.000000.
nattacks: 4
first attack: 10
@98 masteriteration 5: objective value 35.000000.
@97 Set up Benders model 5.
Benders obj: 24.000000
Attack pattern: 
22 31 61 83 
@95 KEP objective: 33.000000
The recourse value 33.000000 of the currently considered attack pattern violates the master solution.
@96 Benders problem iteration 5: objective value 24.000000.
nattacks: 4
first attack: 22
@98 masteriteration 6: objective value 35.000000.
@97 Set up Benders model 6.
Benders obj: 25.000000
Attack pattern: 
21 58 61 82 
@95 KEP objective: 36.000000
Benders obj: 25.000000
Attack pattern: 
50 67 84 94 
@95 KEP objective: 34.000000
The recourse value 34.000000 of the currently considered attack pattern violates the master solution.
@96 Benders problem iteration 6: objective value 25.000000.
nattacks: 4
first attack: 50
time limit reached@05================================================================================
   ================================   STATISTICS   ================================
[suboptimal] terminated after 3601.870000 seconds (stage 2: 420.670000, stage 3: 7.260000).

[patterns]
Used attack patterns:
[scenario]    0:	      50      57      61      75
[scenario]    1:	       2      67      82      84
[scenario]    2:	      11      21      25      63
[scenario]    3:	      10      32      50      97
[scenario]    4:	      22      31      61      83
[scenario]    5:	      50      67      84      94
@06================================================================================

SCIP Status        : problem creation / modification
Total Time         :       0.00
  reading          :       0.00
Original Problem   :
  Problem name     : name
  Variables        : 395055 (395054 binary, 0 integer, 0 implicit integer, 1 continuous)
  Constraints      : 1983 initial, 1983 maximal
  Objective        : maximize, 1 non-zeros (abs.min = 1, abs.max = 1)
Free the model
@04 1667394198
-----------------------------
Wed Nov  2 14:03:18 CET 2022
-----------------------------

=ready=
Linux mcs-computeA005 5.10.11-1.el7.elrepo.x86_64 #1 SMP Tue Jan 26 10:44:32 EST 2021 x86_64 x86_64 x86_64 GNU/Linux
@01 /home/mcs001/s145344/20221025/FullRecourseKEP/code/check/../../instances/KlimentovaInstances100/Klimentova_100_7.txt ===========
-----------------------------
Tue Dec  6 11:23:09 CET 2022
-----------------------------
@03 1670322189
/home/mcs001/s145344/20221025/FullRecourseKEP/code/check/../bin/fullrecoursekidney.linux.x86_64.gnu.opt.spx2 /home/mcs001/s145344/20221025/FullRecourseKEP/code/check/../../instances/KlimentovaInstances100/Klimentova_100_7.txt 4 -t 3600 -m 24000 -n 2100000000 -d 10000 -s /home/mcs001/s145344/20221025/FullRecourseKEP/code/check/../settings/method1-complexFALSE-cyc4-chain4-liftTRUE-policy2.set
SCIP version 8.0.2 [precision: 8 byte] [memory: block] [mode: optimized] [LP solver: Soplex 6.0.2] [GitHash: 5f0473c4fb]
Copyright (C) 2002-2022 Konrad-Zuse-Zentrum fuer Informationstechnik Berlin (ZIB)


Reading parameters from </home/mcs001/s145344/20221025/FullRecourseKEP/code/check/../settings/method1-complexFALSE-cyc4-chain4-liftTRUE-policy2.set>.

Changed settings:
misc/usesymmetry = 0
kidney/maxcyclelength = 4
kidney/maxchainlength = 4

Setting time limit to 3600.
Setting memory limit to 24000.
Setting node limit to 2100000000.
Setting display frequency to 10000.

Reading the graph
Reading graph from file /home/mcs001/s145344/20221025/FullRecourseKEP/code/check/../../instances/KlimentovaInstances100/Klimentova_100_7.txt
Finding the cycles
Enumerating all cycles
Number of cycles: 156324

Finding the chains
Enumerating all chains
Chain length maximum: 4
Number of chains: 3235101
Strengthening the node bounds
Find the triplets
Time needed to read graph and detecting cycles/chains/triplets:	2.09
Create the model
Time to create master model:	4.91
Solve the model
@99 Start master loop of trilevel optimization algorithm.
Solving took us 3159.440000 seconds.
@98 masteriteration 1: objective value 68.000000.
@97 Set up Benders model 1.
@04 1670325361
-----------------------------
Tue Dec  6 12:16:01 CET 2022
-----------------------------

=ready=
Linux mcs-computeA003 5.10.11-1.el7.elrepo.x86_64 #1 SMP Tue Jan 26 10:44:32 EST 2021 x86_64 x86_64 x86_64 GNU/Linux
@01 /home/mcs001/s145344/20221025/FullRecourseKEP/code/check/../../instances/KlimentovaInstances100/Klimentova_100_8.txt ===========
-----------------------------
Thu Nov 24 15:41:01 CET 2022
-----------------------------
@03 1669300861
/home/mcs001/s145344/20221025/FullRecourseKEP/code/check/../bin/fullrecoursekidney.linux.x86_64.gnu.opt.spx2 /home/mcs001/s145344/20221025/FullRecourseKEP/code/check/../../instances/KlimentovaInstances100/Klimentova_100_8.txt 4 -t 3600 -m 24000 -n 2100000000 -d 10000 -s /home/mcs001/s145344/20221025/FullRecourseKEP/code/check/../settings/method1-complexFALSE-cyc4-chain4-liftTRUE-policy2.set
SCIP version 8.0.2 [precision: 8 byte] [memory: block] [mode: optimized] [LP solver: Soplex 6.0.2] [GitHash: 5f0473c4fb]
Copyright (C) 2002-2022 Konrad-Zuse-Zentrum fuer Informationstechnik Berlin (ZIB)


Reading parameters from </home/mcs001/s145344/20221025/FullRecourseKEP/code/check/../settings/method1-complexFALSE-cyc4-chain4-liftTRUE-policy2.set>.

Changed settings:
misc/usesymmetry = 0
kidney/maxcyclelength = 4
kidney/maxchainlength = 4

Setting time limit to 3600.
Setting memory limit to 24000.
Setting node limit to 2100000000.
Setting display frequency to 10000.

Reading the graph
Reading graph from file /home/mcs001/s145344/20221025/FullRecourseKEP/code/check/../../instances/KlimentovaInstances100/Klimentova_100_8.txt
Finding the cycles
Enumerating all cycles
Number of cycles: 68251

Finding the chains
Enumerating all chains
Chain length maximum: 4
Number of chains: 2456639
Strengthening the node bounds
Find the triplets
Time needed to read graph and detecting cycles/chains/triplets:	1.57
Create the model
Time to create master model:	4.67
Solve the model
@99 Start master loop of trilevel optimization algorithm.
time limit reached@05================================================================================
   ================================   STATISTICS   ================================
[suboptimal] terminated after 3746.500000 seconds (stage 2: 0.000000, stage 3: 0.000000).

[patterns]
Used attack patterns:
@06================================================================================

SCIP Status        : problem creation / modification
Total Time         :       0.00
  reading          :       0.00
Original Problem   :
  Problem name     : name
  Variables        : 2524991 (2524990 binary, 0 integer, 0 implicit integer, 1 continuous)
  Constraints      : 201 initial, 201 maximal
  Objective        : maximize, 1 non-zeros (abs.min = 1, abs.max = 1)
Free the model
@04 1669304615
-----------------------------
Thu Nov 24 16:43:35 CET 2022
-----------------------------

=ready=
Linux mcs-computeA003 5.10.11-1.el7.elrepo.x86_64 #1 SMP Tue Jan 26 10:44:32 EST 2021 x86_64 x86_64 x86_64 GNU/Linux
@01 /home/mcs001/s145344/20221025/FullRecourseKEP/code/check/../../instances/KlimentovaInstances100/Klimentova_100_9.txt ===========
-----------------------------
Thu Nov 24 15:41:06 CET 2022
-----------------------------
@03 1669300866
/home/mcs001/s145344/20221025/FullRecourseKEP/code/check/../bin/fullrecoursekidney.linux.x86_64.gnu.opt.spx2 /home/mcs001/s145344/20221025/FullRecourseKEP/code/check/../../instances/KlimentovaInstances100/Klimentova_100_9.txt 4 -t 3600 -m 24000 -n 2100000000 -d 10000 -s /home/mcs001/s145344/20221025/FullRecourseKEP/code/check/../settings/method1-complexFALSE-cyc4-chain4-liftTRUE-policy2.set
SCIP version 8.0.2 [precision: 8 byte] [memory: block] [mode: optimized] [LP solver: Soplex 6.0.2] [GitHash: 5f0473c4fb]
Copyright (C) 2002-2022 Konrad-Zuse-Zentrum fuer Informationstechnik Berlin (ZIB)


Reading parameters from </home/mcs001/s145344/20221025/FullRecourseKEP/code/check/../settings/method1-complexFALSE-cyc4-chain4-liftTRUE-policy2.set>.

Changed settings:
misc/usesymmetry = 0
kidney/maxcyclelength = 4
kidney/maxchainlength = 4

Setting time limit to 3600.
Setting memory limit to 24000.
Setting node limit to 2100000000.
Setting display frequency to 10000.

Reading the graph
Reading graph from file /home/mcs001/s145344/20221025/FullRecourseKEP/code/check/../../instances/KlimentovaInstances100/Klimentova_100_9.txt
Finding the cycles
Enumerating all cycles
Number of cycles: 129024

Finding the chains
Enumerating all chains
Chain length maximum: 4
Number of chains: 6930447
Strengthening the node bounds
Find the triplets
Time needed to read graph and detecting cycles/chains/triplets:	4.39
Create the model
Time to create master model:	12.84
Solve the model
@99 Start master loop of trilevel optimization algorithm.
memory limit reached@05================================================================================
   ================================   STATISTICS   ================================
[suboptimal] terminated after 145.220000 seconds (stage 2: 0.000000, stage 3: 0.000000).

[patterns]
Used attack patterns:
@06================================================================================

SCIP Status        : problem creation / modification
Total Time         :       0.00
  reading          :       0.00
Original Problem   :
  Problem name     : name
  Variables        : 7059572 (7059571 binary, 0 integer, 0 implicit integer, 1 continuous)
  Constraints      : 201 initial, 201 maximal
  Objective        : maximize, 1 non-zeros (abs.min = 1, abs.max = 1)
Free the model
@04 1669301018
-----------------------------
Thu Nov 24 15:43:38 CET 2022
-----------------------------

=ready=
Linux mcs-computeA009 5.10.11-1.el7.elrepo.x86_64 #1 SMP Tue Jan 26 10:44:32 EST 2021 x86_64 x86_64 x86_64 GNU/Linux
@01 /home/mcs001/s145344/20221025/FullRecourseKEP/code/check/../../instances/KlimentovaInstances100/Klimentova_100_10.txt ===========
-----------------------------
Thu Nov 24 15:41:15 CET 2022
-----------------------------
@03 1669300875
/home/mcs001/s145344/20221025/FullRecourseKEP/code/check/../bin/fullrecoursekidney.linux.x86_64.gnu.opt.spx2 /home/mcs001/s145344/20221025/FullRecourseKEP/code/check/../../instances/KlimentovaInstances100/Klimentova_100_10.txt 4 -t 3600 -m 24000 -n 2100000000 -d 10000 -s /home/mcs001/s145344/20221025/FullRecourseKEP/code/check/../settings/method1-complexFALSE-cyc4-chain4-liftTRUE-policy2.set
SCIP version 8.0.2 [precision: 8 byte] [memory: block] [mode: optimized] [LP solver: Soplex 6.0.2] [GitHash: 5f0473c4fb]
Copyright (C) 2002-2022 Konrad-Zuse-Zentrum fuer Informationstechnik Berlin (ZIB)


Reading parameters from </home/mcs001/s145344/20221025/FullRecourseKEP/code/check/../settings/method1-complexFALSE-cyc4-chain4-liftTRUE-policy2.set>.

Changed settings:
misc/usesymmetry = 0
kidney/maxcyclelength = 4
kidney/maxchainlength = 4

Setting time limit to 3600.
Setting memory limit to 24000.
Setting node limit to 2100000000.
Setting display frequency to 10000.

Reading the graph
Reading graph from file /home/mcs001/s145344/20221025/FullRecourseKEP/code/check/../../instances/KlimentovaInstances100/Klimentova_100_10.txt
Finding the cycles
Enumerating all cycles
Number of cycles: 66143

Finding the chains
Enumerating all chains
Chain length maximum: 4
Number of chains: 2878692
Strengthening the node bounds
Find the triplets
Time needed to read graph and detecting cycles/chains/triplets:	2.24
Create the model
Time to create master model:	6.88
Solve the model
@99 Start master loop of trilevel optimization algorithm.
time limit reached@05================================================================================
   ================================   STATISTICS   ================================
[suboptimal] terminated after 6833.850000 seconds (stage 2: 0.000000, stage 3: 0.000000).

[patterns]
Used attack patterns:
@06================================================================================

SCIP Status        : problem creation / modification
Total Time         :       0.00
  reading          :       0.00
Original Problem   :
  Problem name     : name
  Variables        : 2944936 (2944935 binary, 0 integer, 0 implicit integer, 1 continuous)
  Constraints      : 201 initial, 201 maximal
  Objective        : maximize, 1 non-zeros (abs.min = 1, abs.max = 1)
Free the model
@04 1669307729
-----------------------------
Thu Nov 24 17:35:29 CET 2022
-----------------------------

=ready=
Linux mcs-computeA001 5.10.11-1.el7.elrepo.x86_64 #1 SMP Tue Jan 26 10:44:32 EST 2021 x86_64 x86_64 x86_64 GNU/Linux
@01 /home/mcs001/s145344/20221025/FullRecourseKEP/code/check/../../instances/KlimentovaInstances100/Klimentova_100_11.txt ===========
-----------------------------
Thu Nov 24 15:41:28 CET 2022
-----------------------------
@03 1669300888
/home/mcs001/s145344/20221025/FullRecourseKEP/code/check/../bin/fullrecoursekidney.linux.x86_64.gnu.opt.spx2 /home/mcs001/s145344/20221025/FullRecourseKEP/code/check/../../instances/KlimentovaInstances100/Klimentova_100_11.txt 4 -t 3600 -m 24000 -n 2100000000 -d 10000 -s /home/mcs001/s145344/20221025/FullRecourseKEP/code/check/../settings/method1-complexFALSE-cyc4-chain4-liftTRUE-policy2.set
SCIP version 8.0.2 [precision: 8 byte] [memory: block] [mode: optimized] [LP solver: Soplex 6.0.2] [GitHash: 5f0473c4fb]
Copyright (C) 2002-2022 Konrad-Zuse-Zentrum fuer Informationstechnik Berlin (ZIB)


Reading parameters from </home/mcs001/s145344/20221025/FullRecourseKEP/code/check/../settings/method1-complexFALSE-cyc4-chain4-liftTRUE-policy2.set>.

Changed settings:
misc/usesymmetry = 0
kidney/maxcyclelength = 4
kidney/maxchainlength = 4

Setting time limit to 3600.
Setting memory limit to 24000.
Setting node limit to 2100000000.
Setting display frequency to 10000.

Reading the graph
Reading graph from file /home/mcs001/s145344/20221025/FullRecourseKEP/code/check/../../instances/KlimentovaInstances100/Klimentova_100_11.txt
Finding the cycles
Enumerating all cycles
Number of cycles: 52645

Finding the chains
Enumerating all chains
Chain length maximum: 4
Number of chains: 680436
Strengthening the node bounds
Find the triplets
Time needed to read graph and detecting cycles/chains/triplets:	0.67
Create the model
Time to create master model:	1.45
Solve the model
@99 Start master loop of trilevel optimization algorithm.
@98 masteriteration 1: objective value 61.000000.
@97 Set up Benders model 1.
time limit reached@05================================================================================
   ================================   STATISTICS   ================================
[suboptimal] terminated after 3949.660000 seconds (stage 2: 2630.960000, stage 3: 1.370000).

[patterns]
Used attack patterns:
@06================================================================================

SCIP Status        : problem creation / modification
Total Time         :       0.00
  reading          :       0.00
Original Problem   :
  Problem name     : name
  Variables        : 733182 (733181 binary, 0 integer, 0 implicit integer, 1 continuous)
  Constraints      : 201 initial, 201 maximal
  Objective        : maximize, 1 non-zeros (abs.min = 1, abs.max = 1)
Free the model
@04 1669304842
-----------------------------
Thu Nov 24 16:47:22 CET 2022
-----------------------------

=ready=
Linux mcs-computeA010 5.10.11-1.el7.elrepo.x86_64 #1 SMP Tue Jan 26 10:44:32 EST 2021 x86_64 x86_64 x86_64 GNU/Linux
@01 /home/mcs001/s145344/20221025/FullRecourseKEP/code/check/../../instances/KlimentovaInstances100/Klimentova_100_12.txt ===========
-----------------------------
Thu Nov 24 15:41:30 CET 2022
-----------------------------
@03 1669300890
/home/mcs001/s145344/20221025/FullRecourseKEP/code/check/../bin/fullrecoursekidney.linux.x86_64.gnu.opt.spx2 /home/mcs001/s145344/20221025/FullRecourseKEP/code/check/../../instances/KlimentovaInstances100/Klimentova_100_12.txt 4 -t 3600 -m 24000 -n 2100000000 -d 10000 -s /home/mcs001/s145344/20221025/FullRecourseKEP/code/check/../settings/method1-complexFALSE-cyc4-chain4-liftTRUE-policy2.set
SCIP version 8.0.2 [precision: 8 byte] [memory: block] [mode: optimized] [LP solver: Soplex 6.0.2] [GitHash: 5f0473c4fb]
Copyright (C) 2002-2022 Konrad-Zuse-Zentrum fuer Informationstechnik Berlin (ZIB)


Reading parameters from </home/mcs001/s145344/20221025/FullRecourseKEP/code/check/../settings/method1-complexFALSE-cyc4-chain4-liftTRUE-policy2.set>.

Changed settings:
misc/usesymmetry = 0
kidney/maxcyclelength = 4
kidney/maxchainlength = 4

Setting time limit to 3600.
Setting memory limit to 24000.
Setting node limit to 2100000000.
Setting display frequency to 10000.

Reading the graph
Reading graph from file /home/mcs001/s145344/20221025/FullRecourseKEP/code/check/../../instances/KlimentovaInstances100/Klimentova_100_12.txt
Finding the cycles
Enumerating all cycles
Number of cycles: 34167

Finding the chains
Enumerating all chains
Chain length maximum: 4
Number of chains: 1184510
Strengthening the node bounds
Find the triplets
Time needed to read graph and detecting cycles/chains/triplets:	0.8
Create the model
Time to create master model:	2.29
Solve the model
@99 Start master loop of trilevel optimization algorithm.
@98 masteriteration 1: objective value 66.000000.
@97 Set up Benders model 1.
memory limit reached@05================================================================================
   ================================   STATISTICS   ================================
[suboptimal] terminated after 2522.030000 seconds (stage 2: 129.280000, stage 3: 2.530000).

[patterns]
Used attack patterns:
@06================================================================================

SCIP Status        : problem creation / modification
Total Time         :       0.00
  reading          :       0.00
Original Problem   :
  Problem name     : name
  Variables        : 1218778 (1218777 binary, 0 integer, 0 implicit integer, 1 continuous)
  Constraints      : 201 initial, 201 maximal
  Objective        : maximize, 1 non-zeros (abs.min = 1, abs.max = 1)
Free the model
@04 1669303423
-----------------------------
Thu Nov 24 16:23:43 CET 2022
-----------------------------

=ready=
Linux mcs-computeA010 5.10.11-1.el7.elrepo.x86_64 #1 SMP Tue Jan 26 10:44:32 EST 2021 x86_64 x86_64 x86_64 GNU/Linux
@01 /home/mcs001/s145344/20221025/FullRecourseKEP/code/check/../../instances/KlimentovaInstances100/Klimentova_100_13.txt ===========
-----------------------------
Thu Nov 24 15:41:37 CET 2022
-----------------------------
@03 1669300897
/home/mcs001/s145344/20221025/FullRecourseKEP/code/check/../bin/fullrecoursekidney.linux.x86_64.gnu.opt.spx2 /home/mcs001/s145344/20221025/FullRecourseKEP/code/check/../../instances/KlimentovaInstances100/Klimentova_100_13.txt 4 -t 3600 -m 24000 -n 2100000000 -d 10000 -s /home/mcs001/s145344/20221025/FullRecourseKEP/code/check/../settings/method1-complexFALSE-cyc4-chain4-liftTRUE-policy2.set
SCIP version 8.0.2 [precision: 8 byte] [memory: block] [mode: optimized] [LP solver: Soplex 6.0.2] [GitHash: 5f0473c4fb]
Copyright (C) 2002-2022 Konrad-Zuse-Zentrum fuer Informationstechnik Berlin (ZIB)


Reading parameters from </home/mcs001/s145344/20221025/FullRecourseKEP/code/check/../settings/method1-complexFALSE-cyc4-chain4-liftTRUE-policy2.set>.

Changed settings:
misc/usesymmetry = 0
kidney/maxcyclelength = 4
kidney/maxchainlength = 4

Setting time limit to 3600.
Setting memory limit to 24000.
Setting node limit to 2100000000.
Setting display frequency to 10000.

Reading the graph
Reading graph from file /home/mcs001/s145344/20221025/FullRecourseKEP/code/check/../../instances/KlimentovaInstances100/Klimentova_100_13.txt
Finding the cycles
Enumerating all cycles
Number of cycles: 76579

Finding the chains
Enumerating all chains
Chain length maximum: 4
Number of chains: 886289
Strengthening the node bounds
Find the triplets
Time needed to read graph and detecting cycles/chains/triplets:	0.65
Create the model
Time to create master model:	1.88
Solve the model
@99 Start master loop of trilevel optimization algorithm.
@98 masteriteration 1: objective value 58.000000.
@97 Set up Benders model 1.
memory limit reached@05================================================================================
   ================================   STATISTICS   ================================
[suboptimal] terminated after 2130.540000 seconds (stage 2: 477.700000, stage 3: 1.820000).

[patterns]
Used attack patterns:
@06================================================================================

SCIP Status        : problem creation / modification
Total Time         :       0.00
  reading          :       0.00
Original Problem   :
  Problem name     : name
  Variables        : 962969 (962968 binary, 0 integer, 0 implicit integer, 1 continuous)
  Constraints      : 201 initial, 201 maximal
  Objective        : maximize, 1 non-zeros (abs.min = 1, abs.max = 1)
Free the model
@04 1669303040
-----------------------------
Thu Nov 24 16:17:20 CET 2022
-----------------------------

=ready=
Linux mcs-computeA006 5.10.11-1.el7.elrepo.x86_64 #1 SMP Tue Jan 26 10:44:32 EST 2021 x86_64 x86_64 x86_64 GNU/Linux
@01 /home/mcs001/s145344/20221025/FullRecourseKEP/code/check/../../instances/KlimentovaInstances100/Klimentova_100_14.txt ===========
-----------------------------
Thu Nov 24 15:41:53 CET 2022
-----------------------------
@03 1669300913
/home/mcs001/s145344/20221025/FullRecourseKEP/code/check/../bin/fullrecoursekidney.linux.x86_64.gnu.opt.spx2 /home/mcs001/s145344/20221025/FullRecourseKEP/code/check/../../instances/KlimentovaInstances100/Klimentova_100_14.txt 4 -t 3600 -m 24000 -n 2100000000 -d 10000 -s /home/mcs001/s145344/20221025/FullRecourseKEP/code/check/../settings/method1-complexFALSE-cyc4-chain4-liftTRUE-policy2.set
SCIP version 8.0.2 [precision: 8 byte] [memory: block] [mode: optimized] [LP solver: Soplex 6.0.2] [GitHash: 5f0473c4fb]
Copyright (C) 2002-2022 Konrad-Zuse-Zentrum fuer Informationstechnik Berlin (ZIB)


Reading parameters from </home/mcs001/s145344/20221025/FullRecourseKEP/code/check/../settings/method1-complexFALSE-cyc4-chain4-liftTRUE-policy2.set>.

Changed settings:
misc/usesymmetry = 0
kidney/maxcyclelength = 4
kidney/maxchainlength = 4

Setting time limit to 3600.
Setting memory limit to 24000.
Setting node limit to 2100000000.
Setting display frequency to 10000.

Reading the graph
Reading graph from file /home/mcs001/s145344/20221025/FullRecourseKEP/code/check/../../instances/KlimentovaInstances100/Klimentova_100_14.txt
Finding the cycles
Enumerating all cycles
Number of cycles: 18129

Finding the chains
Enumerating all chains
Chain length maximum: 4
Number of chains: 1055222
Strengthening the node bounds
Find the triplets
Time needed to read graph and detecting cycles/chains/triplets:	0.73
Create the model
Time to create master model:	2.01
Solve the model
@99 Start master loop of trilevel optimization algorithm.
@98 masteriteration 1: objective value 50.000000.
@97 Set up Benders model 1.
memory limit reached@05================================================================================
   ================================   STATISTICS   ================================
[suboptimal] terminated after 2559.810000 seconds (stage 2: 157.060000, stage 3: 2.060000).

[patterns]
Used attack patterns:
@06================================================================================

SCIP Status        : problem creation / modification
Total Time         :       0.00
  reading          :       0.00
Original Problem   :
  Problem name     : name
  Variables        : 1073452 (1073451 binary, 0 integer, 0 implicit integer, 1 continuous)
  Constraints      : 201 initial, 201 maximal
  Objective        : maximize, 1 non-zeros (abs.min = 1, abs.max = 1)
Free the model
@04 1669303476
-----------------------------
Thu Nov 24 16:24:36 CET 2022
-----------------------------

=ready=
Linux mcs-computeA005 5.10.11-1.el7.elrepo.x86_64 #1 SMP Tue Jan 26 10:44:32 EST 2021 x86_64 x86_64 x86_64 GNU/Linux
@01 /home/mcs001/s145344/20221025/FullRecourseKEP/code/check/../../instances/KlimentovaInstances100/Klimentova_100_15.txt ===========
-----------------------------
Thu Nov 24 15:42:03 CET 2022
-----------------------------
@03 1669300923
/home/mcs001/s145344/20221025/FullRecourseKEP/code/check/../bin/fullrecoursekidney.linux.x86_64.gnu.opt.spx2 /home/mcs001/s145344/20221025/FullRecourseKEP/code/check/../../instances/KlimentovaInstances100/Klimentova_100_15.txt 4 -t 3600 -m 24000 -n 2100000000 -d 10000 -s /home/mcs001/s145344/20221025/FullRecourseKEP/code/check/../settings/method1-complexFALSE-cyc4-chain4-liftTRUE-policy2.set
SCIP version 8.0.2 [precision: 8 byte] [memory: block] [mode: optimized] [LP solver: Soplex 6.0.2] [GitHash: 5f0473c4fb]
Copyright (C) 2002-2022 Konrad-Zuse-Zentrum fuer Informationstechnik Berlin (ZIB)


Reading parameters from </home/mcs001/s145344/20221025/FullRecourseKEP/code/check/../settings/method1-complexFALSE-cyc4-chain4-liftTRUE-policy2.set>.

Changed settings:
misc/usesymmetry = 0
kidney/maxcyclelength = 4
kidney/maxchainlength = 4

Setting time limit to 3600.
Setting memory limit to 24000.
Setting node limit to 2100000000.
Setting display frequency to 10000.

Reading the graph
Reading graph from file /home/mcs001/s145344/20221025/FullRecourseKEP/code/check/../../instances/KlimentovaInstances100/Klimentova_100_15.txt
Finding the cycles
Enumerating all cycles
Number of cycles: 21628

Finding the chains
Enumerating all chains
Chain length maximum: 4
Number of chains: 1098176
Strengthening the node bounds
Find the triplets
Time needed to read graph and detecting cycles/chains/triplets:	0.88
Create the model
Time to create master model:	2.46
Solve the model
@99 Start master loop of trilevel optimization algorithm.
@98 masteriteration 1: objective value 59.000000.
@97 Set up Benders model 1.
memory limit reached@05================================================================================
   ================================   STATISTICS   ================================
[suboptimal] terminated after 2758.480000 seconds (stage 2: 157.330000, stage 3: 2.400000).

[patterns]
Used attack patterns:
@06================================================================================

SCIP Status        : problem creation / modification
Total Time         :       0.00
  reading          :       0.00
Original Problem   :
  Problem name     : name
  Variables        : 1119905 (1119904 binary, 0 integer, 0 implicit integer, 1 continuous)
  Constraints      : 201 initial, 201 maximal
  Objective        : maximize, 1 non-zeros (abs.min = 1, abs.max = 1)
Free the model
@04 1669303693
-----------------------------
Thu Nov 24 16:28:13 CET 2022
-----------------------------

=ready=
Linux mcs-computeA001 5.10.11-1.el7.elrepo.x86_64 #1 SMP Tue Jan 26 10:44:32 EST 2021 x86_64 x86_64 x86_64 GNU/Linux
@01 /home/mcs001/s145344/20221025/FullRecourseKEP/code/check/../../instances/KlimentovaInstances100/Klimentova_100_16.txt ===========
-----------------------------
Thu Nov 24 15:42:08 CET 2022
-----------------------------
@03 1669300928
/home/mcs001/s145344/20221025/FullRecourseKEP/code/check/../bin/fullrecoursekidney.linux.x86_64.gnu.opt.spx2 /home/mcs001/s145344/20221025/FullRecourseKEP/code/check/../../instances/KlimentovaInstances100/Klimentova_100_16.txt 4 -t 3600 -m 24000 -n 2100000000 -d 10000 -s /home/mcs001/s145344/20221025/FullRecourseKEP/code/check/../settings/method1-complexFALSE-cyc4-chain4-liftTRUE-policy2.set
SCIP version 8.0.2 [precision: 8 byte] [memory: block] [mode: optimized] [LP solver: Soplex 6.0.2] [GitHash: 5f0473c4fb]
Copyright (C) 2002-2022 Konrad-Zuse-Zentrum fuer Informationstechnik Berlin (ZIB)


Reading parameters from </home/mcs001/s145344/20221025/FullRecourseKEP/code/check/../settings/method1-complexFALSE-cyc4-chain4-liftTRUE-policy2.set>.

Changed settings:
misc/usesymmetry = 0
kidney/maxcyclelength = 4
kidney/maxchainlength = 4

Setting time limit to 3600.
Setting memory limit to 24000.
Setting node limit to 2100000000.
Setting display frequency to 10000.

Reading the graph
Reading graph from file /home/mcs001/s145344/20221025/FullRecourseKEP/code/check/../../instances/KlimentovaInstances100/Klimentova_100_16.txt
Finding the cycles
Enumerating all cycles
Number of cycles: 37344

Finding the chains
Enumerating all chains
Chain length maximum: 4
Number of chains: 826521
Strengthening the node bounds
Find the triplets
Time needed to read graph and detecting cycles/chains/triplets:	0.81
Create the model
Time to create master model:	1.79
Solve the model
@99 Start master loop of trilevel optimization algorithm.
@98 masteriteration 1: objective value 50.000000.
@97 Set up Benders model 1.
time limit reached@05================================================================================
   ================================   STATISTICS   ================================
[suboptimal] terminated after 3956.820000 seconds (stage 2: 2457.560000, stage 3: 1.590000).

[patterns]
Used attack patterns:
@06================================================================================

SCIP Status        : problem creation / modification
Total Time         :       0.00
  reading          :       0.00
Original Problem   :
  Problem name     : name
  Variables        : 863966 (863965 binary, 0 integer, 0 implicit integer, 1 continuous)
  Constraints      : 201 initial, 201 maximal
  Objective        : maximize, 1 non-zeros (abs.min = 1, abs.max = 1)
Free the model
@04 1669304888
-----------------------------
Thu Nov 24 16:48:08 CET 2022
-----------------------------

=ready=
Linux mcs-computeA006 5.10.11-1.el7.elrepo.x86_64 #1 SMP Tue Jan 26 10:44:32 EST 2021 x86_64 x86_64 x86_64 GNU/Linux
@01 /home/mcs001/s145344/20221025/FullRecourseKEP/code/check/../../instances/KlimentovaInstances100/Klimentova_100_17.txt ===========
-----------------------------
Thu Nov 24 15:42:39 CET 2022
-----------------------------
@03 1669300959
/home/mcs001/s145344/20221025/FullRecourseKEP/code/check/../bin/fullrecoursekidney.linux.x86_64.gnu.opt.spx2 /home/mcs001/s145344/20221025/FullRecourseKEP/code/check/../../instances/KlimentovaInstances100/Klimentova_100_17.txt 4 -t 3600 -m 24000 -n 2100000000 -d 10000 -s /home/mcs001/s145344/20221025/FullRecourseKEP/code/check/../settings/method1-complexFALSE-cyc4-chain4-liftTRUE-policy2.set
SCIP version 8.0.2 [precision: 8 byte] [memory: block] [mode: optimized] [LP solver: Soplex 6.0.2] [GitHash: 5f0473c4fb]
Copyright (C) 2002-2022 Konrad-Zuse-Zentrum fuer Informationstechnik Berlin (ZIB)


Reading parameters from </home/mcs001/s145344/20221025/FullRecourseKEP/code/check/../settings/method1-complexFALSE-cyc4-chain4-liftTRUE-policy2.set>.

Changed settings:
misc/usesymmetry = 0
kidney/maxcyclelength = 4
kidney/maxchainlength = 4

Setting time limit to 3600.
Setting memory limit to 24000.
Setting node limit to 2100000000.
Setting display frequency to 10000.

Reading the graph
Reading graph from file /home/mcs001/s145344/20221025/FullRecourseKEP/code/check/../../instances/KlimentovaInstances100/Klimentova_100_17.txt
Finding the cycles
Enumerating all cycles
Number of cycles: 21030

Finding the chains
Enumerating all chains
Chain length maximum: 4
Number of chains: 118522
Strengthening the node bounds
Find the triplets
Time needed to read graph and detecting cycles/chains/triplets:	0.08
Create the model
Time to create master model:	0.25
Solve the model
@99 Start master loop of trilevel optimization algorithm.
@98 masteriteration 1: objective value 44.000000.
@97 Set up Benders model 1.
Benders obj: 28.000000
Attack pattern: 
34 48 63 73 
@95 KEP objective: 38.000000
The recourse value 38.000000 of the currently considered attack pattern violates the master solution.
@96 Benders problem iteration 1: objective value 28.000000.
nattacks: 4
first attack: 34
@98 masteriteration 2: objective value 39.000000.
@97 Set up Benders model 2.
Benders obj: 26.000000
Attack pattern: 
8 11 34 68 
@95 KEP objective: 37.000000
The recourse value 37.000000 of the currently considered attack pattern violates the master solution.
@96 Benders problem iteration 2: objective value 26.000000.
nattacks: 4
first attack: 8
@98 masteriteration 3: objective value 39.000000.
@97 Set up Benders model 3.
time limit reached@05================================================================================
   ================================   STATISTICS   ================================
[suboptimal] terminated after 3612.950000 seconds (stage 2: 2055.500000, stage 3: 0.570000).

[patterns]
Used attack patterns:
[scenario]    0:	      34      48      63      73
[scenario]    1:	       8      11      34      68
@06================================================================================

SCIP Status        : problem creation / modification
Total Time         :       0.00
  reading          :       0.00
Original Problem   :
  Problem name     : name
  Variables        : 418953 (418952 binary, 0 integer, 0 implicit integer, 1 continuous)
  Constraints      : 795 initial, 795 maximal
  Objective        : maximize, 1 non-zeros (abs.min = 1, abs.max = 1)
Free the model
@04 1669304575
-----------------------------
Thu Nov 24 16:42:55 CET 2022
-----------------------------

=ready=
Linux mcs-computeA001 5.10.11-1.el7.elrepo.x86_64 #1 SMP Tue Jan 26 10:44:32 EST 2021 x86_64 x86_64 x86_64 GNU/Linux
@01 /home/mcs001/s145344/20221025/FullRecourseKEP/code/check/../../instances/KlimentovaInstances100/Klimentova_100_18.txt ===========
-----------------------------
Thu Nov 24 15:42:42 CET 2022
-----------------------------
@03 1669300962
/home/mcs001/s145344/20221025/FullRecourseKEP/code/check/../bin/fullrecoursekidney.linux.x86_64.gnu.opt.spx2 /home/mcs001/s145344/20221025/FullRecourseKEP/code/check/../../instances/KlimentovaInstances100/Klimentova_100_18.txt 4 -t 3600 -m 24000 -n 2100000000 -d 10000 -s /home/mcs001/s145344/20221025/FullRecourseKEP/code/check/../settings/method1-complexFALSE-cyc4-chain4-liftTRUE-policy2.set
SCIP version 8.0.2 [precision: 8 byte] [memory: block] [mode: optimized] [LP solver: Soplex 6.0.2] [GitHash: 5f0473c4fb]
Copyright (C) 2002-2022 Konrad-Zuse-Zentrum fuer Informationstechnik Berlin (ZIB)


Reading parameters from </home/mcs001/s145344/20221025/FullRecourseKEP/code/check/../settings/method1-complexFALSE-cyc4-chain4-liftTRUE-policy2.set>.

Changed settings:
misc/usesymmetry = 0
kidney/maxcyclelength = 4
kidney/maxchainlength = 4

Setting time limit to 3600.
Setting memory limit to 24000.
Setting node limit to 2100000000.
Setting display frequency to 10000.

Reading the graph
Reading graph from file /home/mcs001/s145344/20221025/FullRecourseKEP/code/check/../../instances/KlimentovaInstances100/Klimentova_100_18.txt
Finding the cycles
Enumerating all cycles
Number of cycles: 20661

Finding the chains
Enumerating all chains
Chain length maximum: 4
Number of chains: 1262551
Strengthening the node bounds
Find the triplets
Time needed to read graph and detecting cycles/chains/triplets:	0.88
Create the model
Time to create master model:	2.58
Solve the model
@99 Start master loop of trilevel optimization algorithm.
@98 masteriteration 1: objective value 61.000000.
@97 Set up Benders model 1.
memory limit reached@05================================================================================
   ================================   STATISTICS   ================================
[suboptimal] terminated after 3335.930000 seconds (stage 2: 40.620000, stage 3: 2.450000).

[patterns]
Used attack patterns:
@06================================================================================

SCIP Status        : problem creation / modification
Total Time         :       0.00
  reading          :       0.00
Original Problem   :
  Problem name     : name
  Variables        : 1283313 (1283312 binary, 0 integer, 0 implicit integer, 1 continuous)
  Constraints      : 201 initial, 201 maximal
  Objective        : maximize, 1 non-zeros (abs.min = 1, abs.max = 1)
Free the model
@04 1669304303
-----------------------------
Thu Nov 24 16:38:23 CET 2022
-----------------------------

=ready=
Linux mcs-computeA011 5.10.11-1.el7.elrepo.x86_64 #1 SMP Tue Jan 26 10:44:32 EST 2021 x86_64 x86_64 x86_64 GNU/Linux
@01 /home/mcs001/s145344/20221025/FullRecourseKEP/code/check/../../instances/KlimentovaInstances100/Klimentova_100_19.txt ===========
-----------------------------
Thu Nov 24 15:42:43 CET 2022
-----------------------------
@03 1669300963
/home/mcs001/s145344/20221025/FullRecourseKEP/code/check/../bin/fullrecoursekidney.linux.x86_64.gnu.opt.spx2 /home/mcs001/s145344/20221025/FullRecourseKEP/code/check/../../instances/KlimentovaInstances100/Klimentova_100_19.txt 4 -t 3600 -m 24000 -n 2100000000 -d 10000 -s /home/mcs001/s145344/20221025/FullRecourseKEP/code/check/../settings/method1-complexFALSE-cyc4-chain4-liftTRUE-policy2.set
SCIP version 8.0.2 [precision: 8 byte] [memory: block] [mode: optimized] [LP solver: Soplex 6.0.2] [GitHash: 5f0473c4fb]
Copyright (C) 2002-2022 Konrad-Zuse-Zentrum fuer Informationstechnik Berlin (ZIB)


Reading parameters from </home/mcs001/s145344/20221025/FullRecourseKEP/code/check/../settings/method1-complexFALSE-cyc4-chain4-liftTRUE-policy2.set>.

Changed settings:
misc/usesymmetry = 0
kidney/maxcyclelength = 4
kidney/maxchainlength = 4

Setting time limit to 3600.
Setting memory limit to 24000.
Setting node limit to 2100000000.
Setting display frequency to 10000.

Reading the graph
Reading graph from file /home/mcs001/s145344/20221025/FullRecourseKEP/code/check/../../instances/KlimentovaInstances100/Klimentova_100_19.txt
Finding the cycles
Enumerating all cycles
Number of cycles: 77016

Finding the chains
Enumerating all chains
Chain length maximum: 4
Number of chains: 1248490
Strengthening the node bounds
Find the triplets
Time needed to read graph and detecting cycles/chains/triplets:	1.02
Create the model
Time to create master model:	4.26
Solve the model
@99 Start master loop of trilevel optimization algorithm.
@98 masteriteration 1: objective value 52.000000.
@97 Set up Benders model 1.
memory limit reached@05================================================================================
   ================================   STATISTICS   ================================
[suboptimal] terminated after 1911.780000 seconds (stage 2: 26.300000, stage 3: 1.630000).

[patterns]
Used attack patterns:
@06================================================================================

SCIP Status        : problem creation / modification
Total Time         :       0.00
  reading          :       0.00
Original Problem   :
  Problem name     : name
  Variables        : 1325607 (1325606 binary, 0 integer, 0 implicit integer, 1 continuous)
  Constraints      : 201 initial, 201 maximal
  Objective        : maximize, 1 non-zeros (abs.min = 1, abs.max = 1)
Free the model
@04 1669302879
-----------------------------
Thu Nov 24 16:14:39 CET 2022
-----------------------------

=ready=
Linux mcs-computeA008 5.10.11-1.el7.elrepo.x86_64 #1 SMP Tue Jan 26 10:44:32 EST 2021 x86_64 x86_64 x86_64 GNU/Linux
@01 /home/mcs001/s145344/20221025/FullRecourseKEP/code/check/../../instances/KlimentovaInstances100/Klimentova_100_20.txt ===========
-----------------------------
Thu Nov 24 15:42:49 CET 2022
-----------------------------
@03 1669300969
/home/mcs001/s145344/20221025/FullRecourseKEP/code/check/../bin/fullrecoursekidney.linux.x86_64.gnu.opt.spx2 /home/mcs001/s145344/20221025/FullRecourseKEP/code/check/../../instances/KlimentovaInstances100/Klimentova_100_20.txt 4 -t 3600 -m 24000 -n 2100000000 -d 10000 -s /home/mcs001/s145344/20221025/FullRecourseKEP/code/check/../settings/method1-complexFALSE-cyc4-chain4-liftTRUE-policy2.set
SCIP version 8.0.2 [precision: 8 byte] [memory: block] [mode: optimized] [LP solver: Soplex 6.0.2] [GitHash: 5f0473c4fb]
Copyright (C) 2002-2022 Konrad-Zuse-Zentrum fuer Informationstechnik Berlin (ZIB)


Reading parameters from </home/mcs001/s145344/20221025/FullRecourseKEP/code/check/../settings/method1-complexFALSE-cyc4-chain4-liftTRUE-policy2.set>.

Changed settings:
misc/usesymmetry = 0
kidney/maxcyclelength = 4
kidney/maxchainlength = 4

Setting time limit to 3600.
Setting memory limit to 24000.
Setting node limit to 2100000000.
Setting display frequency to 10000.

Reading the graph
Reading graph from file /home/mcs001/s145344/20221025/FullRecourseKEP/code/check/../../instances/KlimentovaInstances100/Klimentova_100_20.txt
Finding the cycles
Enumerating all cycles
Number of cycles: 44954

Finding the chains
Enumerating all chains
Chain length maximum: 4
Number of chains: 1134941
Strengthening the node bounds
Find the triplets
Time needed to read graph and detecting cycles/chains/triplets:	0.94
Create the model
Time to create master model:	2.89
Solve the model
@99 Start master loop of trilevel optimization algorithm.
@98 masteriteration 1: objective value 54.000000.
@97 Set up Benders model 1.
memory limit reached@05================================================================================
   ================================   STATISTICS   ================================
[suboptimal] terminated after 1620.210000 seconds (stage 2: 80.220000, stage 3: 1.600000).

[patterns]
Used attack patterns:
@06================================================================================

SCIP Status        : problem creation / modification
Total Time         :       0.00
  reading          :       0.00
Original Problem   :
  Problem name     : name
  Variables        : 1179996 (1179995 binary, 0 integer, 0 implicit integer, 1 continuous)
  Constraints      : 201 initial, 201 maximal
  Objective        : maximize, 1 non-zeros (abs.min = 1, abs.max = 1)
Free the model
@04 1669302590
-----------------------------
Thu Nov 24 16:09:50 CET 2022
-----------------------------

=ready=
Linux mcs-computeA004 5.10.11-1.el7.elrepo.x86_64 #1 SMP Tue Jan 26 10:44:32 EST 2021 x86_64 x86_64 x86_64 GNU/Linux
@01 /home/mcs001/s145344/20221025/FullRecourseKEP/code/check/../../instances/KlimentovaInstances100/Klimentova_100_21.txt ===========
-----------------------------
Thu Nov 24 15:43:06 CET 2022
-----------------------------
@03 1669300987
/home/mcs001/s145344/20221025/FullRecourseKEP/code/check/../bin/fullrecoursekidney.linux.x86_64.gnu.opt.spx2 /home/mcs001/s145344/20221025/FullRecourseKEP/code/check/../../instances/KlimentovaInstances100/Klimentova_100_21.txt 4 -t 3600 -m 24000 -n 2100000000 -d 10000 -s /home/mcs001/s145344/20221025/FullRecourseKEP/code/check/../settings/method1-complexFALSE-cyc4-chain4-liftTRUE-policy2.set
SCIP version 8.0.2 [precision: 8 byte] [memory: block] [mode: optimized] [LP solver: Soplex 6.0.2] [GitHash: 5f0473c4fb]
Copyright (C) 2002-2022 Konrad-Zuse-Zentrum fuer Informationstechnik Berlin (ZIB)


Reading parameters from </home/mcs001/s145344/20221025/FullRecourseKEP/code/check/../settings/method1-complexFALSE-cyc4-chain4-liftTRUE-policy2.set>.

Changed settings:
misc/usesymmetry = 0
kidney/maxcyclelength = 4
kidney/maxchainlength = 4

Setting time limit to 3600.
Setting memory limit to 24000.
Setting node limit to 2100000000.
Setting display frequency to 10000.

Reading the graph
Reading graph from file /home/mcs001/s145344/20221025/FullRecourseKEP/code/check/../../instances/KlimentovaInstances100/Klimentova_100_21.txt
Finding the cycles
Enumerating all cycles
Number of cycles: 33610

Finding the chains
Enumerating all chains
Chain length maximum: 4
Number of chains: 799806
Strengthening the node bounds
Find the triplets
Time needed to read graph and detecting cycles/chains/triplets:	0.56
Create the model
Time to create master model:	1.54
Solve the model
@99 Start master loop of trilevel optimization algorithm.
@98 masteriteration 1: objective value 55.000000.
@97 Set up Benders model 1.
Benders obj: 39.000000
Attack pattern: 
14 24 74 97 
@95 KEP objective: 50.000000
The recourse value 50.000000 of the currently considered attack pattern violates the master solution.
@96 Benders problem iteration 1: objective value 39.000000.
nattacks: 4
first attack: 14
time limit reached@05================================================================================
   ================================   STATISTICS   ================================
[suboptimal] terminated after 3616.210000 seconds (stage 2: 1929.660000, stage 3: 1.320000).

[patterns]
Used attack patterns:
[scenario]    0:	      14      24      74      97
@06================================================================================

SCIP Status        : problem creation / modification
Total Time         :       0.00
  reading          :       0.00
Original Problem   :
  Problem name     : name
  Variables        : 1667027 (1667026 binary, 0 integer, 0 implicit integer, 1 continuous)
  Constraints      : 490 initial, 490 maximal
  Objective        : maximize, 1 non-zeros (abs.min = 1, abs.max = 1)
Free the model
@04 1669304619
-----------------------------
Thu Nov 24 16:43:39 CET 2022
-----------------------------

=ready=
Linux mcs-computeA004 5.10.11-1.el7.elrepo.x86_64 #1 SMP Tue Jan 26 10:44:32 EST 2021 x86_64 x86_64 x86_64 GNU/Linux
@01 /home/mcs001/s145344/20221025/FullRecourseKEP/code/check/../../instances/KlimentovaInstances100/Klimentova_100_22.txt ===========
-----------------------------
Thu Nov 24 15:43:32 CET 2022
-----------------------------
@03 1669301012
/home/mcs001/s145344/20221025/FullRecourseKEP/code/check/../bin/fullrecoursekidney.linux.x86_64.gnu.opt.spx2 /home/mcs001/s145344/20221025/FullRecourseKEP/code/check/../../instances/KlimentovaInstances100/Klimentova_100_22.txt 4 -t 3600 -m 24000 -n 2100000000 -d 10000 -s /home/mcs001/s145344/20221025/FullRecourseKEP/code/check/../settings/method1-complexFALSE-cyc4-chain4-liftTRUE-policy2.set
SCIP version 8.0.2 [precision: 8 byte] [memory: block] [mode: optimized] [LP solver: Soplex 6.0.2] [GitHash: 5f0473c4fb]
Copyright (C) 2002-2022 Konrad-Zuse-Zentrum fuer Informationstechnik Berlin (ZIB)


Reading parameters from </home/mcs001/s145344/20221025/FullRecourseKEP/code/check/../settings/method1-complexFALSE-cyc4-chain4-liftTRUE-policy2.set>.

Changed settings:
misc/usesymmetry = 0
kidney/maxcyclelength = 4
kidney/maxchainlength = 4

Setting time limit to 3600.
Setting memory limit to 24000.
Setting node limit to 2100000000.
Setting display frequency to 10000.

Reading the graph
Reading graph from file /home/mcs001/s145344/20221025/FullRecourseKEP/code/check/../../instances/KlimentovaInstances100/Klimentova_100_22.txt
Finding the cycles
Enumerating all cycles
Number of cycles: 40002

Finding the chains
Enumerating all chains
Chain length maximum: 4
Number of chains: 1327392
Strengthening the node bounds
Find the triplets
Time needed to read graph and detecting cycles/chains/triplets:	0.96
Create the model
Time to create master model:	2.69
Solve the model
@99 Start master loop of trilevel optimization algorithm.
@98 masteriteration 1: objective value 56.000000.
@97 Set up Benders model 1.
memory limit reached@05================================================================================
   ================================   STATISTICS   ================================
[suboptimal] terminated after 1566.020000 seconds (stage 2: 40.170000, stage 3: 2.450000).

[patterns]
Used attack patterns:
@06================================================================================

SCIP Status        : problem creation / modification
Total Time         :       0.00
  reading          :       0.00
Original Problem   :
  Problem name     : name
  Variables        : 1367495 (1367494 binary, 0 integer, 0 implicit integer, 1 continuous)
  Constraints      : 201 initial, 201 maximal
  Objective        : maximize, 1 non-zeros (abs.min = 1, abs.max = 1)
Free the model
@04 1669302587
-----------------------------
Thu Nov 24 16:09:47 CET 2022
-----------------------------

=ready=
Linux mcs-computeA003 5.10.11-1.el7.elrepo.x86_64 #1 SMP Tue Jan 26 10:44:32 EST 2021 x86_64 x86_64 x86_64 GNU/Linux
@01 /home/mcs001/s145344/20221025/FullRecourseKEP/code/check/../../instances/KlimentovaInstances100/Klimentova_100_23.txt ===========
-----------------------------
Thu Nov 24 15:43:35 CET 2022
-----------------------------
@03 1669301015
/home/mcs001/s145344/20221025/FullRecourseKEP/code/check/../bin/fullrecoursekidney.linux.x86_64.gnu.opt.spx2 /home/mcs001/s145344/20221025/FullRecourseKEP/code/check/../../instances/KlimentovaInstances100/Klimentova_100_23.txt 4 -t 3600 -m 24000 -n 2100000000 -d 10000 -s /home/mcs001/s145344/20221025/FullRecourseKEP/code/check/../settings/method1-complexFALSE-cyc4-chain4-liftTRUE-policy2.set
SCIP version 8.0.2 [precision: 8 byte] [memory: block] [mode: optimized] [LP solver: Soplex 6.0.2] [GitHash: 5f0473c4fb]
Copyright (C) 2002-2022 Konrad-Zuse-Zentrum fuer Informationstechnik Berlin (ZIB)


Reading parameters from </home/mcs001/s145344/20221025/FullRecourseKEP/code/check/../settings/method1-complexFALSE-cyc4-chain4-liftTRUE-policy2.set>.

Changed settings:
misc/usesymmetry = 0
kidney/maxcyclelength = 4
kidney/maxchainlength = 4

Setting time limit to 3600.
Setting memory limit to 24000.
Setting node limit to 2100000000.
Setting display frequency to 10000.

Reading the graph
Reading graph from file /home/mcs001/s145344/20221025/FullRecourseKEP/code/check/../../instances/KlimentovaInstances100/Klimentova_100_23.txt
Finding the cycles
Enumerating all cycles
Number of cycles: 48125

Finding the chains
Enumerating all chains
Chain length maximum: 4
Number of chains: 313185
Strengthening the node bounds
Find the triplets
Time needed to read graph and detecting cycles/chains/triplets:	0.27
Create the model
Time to create master model:	0.65
Solve the model
@99 Start master loop of trilevel optimization algorithm.
@98 masteriteration 1: objective value 59.000000.
@97 Set up Benders model 1.
time limit reached@05================================================================================
   ================================   STATISTICS   ================================
[suboptimal] terminated after 3657.300000 seconds (stage 2: 3368.990000, stage 3: 0.580000).

[patterns]
Used attack patterns:
@06================================================================================

SCIP Status        : problem creation / modification
Total Time         :       0.00
  reading          :       0.00
Original Problem   :
  Problem name     : name
  Variables        : 361411 (361410 binary, 0 integer, 0 implicit integer, 1 continuous)
  Constraints      : 201 initial, 201 maximal
  Objective        : maximize, 1 non-zeros (abs.min = 1, abs.max = 1)
Free the model
@04 1669304675
-----------------------------
Thu Nov 24 16:44:35 CET 2022
-----------------------------

=ready=
Linux mcs-computeA003 5.10.11-1.el7.elrepo.x86_64 #1 SMP Tue Jan 26 10:44:32 EST 2021 x86_64 x86_64 x86_64 GNU/Linux
@01 /home/mcs001/s145344/20221025/FullRecourseKEP/code/check/../../instances/KlimentovaInstances100/Klimentova_100_24.txt ===========
-----------------------------
Thu Nov 24 15:43:39 CET 2022
-----------------------------
@03 1669301019
/home/mcs001/s145344/20221025/FullRecourseKEP/code/check/../bin/fullrecoursekidney.linux.x86_64.gnu.opt.spx2 /home/mcs001/s145344/20221025/FullRecourseKEP/code/check/../../instances/KlimentovaInstances100/Klimentova_100_24.txt 4 -t 3600 -m 24000 -n 2100000000 -d 10000 -s /home/mcs001/s145344/20221025/FullRecourseKEP/code/check/../settings/method1-complexFALSE-cyc4-chain4-liftTRUE-policy2.set
SCIP version 8.0.2 [precision: 8 byte] [memory: block] [mode: optimized] [LP solver: Soplex 6.0.2] [GitHash: 5f0473c4fb]
Copyright (C) 2002-2022 Konrad-Zuse-Zentrum fuer Informationstechnik Berlin (ZIB)


Reading parameters from </home/mcs001/s145344/20221025/FullRecourseKEP/code/check/../settings/method1-complexFALSE-cyc4-chain4-liftTRUE-policy2.set>.

Changed settings:
misc/usesymmetry = 0
kidney/maxcyclelength = 4
kidney/maxchainlength = 4

Setting time limit to 3600.
Setting memory limit to 24000.
Setting node limit to 2100000000.
Setting display frequency to 10000.

Reading the graph
Reading graph from file /home/mcs001/s145344/20221025/FullRecourseKEP/code/check/../../instances/KlimentovaInstances100/Klimentova_100_24.txt
Finding the cycles
Enumerating all cycles
Number of cycles: 50373

Finding the chains
Enumerating all chains
Chain length maximum: 4
Number of chains: 1031586
Strengthening the node bounds
Find the triplets
Time needed to read graph and detecting cycles/chains/triplets:	0.85
Create the model
Time to create master model:	1.99
Solve the model
@99 Start master loop of trilevel optimization algorithm.
@98 masteriteration 1: objective value 49.000000.
@97 Set up Benders model 1.
memory limit reached@05================================================================================
   ================================   STATISTICS   ================================
[suboptimal] terminated after 1742.930000 seconds (stage 2: 306.200000, stage 3: 1.900000).

[patterns]
Used attack patterns:
@06================================================================================

SCIP Status        : problem creation / modification
Total Time         :       0.00
  reading          :       0.00
Original Problem   :
  Problem name     : name
  Variables        : 1082060 (1082059 binary, 0 integer, 0 implicit integer, 1 continuous)
  Constraints      : 201 initial, 201 maximal
  Objective        : maximize, 1 non-zeros (abs.min = 1, abs.max = 1)
Free the model
@04 1669302768
-----------------------------
Thu Nov 24 16:12:48 CET 2022
-----------------------------

=ready=
Linux mcs-computeA009 5.10.11-1.el7.elrepo.x86_64 #1 SMP Tue Jan 26 10:44:32 EST 2021 x86_64 x86_64 x86_64 GNU/Linux
@01 /home/mcs001/s145344/20221025/FullRecourseKEP/code/check/../../instances/KlimentovaInstances100/Klimentova_100_25.txt ===========
-----------------------------
Thu Nov 24 15:43:48 CET 2022
-----------------------------
@03 1669301028
/home/mcs001/s145344/20221025/FullRecourseKEP/code/check/../bin/fullrecoursekidney.linux.x86_64.gnu.opt.spx2 /home/mcs001/s145344/20221025/FullRecourseKEP/code/check/../../instances/KlimentovaInstances100/Klimentova_100_25.txt 4 -t 3600 -m 24000 -n 2100000000 -d 10000 -s /home/mcs001/s145344/20221025/FullRecourseKEP/code/check/../settings/method1-complexFALSE-cyc4-chain4-liftTRUE-policy2.set
SCIP version 8.0.2 [precision: 8 byte] [memory: block] [mode: optimized] [LP solver: Soplex 6.0.2] [GitHash: 5f0473c4fb]
Copyright (C) 2002-2022 Konrad-Zuse-Zentrum fuer Informationstechnik Berlin (ZIB)


Reading parameters from </home/mcs001/s145344/20221025/FullRecourseKEP/code/check/../settings/method1-complexFALSE-cyc4-chain4-liftTRUE-policy2.set>.

Changed settings:
misc/usesymmetry = 0
kidney/maxcyclelength = 4
kidney/maxchainlength = 4

Setting time limit to 3600.
Setting memory limit to 24000.
Setting node limit to 2100000000.
Setting display frequency to 10000.

Reading the graph
Reading graph from file /home/mcs001/s145344/20221025/FullRecourseKEP/code/check/../../instances/KlimentovaInstances100/Klimentova_100_25.txt
Finding the cycles
Enumerating all cycles
Number of cycles: 49425

Finding the chains
Enumerating all chains
Chain length maximum: 4
Number of chains: 796797
Strengthening the node bounds
Find the triplets
Time needed to read graph and detecting cycles/chains/triplets:	0.61
Create the model
Time to create master model:	1.72
Solve the model
@99 Start master loop of trilevel optimization algorithm.
@98 masteriteration 1: objective value 48.000000.
@97 Set up Benders model 1.
time limit reached@05================================================================================
   ================================   STATISTICS   ================================
[suboptimal] terminated after 4320.360000 seconds (stage 2: 2692.440000, stage 3: 1.460000).

[patterns]
Used attack patterns:
@06================================================================================

SCIP Status        : problem creation / modification
Total Time         :       0.00
  reading          :       0.00
Original Problem   :
  Problem name     : name
  Variables        : 846323 (846322 binary, 0 integer, 0 implicit integer, 1 continuous)
  Constraints      : 201 initial, 201 maximal
  Objective        : maximize, 1 non-zeros (abs.min = 1, abs.max = 1)
Free the model
@04 1669305366
-----------------------------
Thu Nov 24 16:56:06 CET 2022
-----------------------------

=ready=
Linux mcs-computeA010 5.10.11-1.el7.elrepo.x86_64 #1 SMP Tue Jan 26 10:44:32 EST 2021 x86_64 x86_64 x86_64 GNU/Linux
@01 /home/mcs001/s145344/20221025/FullRecourseKEP/code/check/../../instances/KlimentovaInstances100/Klimentova_100_26.txt ===========
-----------------------------
Thu Nov 24 15:43:59 CET 2022
-----------------------------
@03 1669301039
/home/mcs001/s145344/20221025/FullRecourseKEP/code/check/../bin/fullrecoursekidney.linux.x86_64.gnu.opt.spx2 /home/mcs001/s145344/20221025/FullRecourseKEP/code/check/../../instances/KlimentovaInstances100/Klimentova_100_26.txt 4 -t 3600 -m 24000 -n 2100000000 -d 10000 -s /home/mcs001/s145344/20221025/FullRecourseKEP/code/check/../settings/method1-complexFALSE-cyc4-chain4-liftTRUE-policy2.set
SCIP version 8.0.2 [precision: 8 byte] [memory: block] [mode: optimized] [LP solver: Soplex 6.0.2] [GitHash: 5f0473c4fb]
Copyright (C) 2002-2022 Konrad-Zuse-Zentrum fuer Informationstechnik Berlin (ZIB)


Reading parameters from </home/mcs001/s145344/20221025/FullRecourseKEP/code/check/../settings/method1-complexFALSE-cyc4-chain4-liftTRUE-policy2.set>.

Changed settings:
misc/usesymmetry = 0
kidney/maxcyclelength = 4
kidney/maxchainlength = 4

Setting time limit to 3600.
Setting memory limit to 24000.
Setting node limit to 2100000000.
Setting display frequency to 10000.

Reading the graph
Reading graph from file /home/mcs001/s145344/20221025/FullRecourseKEP/code/check/../../instances/KlimentovaInstances100/Klimentova_100_26.txt
Finding the cycles
Enumerating all cycles
Number of cycles: 51796

Finding the chains
Enumerating all chains
Chain length maximum: 4
Number of chains: 1953320
Strengthening the node bounds
Find the triplets
Time needed to read graph and detecting cycles/chains/triplets:	1.3
Create the model
Time to create master model:	3.81
Solve the model
@99 Start master loop of trilevel optimization algorithm.
time limit reached@05================================================================================
   ================================   STATISTICS   ================================
[suboptimal] terminated after 3605.020000 seconds (stage 2: 0.000000, stage 3: 0.000000).

[patterns]
Used attack patterns:
@06================================================================================

SCIP Status        : problem creation / modification
Total Time         :       0.00
  reading          :       0.00
Original Problem   :
  Problem name     : name
  Variables        : 2005217 (2005216 binary, 0 integer, 0 implicit integer, 1 continuous)
  Constraints      : 201 initial, 201 maximal
  Objective        : maximize, 1 non-zeros (abs.min = 1, abs.max = 1)
Free the model
@04 1669304655
-----------------------------
Thu Nov 24 16:44:15 CET 2022
-----------------------------

=ready=
Linux mcs-computeA010 5.10.11-1.el7.elrepo.x86_64 #1 SMP Tue Jan 26 10:44:32 EST 2021 x86_64 x86_64 x86_64 GNU/Linux
@01 /home/mcs001/s145344/20221025/FullRecourseKEP/code/check/../../instances/KlimentovaInstances100/Klimentova_100_27.txt ===========
-----------------------------
Thu Nov 24 15:44:12 CET 2022
-----------------------------
@03 1669301052
/home/mcs001/s145344/20221025/FullRecourseKEP/code/check/../bin/fullrecoursekidney.linux.x86_64.gnu.opt.spx2 /home/mcs001/s145344/20221025/FullRecourseKEP/code/check/../../instances/KlimentovaInstances100/Klimentova_100_27.txt 4 -t 3600 -m 24000 -n 2100000000 -d 10000 -s /home/mcs001/s145344/20221025/FullRecourseKEP/code/check/../settings/method1-complexFALSE-cyc4-chain4-liftTRUE-policy2.set
SCIP version 8.0.2 [precision: 8 byte] [memory: block] [mode: optimized] [LP solver: Soplex 6.0.2] [GitHash: 5f0473c4fb]
Copyright (C) 2002-2022 Konrad-Zuse-Zentrum fuer Informationstechnik Berlin (ZIB)


Reading parameters from </home/mcs001/s145344/20221025/FullRecourseKEP/code/check/../settings/method1-complexFALSE-cyc4-chain4-liftTRUE-policy2.set>.

Changed settings:
misc/usesymmetry = 0
kidney/maxcyclelength = 4
kidney/maxchainlength = 4

Setting time limit to 3600.
Setting memory limit to 24000.
Setting node limit to 2100000000.
Setting display frequency to 10000.

Reading the graph
Reading graph from file /home/mcs001/s145344/20221025/FullRecourseKEP/code/check/../../instances/KlimentovaInstances100/Klimentova_100_27.txt
Finding the cycles
Enumerating all cycles
Number of cycles: 29170

Finding the chains
Enumerating all chains
Chain length maximum: 4
Number of chains: 993213
Strengthening the node bounds
Find the triplets
Time needed to read graph and detecting cycles/chains/triplets:	0.65
Create the model
Time to create master model:	1.87
Solve the model
@99 Start master loop of trilevel optimization algorithm.
@98 masteriteration 1: objective value 49.000000.
@97 Set up Benders model 1.
memory limit reached@05================================================================================
   ================================   STATISTICS   ================================
[suboptimal] terminated after 3116.790000 seconds (stage 2: 274.570000, stage 3: 1.960000).

[patterns]
Used attack patterns:
@06================================================================================

SCIP Status        : problem creation / modification
Total Time         :       0.00
  reading          :       0.00
Original Problem   :
  Problem name     : name
  Variables        : 1022484 (1022483 binary, 0 integer, 0 implicit integer, 1 continuous)
  Constraints      : 201 initial, 201 maximal
  Objective        : maximize, 1 non-zeros (abs.min = 1, abs.max = 1)
Free the model
@04 1669304182
-----------------------------
Thu Nov 24 16:36:22 CET 2022
-----------------------------

=ready=
Linux mcs-computeA005 5.10.11-1.el7.elrepo.x86_64 #1 SMP Tue Jan 26 10:44:32 EST 2021 x86_64 x86_64 x86_64 GNU/Linux
@01 /home/mcs001/s145344/20221025/FullRecourseKEP/code/check/../../instances/KlimentovaInstances100/Klimentova_100_28.txt ===========
-----------------------------
Thu Nov 24 15:44:45 CET 2022
-----------------------------
@03 1669301085
/home/mcs001/s145344/20221025/FullRecourseKEP/code/check/../bin/fullrecoursekidney.linux.x86_64.gnu.opt.spx2 /home/mcs001/s145344/20221025/FullRecourseKEP/code/check/../../instances/KlimentovaInstances100/Klimentova_100_28.txt 4 -t 3600 -m 24000 -n 2100000000 -d 10000 -s /home/mcs001/s145344/20221025/FullRecourseKEP/code/check/../settings/method1-complexFALSE-cyc4-chain4-liftTRUE-policy2.set
SCIP version 8.0.2 [precision: 8 byte] [memory: block] [mode: optimized] [LP solver: Soplex 6.0.2] [GitHash: 5f0473c4fb]
Copyright (C) 2002-2022 Konrad-Zuse-Zentrum fuer Informationstechnik Berlin (ZIB)


Reading parameters from </home/mcs001/s145344/20221025/FullRecourseKEP/code/check/../settings/method1-complexFALSE-cyc4-chain4-liftTRUE-policy2.set>.

Changed settings:
misc/usesymmetry = 0
kidney/maxcyclelength = 4
kidney/maxchainlength = 4

Setting time limit to 3600.
Setting memory limit to 24000.
Setting node limit to 2100000000.
Setting display frequency to 10000.

Reading the graph
Reading graph from file /home/mcs001/s145344/20221025/FullRecourseKEP/code/check/../../instances/KlimentovaInstances100/Klimentova_100_28.txt
Finding the cycles
Enumerating all cycles
Number of cycles: 62554

Finding the chains
Enumerating all chains
Chain length maximum: 4
Number of chains: 1312427
Strengthening the node bounds
Find the triplets
Time needed to read graph and detecting cycles/chains/triplets:	0.98
Create the model
Time to create master model:	2.8
Solve the model
@99 Start master loop of trilevel optimization algorithm.
@98 masteriteration 1: objective value 66.000000.
@97 Set up Benders model 1.
memory limit reached@05================================================================================
   ================================   STATISTICS   ================================
[suboptimal] terminated after 2513.300000 seconds (stage 2: 43.890000, stage 3: 2.690000).

[patterns]
Used attack patterns:
@06================================================================================

SCIP Status        : problem creation / modification
Total Time         :       0.00
  reading          :       0.00
Original Problem   :
  Problem name     : name
  Variables        : 1375082 (1375081 binary, 0 integer, 0 implicit integer, 1 continuous)
  Constraints      : 201 initial, 201 maximal
  Objective        : maximize, 1 non-zeros (abs.min = 1, abs.max = 1)
Free the model
@04 1669303612
-----------------------------
Thu Nov 24 16:26:52 CET 2022
-----------------------------

=ready=
Linux mcs-computeA003 5.10.11-1.el7.elrepo.x86_64 #1 SMP Tue Jan 26 10:44:32 EST 2021 x86_64 x86_64 x86_64 GNU/Linux
@01 /home/mcs001/s145344/20221025/FullRecourseKEP/code/check/../../instances/KlimentovaInstances100/Klimentova_100_29.txt ===========
-----------------------------
Thu Nov 24 15:44:50 CET 2022
-----------------------------
@03 1669301090
/home/mcs001/s145344/20221025/FullRecourseKEP/code/check/../bin/fullrecoursekidney.linux.x86_64.gnu.opt.spx2 /home/mcs001/s145344/20221025/FullRecourseKEP/code/check/../../instances/KlimentovaInstances100/Klimentova_100_29.txt 4 -t 3600 -m 24000 -n 2100000000 -d 10000 -s /home/mcs001/s145344/20221025/FullRecourseKEP/code/check/../settings/method1-complexFALSE-cyc4-chain4-liftTRUE-policy2.set
SCIP version 8.0.2 [precision: 8 byte] [memory: block] [mode: optimized] [LP solver: Soplex 6.0.2] [GitHash: 5f0473c4fb]
Copyright (C) 2002-2022 Konrad-Zuse-Zentrum fuer Informationstechnik Berlin (ZIB)


Reading parameters from </home/mcs001/s145344/20221025/FullRecourseKEP/code/check/../settings/method1-complexFALSE-cyc4-chain4-liftTRUE-policy2.set>.

Changed settings:
misc/usesymmetry = 0
kidney/maxcyclelength = 4
kidney/maxchainlength = 4

Setting time limit to 3600.
Setting memory limit to 24000.
Setting node limit to 2100000000.
Setting display frequency to 10000.

Reading the graph
Reading graph from file /home/mcs001/s145344/20221025/FullRecourseKEP/code/check/../../instances/KlimentovaInstances100/Klimentova_100_29.txt
Finding the cycles
Enumerating all cycles
Number of cycles: 50745

Finding the chains
Enumerating all chains
Chain length maximum: 4
Number of chains: 993256
Strengthening the node bounds
Find the triplets
Time needed to read graph and detecting cycles/chains/triplets:	0.72
Create the model
Time to create master model:	2.01
Solve the model
@99 Start master loop of trilevel optimization algorithm.
@98 masteriteration 1: objective value 58.000000.
@97 Set up Benders model 1.
memory limit reached@05================================================================================
   ================================   STATISTICS   ================================
[suboptimal] terminated after 3290.250000 seconds (stage 2: 498.500000, stage 3: 2.250000).

[patterns]
Used attack patterns:
@06================================================================================

SCIP Status        : problem creation / modification
Total Time         :       0.00
  reading          :       0.00
Original Problem   :
  Problem name     : name
  Variables        : 1044102 (1044101 binary, 0 integer, 0 implicit integer, 1 continuous)
  Constraints      : 201 initial, 201 maximal
  Objective        : maximize, 1 non-zeros (abs.min = 1, abs.max = 1)
Free the model
@04 1669304385
-----------------------------
Thu Nov 24 16:39:45 CET 2022
-----------------------------

=ready=
