
Linux mcs-computeA001 5.10.11-1.el7.elrepo.x86_64 #1 SMP Tue Jan 26 10:44:32 EST 2021 x86_64 x86_64 x86_64 GNU/Linux
@01 /home/mcs001/s145344/20221025/FullRecourseKEP/code/check/../../instances/KlimentovaInstances100/Klimentova_100_0.txt ===========
-----------------------------
Thu Nov 24 14:17:51 CET 2022
-----------------------------
@03 1669295871
/home/mcs001/s145344/20221025/FullRecourseKEP/code/check/../bin/fullrecoursekidney.linux.x86_64.gnu.opt.spx2 /home/mcs001/s145344/20221025/FullRecourseKEP/code/check/../../instances/KlimentovaInstances100/Klimentova_100_0.txt 3 -t 3600 -m 24000 -n 2100000000 -d 10000 -s /home/mcs001/s145344/20221025/FullRecourseKEP/code/check/../settings/method1-complexFALSE-cyc3-chain4-liftFALSE-policy2.set
SCIP version 8.0.2 [precision: 8 byte] [memory: block] [mode: optimized] [LP solver: Soplex 6.0.2] [GitHash: 5f0473c4fb]
Copyright (C) 2002-2022 Konrad-Zuse-Zentrum fuer Informationstechnik Berlin (ZIB)


Reading parameters from </home/mcs001/s145344/20221025/FullRecourseKEP/code/check/../settings/method1-complexFALSE-cyc3-chain4-liftFALSE-policy2.set>.

Changed settings:
misc/usesymmetry = 0
kidney/maxchainlength = 4
kidney/liftbenderscuts = FALSE

Setting time limit to 3600.
Setting memory limit to 24000.
Setting node limit to 2100000000.
Setting display frequency to 10000.

Reading the graph
Reading graph from file /home/mcs001/s145344/20221025/FullRecourseKEP/code/check/../../instances/KlimentovaInstances100/Klimentova_100_0.txt
Finding the cycles
Enumerating all cycles
Number of cycles: 1263

Finding the chains
Enumerating all chains
Chain length maximum: 4
Number of chains: 415257
Strengthening the node bounds
Find the triplets
Time needed to read graph and detecting cycles/chains/triplets:	0.28
Create the model
Time to create master model:	0.78
Solve the model
@99 Start master loop of trilevel optimization algorithm.
@98 masteriteration 1: objective value 43.000000.
@97 Set up Benders model 1.
Benders obj: 31.000000
Attack pattern: 
18 27 87 
@95 KEP objective: 39.000000
The recourse value 39.000000 of the currently considered attack pattern violates the master solution.
@96 Benders problem iteration 1: objective value 31.000000.
nattacks: 3
first attack: 18
time limit reached@05================================================================================
   ================================   STATISTICS   ================================
[suboptimal] terminated after 3606.940000 seconds (stage 2: 2306.390000, stage 3: 0.690000).

[patterns]
Used attack patterns:
[scenario]    0:	      18      27      87
@06================================================================================

SCIP Status        : problem creation / modification
Total Time         :       0.00
  reading          :       0.00
Original Problem   :
  Problem name     : name
  Variables        : 833238 (833237 binary, 0 integer, 0 implicit integer, 1 continuous)
  Constraints      : 496 initial, 496 maximal
  Objective        : maximize, 1 non-zeros (abs.min = 1, abs.max = 1)
Free the model
@04 1669299480
-----------------------------
Thu Nov 24 15:18:00 CET 2022
-----------------------------

=ready=
Linux mcs-computeA005 5.10.11-1.el7.elrepo.x86_64 #1 SMP Tue Jan 26 10:44:32 EST 2021 x86_64 x86_64 x86_64 GNU/Linux
@01 /home/mcs001/s145344/20221025/FullRecourseKEP/code/check/../../instances/KlimentovaInstances100/Klimentova_100_1.txt ===========
-----------------------------
Thu Nov 24 14:17:59 CET 2022
-----------------------------
@03 1669295879
/home/mcs001/s145344/20221025/FullRecourseKEP/code/check/../bin/fullrecoursekidney.linux.x86_64.gnu.opt.spx2 /home/mcs001/s145344/20221025/FullRecourseKEP/code/check/../../instances/KlimentovaInstances100/Klimentova_100_1.txt 3 -t 3600 -m 24000 -n 2100000000 -d 10000 -s /home/mcs001/s145344/20221025/FullRecourseKEP/code/check/../settings/method1-complexFALSE-cyc3-chain4-liftFALSE-policy2.set
SCIP version 8.0.2 [precision: 8 byte] [memory: block] [mode: optimized] [LP solver: Soplex 6.0.2] [GitHash: 5f0473c4fb]
Copyright (C) 2002-2022 Konrad-Zuse-Zentrum fuer Informationstechnik Berlin (ZIB)


Reading parameters from </home/mcs001/s145344/20221025/FullRecourseKEP/code/check/../settings/method1-complexFALSE-cyc3-chain4-liftFALSE-policy2.set>.

Changed settings:
misc/usesymmetry = 0
kidney/maxchainlength = 4
kidney/liftbenderscuts = FALSE

Setting time limit to 3600.
Setting memory limit to 24000.
Setting node limit to 2100000000.
Setting display frequency to 10000.

Reading the graph
Reading graph from file /home/mcs001/s145344/20221025/FullRecourseKEP/code/check/../../instances/KlimentovaInstances100/Klimentova_100_1.txt
Finding the cycles
Enumerating all cycles
Number of cycles: 1185

Finding the chains
Enumerating all chains
Chain length maximum: 4
Number of chains: 1144552
Strengthening the node bounds
Find the triplets
Time needed to read graph and detecting cycles/chains/triplets:	0.78
Create the model
Time to create master model:	2.36
Solve the model
@99 Start master loop of trilevel optimization algorithm.
@98 masteriteration 1: objective value 47.000000.
@97 Set up Benders model 1.
memory limit reached@05================================================================================
   ================================   STATISTICS   ================================
[suboptimal] terminated after 2854.340000 seconds (stage 2: 94.830000, stage 3: 2.080000).

[patterns]
Used attack patterns:
@06================================================================================

SCIP Status        : problem creation / modification
Total Time         :       0.00
  reading          :       0.00
Original Problem   :
  Problem name     : name
  Variables        : 1145838 (1145837 binary, 0 integer, 0 implicit integer, 1 continuous)
  Constraints      : 201 initial, 201 maximal
  Objective        : maximize, 1 non-zeros (abs.min = 1, abs.max = 1)
Free the model
@04 1669298736
-----------------------------
Thu Nov 24 15:05:36 CET 2022
-----------------------------

=ready=
Linux mcs-computeA002 5.10.11-1.el7.elrepo.x86_64 #1 SMP Tue Jan 26 10:44:32 EST 2021 x86_64 x86_64 x86_64 GNU/Linux
@01 /home/mcs001/s145344/20221025/FullRecourseKEP/code/check/../../instances/KlimentovaInstances100/Klimentova_100_2.txt ===========
-----------------------------
Thu Nov 24 14:18:28 CET 2022
-----------------------------
@03 1669295908
/home/mcs001/s145344/20221025/FullRecourseKEP/code/check/../bin/fullrecoursekidney.linux.x86_64.gnu.opt.spx2 /home/mcs001/s145344/20221025/FullRecourseKEP/code/check/../../instances/KlimentovaInstances100/Klimentova_100_2.txt 3 -t 3600 -m 24000 -n 2100000000 -d 10000 -s /home/mcs001/s145344/20221025/FullRecourseKEP/code/check/../settings/method1-complexFALSE-cyc3-chain4-liftFALSE-policy2.set
SCIP version 8.0.2 [precision: 8 byte] [memory: block] [mode: optimized] [LP solver: Soplex 6.0.2] [GitHash: 5f0473c4fb]
Copyright (C) 2002-2022 Konrad-Zuse-Zentrum fuer Informationstechnik Berlin (ZIB)


Reading parameters from </home/mcs001/s145344/20221025/FullRecourseKEP/code/check/../settings/method1-complexFALSE-cyc3-chain4-liftFALSE-policy2.set>.

Changed settings:
misc/usesymmetry = 0
kidney/maxchainlength = 4
kidney/liftbenderscuts = FALSE

Setting time limit to 3600.
Setting memory limit to 24000.
Setting node limit to 2100000000.
Setting display frequency to 10000.

Reading the graph
Reading graph from file /home/mcs001/s145344/20221025/FullRecourseKEP/code/check/../../instances/KlimentovaInstances100/Klimentova_100_2.txt
Finding the cycles
Enumerating all cycles
Number of cycles: 2739

Finding the chains
Enumerating all chains
Chain length maximum: 4
Number of chains: 111945
Strengthening the node bounds
Find the triplets
Time needed to read graph and detecting cycles/chains/triplets:	0.06
Create the model
Time to create master model:	0.2
Solve the model
@99 Start master loop of trilevel optimization algorithm.
@98 masteriteration 1: objective value 48.000000.
@97 Set up Benders model 1.
Benders obj: 38.000000
Attack pattern: 
7 85 94 
@95 KEP objective: 45.000000
The recourse value 45.000000 of the currently considered attack pattern violates the master solution.
@96 Benders problem iteration 1: objective value 38.000000.
nattacks: 3
first attack: 7
@98 masteriteration 2: objective value 47.000000.
@97 Set up Benders model 2.
Benders obj: 37.000000
Attack pattern: 
4 9 53 
@95 KEP objective: 44.000000
The recourse value 44.000000 of the currently considered attack pattern violates the master solution.
@96 Benders problem iteration 2: objective value 37.000000.
nattacks: 3
first attack: 4
@98 masteriteration 3: objective value 46.000000.
@97 Set up Benders model 3.
Benders obj: 37.000000
Attack pattern: 
32 42 85 
@95 KEP objective: 44.000000
The recourse value 44.000000 of the currently considered attack pattern violates the master solution.
@96 Benders problem iteration 3: objective value 37.000000.
nattacks: 3
first attack: 32
@98 masteriteration 4: objective value 46.000000.
@97 Set up Benders model 4.
Benders obj: 38.000000
Attack pattern: 
23 49 53 
@95 KEP objective: 45.000000
The recourse value 45.000000 of the currently considered attack pattern violates the master solution.
@96 Benders problem iteration 4: objective value 38.000000.
nattacks: 3
first attack: 23
time limit reached@05================================================================================
   ================================   STATISTICS   ================================
[suboptimal] terminated after 3723.030000 seconds (stage 2: 1145.090000, stage 3: 0.530000).

[patterns]
Used attack patterns:
[scenario]    0:	       7      85      94
[scenario]    1:	       4       9      53
[scenario]    2:	      32      42      85
[scenario]    3:	      23      49      53
@06================================================================================

SCIP Status        : problem creation / modification
Total Time         :       0.00
  reading          :       0.00
Original Problem   :
  Problem name     : name
  Variables        : 573917 (573916 binary, 0 integer, 0 implicit integer, 1 continuous)
  Constraints      : 1397 initial, 1397 maximal
  Objective        : maximize, 1 non-zeros (abs.min = 1, abs.max = 1)
Free the model
@04 1669299632
-----------------------------
Thu Nov 24 15:20:32 CET 2022
-----------------------------

=ready=
Linux mcs-computeA004 5.10.11-1.el7.elrepo.x86_64 #1 SMP Tue Jan 26 10:44:32 EST 2021 x86_64 x86_64 x86_64 GNU/Linux
@01 /home/mcs001/s145344/20221025/FullRecourseKEP/code/check/../../instances/KlimentovaInstances100/Klimentova_100_3.txt ===========
-----------------------------
Thu Nov 24 14:18:30 CET 2022
-----------------------------
@03 1669295910
/home/mcs001/s145344/20221025/FullRecourseKEP/code/check/../bin/fullrecoursekidney.linux.x86_64.gnu.opt.spx2 /home/mcs001/s145344/20221025/FullRecourseKEP/code/check/../../instances/KlimentovaInstances100/Klimentova_100_3.txt 3 -t 3600 -m 24000 -n 2100000000 -d 10000 -s /home/mcs001/s145344/20221025/FullRecourseKEP/code/check/../settings/method1-complexFALSE-cyc3-chain4-liftFALSE-policy2.set
SCIP version 8.0.2 [precision: 8 byte] [memory: block] [mode: optimized] [LP solver: Soplex 6.0.2] [GitHash: 5f0473c4fb]
Copyright (C) 2002-2022 Konrad-Zuse-Zentrum fuer Informationstechnik Berlin (ZIB)


Reading parameters from </home/mcs001/s145344/20221025/FullRecourseKEP/code/check/../settings/method1-complexFALSE-cyc3-chain4-liftFALSE-policy2.set>.

Changed settings:
misc/usesymmetry = 0
kidney/maxchainlength = 4
kidney/liftbenderscuts = FALSE

Setting time limit to 3600.
Setting memory limit to 24000.
Setting node limit to 2100000000.
Setting display frequency to 10000.

Reading the graph
Reading graph from file /home/mcs001/s145344/20221025/FullRecourseKEP/code/check/../../instances/KlimentovaInstances100/Klimentova_100_3.txt
Finding the cycles
Enumerating all cycles
Number of cycles: 2042

Finding the chains
Enumerating all chains
Chain length maximum: 4
Number of chains: 1528644
Strengthening the node bounds
Find the triplets
Time needed to read graph and detecting cycles/chains/triplets:	0.95
Create the model
Time to create master model:	2.49
Solve the model
@99 Start master loop of trilevel optimization algorithm.
time limit reached@05================================================================================
   ================================   STATISTICS   ================================
[suboptimal] terminated after 3609.250000 seconds (stage 2: 0.000000, stage 3: 0.000000).

[patterns]
Used attack patterns:
@06================================================================================

SCIP Status        : problem creation / modification
Total Time         :       0.00
  reading          :       0.00
Original Problem   :
  Problem name     : name
  Variables        : 1530787 (1530786 binary, 0 integer, 0 implicit integer, 1 continuous)
  Constraints      : 201 initial, 201 maximal
  Objective        : maximize, 1 non-zeros (abs.min = 1, abs.max = 1)
Free the model
@04 1669299522
-----------------------------
Thu Nov 24 15:18:42 CET 2022
-----------------------------

=ready=
Linux mcs-computeA005 5.10.11-1.el7.elrepo.x86_64 #1 SMP Tue Jan 26 10:44:32 EST 2021 x86_64 x86_64 x86_64 GNU/Linux
@01 /home/mcs001/s145344/20221025/FullRecourseKEP/code/check/../../instances/KlimentovaInstances100/Klimentova_100_4.txt ===========
-----------------------------
Thu Nov 24 14:19:19 CET 2022
-----------------------------
@03 1669295959
/home/mcs001/s145344/20221025/FullRecourseKEP/code/check/../bin/fullrecoursekidney.linux.x86_64.gnu.opt.spx2 /home/mcs001/s145344/20221025/FullRecourseKEP/code/check/../../instances/KlimentovaInstances100/Klimentova_100_4.txt 3 -t 3600 -m 24000 -n 2100000000 -d 10000 -s /home/mcs001/s145344/20221025/FullRecourseKEP/code/check/../settings/method1-complexFALSE-cyc3-chain4-liftFALSE-policy2.set
SCIP version 8.0.2 [precision: 8 byte] [memory: block] [mode: optimized] [LP solver: Soplex 6.0.2] [GitHash: 5f0473c4fb]
Copyright (C) 2002-2022 Konrad-Zuse-Zentrum fuer Informationstechnik Berlin (ZIB)


Reading parameters from </home/mcs001/s145344/20221025/FullRecourseKEP/code/check/../settings/method1-complexFALSE-cyc3-chain4-liftFALSE-policy2.set>.

Changed settings:
misc/usesymmetry = 0
kidney/maxchainlength = 4
kidney/liftbenderscuts = FALSE

Setting time limit to 3600.
Setting memory limit to 24000.
Setting node limit to 2100000000.
Setting display frequency to 10000.

Reading the graph
Reading graph from file /home/mcs001/s145344/20221025/FullRecourseKEP/code/check/../../instances/KlimentovaInstances100/Klimentova_100_4.txt
Finding the cycles
Enumerating all cycles
Number of cycles: 2010

Finding the chains
Enumerating all chains
Chain length maximum: 4
Number of chains: 935073
Strengthening the node bounds
Find the triplets
Time needed to read graph and detecting cycles/chains/triplets:	0.73
Create the model
Time to create master model:	2.04
Solve the model
@99 Start master loop of trilevel optimization algorithm.
@98 masteriteration 1: objective value 62.000000.
@97 Set up Benders model 1.
memory limit reached@05================================================================================
   ================================   STATISTICS   ================================
[suboptimal] terminated after 2647.590000 seconds (stage 2: 278.060000, stage 3: 1.650000).

[patterns]
Used attack patterns:
@06================================================================================

SCIP Status        : problem creation / modification
Total Time         :       0.00
  reading          :       0.00
Original Problem   :
  Problem name     : name
  Variables        : 937184 (937183 binary, 0 integer, 0 implicit integer, 1 continuous)
  Constraints      : 201 initial, 201 maximal
  Objective        : maximize, 1 non-zeros (abs.min = 1, abs.max = 1)
Free the model
@04 1669298609
-----------------------------
Thu Nov 24 15:03:29 CET 2022
-----------------------------

=ready=
Linux mcs-computeA002 5.10.11-1.el7.elrepo.x86_64 #1 SMP Tue Jan 26 10:44:32 EST 2021 x86_64 x86_64 x86_64 GNU/Linux
@01 /home/mcs001/s145344/20221025/FullRecourseKEP/code/check/../../instances/KlimentovaInstances100/Klimentova_100_5.txt ===========
-----------------------------
Thu Nov 24 14:19:29 CET 2022
-----------------------------
@03 1669295969
/home/mcs001/s145344/20221025/FullRecourseKEP/code/check/../bin/fullrecoursekidney.linux.x86_64.gnu.opt.spx2 /home/mcs001/s145344/20221025/FullRecourseKEP/code/check/../../instances/KlimentovaInstances100/Klimentova_100_5.txt 3 -t 3600 -m 24000 -n 2100000000 -d 10000 -s /home/mcs001/s145344/20221025/FullRecourseKEP/code/check/../settings/method1-complexFALSE-cyc3-chain4-liftFALSE-policy2.set
SCIP version 8.0.2 [precision: 8 byte] [memory: block] [mode: optimized] [LP solver: Soplex 6.0.2] [GitHash: 5f0473c4fb]
Copyright (C) 2002-2022 Konrad-Zuse-Zentrum fuer Informationstechnik Berlin (ZIB)


Reading parameters from </home/mcs001/s145344/20221025/FullRecourseKEP/code/check/../settings/method1-complexFALSE-cyc3-chain4-liftFALSE-policy2.set>.

Changed settings:
misc/usesymmetry = 0
kidney/maxchainlength = 4
kidney/liftbenderscuts = FALSE

Setting time limit to 3600.
Setting memory limit to 24000.
Setting node limit to 2100000000.
Setting display frequency to 10000.

Reading the graph
Reading graph from file /home/mcs001/s145344/20221025/FullRecourseKEP/code/check/../../instances/KlimentovaInstances100/Klimentova_100_5.txt
Finding the cycles
Enumerating all cycles
Number of cycles: 1563

Finding the chains
Enumerating all chains
Chain length maximum: 4
Number of chains: 677587
Strengthening the node bounds
Find the triplets
Time needed to read graph and detecting cycles/chains/triplets:	0.41
Create the model
Time to create master model:	1.11
Solve the model
@99 Start master loop of trilevel optimization algorithm.
@98 masteriteration 1: objective value 39.000000.
@97 Set up Benders model 1.
time limit reached@05================================================================================
   ================================   STATISTICS   ================================
[suboptimal] terminated after 3786.610000 seconds (stage 2: 2558.340000, stage 3: 1.040000).

[patterns]
Used attack patterns:
@06================================================================================

SCIP Status        : problem creation / modification
Total Time         :       0.00
  reading          :       0.00
Original Problem   :
  Problem name     : name
  Variables        : 679251 (679250 binary, 0 integer, 0 implicit integer, 1 continuous)
  Constraints      : 201 initial, 201 maximal
  Objective        : maximize, 1 non-zeros (abs.min = 1, abs.max = 1)
Free the model
@04 1669299756
-----------------------------
Thu Nov 24 15:22:36 CET 2022
-----------------------------

=ready=
Linux mcs-computeA011 5.10.11-1.el7.elrepo.x86_64 #1 SMP Tue Jan 26 10:44:32 EST 2021 x86_64 x86_64 x86_64 GNU/Linux
@01 /home/mcs001/s145344/20221025/FullRecourseKEP/code/check/../../instances/KlimentovaInstances100/Klimentova_100_6.txt ===========
-----------------------------
Wed Nov  2 10:36:07 CET 2022
-----------------------------
@03 1667381767
/home/mcs001/s145344/20221025/FullRecourseKEP/code/check/../bin/fullrecoursekidney.linux.x86_64.gnu.opt.spx2 /home/mcs001/s145344/20221025/FullRecourseKEP/code/check/../../instances/KlimentovaInstances100/Klimentova_100_6.txt 3 -t 3600 -m 24000 -n 2100000000 -d 10000 -s /home/mcs001/s145344/20221025/FullRecourseKEP/code/check/../settings/method1-complexFALSE-cyc3-chain4-liftFALSE-policy2.set
SCIP version 8.0.2 [precision: 8 byte] [memory: block] [mode: optimized] [LP solver: Soplex 6.0.2] [GitHash: 5f0473c4fb]
Copyright (C) 2002-2022 Konrad-Zuse-Zentrum fuer Informationstechnik Berlin (ZIB)


Reading parameters from </home/mcs001/s145344/20221025/FullRecourseKEP/code/check/../settings/method1-complexFALSE-cyc3-chain4-liftFALSE-policy2.set>.

Changed settings:
misc/usesymmetry = 0
kidney/maxchainlength = 4
kidney/liftbenderscuts = FALSE

Setting time limit to 3600.
Setting memory limit to 24000.
Setting node limit to 2100000000.
Setting display frequency to 10000.

Reading the graph
Reading graph from file /home/mcs001/s145344/20221025/FullRecourseKEP/code/check/../../instances/KlimentovaInstances100/Klimentova_100_6.txt
Finding the cycles
Enumerating all cycles
Number of cycles: 741

Finding the chains
Enumerating all chains
Chain length maximum: 4
Number of chains: 49780
Strengthening the node bounds
Find the triplets
Time needed to read graph and detecting cycles/chains/triplets:	0.02
Create the model
Time to create master model:	0.07
Solve the model
@99 Start master loop of trilevel optimization algorithm.
@98 masteriteration 1: objective value 38.000000.
@97 Set up Benders model 1.
Benders obj: 27.000000
Attack pattern: 
32 85 98 
@95 KEP objective: 33.000000
The recourse value 33.000000 of the currently considered attack pattern violates the master solution.
@96 Benders problem iteration 1: objective value 27.000000.
nattacks: 3
first attack: 32
@98 masteriteration 2: objective value 35.000000.
@97 Set up Benders model 2.
Benders obj: 27.000000
Attack pattern: 
61 85 87 
@95 KEP objective: 33.000000
The recourse value 33.000000 of the currently considered attack pattern violates the master solution.
@96 Benders problem iteration 2: objective value 27.000000.
nattacks: 3
first attack: 61
@98 masteriteration 3: objective value 35.000000.
@97 Set up Benders model 3.
Benders obj: 26.000000
Attack pattern: 
4 8 39 
@95 KEP objective: 33.000000
The recourse value 33.000000 of the currently considered attack pattern violates the master solution.
@96 Benders problem iteration 3: objective value 26.000000.
nattacks: 3
first attack: 4
@98 masteriteration 4: objective value 35.000000.
@97 Set up Benders model 4.
Benders obj: 27.000000
Attack pattern: 
2 85 87 
@95 KEP objective: 34.000000
The recourse value 34.000000 of the currently considered attack pattern violates the master solution.
@96 Benders problem iteration 4: objective value 27.000000.
nattacks: 3
first attack: 2
@98 masteriteration 5: objective value 35.000000.
@97 Set up Benders model 5.
Benders obj: 28.000000
Attack pattern: 
32 50 68 
@95 KEP objective: 34.000000
The recourse value 34.000000 of the currently considered attack pattern violates the master solution.
@96 Benders problem iteration 5: objective value 28.000000.
nattacks: 3
first attack: 32
@98 masteriteration 6: objective value 34.000000.
@97 Set up Benders model 6.
Benders obj: 28.000000
Attack pattern: 
9 64 87 
@95 KEP objective: 34.000000
Benders obj: 28.000000
Attack pattern: 
41 86 87 
@95 KEP objective: 32.000000
The recourse value 32.000000 of the currently considered attack pattern violates the master solution.
@96 Benders problem iteration 6: objective value 28.000000.
nattacks: 3
first attack: 41
@98 masteriteration 7: objective value 34.000000.
@97 Set up Benders model 7.
Benders obj: 27.000000
Attack pattern: 
38 82 98 
@95 KEP objective: 31.000000
The recourse value 31.000000 of the currently considered attack pattern violates the master solution.
@96 Benders problem iteration 7: objective value 27.000000.
nattacks: 3
first attack: 38
time limit reached@05================================================================================
   ================================   STATISTICS   ================================
[suboptimal] terminated after 3602.940000 seconds (stage 2: 208.070000, stage 3: 2.540000).

[patterns]
Used attack patterns:
[scenario]    0:	      32      85      98
[scenario]    1:	      61      85      87
[scenario]    2:	       4       8      39
[scenario]    3:	       2      85      87
[scenario]    4:	      32      50      68
[scenario]    5:	      41      86      87
[scenario]    6:	      38      82      98
@06================================================================================

SCIP Status        : problem creation / modification
Total Time         :       0.00
  reading          :       0.00
Original Problem   :
  Problem name     : name
  Variables        : 404955 (404954 binary, 0 integer, 0 implicit integer, 1 continuous)
  Constraints      : 2280 initial, 2280 maximal
  Objective        : maximize, 1 non-zeros (abs.min = 1, abs.max = 1)
Free the model
@04 1667385371
-----------------------------
Wed Nov  2 11:36:11 CET 2022
-----------------------------

=ready=
Linux mcs-computeA002 5.10.11-1.el7.elrepo.x86_64 #1 SMP Tue Jan 26 10:44:32 EST 2021 x86_64 x86_64 x86_64 GNU/Linux
@01 /home/mcs001/s145344/20221025/FullRecourseKEP/code/check/../../instances/KlimentovaInstances100/Klimentova_100_7.txt ===========
-----------------------------
Thu Nov 24 14:19:46 CET 2022
-----------------------------
@03 1669295986
/home/mcs001/s145344/20221025/FullRecourseKEP/code/check/../bin/fullrecoursekidney.linux.x86_64.gnu.opt.spx2 /home/mcs001/s145344/20221025/FullRecourseKEP/code/check/../../instances/KlimentovaInstances100/Klimentova_100_7.txt 3 -t 3600 -m 24000 -n 2100000000 -d 10000 -s /home/mcs001/s145344/20221025/FullRecourseKEP/code/check/../settings/method1-complexFALSE-cyc3-chain4-liftFALSE-policy2.set
SCIP version 8.0.2 [precision: 8 byte] [memory: block] [mode: optimized] [LP solver: Soplex 6.0.2] [GitHash: 5f0473c4fb]
Copyright (C) 2002-2022 Konrad-Zuse-Zentrum fuer Informationstechnik Berlin (ZIB)


Reading parameters from </home/mcs001/s145344/20221025/FullRecourseKEP/code/check/../settings/method1-complexFALSE-cyc3-chain4-liftFALSE-policy2.set>.

Changed settings:
misc/usesymmetry = 0
kidney/maxchainlength = 4
kidney/liftbenderscuts = FALSE

Setting time limit to 3600.
Setting memory limit to 24000.
Setting node limit to 2100000000.
Setting display frequency to 10000.

Reading the graph
Reading graph from file /home/mcs001/s145344/20221025/FullRecourseKEP/code/check/../../instances/KlimentovaInstances100/Klimentova_100_7.txt
Finding the cycles
Enumerating all cycles
Number of cycles: 7764

Finding the chains
Enumerating all chains
Chain length maximum: 4
Number of chains: 3235101
Strengthening the node bounds
Find the triplets
Time needed to read graph and detecting cycles/chains/triplets:	2.15
Create the model
Time to create master model:	6.03
Solve the model
@99 Start master loop of trilevel optimization algorithm.
time limit reached@05================================================================================
   ================================   STATISTICS   ================================
[suboptimal] terminated after 6878.670000 seconds (stage 2: 0.000000, stage 3: 0.000000).

[patterns]
Used attack patterns:
@06================================================================================

SCIP Status        : problem creation / modification
Total Time         :       0.00
  reading          :       0.00
Original Problem   :
  Problem name     : name
  Variables        : 3242966 (3242965 binary, 0 integer, 0 implicit integer, 1 continuous)
  Constraints      : 201 initial, 201 maximal
  Objective        : maximize, 1 non-zeros (abs.min = 1, abs.max = 1)
Free the model
@04 1669302870
-----------------------------
Thu Nov 24 16:14:30 CET 2022
-----------------------------

=ready=
Linux mcs-computeA003 5.10.11-1.el7.elrepo.x86_64 #1 SMP Tue Jan 26 10:44:32 EST 2021 x86_64 x86_64 x86_64 GNU/Linux
@01 /home/mcs001/s145344/20221025/FullRecourseKEP/code/check/../../instances/KlimentovaInstances100/Klimentova_100_8.txt ===========
-----------------------------
Thu Nov 24 14:19:55 CET 2022
-----------------------------
@03 1669295995
/home/mcs001/s145344/20221025/FullRecourseKEP/code/check/../bin/fullrecoursekidney.linux.x86_64.gnu.opt.spx2 /home/mcs001/s145344/20221025/FullRecourseKEP/code/check/../../instances/KlimentovaInstances100/Klimentova_100_8.txt 3 -t 3600 -m 24000 -n 2100000000 -d 10000 -s /home/mcs001/s145344/20221025/FullRecourseKEP/code/check/../settings/method1-complexFALSE-cyc3-chain4-liftFALSE-policy2.set
SCIP version 8.0.2 [precision: 8 byte] [memory: block] [mode: optimized] [LP solver: Soplex 6.0.2] [GitHash: 5f0473c4fb]
Copyright (C) 2002-2022 Konrad-Zuse-Zentrum fuer Informationstechnik Berlin (ZIB)


Reading parameters from </home/mcs001/s145344/20221025/FullRecourseKEP/code/check/../settings/method1-complexFALSE-cyc3-chain4-liftFALSE-policy2.set>.

Changed settings:
misc/usesymmetry = 0
kidney/maxchainlength = 4
kidney/liftbenderscuts = FALSE

Setting time limit to 3600.
Setting memory limit to 24000.
Setting node limit to 2100000000.
Setting display frequency to 10000.

Reading the graph
Reading graph from file /home/mcs001/s145344/20221025/FullRecourseKEP/code/check/../../instances/KlimentovaInstances100/Klimentova_100_8.txt
Finding the cycles
Enumerating all cycles
Number of cycles: 3799

Finding the chains
Enumerating all chains
Chain length maximum: 4
Number of chains: 2456639
Strengthening the node bounds
Find the triplets
Time needed to read graph and detecting cycles/chains/triplets:	1.56
Create the model
Time to create master model:	4.64
Solve the model
@99 Start master loop of trilevel optimization algorithm.
time limit reached@05================================================================================
   ================================   STATISTICS   ================================
[suboptimal] terminated after 3912.460000 seconds (stage 2: 0.000000, stage 3: 0.000000).

[patterns]
Used attack patterns:
@06================================================================================

SCIP Status        : problem creation / modification
Total Time         :       0.00
  reading          :       0.00
Original Problem   :
  Problem name     : name
  Variables        : 2460539 (2460538 binary, 0 integer, 0 implicit integer, 1 continuous)
  Constraints      : 201 initial, 201 maximal
  Objective        : maximize, 1 non-zeros (abs.min = 1, abs.max = 1)
Free the model
@04 1669299911
-----------------------------
Thu Nov 24 15:25:11 CET 2022
-----------------------------

=ready=
Linux mcs-computeA001 5.10.11-1.el7.elrepo.x86_64 #1 SMP Tue Jan 26 10:44:32 EST 2021 x86_64 x86_64 x86_64 GNU/Linux
@01 /home/mcs001/s145344/20221025/FullRecourseKEP/code/check/../../instances/KlimentovaInstances100/Klimentova_100_9.txt ===========
-----------------------------
Thu Nov 24 14:20:06 CET 2022
-----------------------------
@03 1669296006
/home/mcs001/s145344/20221025/FullRecourseKEP/code/check/../bin/fullrecoursekidney.linux.x86_64.gnu.opt.spx2 /home/mcs001/s145344/20221025/FullRecourseKEP/code/check/../../instances/KlimentovaInstances100/Klimentova_100_9.txt 3 -t 3600 -m 24000 -n 2100000000 -d 10000 -s /home/mcs001/s145344/20221025/FullRecourseKEP/code/check/../settings/method1-complexFALSE-cyc3-chain4-liftFALSE-policy2.set
SCIP version 8.0.2 [precision: 8 byte] [memory: block] [mode: optimized] [LP solver: Soplex 6.0.2] [GitHash: 5f0473c4fb]
Copyright (C) 2002-2022 Konrad-Zuse-Zentrum fuer Informationstechnik Berlin (ZIB)


Reading parameters from </home/mcs001/s145344/20221025/FullRecourseKEP/code/check/../settings/method1-complexFALSE-cyc3-chain4-liftFALSE-policy2.set>.

Changed settings:
misc/usesymmetry = 0
kidney/maxchainlength = 4
kidney/liftbenderscuts = FALSE

Setting time limit to 3600.
Setting memory limit to 24000.
Setting node limit to 2100000000.
Setting display frequency to 10000.

Reading the graph
Reading graph from file /home/mcs001/s145344/20221025/FullRecourseKEP/code/check/../../instances/KlimentovaInstances100/Klimentova_100_9.txt
Finding the cycles
Enumerating all cycles
Number of cycles: 6192

Finding the chains
Enumerating all chains
Chain length maximum: 4
Number of chains: 6930447
Strengthening the node bounds
Find the triplets
Time needed to read graph and detecting cycles/chains/triplets:	4.57
Create the model
Time to create master model:	13.3
Solve the model
@99 Start master loop of trilevel optimization algorithm.
memory limit reached@05================================================================================
   ================================   STATISTICS   ================================
[suboptimal] terminated after 155.690000 seconds (stage 2: 0.000000, stage 3: 0.000000).

[patterns]
Used attack patterns:
@06================================================================================

SCIP Status        : problem creation / modification
Total Time         :       0.00
  reading          :       0.00
Original Problem   :
  Problem name     : name
  Variables        : 6936740 (6936739 binary, 0 integer, 0 implicit integer, 1 continuous)
  Constraints      : 201 initial, 201 maximal
  Objective        : maximize, 1 non-zeros (abs.min = 1, abs.max = 1)
Free the model
@04 1669296170
-----------------------------
Thu Nov 24 14:22:50 CET 2022
-----------------------------

=ready=
Linux mcs-computeA007 5.10.11-1.el7.elrepo.x86_64 #1 SMP Tue Jan 26 10:44:32 EST 2021 x86_64 x86_64 x86_64 GNU/Linux
@01 /home/mcs001/s145344/20221025/FullRecourseKEP/code/check/../../instances/KlimentovaInstances100/Klimentova_100_10.txt ===========
-----------------------------
Thu Nov 24 14:20:22 CET 2022
-----------------------------
@03 1669296022
/home/mcs001/s145344/20221025/FullRecourseKEP/code/check/../bin/fullrecoursekidney.linux.x86_64.gnu.opt.spx2 /home/mcs001/s145344/20221025/FullRecourseKEP/code/check/../../instances/KlimentovaInstances100/Klimentova_100_10.txt 3 -t 3600 -m 24000 -n 2100000000 -d 10000 -s /home/mcs001/s145344/20221025/FullRecourseKEP/code/check/../settings/method1-complexFALSE-cyc3-chain4-liftFALSE-policy2.set
SCIP version 8.0.2 [precision: 8 byte] [memory: block] [mode: optimized] [LP solver: Soplex 6.0.2] [GitHash: 5f0473c4fb]
Copyright (C) 2002-2022 Konrad-Zuse-Zentrum fuer Informationstechnik Berlin (ZIB)


Reading parameters from </home/mcs001/s145344/20221025/FullRecourseKEP/code/check/../settings/method1-complexFALSE-cyc3-chain4-liftFALSE-policy2.set>.

Changed settings:
misc/usesymmetry = 0
kidney/maxchainlength = 4
kidney/liftbenderscuts = FALSE

Setting time limit to 3600.
Setting memory limit to 24000.
Setting node limit to 2100000000.
Setting display frequency to 10000.

Reading the graph
Reading graph from file /home/mcs001/s145344/20221025/FullRecourseKEP/code/check/../../instances/KlimentovaInstances100/Klimentova_100_10.txt
Finding the cycles
Enumerating all cycles
Number of cycles: 4217

Finding the chains
Enumerating all chains
Chain length maximum: 4
Number of chains: 2878692
Strengthening the node bounds
Find the triplets
Time needed to read graph and detecting cycles/chains/triplets:	1.92
Create the model
Time to create master model:	5.84
Solve the model
@99 Start master loop of trilevel optimization algorithm.
time limit reached@05================================================================================
   ================================   STATISTICS   ================================
[suboptimal] terminated after 6664.220000 seconds (stage 2: 0.000000, stage 3: 0.000000).

[patterns]
Used attack patterns:
@06================================================================================

SCIP Status        : problem creation / modification
Total Time         :       0.00
  reading          :       0.00
Original Problem   :
  Problem name     : name
  Variables        : 2883010 (2883009 binary, 0 integer, 0 implicit integer, 1 continuous)
  Constraints      : 201 initial, 201 maximal
  Objective        : maximize, 1 non-zeros (abs.min = 1, abs.max = 1)
Free the model
@04 1669302696
-----------------------------
Thu Nov 24 16:11:36 CET 2022
-----------------------------

=ready=
Linux mcs-computeA004 5.10.11-1.el7.elrepo.x86_64 #1 SMP Tue Jan 26 10:44:32 EST 2021 x86_64 x86_64 x86_64 GNU/Linux
@01 /home/mcs001/s145344/20221025/FullRecourseKEP/code/check/../../instances/KlimentovaInstances100/Klimentova_100_11.txt ===========
-----------------------------
Thu Nov 24 14:20:24 CET 2022
-----------------------------
@03 1669296024
/home/mcs001/s145344/20221025/FullRecourseKEP/code/check/../bin/fullrecoursekidney.linux.x86_64.gnu.opt.spx2 /home/mcs001/s145344/20221025/FullRecourseKEP/code/check/../../instances/KlimentovaInstances100/Klimentova_100_11.txt 3 -t 3600 -m 24000 -n 2100000000 -d 10000 -s /home/mcs001/s145344/20221025/FullRecourseKEP/code/check/../settings/method1-complexFALSE-cyc3-chain4-liftFALSE-policy2.set
SCIP version 8.0.2 [precision: 8 byte] [memory: block] [mode: optimized] [LP solver: Soplex 6.0.2] [GitHash: 5f0473c4fb]
Copyright (C) 2002-2022 Konrad-Zuse-Zentrum fuer Informationstechnik Berlin (ZIB)


Reading parameters from </home/mcs001/s145344/20221025/FullRecourseKEP/code/check/../settings/method1-complexFALSE-cyc3-chain4-liftFALSE-policy2.set>.

Changed settings:
misc/usesymmetry = 0
kidney/maxchainlength = 4
kidney/liftbenderscuts = FALSE

Setting time limit to 3600.
Setting memory limit to 24000.
Setting node limit to 2100000000.
Setting display frequency to 10000.

Reading the graph
Reading graph from file /home/mcs001/s145344/20221025/FullRecourseKEP/code/check/../../instances/KlimentovaInstances100/Klimentova_100_11.txt
Finding the cycles
Enumerating all cycles
Number of cycles: 2914

Finding the chains
Enumerating all chains
Chain length maximum: 4
Number of chains: 680436
Strengthening the node bounds
Find the triplets
Time needed to read graph and detecting cycles/chains/triplets:	0.43
Create the model
Time to create master model:	1.14
Solve the model
@99 Start master loop of trilevel optimization algorithm.
@98 masteriteration 1: objective value 61.000000.
@97 Set up Benders model 1.
Benders obj: 51.000000
Attack pattern: 
24 51 78 
@95 KEP objective: 58.000000
The recourse value 58.000000 of the currently considered attack pattern violates the master solution.
@96 Benders problem iteration 1: objective value 51.000000.
nattacks: 3
first attack: 24
time limit reached@05================================================================================
   ================================   STATISTICS   ================================
[suboptimal] terminated after 4277.690000 seconds (stage 2: 334.600000, stage 3: 1.030000).

[patterns]
Used attack patterns:
[scenario]    0:	      24      51      78
@06================================================================================

SCIP Status        : problem creation / modification
Total Time         :       0.00
  reading          :       0.00
Original Problem   :
  Problem name     : name
  Variables        : 1366900 (1366899 binary, 0 integer, 0 implicit integer, 1 continuous)
  Constraints      : 500 initial, 500 maximal
  Objective        : maximize, 1 non-zeros (abs.min = 1, abs.max = 1)
Free the model
@04 1669300305
-----------------------------
Thu Nov 24 15:31:45 CET 2022
-----------------------------

=ready=
Linux mcs-computeA006 5.10.11-1.el7.elrepo.x86_64 #1 SMP Tue Jan 26 10:44:32 EST 2021 x86_64 x86_64 x86_64 GNU/Linux
@01 /home/mcs001/s145344/20221025/FullRecourseKEP/code/check/../../instances/KlimentovaInstances100/Klimentova_100_12.txt ===========
-----------------------------
Thu Nov 24 14:20:57 CET 2022
-----------------------------
@03 1669296057
/home/mcs001/s145344/20221025/FullRecourseKEP/code/check/../bin/fullrecoursekidney.linux.x86_64.gnu.opt.spx2 /home/mcs001/s145344/20221025/FullRecourseKEP/code/check/../../instances/KlimentovaInstances100/Klimentova_100_12.txt 3 -t 3600 -m 24000 -n 2100000000 -d 10000 -s /home/mcs001/s145344/20221025/FullRecourseKEP/code/check/../settings/method1-complexFALSE-cyc3-chain4-liftFALSE-policy2.set
SCIP version 8.0.2 [precision: 8 byte] [memory: block] [mode: optimized] [LP solver: Soplex 6.0.2] [GitHash: 5f0473c4fb]
Copyright (C) 2002-2022 Konrad-Zuse-Zentrum fuer Informationstechnik Berlin (ZIB)


Reading parameters from </home/mcs001/s145344/20221025/FullRecourseKEP/code/check/../settings/method1-complexFALSE-cyc3-chain4-liftFALSE-policy2.set>.

Changed settings:
misc/usesymmetry = 0
kidney/maxchainlength = 4
kidney/liftbenderscuts = FALSE

Setting time limit to 3600.
Setting memory limit to 24000.
Setting node limit to 2100000000.
Setting display frequency to 10000.

Reading the graph
Reading graph from file /home/mcs001/s145344/20221025/FullRecourseKEP/code/check/../../instances/KlimentovaInstances100/Klimentova_100_12.txt
Finding the cycles
Enumerating all cycles
Number of cycles: 2524

Finding the chains
Enumerating all chains
Chain length maximum: 4
Number of chains: 1184510
Strengthening the node bounds
Find the triplets
Time needed to read graph and detecting cycles/chains/triplets:	0.84
Create the model
Time to create master model:	2.33
Solve the model
@99 Start master loop of trilevel optimization algorithm.
@98 masteriteration 1: objective value 66.000000.
@97 Set up Benders model 1.
memory limit reached@05================================================================================
   ================================   STATISTICS   ================================
[suboptimal] terminated after 2324.090000 seconds (stage 2: 430.380000, stage 3: 1.880000).

[patterns]
Used attack patterns:
@06================================================================================

SCIP Status        : problem creation / modification
Total Time         :       0.00
  reading          :       0.00
Original Problem   :
  Problem name     : name
  Variables        : 1187135 (1187134 binary, 0 integer, 0 implicit integer, 1 continuous)
  Constraints      : 201 initial, 201 maximal
  Objective        : maximize, 1 non-zeros (abs.min = 1, abs.max = 1)
Free the model
@04 1669298383
-----------------------------
Thu Nov 24 14:59:43 CET 2022
-----------------------------

=ready=
Linux mcs-computeA001 5.10.11-1.el7.elrepo.x86_64 #1 SMP Tue Jan 26 10:44:32 EST 2021 x86_64 x86_64 x86_64 GNU/Linux
@01 /home/mcs001/s145344/20221025/FullRecourseKEP/code/check/../../instances/KlimentovaInstances100/Klimentova_100_13.txt ===========
-----------------------------
Thu Nov 24 14:21:27 CET 2022
-----------------------------
@03 1669296087
/home/mcs001/s145344/20221025/FullRecourseKEP/code/check/../bin/fullrecoursekidney.linux.x86_64.gnu.opt.spx2 /home/mcs001/s145344/20221025/FullRecourseKEP/code/check/../../instances/KlimentovaInstances100/Klimentova_100_13.txt 3 -t 3600 -m 24000 -n 2100000000 -d 10000 -s /home/mcs001/s145344/20221025/FullRecourseKEP/code/check/../settings/method1-complexFALSE-cyc3-chain4-liftFALSE-policy2.set
SCIP version 8.0.2 [precision: 8 byte] [memory: block] [mode: optimized] [LP solver: Soplex 6.0.2] [GitHash: 5f0473c4fb]
Copyright (C) 2002-2022 Konrad-Zuse-Zentrum fuer Informationstechnik Berlin (ZIB)


Reading parameters from </home/mcs001/s145344/20221025/FullRecourseKEP/code/check/../settings/method1-complexFALSE-cyc3-chain4-liftFALSE-policy2.set>.

Changed settings:
misc/usesymmetry = 0
kidney/maxchainlength = 4
kidney/liftbenderscuts = FALSE

Setting time limit to 3600.
Setting memory limit to 24000.
Setting node limit to 2100000000.
Setting display frequency to 10000.

Reading the graph
Reading graph from file /home/mcs001/s145344/20221025/FullRecourseKEP/code/check/../../instances/KlimentovaInstances100/Klimentova_100_13.txt
Finding the cycles
Enumerating all cycles
Number of cycles: 4547

Finding the chains
Enumerating all chains
Chain length maximum: 4
Number of chains: 886289
Strengthening the node bounds
Find the triplets
Time needed to read graph and detecting cycles/chains/triplets:	0.68
Create the model
Time to create master model:	1.82
Solve the model
@99 Start master loop of trilevel optimization algorithm.
@98 masteriteration 1: objective value 58.000000.
@97 Set up Benders model 1.
memory limit reached@05================================================================================
   ================================   STATISTICS   ================================
[suboptimal] terminated after 1397.130000 seconds (stage 2: 253.020000, stage 3: 1.450000).

[patterns]
Used attack patterns:
@06================================================================================

SCIP Status        : problem creation / modification
Total Time         :       0.00
  reading          :       0.00
Original Problem   :
  Problem name     : name
  Variables        : 890937 (890936 binary, 0 integer, 0 implicit integer, 1 continuous)
  Constraints      : 201 initial, 201 maximal
  Objective        : maximize, 1 non-zeros (abs.min = 1, abs.max = 1)
Free the model
@04 1669297486
-----------------------------
Thu Nov 24 14:44:46 CET 2022
-----------------------------

=ready=
Linux mcs-computeA007 5.10.11-1.el7.elrepo.x86_64 #1 SMP Tue Jan 26 10:44:32 EST 2021 x86_64 x86_64 x86_64 GNU/Linux
@01 /home/mcs001/s145344/20221025/FullRecourseKEP/code/check/../../instances/KlimentovaInstances100/Klimentova_100_14.txt ===========
-----------------------------
Thu Nov 24 14:21:39 CET 2022
-----------------------------
@03 1669296099
/home/mcs001/s145344/20221025/FullRecourseKEP/code/check/../bin/fullrecoursekidney.linux.x86_64.gnu.opt.spx2 /home/mcs001/s145344/20221025/FullRecourseKEP/code/check/../../instances/KlimentovaInstances100/Klimentova_100_14.txt 3 -t 3600 -m 24000 -n 2100000000 -d 10000 -s /home/mcs001/s145344/20221025/FullRecourseKEP/code/check/../settings/method1-complexFALSE-cyc3-chain4-liftFALSE-policy2.set
SCIP version 8.0.2 [precision: 8 byte] [memory: block] [mode: optimized] [LP solver: Soplex 6.0.2] [GitHash: 5f0473c4fb]
Copyright (C) 2002-2022 Konrad-Zuse-Zentrum fuer Informationstechnik Berlin (ZIB)


Reading parameters from </home/mcs001/s145344/20221025/FullRecourseKEP/code/check/../settings/method1-complexFALSE-cyc3-chain4-liftFALSE-policy2.set>.

Changed settings:
misc/usesymmetry = 0
kidney/maxchainlength = 4
kidney/liftbenderscuts = FALSE

Setting time limit to 3600.
Setting memory limit to 24000.
Setting node limit to 2100000000.
Setting display frequency to 10000.

Reading the graph
Reading graph from file /home/mcs001/s145344/20221025/FullRecourseKEP/code/check/../../instances/KlimentovaInstances100/Klimentova_100_14.txt
Finding the cycles
Enumerating all cycles
Number of cycles: 1478

Finding the chains
Enumerating all chains
Chain length maximum: 4
Number of chains: 1055222
Strengthening the node bounds
Find the triplets
Time needed to read graph and detecting cycles/chains/triplets:	0.69
Create the model
Time to create master model:	2.22
Solve the model
@99 Start master loop of trilevel optimization algorithm.
@98 masteriteration 1: objective value 50.000000.
@97 Set up Benders model 1.
memory limit reached@05================================================================================
   ================================   STATISTICS   ================================
[suboptimal] terminated after 2649.840000 seconds (stage 2: 139.630000, stage 3: 1.740000).

[patterns]
Used attack patterns:
@06================================================================================

SCIP Status        : problem creation / modification
Total Time         :       0.00
  reading          :       0.00
Original Problem   :
  Problem name     : name
  Variables        : 1056801 (1056800 binary, 0 integer, 0 implicit integer, 1 continuous)
  Constraints      : 201 initial, 201 maximal
  Objective        : maximize, 1 non-zeros (abs.min = 1, abs.max = 1)
Free the model
@04 1669298751
-----------------------------
Thu Nov 24 15:05:51 CET 2022
-----------------------------

=ready=
Linux mcs-computeA006 5.10.11-1.el7.elrepo.x86_64 #1 SMP Tue Jan 26 10:44:32 EST 2021 x86_64 x86_64 x86_64 GNU/Linux
@01 /home/mcs001/s145344/20221025/FullRecourseKEP/code/check/../../instances/KlimentovaInstances100/Klimentova_100_15.txt ===========
-----------------------------
Thu Nov 24 14:22:29 CET 2022
-----------------------------
@03 1669296149
/home/mcs001/s145344/20221025/FullRecourseKEP/code/check/../bin/fullrecoursekidney.linux.x86_64.gnu.opt.spx2 /home/mcs001/s145344/20221025/FullRecourseKEP/code/check/../../instances/KlimentovaInstances100/Klimentova_100_15.txt 3 -t 3600 -m 24000 -n 2100000000 -d 10000 -s /home/mcs001/s145344/20221025/FullRecourseKEP/code/check/../settings/method1-complexFALSE-cyc3-chain4-liftFALSE-policy2.set
SCIP version 8.0.2 [precision: 8 byte] [memory: block] [mode: optimized] [LP solver: Soplex 6.0.2] [GitHash: 5f0473c4fb]
Copyright (C) 2002-2022 Konrad-Zuse-Zentrum fuer Informationstechnik Berlin (ZIB)


Reading parameters from </home/mcs001/s145344/20221025/FullRecourseKEP/code/check/../settings/method1-complexFALSE-cyc3-chain4-liftFALSE-policy2.set>.

Changed settings:
misc/usesymmetry = 0
kidney/maxchainlength = 4
kidney/liftbenderscuts = FALSE

Setting time limit to 3600.
Setting memory limit to 24000.
Setting node limit to 2100000000.
Setting display frequency to 10000.

Reading the graph
Reading graph from file /home/mcs001/s145344/20221025/FullRecourseKEP/code/check/../../instances/KlimentovaInstances100/Klimentova_100_15.txt
Finding the cycles
Enumerating all cycles
Number of cycles: 1810

Finding the chains
Enumerating all chains
Chain length maximum: 4
Number of chains: 1098176
Strengthening the node bounds
Find the triplets
Time needed to read graph and detecting cycles/chains/triplets:	0.93
Create the model
Time to create master model:	2.15
Solve the model
@99 Start master loop of trilevel optimization algorithm.
@98 masteriteration 1: objective value 59.000000.
@97 Set up Benders model 1.
memory limit reached@05================================================================================
   ================================   STATISTICS   ================================
[suboptimal] terminated after 2239.650000 seconds (stage 2: 141.660000, stage 3: 1.800000).

[patterns]
Used attack patterns:
@06================================================================================

SCIP Status        : problem creation / modification
Total Time         :       0.00
  reading          :       0.00
Original Problem   :
  Problem name     : name
  Variables        : 1100087 (1100086 binary, 0 integer, 0 implicit integer, 1 continuous)
  Constraints      : 201 initial, 201 maximal
  Objective        : maximize, 1 non-zeros (abs.min = 1, abs.max = 1)
Free the model
@04 1669298391
-----------------------------
Thu Nov 24 14:59:51 CET 2022
-----------------------------

=ready=
Linux mcs-computeA001 5.10.11-1.el7.elrepo.x86_64 #1 SMP Tue Jan 26 10:44:32 EST 2021 x86_64 x86_64 x86_64 GNU/Linux
@01 /home/mcs001/s145344/20221025/FullRecourseKEP/code/check/../../instances/KlimentovaInstances100/Klimentova_100_16.txt ===========
-----------------------------
Thu Nov 24 14:22:40 CET 2022
-----------------------------
@03 1669296160
/home/mcs001/s145344/20221025/FullRecourseKEP/code/check/../bin/fullrecoursekidney.linux.x86_64.gnu.opt.spx2 /home/mcs001/s145344/20221025/FullRecourseKEP/code/check/../../instances/KlimentovaInstances100/Klimentova_100_16.txt 3 -t 3600 -m 24000 -n 2100000000 -d 10000 -s /home/mcs001/s145344/20221025/FullRecourseKEP/code/check/../settings/method1-complexFALSE-cyc3-chain4-liftFALSE-policy2.set
SCIP version 8.0.2 [precision: 8 byte] [memory: block] [mode: optimized] [LP solver: Soplex 6.0.2] [GitHash: 5f0473c4fb]
Copyright (C) 2002-2022 Konrad-Zuse-Zentrum fuer Informationstechnik Berlin (ZIB)


Reading parameters from </home/mcs001/s145344/20221025/FullRecourseKEP/code/check/../settings/method1-complexFALSE-cyc3-chain4-liftFALSE-policy2.set>.

Changed settings:
misc/usesymmetry = 0
kidney/maxchainlength = 4
kidney/liftbenderscuts = FALSE

Setting time limit to 3600.
Setting memory limit to 24000.
Setting node limit to 2100000000.
Setting display frequency to 10000.

Reading the graph
Reading graph from file /home/mcs001/s145344/20221025/FullRecourseKEP/code/check/../../instances/KlimentovaInstances100/Klimentova_100_16.txt
Finding the cycles
Enumerating all cycles
Number of cycles: 2727

Finding the chains
Enumerating all chains
Chain length maximum: 4
Number of chains: 826521
Strengthening the node bounds
Find the triplets
Time needed to read graph and detecting cycles/chains/triplets:	0.55
Create the model
Time to create master model:	1.55
Solve the model
@99 Start master loop of trilevel optimization algorithm.
@98 masteriteration 1: objective value 49.000000.
@97 Set up Benders model 1.
Benders obj: 37.000000
Attack pattern: 
0 62 84 
@95 KEP objective: 43.000000
The recourse value 43.000000 of the currently considered attack pattern violates the master solution.
@96 Benders problem iteration 1: objective value 37.000000.
nattacks: 3
first attack: 0
time limit reached@05================================================================================
   ================================   STATISTICS   ================================
[suboptimal] terminated after 7500.730000 seconds (stage 2: 335.050000, stage 3: 1.490000).

[patterns]
Used attack patterns:
[scenario]    0:	       0      62      84
@06================================================================================

SCIP Status        : problem creation / modification
Total Time         :       0.00
  reading          :       0.00
Original Problem   :
  Problem name     : name
  Variables        : 1658694 (1658693 binary, 0 integer, 0 implicit integer, 1 continuous)
  Constraints      : 496 initial, 496 maximal
  Objective        : maximize, 1 non-zeros (abs.min = 1, abs.max = 1)
Free the model
@04 1669303667
-----------------------------
Thu Nov 24 16:27:47 CET 2022
-----------------------------

=ready=
Linux mcs-computeA001 5.10.11-1.el7.elrepo.x86_64 #1 SMP Tue Jan 26 10:44:32 EST 2021 x86_64 x86_64 x86_64 GNU/Linux
@01 /home/mcs001/s145344/20221025/FullRecourseKEP/code/check/../../instances/KlimentovaInstances100/Klimentova_100_17.txt ===========
-----------------------------
Thu Nov 24 14:22:47 CET 2022
-----------------------------
@03 1669296167
/home/mcs001/s145344/20221025/FullRecourseKEP/code/check/../bin/fullrecoursekidney.linux.x86_64.gnu.opt.spx2 /home/mcs001/s145344/20221025/FullRecourseKEP/code/check/../../instances/KlimentovaInstances100/Klimentova_100_17.txt 3 -t 3600 -m 24000 -n 2100000000 -d 10000 -s /home/mcs001/s145344/20221025/FullRecourseKEP/code/check/../settings/method1-complexFALSE-cyc3-chain4-liftFALSE-policy2.set
SCIP version 8.0.2 [precision: 8 byte] [memory: block] [mode: optimized] [LP solver: Soplex 6.0.2] [GitHash: 5f0473c4fb]
Copyright (C) 2002-2022 Konrad-Zuse-Zentrum fuer Informationstechnik Berlin (ZIB)


Reading parameters from </home/mcs001/s145344/20221025/FullRecourseKEP/code/check/../settings/method1-complexFALSE-cyc3-chain4-liftFALSE-policy2.set>.

Changed settings:
misc/usesymmetry = 0
kidney/maxchainlength = 4
kidney/liftbenderscuts = FALSE

Setting time limit to 3600.
Setting memory limit to 24000.
Setting node limit to 2100000000.
Setting display frequency to 10000.

Reading the graph
Reading graph from file /home/mcs001/s145344/20221025/FullRecourseKEP/code/check/../../instances/KlimentovaInstances100/Klimentova_100_17.txt
Finding the cycles
Enumerating all cycles
Number of cycles: 1719

Finding the chains
Enumerating all chains
Chain length maximum: 4
Number of chains: 118522
Strengthening the node bounds
Find the triplets
Time needed to read graph and detecting cycles/chains/triplets:	0.07
Create the model
Time to create master model:	0.27
Solve the model
@99 Start master loop of trilevel optimization algorithm.
@98 masteriteration 1: objective value 44.000000.
@97 Set up Benders model 1.
Benders obj: 34.000000
Attack pattern: 
46 74 98 
@95 KEP objective: 39.000000
The recourse value 39.000000 of the currently considered attack pattern violates the master solution.
@96 Benders problem iteration 1: objective value 34.000000.
nattacks: 3
first attack: 46
@98 masteriteration 2: objective value 40.000000.
@97 Set up Benders model 2.
Benders obj: 32.000000
Attack pattern: 
6 25 63 
@95 KEP objective: 36.000000
The recourse value 36.000000 of the currently considered attack pattern violates the master solution.
@96 Benders problem iteration 2: objective value 32.000000.
nattacks: 3
first attack: 6
@98 masteriteration 3: objective value 39.000000.
@97 Set up Benders model 3.
Benders obj: 34.000000
Attack pattern: 
15 63 74 
@95 KEP objective: 38.000000
The recourse value 38.000000 of the currently considered attack pattern violates the master solution.
@96 Benders problem iteration 3: objective value 34.000000.
nattacks: 3
first attack: 15
@98 masteriteration 4: objective value 39.000000.
@97 Set up Benders model 4.
Benders obj: 32.000000
Attack pattern: 
11 39 94 
@95 KEP objective: 37.000000
The recourse value 37.000000 of the currently considered attack pattern violates the master solution.
@96 Benders problem iteration 4: objective value 32.000000.
nattacks: 3
first attack: 11
time limit reached@05================================================================================
   ================================   STATISTICS   ================================
[suboptimal] terminated after 3605.190000 seconds (stage 2: 242.820000, stage 3: 0.660000).

[patterns]
Used attack patterns:
[scenario]    0:	      46      74      98
[scenario]    1:	       6      25      63
[scenario]    2:	      15      63      74
[scenario]    3:	      11      39      94
@06================================================================================

SCIP Status        : problem creation / modification
Total Time         :       0.00
  reading          :       0.00
Original Problem   :
  Problem name     : name
  Variables        : 601698 (601697 binary, 0 integer, 0 implicit integer, 1 continuous)
  Constraints      : 1389 initial, 1389 maximal
  Objective        : maximize, 1 non-zeros (abs.min = 1, abs.max = 1)
Free the model
@04 1669299773
-----------------------------
Thu Nov 24 15:22:53 CET 2022
-----------------------------

=ready=
Linux mcs-computeA001 5.10.11-1.el7.elrepo.x86_64 #1 SMP Tue Jan 26 10:44:32 EST 2021 x86_64 x86_64 x86_64 GNU/Linux
@01 /home/mcs001/s145344/20221025/FullRecourseKEP/code/check/../../instances/KlimentovaInstances100/Klimentova_100_18.txt ===========
-----------------------------
Thu Nov 24 14:22:47 CET 2022
-----------------------------
@03 1669296167
/home/mcs001/s145344/20221025/FullRecourseKEP/code/check/../bin/fullrecoursekidney.linux.x86_64.gnu.opt.spx2 /home/mcs001/s145344/20221025/FullRecourseKEP/code/check/../../instances/KlimentovaInstances100/Klimentova_100_18.txt 3 -t 3600 -m 24000 -n 2100000000 -d 10000 -s /home/mcs001/s145344/20221025/FullRecourseKEP/code/check/../settings/method1-complexFALSE-cyc3-chain4-liftFALSE-policy2.set
SCIP version 8.0.2 [precision: 8 byte] [memory: block] [mode: optimized] [LP solver: Soplex 6.0.2] [GitHash: 5f0473c4fb]
Copyright (C) 2002-2022 Konrad-Zuse-Zentrum fuer Informationstechnik Berlin (ZIB)


Reading parameters from </home/mcs001/s145344/20221025/FullRecourseKEP/code/check/../settings/method1-complexFALSE-cyc3-chain4-liftFALSE-policy2.set>.

Changed settings:
misc/usesymmetry = 0
kidney/maxchainlength = 4
kidney/liftbenderscuts = FALSE

Setting time limit to 3600.
Setting memory limit to 24000.
Setting node limit to 2100000000.
Setting display frequency to 10000.

Reading the graph
Reading graph from file /home/mcs001/s145344/20221025/FullRecourseKEP/code/check/../../instances/KlimentovaInstances100/Klimentova_100_18.txt
Finding the cycles
Enumerating all cycles
Number of cycles: 1271

Finding the chains
Enumerating all chains
Chain length maximum: 4
Number of chains: 1262551
Strengthening the node bounds
Find the triplets
Time needed to read graph and detecting cycles/chains/triplets:	0.95
Create the model
Time to create master model:	2.53
Solve the model
@99 Start master loop of trilevel optimization algorithm.
time limit reached@05================================================================================
   ================================   STATISTICS   ================================
[suboptimal] terminated after 3611.280000 seconds (stage 2: 0.000000, stage 3: 0.000000).

[patterns]
Used attack patterns:
@06================================================================================

SCIP Status        : problem creation / modification
Total Time         :       0.00
  reading          :       0.00
Original Problem   :
  Problem name     : name
  Variables        : 1263923 (1263922 binary, 0 integer, 0 implicit integer, 1 continuous)
  Constraints      : 201 initial, 201 maximal
  Objective        : maximize, 1 non-zeros (abs.min = 1, abs.max = 1)
Free the model
@04 1669299780
-----------------------------
Thu Nov 24 15:23:00 CET 2022
-----------------------------

=ready=
Linux mcs-computeA001 5.10.11-1.el7.elrepo.x86_64 #1 SMP Tue Jan 26 10:44:32 EST 2021 x86_64 x86_64 x86_64 GNU/Linux
@01 /home/mcs001/s145344/20221025/FullRecourseKEP/code/check/../../instances/KlimentovaInstances100/Klimentova_100_19.txt ===========
-----------------------------
Thu Nov 24 14:22:50 CET 2022
-----------------------------
@03 1669296170
/home/mcs001/s145344/20221025/FullRecourseKEP/code/check/../bin/fullrecoursekidney.linux.x86_64.gnu.opt.spx2 /home/mcs001/s145344/20221025/FullRecourseKEP/code/check/../../instances/KlimentovaInstances100/Klimentova_100_19.txt 3 -t 3600 -m 24000 -n 2100000000 -d 10000 -s /home/mcs001/s145344/20221025/FullRecourseKEP/code/check/../settings/method1-complexFALSE-cyc3-chain4-liftFALSE-policy2.set
SCIP version 8.0.2 [precision: 8 byte] [memory: block] [mode: optimized] [LP solver: Soplex 6.0.2] [GitHash: 5f0473c4fb]
Copyright (C) 2002-2022 Konrad-Zuse-Zentrum fuer Informationstechnik Berlin (ZIB)


Reading parameters from </home/mcs001/s145344/20221025/FullRecourseKEP/code/check/../settings/method1-complexFALSE-cyc3-chain4-liftFALSE-policy2.set>.

Changed settings:
misc/usesymmetry = 0
kidney/maxchainlength = 4
kidney/liftbenderscuts = FALSE

Setting time limit to 3600.
Setting memory limit to 24000.
Setting node limit to 2100000000.
Setting display frequency to 10000.

Reading the graph
Reading graph from file /home/mcs001/s145344/20221025/FullRecourseKEP/code/check/../../instances/KlimentovaInstances100/Klimentova_100_19.txt
Finding the cycles
Enumerating all cycles
Number of cycles: 4236

Finding the chains
Enumerating all chains
Chain length maximum: 4
Number of chains: 1248490
Strengthening the node bounds
Find the triplets
Time needed to read graph and detecting cycles/chains/triplets:	0.82
Create the model
Time to create master model:	2.31
Solve the model
@99 Start master loop of trilevel optimization algorithm.
@98 masteriteration 1: objective value 52.000000.
@97 Set up Benders model 1.
memory limit reached@05================================================================================
   ================================   STATISTICS   ================================
[suboptimal] terminated after 2122.950000 seconds (stage 2: 32.060000, stage 3: 2.190000).

[patterns]
Used attack patterns:
@06================================================================================

SCIP Status        : problem creation / modification
Total Time         :       0.00
  reading          :       0.00
Original Problem   :
  Problem name     : name
  Variables        : 1252827 (1252826 binary, 0 integer, 0 implicit integer, 1 continuous)
  Constraints      : 201 initial, 201 maximal
  Objective        : maximize, 1 non-zeros (abs.min = 1, abs.max = 1)
Free the model
@04 1669298295
-----------------------------
Thu Nov 24 14:58:15 CET 2022
-----------------------------

=ready=
Linux mcs-computeA004 5.10.11-1.el7.elrepo.x86_64 #1 SMP Tue Jan 26 10:44:32 EST 2021 x86_64 x86_64 x86_64 GNU/Linux
@01 /home/mcs001/s145344/20221025/FullRecourseKEP/code/check/../../instances/KlimentovaInstances100/Klimentova_100_20.txt ===========
-----------------------------
Thu Nov 24 14:23:00 CET 2022
-----------------------------
@03 1669296180
/home/mcs001/s145344/20221025/FullRecourseKEP/code/check/../bin/fullrecoursekidney.linux.x86_64.gnu.opt.spx2 /home/mcs001/s145344/20221025/FullRecourseKEP/code/check/../../instances/KlimentovaInstances100/Klimentova_100_20.txt 3 -t 3600 -m 24000 -n 2100000000 -d 10000 -s /home/mcs001/s145344/20221025/FullRecourseKEP/code/check/../settings/method1-complexFALSE-cyc3-chain4-liftFALSE-policy2.set
SCIP version 8.0.2 [precision: 8 byte] [memory: block] [mode: optimized] [LP solver: Soplex 6.0.2] [GitHash: 5f0473c4fb]
Copyright (C) 2002-2022 Konrad-Zuse-Zentrum fuer Informationstechnik Berlin (ZIB)


Reading parameters from </home/mcs001/s145344/20221025/FullRecourseKEP/code/check/../settings/method1-complexFALSE-cyc3-chain4-liftFALSE-policy2.set>.

Changed settings:
misc/usesymmetry = 0
kidney/maxchainlength = 4
kidney/liftbenderscuts = FALSE

Setting time limit to 3600.
Setting memory limit to 24000.
Setting node limit to 2100000000.
Setting display frequency to 10000.

Reading the graph
Reading graph from file /home/mcs001/s145344/20221025/FullRecourseKEP/code/check/../../instances/KlimentovaInstances100/Klimentova_100_20.txt
Finding the cycles
Enumerating all cycles
Number of cycles: 2917

Finding the chains
Enumerating all chains
Chain length maximum: 4
Number of chains: 1134941
Strengthening the node bounds
Find the triplets
Time needed to read graph and detecting cycles/chains/triplets:	0.72
Create the model
Time to create master model:	2.28
Solve the model
@99 Start master loop of trilevel optimization algorithm.
@98 masteriteration 1: objective value 54.000000.
@97 Set up Benders model 1.
memory limit reached@05================================================================================
   ================================   STATISTICS   ================================
[suboptimal] terminated after 1753.410000 seconds (stage 2: 91.030000, stage 3: 1.890000).

[patterns]
Used attack patterns:
@06================================================================================

SCIP Status        : problem creation / modification
Total Time         :       0.00
  reading          :       0.00
Original Problem   :
  Problem name     : name
  Variables        : 1137959 (1137958 binary, 0 integer, 0 implicit integer, 1 continuous)
  Constraints      : 201 initial, 201 maximal
  Objective        : maximize, 1 non-zeros (abs.min = 1, abs.max = 1)
Free the model
@04 1669297935
-----------------------------
Thu Nov 24 14:52:15 CET 2022
-----------------------------

=ready=
Linux mcs-computeA004 5.10.11-1.el7.elrepo.x86_64 #1 SMP Tue Jan 26 10:44:32 EST 2021 x86_64 x86_64 x86_64 GNU/Linux
@01 /home/mcs001/s145344/20221025/FullRecourseKEP/code/check/../../instances/KlimentovaInstances100/Klimentova_100_21.txt ===========
-----------------------------
Thu Nov 24 14:23:03 CET 2022
-----------------------------
@03 1669296183
/home/mcs001/s145344/20221025/FullRecourseKEP/code/check/../bin/fullrecoursekidney.linux.x86_64.gnu.opt.spx2 /home/mcs001/s145344/20221025/FullRecourseKEP/code/check/../../instances/KlimentovaInstances100/Klimentova_100_21.txt 3 -t 3600 -m 24000 -n 2100000000 -d 10000 -s /home/mcs001/s145344/20221025/FullRecourseKEP/code/check/../settings/method1-complexFALSE-cyc3-chain4-liftFALSE-policy2.set
SCIP version 8.0.2 [precision: 8 byte] [memory: block] [mode: optimized] [LP solver: Soplex 6.0.2] [GitHash: 5f0473c4fb]
Copyright (C) 2002-2022 Konrad-Zuse-Zentrum fuer Informationstechnik Berlin (ZIB)


Reading parameters from </home/mcs001/s145344/20221025/FullRecourseKEP/code/check/../settings/method1-complexFALSE-cyc3-chain4-liftFALSE-policy2.set>.

Changed settings:
misc/usesymmetry = 0
kidney/maxchainlength = 4
kidney/liftbenderscuts = FALSE

Setting time limit to 3600.
Setting memory limit to 24000.
Setting node limit to 2100000000.
Setting display frequency to 10000.

Reading the graph
Reading graph from file /home/mcs001/s145344/20221025/FullRecourseKEP/code/check/../../instances/KlimentovaInstances100/Klimentova_100_21.txt
Finding the cycles
Enumerating all cycles
Number of cycles: 2444

Finding the chains
Enumerating all chains
Chain length maximum: 4
Number of chains: 799806
Strengthening the node bounds
Find the triplets
Time needed to read graph and detecting cycles/chains/triplets:	0.51
Create the model
Time to create master model:	1.38
Solve the model
@99 Start master loop of trilevel optimization algorithm.
@98 masteriteration 1: objective value 55.000000.
@97 Set up Benders model 1.
time limit reached@05================================================================================
   ================================   STATISTICS   ================================
[suboptimal] terminated after 3866.800000 seconds (stage 2: 2100.700000, stage 3: 1.200000).

[patterns]
Used attack patterns:
@06================================================================================

SCIP Status        : problem creation / modification
Total Time         :       0.00
  reading          :       0.00
Original Problem   :
  Problem name     : name
  Variables        : 802351 (802350 binary, 0 integer, 0 implicit integer, 1 continuous)
  Constraints      : 201 initial, 201 maximal
  Objective        : maximize, 1 non-zeros (abs.min = 1, abs.max = 1)
Free the model
@04 1669300051
-----------------------------
Thu Nov 24 15:27:31 CET 2022
-----------------------------

=ready=
Linux mcs-computeA007 5.10.11-1.el7.elrepo.x86_64 #1 SMP Tue Jan 26 10:44:32 EST 2021 x86_64 x86_64 x86_64 GNU/Linux
@01 /home/mcs001/s145344/20221025/FullRecourseKEP/code/check/../../instances/KlimentovaInstances100/Klimentova_100_22.txt ===========
-----------------------------
Thu Nov 24 14:23:42 CET 2022
-----------------------------
@03 1669296222
/home/mcs001/s145344/20221025/FullRecourseKEP/code/check/../bin/fullrecoursekidney.linux.x86_64.gnu.opt.spx2 /home/mcs001/s145344/20221025/FullRecourseKEP/code/check/../../instances/KlimentovaInstances100/Klimentova_100_22.txt 3 -t 3600 -m 24000 -n 2100000000 -d 10000 -s /home/mcs001/s145344/20221025/FullRecourseKEP/code/check/../settings/method1-complexFALSE-cyc3-chain4-liftFALSE-policy2.set
SCIP version 8.0.2 [precision: 8 byte] [memory: block] [mode: optimized] [LP solver: Soplex 6.0.2] [GitHash: 5f0473c4fb]
Copyright (C) 2002-2022 Konrad-Zuse-Zentrum fuer Informationstechnik Berlin (ZIB)


Reading parameters from </home/mcs001/s145344/20221025/FullRecourseKEP/code/check/../settings/method1-complexFALSE-cyc3-chain4-liftFALSE-policy2.set>.

Changed settings:
misc/usesymmetry = 0
kidney/maxchainlength = 4
kidney/liftbenderscuts = FALSE

Setting time limit to 3600.
Setting memory limit to 24000.
Setting node limit to 2100000000.
Setting display frequency to 10000.

Reading the graph
Reading graph from file /home/mcs001/s145344/20221025/FullRecourseKEP/code/check/../../instances/KlimentovaInstances100/Klimentova_100_22.txt
Finding the cycles
Enumerating all cycles
Number of cycles: 2396

Finding the chains
Enumerating all chains
Chain length maximum: 4
Number of chains: 1327392
Strengthening the node bounds
Find the triplets
Time needed to read graph and detecting cycles/chains/triplets:	1.03
Create the model
Time to create master model:	3.39
Solve the model
@99 Start master loop of trilevel optimization algorithm.
@98 masteriteration 1: objective value 56.000000.
@97 Set up Benders model 1.
memory limit reached@05================================================================================
   ================================   STATISTICS   ================================
[suboptimal] terminated after 2912.580000 seconds (stage 2: 36.480000, stage 3: 2.210000).

[patterns]
Used attack patterns:
@06================================================================================

SCIP Status        : problem creation / modification
Total Time         :       0.00
  reading          :       0.00
Original Problem   :
  Problem name     : name
  Variables        : 1329889 (1329888 binary, 0 integer, 0 implicit integer, 1 continuous)
  Constraints      : 201 initial, 201 maximal
  Objective        : maximize, 1 non-zeros (abs.min = 1, abs.max = 1)
Free the model
@04 1669299137
-----------------------------
Thu Nov 24 15:12:17 CET 2022
-----------------------------

=ready=
Linux mcs-computeA005 5.10.11-1.el7.elrepo.x86_64 #1 SMP Tue Jan 26 10:44:32 EST 2021 x86_64 x86_64 x86_64 GNU/Linux
@01 /home/mcs001/s145344/20221025/FullRecourseKEP/code/check/../../instances/KlimentovaInstances100/Klimentova_100_23.txt ===========
-----------------------------
Thu Nov 24 14:23:49 CET 2022
-----------------------------
@03 1669296229
/home/mcs001/s145344/20221025/FullRecourseKEP/code/check/../bin/fullrecoursekidney.linux.x86_64.gnu.opt.spx2 /home/mcs001/s145344/20221025/FullRecourseKEP/code/check/../../instances/KlimentovaInstances100/Klimentova_100_23.txt 3 -t 3600 -m 24000 -n 2100000000 -d 10000 -s /home/mcs001/s145344/20221025/FullRecourseKEP/code/check/../settings/method1-complexFALSE-cyc3-chain4-liftFALSE-policy2.set
SCIP version 8.0.2 [precision: 8 byte] [memory: block] [mode: optimized] [LP solver: Soplex 6.0.2] [GitHash: 5f0473c4fb]
Copyright (C) 2002-2022 Konrad-Zuse-Zentrum fuer Informationstechnik Berlin (ZIB)


Reading parameters from </home/mcs001/s145344/20221025/FullRecourseKEP/code/check/../settings/method1-complexFALSE-cyc3-chain4-liftFALSE-policy2.set>.

Changed settings:
misc/usesymmetry = 0
kidney/maxchainlength = 4
kidney/liftbenderscuts = FALSE

Setting time limit to 3600.
Setting memory limit to 24000.
Setting node limit to 2100000000.
Setting display frequency to 10000.

Reading the graph
Reading graph from file /home/mcs001/s145344/20221025/FullRecourseKEP/code/check/../../instances/KlimentovaInstances100/Klimentova_100_23.txt
Finding the cycles
Enumerating all cycles
Number of cycles: 3288

Finding the chains
Enumerating all chains
Chain length maximum: 4
Number of chains: 313185
Strengthening the node bounds
Find the triplets
Time needed to read graph and detecting cycles/chains/triplets:	0.24
Create the model
Time to create master model:	0.63
Solve the model
@99 Start master loop of trilevel optimization algorithm.
@98 masteriteration 1: objective value 59.000000.
@97 Set up Benders model 1.
Benders obj: 48.000000
Attack pattern: 
15 31 43 
@95 KEP objective: 53.000000
The recourse value 53.000000 of the currently considered attack pattern violates the master solution.
@96 Benders problem iteration 1: objective value 48.000000.
nattacks: 3
first attack: 15
time limit reached@05================================================================================
   ================================   STATISTICS   ================================
[suboptimal] terminated after 3605.270000 seconds (stage 2: 2086.620000, stage 3: 0.550000).

[patterns]
Used attack patterns:
[scenario]    0:	      15      31      43
@06================================================================================

SCIP Status        : problem creation / modification
Total Time         :       0.00
  reading          :       0.00
Original Problem   :
  Problem name     : name
  Variables        : 633145 (633144 binary, 0 integer, 0 implicit integer, 1 continuous)
  Constraints      : 498 initial, 498 maximal
  Objective        : maximize, 1 non-zeros (abs.min = 1, abs.max = 1)
Free the model
@04 1669299836
-----------------------------
Thu Nov 24 15:23:56 CET 2022
-----------------------------

=ready=
Linux mcs-computeA001 5.10.11-1.el7.elrepo.x86_64 #1 SMP Tue Jan 26 10:44:32 EST 2021 x86_64 x86_64 x86_64 GNU/Linux
@01 /home/mcs001/s145344/20221025/FullRecourseKEP/code/check/../../instances/KlimentovaInstances100/Klimentova_100_24.txt ===========
-----------------------------
Thu Nov 24 14:23:58 CET 2022
-----------------------------
@03 1669296238
/home/mcs001/s145344/20221025/FullRecourseKEP/code/check/../bin/fullrecoursekidney.linux.x86_64.gnu.opt.spx2 /home/mcs001/s145344/20221025/FullRecourseKEP/code/check/../../instances/KlimentovaInstances100/Klimentova_100_24.txt 3 -t 3600 -m 24000 -n 2100000000 -d 10000 -s /home/mcs001/s145344/20221025/FullRecourseKEP/code/check/../settings/method1-complexFALSE-cyc3-chain4-liftFALSE-policy2.set
SCIP version 8.0.2 [precision: 8 byte] [memory: block] [mode: optimized] [LP solver: Soplex 6.0.2] [GitHash: 5f0473c4fb]
Copyright (C) 2002-2022 Konrad-Zuse-Zentrum fuer Informationstechnik Berlin (ZIB)


Reading parameters from </home/mcs001/s145344/20221025/FullRecourseKEP/code/check/../settings/method1-complexFALSE-cyc3-chain4-liftFALSE-policy2.set>.

Changed settings:
misc/usesymmetry = 0
kidney/maxchainlength = 4
kidney/liftbenderscuts = FALSE

Setting time limit to 3600.
Setting memory limit to 24000.
Setting node limit to 2100000000.
Setting display frequency to 10000.

Reading the graph
Reading graph from file /home/mcs001/s145344/20221025/FullRecourseKEP/code/check/../../instances/KlimentovaInstances100/Klimentova_100_24.txt
Finding the cycles
Enumerating all cycles
Number of cycles: 3309

Finding the chains
Enumerating all chains
Chain length maximum: 4
Number of chains: 1031586
Strengthening the node bounds
Find the triplets
Time needed to read graph and detecting cycles/chains/triplets:	0.67
Create the model
Time to create master model:	1.92
Solve the model
@99 Start master loop of trilevel optimization algorithm.
@98 masteriteration 1: objective value 49.000000.
@97 Set up Benders model 1.
memory limit reached@05================================================================================
   ================================   STATISTICS   ================================
[suboptimal] terminated after 2504.830000 seconds (stage 2: 198.970000, stage 3: 1.820000).

[patterns]
Used attack patterns:
@06================================================================================

SCIP Status        : problem creation / modification
Total Time         :       0.00
  reading          :       0.00
Original Problem   :
  Problem name     : name
  Variables        : 1034996 (1034995 binary, 0 integer, 0 implicit integer, 1 continuous)
  Constraints      : 201 initial, 201 maximal
  Objective        : maximize, 1 non-zeros (abs.min = 1, abs.max = 1)
Free the model
@04 1669298745
-----------------------------
Thu Nov 24 15:05:45 CET 2022
-----------------------------

=ready=
Linux mcs-computeA001 5.10.11-1.el7.elrepo.x86_64 #1 SMP Tue Jan 26 10:44:32 EST 2021 x86_64 x86_64 x86_64 GNU/Linux
@01 /home/mcs001/s145344/20221025/FullRecourseKEP/code/check/../../instances/KlimentovaInstances100/Klimentova_100_25.txt ===========
-----------------------------
Thu Nov 24 14:24:05 CET 2022
-----------------------------
@03 1669296245
/home/mcs001/s145344/20221025/FullRecourseKEP/code/check/../bin/fullrecoursekidney.linux.x86_64.gnu.opt.spx2 /home/mcs001/s145344/20221025/FullRecourseKEP/code/check/../../instances/KlimentovaInstances100/Klimentova_100_25.txt 3 -t 3600 -m 24000 -n 2100000000 -d 10000 -s /home/mcs001/s145344/20221025/FullRecourseKEP/code/check/../settings/method1-complexFALSE-cyc3-chain4-liftFALSE-policy2.set
SCIP version 8.0.2 [precision: 8 byte] [memory: block] [mode: optimized] [LP solver: Soplex 6.0.2] [GitHash: 5f0473c4fb]
Copyright (C) 2002-2022 Konrad-Zuse-Zentrum fuer Informationstechnik Berlin (ZIB)


Reading parameters from </home/mcs001/s145344/20221025/FullRecourseKEP/code/check/../settings/method1-complexFALSE-cyc3-chain4-liftFALSE-policy2.set>.

Changed settings:
misc/usesymmetry = 0
kidney/maxchainlength = 4
kidney/liftbenderscuts = FALSE

Setting time limit to 3600.
Setting memory limit to 24000.
Setting node limit to 2100000000.
Setting display frequency to 10000.

Reading the graph
Reading graph from file /home/mcs001/s145344/20221025/FullRecourseKEP/code/check/../../instances/KlimentovaInstances100/Klimentova_100_25.txt
Finding the cycles
Enumerating all cycles
Number of cycles: 3029

Finding the chains
Enumerating all chains
Chain length maximum: 4
Number of chains: 796797
Strengthening the node bounds
Find the triplets
Time needed to read graph and detecting cycles/chains/triplets:	0.54
Create the model
Time to create master model:	1.62
Solve the model
@99 Start master loop of trilevel optimization algorithm.
@98 masteriteration 1: objective value 48.000000.
@97 Set up Benders model 1.
time limit reached@05================================================================================
   ================================   STATISTICS   ================================
[suboptimal] terminated after 4068.990000 seconds (stage 2: 2890.240000, stage 3: 1.420000).

[patterns]
Used attack patterns:
@06================================================================================

SCIP Status        : problem creation / modification
Total Time         :       0.00
  reading          :       0.00
Original Problem   :
  Problem name     : name
  Variables        : 799927 (799926 binary, 0 integer, 0 implicit integer, 1 continuous)
  Constraints      : 201 initial, 201 maximal
  Objective        : maximize, 1 non-zeros (abs.min = 1, abs.max = 1)
Free the model
@04 1669300315
-----------------------------
Thu Nov 24 15:31:55 CET 2022
-----------------------------

=ready=
Linux mcs-computeA001 5.10.11-1.el7.elrepo.x86_64 #1 SMP Tue Jan 26 10:44:32 EST 2021 x86_64 x86_64 x86_64 GNU/Linux
@01 /home/mcs001/s145344/20221025/FullRecourseKEP/code/check/../../instances/KlimentovaInstances100/Klimentova_100_26.txt ===========
-----------------------------
Thu Nov 24 14:24:33 CET 2022
-----------------------------
@03 1669296273
/home/mcs001/s145344/20221025/FullRecourseKEP/code/check/../bin/fullrecoursekidney.linux.x86_64.gnu.opt.spx2 /home/mcs001/s145344/20221025/FullRecourseKEP/code/check/../../instances/KlimentovaInstances100/Klimentova_100_26.txt 3 -t 3600 -m 24000 -n 2100000000 -d 10000 -s /home/mcs001/s145344/20221025/FullRecourseKEP/code/check/../settings/method1-complexFALSE-cyc3-chain4-liftFALSE-policy2.set
SCIP version 8.0.2 [precision: 8 byte] [memory: block] [mode: optimized] [LP solver: Soplex 6.0.2] [GitHash: 5f0473c4fb]
Copyright (C) 2002-2022 Konrad-Zuse-Zentrum fuer Informationstechnik Berlin (ZIB)


Reading parameters from </home/mcs001/s145344/20221025/FullRecourseKEP/code/check/../settings/method1-complexFALSE-cyc3-chain4-liftFALSE-policy2.set>.

Changed settings:
misc/usesymmetry = 0
kidney/maxchainlength = 4
kidney/liftbenderscuts = FALSE

Setting time limit to 3600.
Setting memory limit to 24000.
Setting node limit to 2100000000.
Setting display frequency to 10000.

Reading the graph
Reading graph from file /home/mcs001/s145344/20221025/FullRecourseKEP/code/check/../../instances/KlimentovaInstances100/Klimentova_100_26.txt
Finding the cycles
Enumerating all cycles
Number of cycles: 3454

Finding the chains
Enumerating all chains
Chain length maximum: 4
Number of chains: 1953320
Strengthening the node bounds
Find the triplets
Time needed to read graph and detecting cycles/chains/triplets:	1.6
Create the model
Time to create master model:	4.07
Solve the model
@99 Start master loop of trilevel optimization algorithm.
time limit reached@05================================================================================
   ================================   STATISTICS   ================================
[suboptimal] terminated after 4195.230000 seconds (stage 2: 0.000000, stage 3: 0.000000).

[patterns]
Used attack patterns:
@06================================================================================

SCIP Status        : problem creation / modification
Total Time         :       0.00
  reading          :       0.00
Original Problem   :
  Problem name     : name
  Variables        : 1956875 (1956874 binary, 0 integer, 0 implicit integer, 1 continuous)
  Constraints      : 201 initial, 201 maximal
  Objective        : maximize, 1 non-zeros (abs.min = 1, abs.max = 1)
Free the model
@04 1669300472
-----------------------------
Thu Nov 24 15:34:32 CET 2022
-----------------------------

=ready=
Linux mcs-computeA004 5.10.11-1.el7.elrepo.x86_64 #1 SMP Tue Jan 26 10:44:32 EST 2021 x86_64 x86_64 x86_64 GNU/Linux
@01 /home/mcs001/s145344/20221025/FullRecourseKEP/code/check/../../instances/KlimentovaInstances100/Klimentova_100_27.txt ===========
-----------------------------
Thu Nov 24 14:24:40 CET 2022
-----------------------------
@03 1669296280
/home/mcs001/s145344/20221025/FullRecourseKEP/code/check/../bin/fullrecoursekidney.linux.x86_64.gnu.opt.spx2 /home/mcs001/s145344/20221025/FullRecourseKEP/code/check/../../instances/KlimentovaInstances100/Klimentova_100_27.txt 3 -t 3600 -m 24000 -n 2100000000 -d 10000 -s /home/mcs001/s145344/20221025/FullRecourseKEP/code/check/../settings/method1-complexFALSE-cyc3-chain4-liftFALSE-policy2.set
SCIP version 8.0.2 [precision: 8 byte] [memory: block] [mode: optimized] [LP solver: Soplex 6.0.2] [GitHash: 5f0473c4fb]
Copyright (C) 2002-2022 Konrad-Zuse-Zentrum fuer Informationstechnik Berlin (ZIB)


Reading parameters from </home/mcs001/s145344/20221025/FullRecourseKEP/code/check/../settings/method1-complexFALSE-cyc3-chain4-liftFALSE-policy2.set>.

Changed settings:
misc/usesymmetry = 0
kidney/maxchainlength = 4
kidney/liftbenderscuts = FALSE

Setting time limit to 3600.
Setting memory limit to 24000.
Setting node limit to 2100000000.
Setting display frequency to 10000.

Reading the graph
Reading graph from file /home/mcs001/s145344/20221025/FullRecourseKEP/code/check/../../instances/KlimentovaInstances100/Klimentova_100_27.txt
Finding the cycles
Enumerating all cycles
Number of cycles: 2009

Finding the chains
Enumerating all chains
Chain length maximum: 4
Number of chains: 993213
Strengthening the node bounds
Find the triplets
Time needed to read graph and detecting cycles/chains/triplets:	0.6
Create the model
Time to create master model:	1.73
Solve the model
@99 Start master loop of trilevel optimization algorithm.
@98 masteriteration 1: objective value 48.000000.
@97 Set up Benders model 1.
memory limit reached@05================================================================================
   ================================   STATISTICS   ================================
[suboptimal] terminated after 2704.250000 seconds (stage 2: 205.620000, stage 3: 1.620000).

[patterns]
Used attack patterns:
@06================================================================================

SCIP Status        : problem creation / modification
Total Time         :       0.00
  reading          :       0.00
Original Problem   :
  Problem name     : name
  Variables        : 995323 (995322 binary, 0 integer, 0 implicit integer, 1 continuous)
  Constraints      : 201 initial, 201 maximal
  Objective        : maximize, 1 non-zeros (abs.min = 1, abs.max = 1)
Free the model
@04 1669298986
-----------------------------
Thu Nov 24 15:09:46 CET 2022
-----------------------------

=ready=
Linux mcs-computeA009 5.10.11-1.el7.elrepo.x86_64 #1 SMP Tue Jan 26 10:44:32 EST 2021 x86_64 x86_64 x86_64 GNU/Linux
@01 /home/mcs001/s145344/20221025/FullRecourseKEP/code/check/../../instances/KlimentovaInstances100/Klimentova_100_28.txt ===========
-----------------------------
Thu Nov 24 14:24:42 CET 2022
-----------------------------
@03 1669296282
/home/mcs001/s145344/20221025/FullRecourseKEP/code/check/../bin/fullrecoursekidney.linux.x86_64.gnu.opt.spx2 /home/mcs001/s145344/20221025/FullRecourseKEP/code/check/../../instances/KlimentovaInstances100/Klimentova_100_28.txt 3 -t 3600 -m 24000 -n 2100000000 -d 10000 -s /home/mcs001/s145344/20221025/FullRecourseKEP/code/check/../settings/method1-complexFALSE-cyc3-chain4-liftFALSE-policy2.set
SCIP version 8.0.2 [precision: 8 byte] [memory: block] [mode: optimized] [LP solver: Soplex 6.0.2] [GitHash: 5f0473c4fb]
Copyright (C) 2002-2022 Konrad-Zuse-Zentrum fuer Informationstechnik Berlin (ZIB)


Reading parameters from </home/mcs001/s145344/20221025/FullRecourseKEP/code/check/../settings/method1-complexFALSE-cyc3-chain4-liftFALSE-policy2.set>.

Changed settings:
misc/usesymmetry = 0
kidney/maxchainlength = 4
kidney/liftbenderscuts = FALSE

Setting time limit to 3600.
Setting memory limit to 24000.
Setting node limit to 2100000000.
Setting display frequency to 10000.

Reading the graph
Reading graph from file /home/mcs001/s145344/20221025/FullRecourseKEP/code/check/../../instances/KlimentovaInstances100/Klimentova_100_28.txt
Finding the cycles
Enumerating all cycles
Number of cycles: 3887

Finding the chains
Enumerating all chains
Chain length maximum: 4
Number of chains: 1312427
Strengthening the node bounds
Find the triplets
Time needed to read graph and detecting cycles/chains/triplets:	0.94
Create the model
Time to create master model:	2.78
Solve the model
@99 Start master loop of trilevel optimization algorithm.
@98 masteriteration 1: objective value 64.000000.
@97 Set up Benders model 1.
memory limit reached@05================================================================================
   ================================   STATISTICS   ================================
[suboptimal] terminated after 2628.570000 seconds (stage 2: 36.040000, stage 3: 2.210000).

[patterns]
Used attack patterns:
@06================================================================================

SCIP Status        : problem creation / modification
Total Time         :       0.00
  reading          :       0.00
Original Problem   :
  Problem name     : name
  Variables        : 1316415 (1316414 binary, 0 integer, 0 implicit integer, 1 continuous)
  Constraints      : 201 initial, 201 maximal
  Objective        : maximize, 1 non-zeros (abs.min = 1, abs.max = 1)
Free the model
@04 1669298913
-----------------------------
Thu Nov 24 15:08:33 CET 2022
-----------------------------

=ready=
Linux mcs-computeA009 5.10.11-1.el7.elrepo.x86_64 #1 SMP Tue Jan 26 10:44:32 EST 2021 x86_64 x86_64 x86_64 GNU/Linux
@01 /home/mcs001/s145344/20221025/FullRecourseKEP/code/check/../../instances/KlimentovaInstances100/Klimentova_100_29.txt ===========
-----------------------------
Thu Nov 24 14:24:47 CET 2022
-----------------------------
@03 1669296287
/home/mcs001/s145344/20221025/FullRecourseKEP/code/check/../bin/fullrecoursekidney.linux.x86_64.gnu.opt.spx2 /home/mcs001/s145344/20221025/FullRecourseKEP/code/check/../../instances/KlimentovaInstances100/Klimentova_100_29.txt 3 -t 3600 -m 24000 -n 2100000000 -d 10000 -s /home/mcs001/s145344/20221025/FullRecourseKEP/code/check/../settings/method1-complexFALSE-cyc3-chain4-liftFALSE-policy2.set
SCIP version 8.0.2 [precision: 8 byte] [memory: block] [mode: optimized] [LP solver: Soplex 6.0.2] [GitHash: 5f0473c4fb]
Copyright (C) 2002-2022 Konrad-Zuse-Zentrum fuer Informationstechnik Berlin (ZIB)


Reading parameters from </home/mcs001/s145344/20221025/FullRecourseKEP/code/check/../settings/method1-complexFALSE-cyc3-chain4-liftFALSE-policy2.set>.

Changed settings:
misc/usesymmetry = 0
kidney/maxchainlength = 4
kidney/liftbenderscuts = FALSE

Setting time limit to 3600.
Setting memory limit to 24000.
Setting node limit to 2100000000.
Setting display frequency to 10000.

Reading the graph
Reading graph from file /home/mcs001/s145344/20221025/FullRecourseKEP/code/check/../../instances/KlimentovaInstances100/Klimentova_100_29.txt
Finding the cycles
Enumerating all cycles
Number of cycles: 3341

Finding the chains
Enumerating all chains
Chain length maximum: 4
Number of chains: 993256
Strengthening the node bounds
Find the triplets
Time needed to read graph and detecting cycles/chains/triplets:	0.75
Create the model
Time to create master model:	2.19
Solve the model
@99 Start master loop of trilevel optimization algorithm.
@98 masteriteration 1: objective value 58.000000.
@97 Set up Benders model 1.
memory limit reached@05================================================================================
   ================================   STATISTICS   ================================
[suboptimal] terminated after 2581.830000 seconds (stage 2: 533.240000, stage 3: 1.760000).

[patterns]
Used attack patterns:
@06================================================================================

SCIP Status        : problem creation / modification
Total Time         :       0.00
  reading          :       0.00
Original Problem   :
  Problem name     : name
  Variables        : 996698 (996697 binary, 0 integer, 0 implicit integer, 1 continuous)
  Constraints      : 201 initial, 201 maximal
  Objective        : maximize, 1 non-zeros (abs.min = 1, abs.max = 1)
Free the model
@04 1669298871
-----------------------------
Thu Nov 24 15:07:51 CET 2022
-----------------------------

=ready=
