
Linux mcs-computeA008 5.10.11-1.el7.elrepo.x86_64 #1 SMP Tue Jan 26 10:44:32 EST 2021 x86_64 x86_64 x86_64 GNU/Linux
@01 /home/mcs001/s145344/20221025/FullRecourseKEP/code/check/../../instances/KlimentovaInstances100/Klimentova_100_0.txt ===========
-----------------------------
Thu Nov 24 15:31:47 CET 2022
-----------------------------
@03 1669300307
/home/mcs001/s145344/20221025/FullRecourseKEP/code/check/../bin/fullrecoursekidney.linux.x86_64.gnu.opt.spx2 /home/mcs001/s145344/20221025/FullRecourseKEP/code/check/../../instances/KlimentovaInstances100/Klimentova_100_0.txt 4 -t 3600 -m 24000 -n 2100000000 -d 10000 -s /home/mcs001/s145344/20221025/FullRecourseKEP/code/check/../settings/method1-complexFALSE-cyc3-chain4-liftTRUE-policy2.set
SCIP version 8.0.2 [precision: 8 byte] [memory: block] [mode: optimized] [LP solver: Soplex 6.0.2] [GitHash: 5f0473c4fb]
Copyright (C) 2002-2022 Konrad-Zuse-Zentrum fuer Informationstechnik Berlin (ZIB)


Reading parameters from </home/mcs001/s145344/20221025/FullRecourseKEP/code/check/../settings/method1-complexFALSE-cyc3-chain4-liftTRUE-policy2.set>.

Changed settings:
misc/usesymmetry = 0
kidney/maxchainlength = 4

Setting time limit to 3600.
Setting memory limit to 24000.
Setting node limit to 2100000000.
Setting display frequency to 10000.

Reading the graph
Reading graph from file /home/mcs001/s145344/20221025/FullRecourseKEP/code/check/../../instances/KlimentovaInstances100/Klimentova_100_0.txt
Finding the cycles
Enumerating all cycles
Number of cycles: 1263

Finding the chains
Enumerating all chains
Chain length maximum: 4
Number of chains: 415257
Strengthening the node bounds
Find the triplets
Time needed to read graph and detecting cycles/chains/triplets:	0.27
Create the model
Time to create master model:	0.77
Solve the model
@99 Start master loop of trilevel optimization algorithm.
@98 masteriteration 1: objective value 43.000000.
@97 Set up Benders model 1.
time limit reached@05================================================================================
   ================================   STATISTICS   ================================
[suboptimal] terminated after 3671.370000 seconds (stage 2: 2897.150000, stage 3: 0.770000).

[patterns]
Used attack patterns:
@06================================================================================

SCIP Status        : problem creation / modification
Total Time         :       0.00
  reading          :       0.00
Original Problem   :
  Problem name     : name
  Variables        : 416621 (416620 binary, 0 integer, 0 implicit integer, 1 continuous)
  Constraints      : 201 initial, 201 maximal
  Objective        : maximize, 1 non-zeros (abs.min = 1, abs.max = 1)
Free the model
@04 1669303980
-----------------------------
Thu Nov 24 16:33:00 CET 2022
-----------------------------

=ready=
Linux mcs-computeA001 5.10.11-1.el7.elrepo.x86_64 #1 SMP Tue Jan 26 10:44:32 EST 2021 x86_64 x86_64 x86_64 GNU/Linux
@01 /home/mcs001/s145344/20221025/FullRecourseKEP/code/check/../../instances/KlimentovaInstances100/Klimentova_100_1.txt ===========
-----------------------------
Thu Nov 24 15:31:55 CET 2022
-----------------------------
@03 1669300315
/home/mcs001/s145344/20221025/FullRecourseKEP/code/check/../bin/fullrecoursekidney.linux.x86_64.gnu.opt.spx2 /home/mcs001/s145344/20221025/FullRecourseKEP/code/check/../../instances/KlimentovaInstances100/Klimentova_100_1.txt 4 -t 3600 -m 24000 -n 2100000000 -d 10000 -s /home/mcs001/s145344/20221025/FullRecourseKEP/code/check/../settings/method1-complexFALSE-cyc3-chain4-liftTRUE-policy2.set
SCIP version 8.0.2 [precision: 8 byte] [memory: block] [mode: optimized] [LP solver: Soplex 6.0.2] [GitHash: 5f0473c4fb]
Copyright (C) 2002-2022 Konrad-Zuse-Zentrum fuer Informationstechnik Berlin (ZIB)


Reading parameters from </home/mcs001/s145344/20221025/FullRecourseKEP/code/check/../settings/method1-complexFALSE-cyc3-chain4-liftTRUE-policy2.set>.

Changed settings:
misc/usesymmetry = 0
kidney/maxchainlength = 4

Setting time limit to 3600.
Setting memory limit to 24000.
Setting node limit to 2100000000.
Setting display frequency to 10000.

Reading the graph
Reading graph from file /home/mcs001/s145344/20221025/FullRecourseKEP/code/check/../../instances/KlimentovaInstances100/Klimentova_100_1.txt
Finding the cycles
Enumerating all cycles
Number of cycles: 1185

Finding the chains
Enumerating all chains
Chain length maximum: 4
Number of chains: 1144552
Strengthening the node bounds
Find the triplets
Time needed to read graph and detecting cycles/chains/triplets:	0.86
Create the model
Time to create master model:	2.45
Solve the model
@99 Start master loop of trilevel optimization algorithm.
@98 masteriteration 1: objective value 47.000000.
@97 Set up Benders model 1.
memory limit reached@05================================================================================
   ================================   STATISTICS   ================================
[suboptimal] terminated after 2646.110000 seconds (stage 2: 89.350000, stage 3: 2.020000).

[patterns]
Used attack patterns:
@06================================================================================

SCIP Status        : problem creation / modification
Total Time         :       0.00
  reading          :       0.00
Original Problem   :
  Problem name     : name
  Variables        : 1145838 (1145837 binary, 0 integer, 0 implicit integer, 1 continuous)
  Constraints      : 201 initial, 201 maximal
  Objective        : maximize, 1 non-zeros (abs.min = 1, abs.max = 1)
Free the model
@04 1669302966
-----------------------------
Thu Nov 24 16:16:06 CET 2022
-----------------------------

=ready=
Linux mcs-computeA008 5.10.11-1.el7.elrepo.x86_64 #1 SMP Tue Jan 26 10:44:32 EST 2021 x86_64 x86_64 x86_64 GNU/Linux
@01 /home/mcs001/s145344/20221025/FullRecourseKEP/code/check/../../instances/KlimentovaInstances100/Klimentova_100_2.txt ===========
-----------------------------
Thu Nov 24 15:32:12 CET 2022
-----------------------------
@03 1669300332
/home/mcs001/s145344/20221025/FullRecourseKEP/code/check/../bin/fullrecoursekidney.linux.x86_64.gnu.opt.spx2 /home/mcs001/s145344/20221025/FullRecourseKEP/code/check/../../instances/KlimentovaInstances100/Klimentova_100_2.txt 4 -t 3600 -m 24000 -n 2100000000 -d 10000 -s /home/mcs001/s145344/20221025/FullRecourseKEP/code/check/../settings/method1-complexFALSE-cyc3-chain4-liftTRUE-policy2.set
SCIP version 8.0.2 [precision: 8 byte] [memory: block] [mode: optimized] [LP solver: Soplex 6.0.2] [GitHash: 5f0473c4fb]
Copyright (C) 2002-2022 Konrad-Zuse-Zentrum fuer Informationstechnik Berlin (ZIB)


Reading parameters from </home/mcs001/s145344/20221025/FullRecourseKEP/code/check/../settings/method1-complexFALSE-cyc3-chain4-liftTRUE-policy2.set>.

Changed settings:
misc/usesymmetry = 0
kidney/maxchainlength = 4

Setting time limit to 3600.
Setting memory limit to 24000.
Setting node limit to 2100000000.
Setting display frequency to 10000.

Reading the graph
Reading graph from file /home/mcs001/s145344/20221025/FullRecourseKEP/code/check/../../instances/KlimentovaInstances100/Klimentova_100_2.txt
Finding the cycles
Enumerating all cycles
Number of cycles: 2739

Finding the chains
Enumerating all chains
Chain length maximum: 4
Number of chains: 111945
Strengthening the node bounds
Find the triplets
Time needed to read graph and detecting cycles/chains/triplets:	0.07
Create the model
Time to create master model:	0.22
Solve the model
@99 Start master loop of trilevel optimization algorithm.
@98 masteriteration 1: objective value 48.000000.
@97 Set up Benders model 1.
Benders obj: 35.000000
Attack pattern: 
7 72 85 94 
@95 KEP objective: 44.000000
The recourse value 44.000000 of the currently considered attack pattern violates the master solution.
@96 Benders problem iteration 1: objective value 35.000000.
nattacks: 4
first attack: 7
@98 masteriteration 2: objective value 46.000000.
@97 Set up Benders model 2.
Benders obj: 34.000000
Attack pattern: 
8 16 48 85 
@95 KEP objective: 43.000000
The recourse value 43.000000 of the currently considered attack pattern violates the master solution.
@96 Benders problem iteration 2: objective value 34.000000.
nattacks: 4
first attack: 8
@98 masteriteration 3: objective value 46.000000.
@97 Set up Benders model 3.
Benders obj: 33.000000
Attack pattern: 
20 22 62 76 
@95 KEP objective: 41.000000
The recourse value 41.000000 of the currently considered attack pattern violates the master solution.
@96 Benders problem iteration 3: objective value 33.000000.
nattacks: 4
first attack: 20
time limit reached@05================================================================================
   ================================   STATISTICS   ================================
[suboptimal] terminated after 3601.630000 seconds (stage 2: 737.050000, stage 3: 0.460000).

[patterns]
Used attack patterns:
[scenario]    0:	       7      72      85      94
[scenario]    1:	       8      16      48      85
[scenario]    2:	      20      22      62      76
@06================================================================================

SCIP Status        : problem creation / modification
Total Time         :       0.00
  reading          :       0.00
Original Problem   :
  Problem name     : name
  Variables        : 459134 (459133 binary, 0 integer, 0 implicit integer, 1 continuous)
  Constraints      : 1098 initial, 1098 maximal
  Objective        : maximize, 1 non-zeros (abs.min = 1, abs.max = 1)
Free the model
@04 1669303935
-----------------------------
Thu Nov 24 16:32:15 CET 2022
-----------------------------

=ready=
Linux mcs-computeA003 5.10.11-1.el7.elrepo.x86_64 #1 SMP Tue Jan 26 10:44:32 EST 2021 x86_64 x86_64 x86_64 GNU/Linux
@01 /home/mcs001/s145344/20221025/FullRecourseKEP/code/check/../../instances/KlimentovaInstances100/Klimentova_100_3.txt ===========
-----------------------------
Thu Nov 24 15:32:15 CET 2022
-----------------------------
@03 1669300335
/home/mcs001/s145344/20221025/FullRecourseKEP/code/check/../bin/fullrecoursekidney.linux.x86_64.gnu.opt.spx2 /home/mcs001/s145344/20221025/FullRecourseKEP/code/check/../../instances/KlimentovaInstances100/Klimentova_100_3.txt 4 -t 3600 -m 24000 -n 2100000000 -d 10000 -s /home/mcs001/s145344/20221025/FullRecourseKEP/code/check/../settings/method1-complexFALSE-cyc3-chain4-liftTRUE-policy2.set
SCIP version 8.0.2 [precision: 8 byte] [memory: block] [mode: optimized] [LP solver: Soplex 6.0.2] [GitHash: 5f0473c4fb]
Copyright (C) 2002-2022 Konrad-Zuse-Zentrum fuer Informationstechnik Berlin (ZIB)


Reading parameters from </home/mcs001/s145344/20221025/FullRecourseKEP/code/check/../settings/method1-complexFALSE-cyc3-chain4-liftTRUE-policy2.set>.

Changed settings:
misc/usesymmetry = 0
kidney/maxchainlength = 4

Setting time limit to 3600.
Setting memory limit to 24000.
Setting node limit to 2100000000.
Setting display frequency to 10000.

Reading the graph
Reading graph from file /home/mcs001/s145344/20221025/FullRecourseKEP/code/check/../../instances/KlimentovaInstances100/Klimentova_100_3.txt
Finding the cycles
Enumerating all cycles
Number of cycles: 2042

Finding the chains
Enumerating all chains
Chain length maximum: 4
Number of chains: 1528644
Strengthening the node bounds
Find the triplets
Time needed to read graph and detecting cycles/chains/triplets:	0.93
Create the model
Time to create master model:	2.63
Solve the model
@99 Start master loop of trilevel optimization algorithm.
time limit reached@05================================================================================
   ================================   STATISTICS   ================================
[suboptimal] terminated after 4278.580000 seconds (stage 2: 0.000000, stage 3: 0.000000).

[patterns]
Used attack patterns:
@06================================================================================

SCIP Status        : problem creation / modification
Total Time         :       0.00
  reading          :       0.00
Original Problem   :
  Problem name     : name
  Variables        : 1530787 (1530786 binary, 0 integer, 0 implicit integer, 1 continuous)
  Constraints      : 201 initial, 201 maximal
  Objective        : maximize, 1 non-zeros (abs.min = 1, abs.max = 1)
Free the model
@04 1669304619
-----------------------------
Thu Nov 24 16:43:39 CET 2022
-----------------------------

=ready=
Linux mcs-computeA003 5.10.11-1.el7.elrepo.x86_64 #1 SMP Tue Jan 26 10:44:32 EST 2021 x86_64 x86_64 x86_64 GNU/Linux
@01 /home/mcs001/s145344/20221025/FullRecourseKEP/code/check/../../instances/KlimentovaInstances100/Klimentova_100_4.txt ===========
-----------------------------
Thu Nov 24 15:32:54 CET 2022
-----------------------------
@03 1669300374
/home/mcs001/s145344/20221025/FullRecourseKEP/code/check/../bin/fullrecoursekidney.linux.x86_64.gnu.opt.spx2 /home/mcs001/s145344/20221025/FullRecourseKEP/code/check/../../instances/KlimentovaInstances100/Klimentova_100_4.txt 4 -t 3600 -m 24000 -n 2100000000 -d 10000 -s /home/mcs001/s145344/20221025/FullRecourseKEP/code/check/../settings/method1-complexFALSE-cyc3-chain4-liftTRUE-policy2.set
SCIP version 8.0.2 [precision: 8 byte] [memory: block] [mode: optimized] [LP solver: Soplex 6.0.2] [GitHash: 5f0473c4fb]
Copyright (C) 2002-2022 Konrad-Zuse-Zentrum fuer Informationstechnik Berlin (ZIB)


Reading parameters from </home/mcs001/s145344/20221025/FullRecourseKEP/code/check/../settings/method1-complexFALSE-cyc3-chain4-liftTRUE-policy2.set>.

Changed settings:
misc/usesymmetry = 0
kidney/maxchainlength = 4

Setting time limit to 3600.
Setting memory limit to 24000.
Setting node limit to 2100000000.
Setting display frequency to 10000.

Reading the graph
Reading graph from file /home/mcs001/s145344/20221025/FullRecourseKEP/code/check/../../instances/KlimentovaInstances100/Klimentova_100_4.txt
Finding the cycles
Enumerating all cycles
Number of cycles: 2010

Finding the chains
Enumerating all chains
Chain length maximum: 4
Number of chains: 935073
Strengthening the node bounds
Find the triplets
Time needed to read graph and detecting cycles/chains/triplets:	0.6
Create the model
Time to create master model:	1.68
Solve the model
@99 Start master loop of trilevel optimization algorithm.
@98 masteriteration 1: objective value 62.000000.
@97 Set up Benders model 1.
memory limit reached@05================================================================================
   ================================   STATISTICS   ================================
[suboptimal] terminated after 2333.850000 seconds (stage 2: 312.040000, stage 3: 1.770000).

[patterns]
Used attack patterns:
@06================================================================================

SCIP Status        : problem creation / modification
Total Time         :       0.00
  reading          :       0.00
Original Problem   :
  Problem name     : name
  Variables        : 937184 (937183 binary, 0 integer, 0 implicit integer, 1 continuous)
  Constraints      : 201 initial, 201 maximal
  Objective        : maximize, 1 non-zeros (abs.min = 1, abs.max = 1)
Free the model
@04 1669302712
-----------------------------
Thu Nov 24 16:11:52 CET 2022
-----------------------------

=ready=
Linux mcs-computeA005 5.10.11-1.el7.elrepo.x86_64 #1 SMP Tue Jan 26 10:44:32 EST 2021 x86_64 x86_64 x86_64 GNU/Linux
@01 /home/mcs001/s145344/20221025/FullRecourseKEP/code/check/../../instances/KlimentovaInstances100/Klimentova_100_5.txt ===========
-----------------------------
Tue Dec  6 11:22:50 CET 2022
-----------------------------
@03 1670322170
/home/mcs001/s145344/20221025/FullRecourseKEP/code/check/../bin/fullrecoursekidney.linux.x86_64.gnu.opt.spx2 /home/mcs001/s145344/20221025/FullRecourseKEP/code/check/../../instances/KlimentovaInstances100/Klimentova_100_5.txt 4 -t 3600 -m 24000 -n 2100000000 -d 10000 -s /home/mcs001/s145344/20221025/FullRecourseKEP/code/check/../settings/method1-complexFALSE-cyc3-chain4-liftTRUE-policy2.set
SCIP version 8.0.2 [precision: 8 byte] [memory: block] [mode: optimized] [LP solver: Soplex 6.0.2] [GitHash: 5f0473c4fb]
Copyright (C) 2002-2022 Konrad-Zuse-Zentrum fuer Informationstechnik Berlin (ZIB)


Reading parameters from </home/mcs001/s145344/20221025/FullRecourseKEP/code/check/../settings/method1-complexFALSE-cyc3-chain4-liftTRUE-policy2.set>.

Changed settings:
misc/usesymmetry = 0
kidney/maxchainlength = 4

Setting time limit to 3600.
Setting memory limit to 24000.
Setting node limit to 2100000000.
Setting display frequency to 10000.

Reading the graph
Reading graph from file /home/mcs001/s145344/20221025/FullRecourseKEP/code/check/../../instances/KlimentovaInstances100/Klimentova_100_5.txt
Finding the cycles
Enumerating all cycles
Number of cycles: 1563

Finding the chains
Enumerating all chains
Chain length maximum: 4
Number of chains: 677587
Strengthening the node bounds
Find the triplets
Time needed to read graph and detecting cycles/chains/triplets:	0.4
Create the model
Time to create master model:	0.96
Solve the model
@99 Start master loop of trilevel optimization algorithm.
Solving took us 685.980000 seconds.
@98 masteriteration 1: objective value 39.000000.
@97 Set up Benders model 1.
@04 1670322858
-----------------------------
Tue Dec  6 11:34:18 CET 2022
-----------------------------

=ready=
Linux mcs-computeA011 5.10.11-1.el7.elrepo.x86_64 #1 SMP Tue Jan 26 10:44:32 EST 2021 x86_64 x86_64 x86_64 GNU/Linux
@01 /home/mcs001/s145344/20221025/FullRecourseKEP/code/check/../../instances/KlimentovaInstances100/Klimentova_100_6.txt ===========
-----------------------------
Wed Nov  2 12:41:56 CET 2022
-----------------------------
@03 1667389316
/home/mcs001/s145344/20221025/FullRecourseKEP/code/check/../bin/fullrecoursekidney.linux.x86_64.gnu.opt.spx2 /home/mcs001/s145344/20221025/FullRecourseKEP/code/check/../../instances/KlimentovaInstances100/Klimentova_100_6.txt 4 -t 3600 -m 24000 -n 2100000000 -d 10000 -s /home/mcs001/s145344/20221025/FullRecourseKEP/code/check/../settings/method1-complexFALSE-cyc3-chain4-liftTRUE-policy2.set
SCIP version 8.0.2 [precision: 8 byte] [memory: block] [mode: optimized] [LP solver: Soplex 6.0.2] [GitHash: 5f0473c4fb]
Copyright (C) 2002-2022 Konrad-Zuse-Zentrum fuer Informationstechnik Berlin (ZIB)


Reading parameters from </home/mcs001/s145344/20221025/FullRecourseKEP/code/check/../settings/method1-complexFALSE-cyc3-chain4-liftTRUE-policy2.set>.

Changed settings:
misc/usesymmetry = 0
kidney/maxchainlength = 4

Setting time limit to 3600.
Setting memory limit to 24000.
Setting node limit to 2100000000.
Setting display frequency to 10000.

Reading the graph
Reading graph from file /home/mcs001/s145344/20221025/FullRecourseKEP/code/check/../../instances/KlimentovaInstances100/Klimentova_100_6.txt
Finding the cycles
Enumerating all cycles
Number of cycles: 741

Finding the chains
Enumerating all chains
Chain length maximum: 4
Number of chains: 49780
Strengthening the node bounds
Find the triplets
Time needed to read graph and detecting cycles/chains/triplets:	0.02
Create the model
Time to create master model:	0.07
Solve the model
@99 Start master loop of trilevel optimization algorithm.
@98 masteriteration 1: objective value 38.000000.
@97 Set up Benders model 1.
Benders obj: 24.000000
Attack pattern: 
10 24 32 83 
@95 KEP objective: 32.000000
The recourse value 32.000000 of the currently considered attack pattern violates the master solution.
@96 Benders problem iteration 1: objective value 24.000000.
nattacks: 4
first attack: 10
@98 masteriteration 2: objective value 34.000000.
@97 Set up Benders model 2.
Benders obj: 20.000000
Attack pattern: 
61 67 75 98 
@95 KEP objective: 30.000000
The recourse value 30.000000 of the currently considered attack pattern violates the master solution.
@96 Benders problem iteration 2: objective value 20.000000.
nattacks: 4
first attack: 61
@98 masteriteration 3: objective value 34.000000.
@97 Set up Benders model 3.
Benders obj: 23.000000
Attack pattern: 
2 10 38 85 
@95 KEP objective: 29.000000
The recourse value 29.000000 of the currently considered attack pattern violates the master solution.
@96 Benders problem iteration 3: objective value 23.000000.
nattacks: 4
first attack: 2
@98 masteriteration 4: objective value 32.000000.
@97 Set up Benders model 4.
Benders obj: 24.000000
Attack pattern: 
10 61 82 83 
@95 KEP objective: 31.000000
The recourse value 31.000000 of the currently considered attack pattern violates the master solution.
@96 Benders problem iteration 4: objective value 24.000000.
nattacks: 4
first attack: 10
@98 masteriteration 5: objective value 32.000000.
@97 Set up Benders model 5.
Benders obj: 23.000000
Attack pattern: 
8 10 61 67 
@95 KEP objective: 31.000000
The recourse value 31.000000 of the currently considered attack pattern violates the master solution.
@96 Benders problem iteration 5: objective value 23.000000.
nattacks: 4
first attack: 8
@98 masteriteration 6: objective value 32.000000.
@97 Set up Benders model 6.
Benders obj: 24.000000
Attack pattern: 
10 67 72 87 
@95 KEP objective: 32.000000
Benders obj: 24.000000
Attack pattern: 
10 38 61 87 
@95 KEP objective: 30.000000
The recourse value 30.000000 of the currently considered attack pattern violates the master solution.
@96 Benders problem iteration 6: objective value 24.000000.
nattacks: 4
first attack: 10
time limit reached@05================================================================================
   ================================   STATISTICS   ================================
[suboptimal] terminated after 3601.690000 seconds (stage 2: 160.020000, stage 3: 2.630000).

[patterns]
Used attack patterns:
[scenario]    0:	      10      24      32      83
[scenario]    1:	      61      67      75      98
[scenario]    2:	       2      10      38      85
[scenario]    3:	      10      61      82      83
[scenario]    4:	       8      10      61      67
[scenario]    5:	      10      38      61      87
@06================================================================================

SCIP Status        : problem creation / modification
Total Time         :       0.00
  reading          :       0.00
Original Problem   :
  Problem name     : name
  Variables        : 354336 (354335 binary, 0 integer, 0 implicit integer, 1 continuous)
  Constraints      : 1983 initial, 1983 maximal
  Objective        : maximize, 1 non-zeros (abs.min = 1, abs.max = 1)
Free the model
@04 1667392918
-----------------------------
Wed Nov  2 13:41:58 CET 2022
-----------------------------

=ready=
Linux mcs-computeA005 5.10.11-1.el7.elrepo.x86_64 #1 SMP Tue Jan 26 10:44:32 EST 2021 x86_64 x86_64 x86_64 GNU/Linux
@01 /home/mcs001/s145344/20221025/FullRecourseKEP/code/check/../../instances/KlimentovaInstances100/Klimentova_100_7.txt ===========
-----------------------------
Tue Dec  6 11:22:50 CET 2022
-----------------------------
@03 1670322170
/home/mcs001/s145344/20221025/FullRecourseKEP/code/check/../bin/fullrecoursekidney.linux.x86_64.gnu.opt.spx2 /home/mcs001/s145344/20221025/FullRecourseKEP/code/check/../../instances/KlimentovaInstances100/Klimentova_100_7.txt 4 -t 3600 -m 24000 -n 2100000000 -d 10000 -s /home/mcs001/s145344/20221025/FullRecourseKEP/code/check/../settings/method1-complexFALSE-cyc3-chain4-liftTRUE-policy2.set
SCIP version 8.0.2 [precision: 8 byte] [memory: block] [mode: optimized] [LP solver: Soplex 6.0.2] [GitHash: 5f0473c4fb]
Copyright (C) 2002-2022 Konrad-Zuse-Zentrum fuer Informationstechnik Berlin (ZIB)


Reading parameters from </home/mcs001/s145344/20221025/FullRecourseKEP/code/check/../settings/method1-complexFALSE-cyc3-chain4-liftTRUE-policy2.set>.

Changed settings:
misc/usesymmetry = 0
kidney/maxchainlength = 4

Setting time limit to 3600.
Setting memory limit to 24000.
Setting node limit to 2100000000.
Setting display frequency to 10000.

Reading the graph
Reading graph from file /home/mcs001/s145344/20221025/FullRecourseKEP/code/check/../../instances/KlimentovaInstances100/Klimentova_100_7.txt
Finding the cycles
Enumerating all cycles
Number of cycles: 7764

Finding the chains
Enumerating all chains
Chain length maximum: 4
Number of chains: 3235101
Strengthening the node bounds
Find the triplets
Time needed to read graph and detecting cycles/chains/triplets:	1.91
Create the model
Time to create master model:	4.74
Solve the model
@99 Start master loop of trilevel optimization algorithm.
Solving took us 4043.140000 seconds.
Begin freeing the masterproblemFinished freeing the masterproblemtime limit reached@05================================================================================
   ================================   STATISTICS   ================================
[suboptimal] terminated after 4061.250000 seconds (stage 2: 0.000000, stage 3: 0.000000).

[patterns]
Used attack patterns:
@06================================================================================

SCIP Status        : problem creation / modification
Total Time         :       0.00
  reading          :       0.00
Original Problem   :
  Problem name     : name
  Variables        : 3242966 (3242965 binary, 0 integer, 0 implicit integer, 1 continuous)
  Constraints      : 201 initial, 201 maximal
  Objective        : maximize, 1 non-zeros (abs.min = 1, abs.max = 1)
Free the model
@04 1670326234
-----------------------------
Tue Dec  6 12:30:34 CET 2022
-----------------------------

=ready=
Linux mcs-computeA008 5.10.11-1.el7.elrepo.x86_64 #1 SMP Tue Jan 26 10:44:32 EST 2021 x86_64 x86_64 x86_64 GNU/Linux
@01 /home/mcs001/s145344/20221025/FullRecourseKEP/code/check/../../instances/KlimentovaInstances100/Klimentova_100_8.txt ===========
-----------------------------
Thu Nov 24 15:33:48 CET 2022
-----------------------------
@03 1669300428
/home/mcs001/s145344/20221025/FullRecourseKEP/code/check/../bin/fullrecoursekidney.linux.x86_64.gnu.opt.spx2 /home/mcs001/s145344/20221025/FullRecourseKEP/code/check/../../instances/KlimentovaInstances100/Klimentova_100_8.txt 4 -t 3600 -m 24000 -n 2100000000 -d 10000 -s /home/mcs001/s145344/20221025/FullRecourseKEP/code/check/../settings/method1-complexFALSE-cyc3-chain4-liftTRUE-policy2.set
SCIP version 8.0.2 [precision: 8 byte] [memory: block] [mode: optimized] [LP solver: Soplex 6.0.2] [GitHash: 5f0473c4fb]
Copyright (C) 2002-2022 Konrad-Zuse-Zentrum fuer Informationstechnik Berlin (ZIB)


Reading parameters from </home/mcs001/s145344/20221025/FullRecourseKEP/code/check/../settings/method1-complexFALSE-cyc3-chain4-liftTRUE-policy2.set>.

Changed settings:
misc/usesymmetry = 0
kidney/maxchainlength = 4

Setting time limit to 3600.
Setting memory limit to 24000.
Setting node limit to 2100000000.
Setting display frequency to 10000.

Reading the graph
Reading graph from file /home/mcs001/s145344/20221025/FullRecourseKEP/code/check/../../instances/KlimentovaInstances100/Klimentova_100_8.txt
Finding the cycles
Enumerating all cycles
Number of cycles: 3799

Finding the chains
Enumerating all chains
Chain length maximum: 4
Number of chains: 2456639
Strengthening the node bounds
Find the triplets
Time needed to read graph and detecting cycles/chains/triplets:	1.79
Create the model
Time to create master model:	5.25
Solve the model
@99 Start master loop of trilevel optimization algorithm.
time limit reached@05================================================================================
   ================================   STATISTICS   ================================
[suboptimal] terminated after 3609.630000 seconds (stage 2: 0.000000, stage 3: 0.000000).

[patterns]
Used attack patterns:
@06================================================================================

SCIP Status        : problem creation / modification
Total Time         :       0.00
  reading          :       0.00
Original Problem   :
  Problem name     : name
  Variables        : 2460539 (2460538 binary, 0 integer, 0 implicit integer, 1 continuous)
  Constraints      : 201 initial, 201 maximal
  Objective        : maximize, 1 non-zeros (abs.min = 1, abs.max = 1)
Free the model
@04 1669304040
-----------------------------
Thu Nov 24 16:34:00 CET 2022
-----------------------------

=ready=
Linux mcs-computeA003 5.10.11-1.el7.elrepo.x86_64 #1 SMP Tue Jan 26 10:44:32 EST 2021 x86_64 x86_64 x86_64 GNU/Linux
@01 /home/mcs001/s145344/20221025/FullRecourseKEP/code/check/../../instances/KlimentovaInstances100/Klimentova_100_9.txt ===========
-----------------------------
Thu Nov 24 15:33:51 CET 2022
-----------------------------
@03 1669300431
/home/mcs001/s145344/20221025/FullRecourseKEP/code/check/../bin/fullrecoursekidney.linux.x86_64.gnu.opt.spx2 /home/mcs001/s145344/20221025/FullRecourseKEP/code/check/../../instances/KlimentovaInstances100/Klimentova_100_9.txt 4 -t 3600 -m 24000 -n 2100000000 -d 10000 -s /home/mcs001/s145344/20221025/FullRecourseKEP/code/check/../settings/method1-complexFALSE-cyc3-chain4-liftTRUE-policy2.set
SCIP version 8.0.2 [precision: 8 byte] [memory: block] [mode: optimized] [LP solver: Soplex 6.0.2] [GitHash: 5f0473c4fb]
Copyright (C) 2002-2022 Konrad-Zuse-Zentrum fuer Informationstechnik Berlin (ZIB)


Reading parameters from </home/mcs001/s145344/20221025/FullRecourseKEP/code/check/../settings/method1-complexFALSE-cyc3-chain4-liftTRUE-policy2.set>.

Changed settings:
misc/usesymmetry = 0
kidney/maxchainlength = 4

Setting time limit to 3600.
Setting memory limit to 24000.
Setting node limit to 2100000000.
Setting display frequency to 10000.

Reading the graph
Reading graph from file /home/mcs001/s145344/20221025/FullRecourseKEP/code/check/../../instances/KlimentovaInstances100/Klimentova_100_9.txt
Finding the cycles
Enumerating all cycles
Number of cycles: 6192

Finding the chains
Enumerating all chains
Chain length maximum: 4
Number of chains: 6930447
Strengthening the node bounds
Find the triplets
Time needed to read graph and detecting cycles/chains/triplets:	4.18
Create the model
Time to create master model:	11.79
Solve the model
@99 Start master loop of trilevel optimization algorithm.
memory limit reached@05================================================================================
   ================================   STATISTICS   ================================
[suboptimal] terminated after 148.060000 seconds (stage 2: 0.000000, stage 3: 0.000000).

[patterns]
Used attack patterns:
@06================================================================================

SCIP Status        : problem creation / modification
Total Time         :       0.00
  reading          :       0.00
Original Problem   :
  Problem name     : name
  Variables        : 6936740 (6936739 binary, 0 integer, 0 implicit integer, 1 continuous)
  Constraints      : 201 initial, 201 maximal
  Objective        : maximize, 1 non-zeros (abs.min = 1, abs.max = 1)
Free the model
@04 1669300587
-----------------------------
Thu Nov 24 15:36:27 CET 2022
-----------------------------

=ready=
Linux mcs-computeA005 5.10.11-1.el7.elrepo.x86_64 #1 SMP Tue Jan 26 10:44:32 EST 2021 x86_64 x86_64 x86_64 GNU/Linux
@01 /home/mcs001/s145344/20221025/FullRecourseKEP/code/check/../../instances/KlimentovaInstances100/Klimentova_100_10.txt ===========
-----------------------------
Tue Dec  6 11:22:50 CET 2022
-----------------------------
@03 1670322170
/home/mcs001/s145344/20221025/FullRecourseKEP/code/check/../bin/fullrecoursekidney.linux.x86_64.gnu.opt.spx2 /home/mcs001/s145344/20221025/FullRecourseKEP/code/check/../../instances/KlimentovaInstances100/Klimentova_100_10.txt 4 -t 3600 -m 24000 -n 2100000000 -d 10000 -s /home/mcs001/s145344/20221025/FullRecourseKEP/code/check/../settings/method1-complexFALSE-cyc3-chain4-liftTRUE-policy2.set
SCIP version 8.0.2 [precision: 8 byte] [memory: block] [mode: optimized] [LP solver: Soplex 6.0.2] [GitHash: 5f0473c4fb]
Copyright (C) 2002-2022 Konrad-Zuse-Zentrum fuer Informationstechnik Berlin (ZIB)


Reading parameters from </home/mcs001/s145344/20221025/FullRecourseKEP/code/check/../settings/method1-complexFALSE-cyc3-chain4-liftTRUE-policy2.set>.

Changed settings:
misc/usesymmetry = 0
kidney/maxchainlength = 4

Setting time limit to 3600.
Setting memory limit to 24000.
Setting node limit to 2100000000.
Setting display frequency to 10000.

Reading the graph
Reading graph from file /home/mcs001/s145344/20221025/FullRecourseKEP/code/check/../../instances/KlimentovaInstances100/Klimentova_100_10.txt
Finding the cycles
Enumerating all cycles
Number of cycles: 4217

Finding the chains
Enumerating all chains
Chain length maximum: 4
Number of chains: 2878692
Strengthening the node bounds
Find the triplets
Time needed to read graph and detecting cycles/chains/triplets:	1.71
Create the model
Time to create master model:	4.2
Solve the model
@99 Start master loop of trilevel optimization algorithm.
Solving took us 3723.040000 seconds.
Begin freeing the masterproblemFinished freeing the masterproblemtime limit reached@05================================================================================
   ================================   STATISTICS   ================================
[suboptimal] terminated after 3745.170000 seconds (stage 2: 0.000000, stage 3: 0.000000).

[patterns]
Used attack patterns:
@06================================================================================

SCIP Status        : problem creation / modification
Total Time         :       0.00
  reading          :       0.00
Original Problem   :
  Problem name     : name
  Variables        : 2883010 (2883009 binary, 0 integer, 0 implicit integer, 1 continuous)
  Constraints      : 201 initial, 201 maximal
  Objective        : maximize, 1 non-zeros (abs.min = 1, abs.max = 1)
Free the model
@04 1670325919
-----------------------------
Tue Dec  6 12:25:19 CET 2022
-----------------------------

=ready=
Linux mcs-computeA009 5.10.11-1.el7.elrepo.x86_64 #1 SMP Tue Jan 26 10:44:32 EST 2021 x86_64 x86_64 x86_64 GNU/Linux
@01 /home/mcs001/s145344/20221025/FullRecourseKEP/code/check/../../instances/KlimentovaInstances100/Klimentova_100_11.txt ===========
-----------------------------
Thu Nov 24 15:34:07 CET 2022
-----------------------------
@03 1669300447
/home/mcs001/s145344/20221025/FullRecourseKEP/code/check/../bin/fullrecoursekidney.linux.x86_64.gnu.opt.spx2 /home/mcs001/s145344/20221025/FullRecourseKEP/code/check/../../instances/KlimentovaInstances100/Klimentova_100_11.txt 4 -t 3600 -m 24000 -n 2100000000 -d 10000 -s /home/mcs001/s145344/20221025/FullRecourseKEP/code/check/../settings/method1-complexFALSE-cyc3-chain4-liftTRUE-policy2.set
SCIP version 8.0.2 [precision: 8 byte] [memory: block] [mode: optimized] [LP solver: Soplex 6.0.2] [GitHash: 5f0473c4fb]
Copyright (C) 2002-2022 Konrad-Zuse-Zentrum fuer Informationstechnik Berlin (ZIB)


Reading parameters from </home/mcs001/s145344/20221025/FullRecourseKEP/code/check/../settings/method1-complexFALSE-cyc3-chain4-liftTRUE-policy2.set>.

Changed settings:
misc/usesymmetry = 0
kidney/maxchainlength = 4

Setting time limit to 3600.
Setting memory limit to 24000.
Setting node limit to 2100000000.
Setting display frequency to 10000.

Reading the graph
Reading graph from file /home/mcs001/s145344/20221025/FullRecourseKEP/code/check/../../instances/KlimentovaInstances100/Klimentova_100_11.txt
Finding the cycles
Enumerating all cycles
Number of cycles: 2914

Finding the chains
Enumerating all chains
Chain length maximum: 4
Number of chains: 680436
Strengthening the node bounds
Find the triplets
Time needed to read graph and detecting cycles/chains/triplets:	0.53
Create the model
Time to create master model:	1.5
Solve the model
@99 Start master loop of trilevel optimization algorithm.
@98 masteriteration 1: objective value 61.000000.
@97 Set up Benders model 1.
time limit reached@05================================================================================
   ================================   STATISTICS   ================================
[suboptimal] terminated after 4100.860000 seconds (stage 2: 2794.030000, stage 3: 1.250000).

[patterns]
Used attack patterns:
@06================================================================================

SCIP Status        : problem creation / modification
Total Time         :       0.00
  reading          :       0.00
Original Problem   :
  Problem name     : name
  Variables        : 683451 (683450 binary, 0 integer, 0 implicit integer, 1 continuous)
  Constraints      : 201 initial, 201 maximal
  Objective        : maximize, 1 non-zeros (abs.min = 1, abs.max = 1)
Free the model
@04 1669304564
-----------------------------
Thu Nov 24 16:42:44 CET 2022
-----------------------------

=ready=
Linux mcs-computeA005 5.10.11-1.el7.elrepo.x86_64 #1 SMP Tue Jan 26 10:44:32 EST 2021 x86_64 x86_64 x86_64 GNU/Linux
@01 /home/mcs001/s145344/20221025/FullRecourseKEP/code/check/../../instances/KlimentovaInstances100/Klimentova_100_12.txt ===========
-----------------------------
Thu Nov 24 15:34:12 CET 2022
-----------------------------
@03 1669300452
/home/mcs001/s145344/20221025/FullRecourseKEP/code/check/../bin/fullrecoursekidney.linux.x86_64.gnu.opt.spx2 /home/mcs001/s145344/20221025/FullRecourseKEP/code/check/../../instances/KlimentovaInstances100/Klimentova_100_12.txt 4 -t 3600 -m 24000 -n 2100000000 -d 10000 -s /home/mcs001/s145344/20221025/FullRecourseKEP/code/check/../settings/method1-complexFALSE-cyc3-chain4-liftTRUE-policy2.set
SCIP version 8.0.2 [precision: 8 byte] [memory: block] [mode: optimized] [LP solver: Soplex 6.0.2] [GitHash: 5f0473c4fb]
Copyright (C) 2002-2022 Konrad-Zuse-Zentrum fuer Informationstechnik Berlin (ZIB)


Reading parameters from </home/mcs001/s145344/20221025/FullRecourseKEP/code/check/../settings/method1-complexFALSE-cyc3-chain4-liftTRUE-policy2.set>.

Changed settings:
misc/usesymmetry = 0
kidney/maxchainlength = 4

Setting time limit to 3600.
Setting memory limit to 24000.
Setting node limit to 2100000000.
Setting display frequency to 10000.

Reading the graph
Reading graph from file /home/mcs001/s145344/20221025/FullRecourseKEP/code/check/../../instances/KlimentovaInstances100/Klimentova_100_12.txt
Finding the cycles
Enumerating all cycles
Number of cycles: 2524

Finding the chains
Enumerating all chains
Chain length maximum: 4
Number of chains: 1184510
Strengthening the node bounds
Find the triplets
Time needed to read graph and detecting cycles/chains/triplets:	0.85
Create the model
Time to create master model:	2.51
Solve the model
@99 Start master loop of trilevel optimization algorithm.
@98 masteriteration 1: objective value 66.000000.
@97 Set up Benders model 1.
memory limit reached@05================================================================================
   ================================   STATISTICS   ================================
[suboptimal] terminated after 3241.660000 seconds (stage 2: 677.180000, stage 3: 2.410000).

[patterns]
Used attack patterns:
@06================================================================================

SCIP Status        : problem creation / modification
Total Time         :       0.00
  reading          :       0.00
Original Problem   :
  Problem name     : name
  Variables        : 1187135 (1187134 binary, 0 integer, 0 implicit integer, 1 continuous)
  Constraints      : 201 initial, 201 maximal
  Objective        : maximize, 1 non-zeros (abs.min = 1, abs.max = 1)
Free the model
@04 1669303707
-----------------------------
Thu Nov 24 16:28:27 CET 2022
-----------------------------

=ready=
Linux mcs-computeA005 5.10.11-1.el7.elrepo.x86_64 #1 SMP Tue Jan 26 10:44:32 EST 2021 x86_64 x86_64 x86_64 GNU/Linux
@01 /home/mcs001/s145344/20221025/FullRecourseKEP/code/check/../../instances/KlimentovaInstances100/Klimentova_100_13.txt ===========
-----------------------------
Thu Nov 24 15:34:26 CET 2022
-----------------------------
@03 1669300466
/home/mcs001/s145344/20221025/FullRecourseKEP/code/check/../bin/fullrecoursekidney.linux.x86_64.gnu.opt.spx2 /home/mcs001/s145344/20221025/FullRecourseKEP/code/check/../../instances/KlimentovaInstances100/Klimentova_100_13.txt 4 -t 3600 -m 24000 -n 2100000000 -d 10000 -s /home/mcs001/s145344/20221025/FullRecourseKEP/code/check/../settings/method1-complexFALSE-cyc3-chain4-liftTRUE-policy2.set
SCIP version 8.0.2 [precision: 8 byte] [memory: block] [mode: optimized] [LP solver: Soplex 6.0.2] [GitHash: 5f0473c4fb]
Copyright (C) 2002-2022 Konrad-Zuse-Zentrum fuer Informationstechnik Berlin (ZIB)


Reading parameters from </home/mcs001/s145344/20221025/FullRecourseKEP/code/check/../settings/method1-complexFALSE-cyc3-chain4-liftTRUE-policy2.set>.

Changed settings:
misc/usesymmetry = 0
kidney/maxchainlength = 4

Setting time limit to 3600.
Setting memory limit to 24000.
Setting node limit to 2100000000.
Setting display frequency to 10000.

Reading the graph
Reading graph from file /home/mcs001/s145344/20221025/FullRecourseKEP/code/check/../../instances/KlimentovaInstances100/Klimentova_100_13.txt
Finding the cycles
Enumerating all cycles
Number of cycles: 4547

Finding the chains
Enumerating all chains
Chain length maximum: 4
Number of chains: 886289
Strengthening the node bounds
Find the triplets
Time needed to read graph and detecting cycles/chains/triplets:	0.66
Create the model
Time to create master model:	1.85
Solve the model
@99 Start master loop of trilevel optimization algorithm.
@98 masteriteration 1: objective value 58.000000.
@97 Set up Benders model 1.
memory limit reached@05================================================================================
   ================================   STATISTICS   ================================
[suboptimal] terminated after 1785.440000 seconds (stage 2: 276.000000, stage 3: 1.500000).

[patterns]
Used attack patterns:
@06================================================================================

SCIP Status        : problem creation / modification
Total Time         :       0.00
  reading          :       0.00
Original Problem   :
  Problem name     : name
  Variables        : 890937 (890936 binary, 0 integer, 0 implicit integer, 1 continuous)
  Constraints      : 201 initial, 201 maximal
  Objective        : maximize, 1 non-zeros (abs.min = 1, abs.max = 1)
Free the model
@04 1669302259
-----------------------------
Thu Nov 24 16:04:19 CET 2022
-----------------------------

=ready=
Linux mcs-computeA003 5.10.11-1.el7.elrepo.x86_64 #1 SMP Tue Jan 26 10:44:32 EST 2021 x86_64 x86_64 x86_64 GNU/Linux
@01 /home/mcs001/s145344/20221025/FullRecourseKEP/code/check/../../instances/KlimentovaInstances100/Klimentova_100_14.txt ===========
-----------------------------
Thu Nov 24 15:34:26 CET 2022
-----------------------------
@03 1669300466
/home/mcs001/s145344/20221025/FullRecourseKEP/code/check/../bin/fullrecoursekidney.linux.x86_64.gnu.opt.spx2 /home/mcs001/s145344/20221025/FullRecourseKEP/code/check/../../instances/KlimentovaInstances100/Klimentova_100_14.txt 4 -t 3600 -m 24000 -n 2100000000 -d 10000 -s /home/mcs001/s145344/20221025/FullRecourseKEP/code/check/../settings/method1-complexFALSE-cyc3-chain4-liftTRUE-policy2.set
SCIP version 8.0.2 [precision: 8 byte] [memory: block] [mode: optimized] [LP solver: Soplex 6.0.2] [GitHash: 5f0473c4fb]
Copyright (C) 2002-2022 Konrad-Zuse-Zentrum fuer Informationstechnik Berlin (ZIB)


Reading parameters from </home/mcs001/s145344/20221025/FullRecourseKEP/code/check/../settings/method1-complexFALSE-cyc3-chain4-liftTRUE-policy2.set>.

Changed settings:
misc/usesymmetry = 0
kidney/maxchainlength = 4

Setting time limit to 3600.
Setting memory limit to 24000.
Setting node limit to 2100000000.
Setting display frequency to 10000.

Reading the graph
Reading graph from file /home/mcs001/s145344/20221025/FullRecourseKEP/code/check/../../instances/KlimentovaInstances100/Klimentova_100_14.txt
Finding the cycles
Enumerating all cycles
Number of cycles: 1478

Finding the chains
Enumerating all chains
Chain length maximum: 4
Number of chains: 1055222
Strengthening the node bounds
Find the triplets
Time needed to read graph and detecting cycles/chains/triplets:	0.66
Create the model
Time to create master model:	2.03
Solve the model
@99 Start master loop of trilevel optimization algorithm.
@98 masteriteration 1: objective value 50.000000.
@97 Set up Benders model 1.
memory limit reached@05================================================================================
   ================================   STATISTICS   ================================
[suboptimal] terminated after 2704.330000 seconds (stage 2: 159.620000, stage 3: 2.130000).

[patterns]
Used attack patterns:
@06================================================================================

SCIP Status        : problem creation / modification
Total Time         :       0.00
  reading          :       0.00
Original Problem   :
  Problem name     : name
  Variables        : 1056801 (1056800 binary, 0 integer, 0 implicit integer, 1 continuous)
  Constraints      : 201 initial, 201 maximal
  Objective        : maximize, 1 non-zeros (abs.min = 1, abs.max = 1)
Free the model
@04 1669303176
-----------------------------
Thu Nov 24 16:19:36 CET 2022
-----------------------------

=ready=
Linux mcs-computeA003 5.10.11-1.el7.elrepo.x86_64 #1 SMP Tue Jan 26 10:44:32 EST 2021 x86_64 x86_64 x86_64 GNU/Linux
@01 /home/mcs001/s145344/20221025/FullRecourseKEP/code/check/../../instances/KlimentovaInstances100/Klimentova_100_15.txt ===========
-----------------------------
Thu Nov 24 15:34:26 CET 2022
-----------------------------
@03 1669300466
/home/mcs001/s145344/20221025/FullRecourseKEP/code/check/../bin/fullrecoursekidney.linux.x86_64.gnu.opt.spx2 /home/mcs001/s145344/20221025/FullRecourseKEP/code/check/../../instances/KlimentovaInstances100/Klimentova_100_15.txt 4 -t 3600 -m 24000 -n 2100000000 -d 10000 -s /home/mcs001/s145344/20221025/FullRecourseKEP/code/check/../settings/method1-complexFALSE-cyc3-chain4-liftTRUE-policy2.set
SCIP version 8.0.2 [precision: 8 byte] [memory: block] [mode: optimized] [LP solver: Soplex 6.0.2] [GitHash: 5f0473c4fb]
Copyright (C) 2002-2022 Konrad-Zuse-Zentrum fuer Informationstechnik Berlin (ZIB)


Reading parameters from </home/mcs001/s145344/20221025/FullRecourseKEP/code/check/../settings/method1-complexFALSE-cyc3-chain4-liftTRUE-policy2.set>.

Changed settings:
misc/usesymmetry = 0
kidney/maxchainlength = 4

Setting time limit to 3600.
Setting memory limit to 24000.
Setting node limit to 2100000000.
Setting display frequency to 10000.

Reading the graph
Reading graph from file /home/mcs001/s145344/20221025/FullRecourseKEP/code/check/../../instances/KlimentovaInstances100/Klimentova_100_15.txt
Finding the cycles
Enumerating all cycles
Number of cycles: 1810

Finding the chains
Enumerating all chains
Chain length maximum: 4
Number of chains: 1098176
Strengthening the node bounds
Find the triplets
Time needed to read graph and detecting cycles/chains/triplets:	0.79
Create the model
Time to create master model:	2.07
Solve the model
@99 Start master loop of trilevel optimization algorithm.
@98 masteriteration 1: objective value 59.000000.
@97 Set up Benders model 1.
memory limit reached@05================================================================================
   ================================   STATISTICS   ================================
[suboptimal] terminated after 2358.030000 seconds (stage 2: 164.120000, stage 3: 2.070000).

[patterns]
Used attack patterns:
@06================================================================================

SCIP Status        : problem creation / modification
Total Time         :       0.00
  reading          :       0.00
Original Problem   :
  Problem name     : name
  Variables        : 1100087 (1100086 binary, 0 integer, 0 implicit integer, 1 continuous)
  Constraints      : 201 initial, 201 maximal
  Objective        : maximize, 1 non-zeros (abs.min = 1, abs.max = 1)
Free the model
@04 1669302831
-----------------------------
Thu Nov 24 16:13:51 CET 2022
-----------------------------

=ready=
Linux mcs-computeA003 5.10.11-1.el7.elrepo.x86_64 #1 SMP Tue Jan 26 10:44:32 EST 2021 x86_64 x86_64 x86_64 GNU/Linux
@01 /home/mcs001/s145344/20221025/FullRecourseKEP/code/check/../../instances/KlimentovaInstances100/Klimentova_100_16.txt ===========
-----------------------------
Thu Nov 24 15:34:26 CET 2022
-----------------------------
@03 1669300466
/home/mcs001/s145344/20221025/FullRecourseKEP/code/check/../bin/fullrecoursekidney.linux.x86_64.gnu.opt.spx2 /home/mcs001/s145344/20221025/FullRecourseKEP/code/check/../../instances/KlimentovaInstances100/Klimentova_100_16.txt 4 -t 3600 -m 24000 -n 2100000000 -d 10000 -s /home/mcs001/s145344/20221025/FullRecourseKEP/code/check/../settings/method1-complexFALSE-cyc3-chain4-liftTRUE-policy2.set
SCIP version 8.0.2 [precision: 8 byte] [memory: block] [mode: optimized] [LP solver: Soplex 6.0.2] [GitHash: 5f0473c4fb]
Copyright (C) 2002-2022 Konrad-Zuse-Zentrum fuer Informationstechnik Berlin (ZIB)


Reading parameters from </home/mcs001/s145344/20221025/FullRecourseKEP/code/check/../settings/method1-complexFALSE-cyc3-chain4-liftTRUE-policy2.set>.

Changed settings:
misc/usesymmetry = 0
kidney/maxchainlength = 4

Setting time limit to 3600.
Setting memory limit to 24000.
Setting node limit to 2100000000.
Setting display frequency to 10000.

Reading the graph
Reading graph from file /home/mcs001/s145344/20221025/FullRecourseKEP/code/check/../../instances/KlimentovaInstances100/Klimentova_100_16.txt
Finding the cycles
Enumerating all cycles
Number of cycles: 2727

Finding the chains
Enumerating all chains
Chain length maximum: 4
Number of chains: 826521
Strengthening the node bounds
Find the triplets
Time needed to read graph and detecting cycles/chains/triplets:	0.52
Create the model
Time to create master model:	1.5
Solve the model
@99 Start master loop of trilevel optimization algorithm.
@98 masteriteration 1: objective value 49.000000.
@97 Set up Benders model 1.
time limit reached@05================================================================================
   ================================   STATISTICS   ================================
[suboptimal] terminated after 3994.790000 seconds (stage 2: 2579.510000, stage 3: 1.350000).

[patterns]
Used attack patterns:
@06================================================================================

SCIP Status        : problem creation / modification
Total Time         :       0.00
  reading          :       0.00
Original Problem   :
  Problem name     : name
  Variables        : 829349 (829348 binary, 0 integer, 0 implicit integer, 1 continuous)
  Constraints      : 201 initial, 201 maximal
  Objective        : maximize, 1 non-zeros (abs.min = 1, abs.max = 1)
Free the model
@04 1669304467
-----------------------------
Thu Nov 24 16:41:07 CET 2022
-----------------------------

=ready=
Linux mcs-computeA003 5.10.11-1.el7.elrepo.x86_64 #1 SMP Tue Jan 26 10:44:32 EST 2021 x86_64 x86_64 x86_64 GNU/Linux
@01 /home/mcs001/s145344/20221025/FullRecourseKEP/code/check/../../instances/KlimentovaInstances100/Klimentova_100_17.txt ===========
-----------------------------
Thu Nov 24 15:34:26 CET 2022
-----------------------------
@03 1669300466
/home/mcs001/s145344/20221025/FullRecourseKEP/code/check/../bin/fullrecoursekidney.linux.x86_64.gnu.opt.spx2 /home/mcs001/s145344/20221025/FullRecourseKEP/code/check/../../instances/KlimentovaInstances100/Klimentova_100_17.txt 4 -t 3600 -m 24000 -n 2100000000 -d 10000 -s /home/mcs001/s145344/20221025/FullRecourseKEP/code/check/../settings/method1-complexFALSE-cyc3-chain4-liftTRUE-policy2.set
SCIP version 8.0.2 [precision: 8 byte] [memory: block] [mode: optimized] [LP solver: Soplex 6.0.2] [GitHash: 5f0473c4fb]
Copyright (C) 2002-2022 Konrad-Zuse-Zentrum fuer Informationstechnik Berlin (ZIB)


Reading parameters from </home/mcs001/s145344/20221025/FullRecourseKEP/code/check/../settings/method1-complexFALSE-cyc3-chain4-liftTRUE-policy2.set>.

Changed settings:
misc/usesymmetry = 0
kidney/maxchainlength = 4

Setting time limit to 3600.
Setting memory limit to 24000.
Setting node limit to 2100000000.
Setting display frequency to 10000.

Reading the graph
Reading graph from file /home/mcs001/s145344/20221025/FullRecourseKEP/code/check/../../instances/KlimentovaInstances100/Klimentova_100_17.txt
Finding the cycles
Enumerating all cycles
Number of cycles: 1719

Finding the chains
Enumerating all chains
Chain length maximum: 4
Number of chains: 118522
Strengthening the node bounds
Find the triplets
Time needed to read graph and detecting cycles/chains/triplets:	0.07
Create the model
Time to create master model:	0.22
Solve the model
@99 Start master loop of trilevel optimization algorithm.
@98 masteriteration 1: objective value 44.000000.
@97 Set up Benders model 1.
Benders obj: 31.000000
Attack pattern: 
34 90 93 94 
@95 KEP objective: 39.000000
The recourse value 39.000000 of the currently considered attack pattern violates the master solution.
@96 Benders problem iteration 1: objective value 31.000000.
nattacks: 4
first attack: 34
@98 masteriteration 2: objective value 40.000000.
@97 Set up Benders model 2.
Benders obj: 30.000000
Attack pattern: 
34 38 39 42 
@95 KEP objective: 37.000000
The recourse value 37.000000 of the currently considered attack pattern violates the master solution.
@96 Benders problem iteration 2: objective value 30.000000.
nattacks: 4
first attack: 34
@98 masteriteration 3: objective value 39.000000.
@97 Set up Benders model 3.
Benders obj: 31.000000
Attack pattern: 
1 27 32 34 
@95 KEP objective: 37.000000
The recourse value 37.000000 of the currently considered attack pattern violates the master solution.
@96 Benders problem iteration 3: objective value 31.000000.
nattacks: 4
first attack: 1
time limit reached@05================================================================================
   ================================   STATISTICS   ================================
[suboptimal] terminated after 3605.900000 seconds (stage 2: 572.190000, stage 3: 0.530000).

[patterns]
Used attack patterns:
[scenario]    0:	      34      90      93      94
[scenario]    1:	      34      38      39      42
[scenario]    2:	       1      27      32      34
@06================================================================================

SCIP Status        : problem creation / modification
Total Time         :       0.00
  reading          :       0.00
Original Problem   :
  Problem name     : name
  Variables        : 481359 (481358 binary, 0 integer, 0 implicit integer, 1 continuous)
  Constraints      : 1092 initial, 1092 maximal
  Objective        : maximize, 1 non-zeros (abs.min = 1, abs.max = 1)
Free the model
@04 1669304077
-----------------------------
Thu Nov 24 16:34:37 CET 2022
-----------------------------

=ready=
Linux mcs-computeA003 5.10.11-1.el7.elrepo.x86_64 #1 SMP Tue Jan 26 10:44:32 EST 2021 x86_64 x86_64 x86_64 GNU/Linux
@01 /home/mcs001/s145344/20221025/FullRecourseKEP/code/check/../../instances/KlimentovaInstances100/Klimentova_100_18.txt ===========
-----------------------------
Thu Nov 24 15:34:26 CET 2022
-----------------------------
@03 1669300466
/home/mcs001/s145344/20221025/FullRecourseKEP/code/check/../bin/fullrecoursekidney.linux.x86_64.gnu.opt.spx2 /home/mcs001/s145344/20221025/FullRecourseKEP/code/check/../../instances/KlimentovaInstances100/Klimentova_100_18.txt 4 -t 3600 -m 24000 -n 2100000000 -d 10000 -s /home/mcs001/s145344/20221025/FullRecourseKEP/code/check/../settings/method1-complexFALSE-cyc3-chain4-liftTRUE-policy2.set
SCIP version 8.0.2 [precision: 8 byte] [memory: block] [mode: optimized] [LP solver: Soplex 6.0.2] [GitHash: 5f0473c4fb]
Copyright (C) 2002-2022 Konrad-Zuse-Zentrum fuer Informationstechnik Berlin (ZIB)


Reading parameters from </home/mcs001/s145344/20221025/FullRecourseKEP/code/check/../settings/method1-complexFALSE-cyc3-chain4-liftTRUE-policy2.set>.

Changed settings:
misc/usesymmetry = 0
kidney/maxchainlength = 4

Setting time limit to 3600.
Setting memory limit to 24000.
Setting node limit to 2100000000.
Setting display frequency to 10000.

Reading the graph
Reading graph from file /home/mcs001/s145344/20221025/FullRecourseKEP/code/check/../../instances/KlimentovaInstances100/Klimentova_100_18.txt
Finding the cycles
Enumerating all cycles
Number of cycles: 1271

Finding the chains
Enumerating all chains
Chain length maximum: 4
Number of chains: 1262551
Strengthening the node bounds
Find the triplets
Time needed to read graph and detecting cycles/chains/triplets:	0.86
Create the model
Time to create master model:	2.34
Solve the model
@99 Start master loop of trilevel optimization algorithm.
time limit reached@05================================================================================
   ================================   STATISTICS   ================================
[suboptimal] terminated after 3616.720000 seconds (stage 2: 0.000000, stage 3: 0.000000).

[patterns]
Used attack patterns:
@06================================================================================

SCIP Status        : problem creation / modification
Total Time         :       0.00
  reading          :       0.00
Original Problem   :
  Problem name     : name
  Variables        : 1263923 (1263922 binary, 0 integer, 0 implicit integer, 1 continuous)
  Constraints      : 201 initial, 201 maximal
  Objective        : maximize, 1 non-zeros (abs.min = 1, abs.max = 1)
Free the model
@04 1669304089
-----------------------------
Thu Nov 24 16:34:49 CET 2022
-----------------------------

=ready=
Linux mcs-computeA003 5.10.11-1.el7.elrepo.x86_64 #1 SMP Tue Jan 26 10:44:32 EST 2021 x86_64 x86_64 x86_64 GNU/Linux
@01 /home/mcs001/s145344/20221025/FullRecourseKEP/code/check/../../instances/KlimentovaInstances100/Klimentova_100_19.txt ===========
-----------------------------
Thu Nov 24 15:34:27 CET 2022
-----------------------------
@03 1669300467
/home/mcs001/s145344/20221025/FullRecourseKEP/code/check/../bin/fullrecoursekidney.linux.x86_64.gnu.opt.spx2 /home/mcs001/s145344/20221025/FullRecourseKEP/code/check/../../instances/KlimentovaInstances100/Klimentova_100_19.txt 4 -t 3600 -m 24000 -n 2100000000 -d 10000 -s /home/mcs001/s145344/20221025/FullRecourseKEP/code/check/../settings/method1-complexFALSE-cyc3-chain4-liftTRUE-policy2.set
SCIP version 8.0.2 [precision: 8 byte] [memory: block] [mode: optimized] [LP solver: Soplex 6.0.2] [GitHash: 5f0473c4fb]
Copyright (C) 2002-2022 Konrad-Zuse-Zentrum fuer Informationstechnik Berlin (ZIB)


Reading parameters from </home/mcs001/s145344/20221025/FullRecourseKEP/code/check/../settings/method1-complexFALSE-cyc3-chain4-liftTRUE-policy2.set>.

Changed settings:
misc/usesymmetry = 0
kidney/maxchainlength = 4

Setting time limit to 3600.
Setting memory limit to 24000.
Setting node limit to 2100000000.
Setting display frequency to 10000.

Reading the graph
Reading graph from file /home/mcs001/s145344/20221025/FullRecourseKEP/code/check/../../instances/KlimentovaInstances100/Klimentova_100_19.txt
Finding the cycles
Enumerating all cycles
Number of cycles: 4236

Finding the chains
Enumerating all chains
Chain length maximum: 4
Number of chains: 1248490
Strengthening the node bounds
Find the triplets
Time needed to read graph and detecting cycles/chains/triplets:	0.8
Create the model
Time to create master model:	2.28
Solve the model
@99 Start master loop of trilevel optimization algorithm.
@98 masteriteration 1: objective value 52.000000.
@97 Set up Benders model 1.
memory limit reached@05================================================================================
   ================================   STATISTICS   ================================
[suboptimal] terminated after 2047.810000 seconds (stage 2: 35.170000, stage 3: 2.440000).

[patterns]
Used attack patterns:
@06================================================================================

SCIP Status        : problem creation / modification
Total Time         :       0.00
  reading          :       0.00
Original Problem   :
  Problem name     : name
  Variables        : 1252827 (1252826 binary, 0 integer, 0 implicit integer, 1 continuous)
  Constraints      : 201 initial, 201 maximal
  Objective        : maximize, 1 non-zeros (abs.min = 1, abs.max = 1)
Free the model
@04 1669302519
-----------------------------
Thu Nov 24 16:08:39 CET 2022
-----------------------------

=ready=
Linux mcs-computeA001 5.10.11-1.el7.elrepo.x86_64 #1 SMP Tue Jan 26 10:44:32 EST 2021 x86_64 x86_64 x86_64 GNU/Linux
@01 /home/mcs001/s145344/20221025/FullRecourseKEP/code/check/../../instances/KlimentovaInstances100/Klimentova_100_20.txt ===========
-----------------------------
Thu Nov 24 15:34:32 CET 2022
-----------------------------
@03 1669300472
/home/mcs001/s145344/20221025/FullRecourseKEP/code/check/../bin/fullrecoursekidney.linux.x86_64.gnu.opt.spx2 /home/mcs001/s145344/20221025/FullRecourseKEP/code/check/../../instances/KlimentovaInstances100/Klimentova_100_20.txt 4 -t 3600 -m 24000 -n 2100000000 -d 10000 -s /home/mcs001/s145344/20221025/FullRecourseKEP/code/check/../settings/method1-complexFALSE-cyc3-chain4-liftTRUE-policy2.set
SCIP version 8.0.2 [precision: 8 byte] [memory: block] [mode: optimized] [LP solver: Soplex 6.0.2] [GitHash: 5f0473c4fb]
Copyright (C) 2002-2022 Konrad-Zuse-Zentrum fuer Informationstechnik Berlin (ZIB)


Reading parameters from </home/mcs001/s145344/20221025/FullRecourseKEP/code/check/../settings/method1-complexFALSE-cyc3-chain4-liftTRUE-policy2.set>.

Changed settings:
misc/usesymmetry = 0
kidney/maxchainlength = 4

Setting time limit to 3600.
Setting memory limit to 24000.
Setting node limit to 2100000000.
Setting display frequency to 10000.

Reading the graph
Reading graph from file /home/mcs001/s145344/20221025/FullRecourseKEP/code/check/../../instances/KlimentovaInstances100/Klimentova_100_20.txt
Finding the cycles
Enumerating all cycles
Number of cycles: 2917

Finding the chains
Enumerating all chains
Chain length maximum: 4
Number of chains: 1134941
Strengthening the node bounds
Find the triplets
Time needed to read graph and detecting cycles/chains/triplets:	0.89
Create the model
Time to create master model:	2.37
Solve the model
@99 Start master loop of trilevel optimization algorithm.
@98 masteriteration 1: objective value 54.000000.
@97 Set up Benders model 1.
memory limit reached@05================================================================================
   ================================   STATISTICS   ================================
[suboptimal] terminated after 2405.440000 seconds (stage 2: 108.570000, stage 3: 2.440000).

[patterns]
Used attack patterns:
@06================================================================================

SCIP Status        : problem creation / modification
Total Time         :       0.00
  reading          :       0.00
Original Problem   :
  Problem name     : name
  Variables        : 1137959 (1137958 binary, 0 integer, 0 implicit integer, 1 continuous)
  Constraints      : 201 initial, 201 maximal
  Objective        : maximize, 1 non-zeros (abs.min = 1, abs.max = 1)
Free the model
@04 1669302881
-----------------------------
Thu Nov 24 16:14:41 CET 2022
-----------------------------

=ready=
Linux mcs-computeA006 5.10.11-1.el7.elrepo.x86_64 #1 SMP Tue Jan 26 10:44:32 EST 2021 x86_64 x86_64 x86_64 GNU/Linux
@01 /home/mcs001/s145344/20221025/FullRecourseKEP/code/check/../../instances/KlimentovaInstances100/Klimentova_100_21.txt ===========
-----------------------------
Thu Nov 24 15:34:32 CET 2022
-----------------------------
@03 1669300472
/home/mcs001/s145344/20221025/FullRecourseKEP/code/check/../bin/fullrecoursekidney.linux.x86_64.gnu.opt.spx2 /home/mcs001/s145344/20221025/FullRecourseKEP/code/check/../../instances/KlimentovaInstances100/Klimentova_100_21.txt 4 -t 3600 -m 24000 -n 2100000000 -d 10000 -s /home/mcs001/s145344/20221025/FullRecourseKEP/code/check/../settings/method1-complexFALSE-cyc3-chain4-liftTRUE-policy2.set
SCIP version 8.0.2 [precision: 8 byte] [memory: block] [mode: optimized] [LP solver: Soplex 6.0.2] [GitHash: 5f0473c4fb]
Copyright (C) 2002-2022 Konrad-Zuse-Zentrum fuer Informationstechnik Berlin (ZIB)


Reading parameters from </home/mcs001/s145344/20221025/FullRecourseKEP/code/check/../settings/method1-complexFALSE-cyc3-chain4-liftTRUE-policy2.set>.

Changed settings:
misc/usesymmetry = 0
kidney/maxchainlength = 4

Setting time limit to 3600.
Setting memory limit to 24000.
Setting node limit to 2100000000.
Setting display frequency to 10000.

Reading the graph
Reading graph from file /home/mcs001/s145344/20221025/FullRecourseKEP/code/check/../../instances/KlimentovaInstances100/Klimentova_100_21.txt
Finding the cycles
Enumerating all cycles
Number of cycles: 2444

Finding the chains
Enumerating all chains
Chain length maximum: 4
Number of chains: 799806
Strengthening the node bounds
Find the triplets
Time needed to read graph and detecting cycles/chains/triplets:	0.49
Create the model
Time to create master model:	1.41
Solve the model
@99 Start master loop of trilevel optimization algorithm.
@98 masteriteration 1: objective value 55.000000.
@97 Set up Benders model 1.
time limit reached@05================================================================================
   ================================   STATISTICS   ================================
[suboptimal] terminated after 3873.560000 seconds (stage 2: 1784.070000, stage 3: 1.330000).

[patterns]
Used attack patterns:
@06================================================================================

SCIP Status        : problem creation / modification
Total Time         :       0.00
  reading          :       0.00
Original Problem   :
  Problem name     : name
  Variables        : 802351 (802350 binary, 0 integer, 0 implicit integer, 1 continuous)
  Constraints      : 201 initial, 201 maximal
  Objective        : maximize, 1 non-zeros (abs.min = 1, abs.max = 1)
Free the model
@04 1669304349
-----------------------------
Thu Nov 24 16:39:09 CET 2022
-----------------------------

=ready=
Linux mcs-computeA008 5.10.11-1.el7.elrepo.x86_64 #1 SMP Tue Jan 26 10:44:32 EST 2021 x86_64 x86_64 x86_64 GNU/Linux
@01 /home/mcs001/s145344/20221025/FullRecourseKEP/code/check/../../instances/KlimentovaInstances100/Klimentova_100_22.txt ===========
-----------------------------
Thu Nov 24 15:34:43 CET 2022
-----------------------------
@03 1669300483
/home/mcs001/s145344/20221025/FullRecourseKEP/code/check/../bin/fullrecoursekidney.linux.x86_64.gnu.opt.spx2 /home/mcs001/s145344/20221025/FullRecourseKEP/code/check/../../instances/KlimentovaInstances100/Klimentova_100_22.txt 4 -t 3600 -m 24000 -n 2100000000 -d 10000 -s /home/mcs001/s145344/20221025/FullRecourseKEP/code/check/../settings/method1-complexFALSE-cyc3-chain4-liftTRUE-policy2.set
SCIP version 8.0.2 [precision: 8 byte] [memory: block] [mode: optimized] [LP solver: Soplex 6.0.2] [GitHash: 5f0473c4fb]
Copyright (C) 2002-2022 Konrad-Zuse-Zentrum fuer Informationstechnik Berlin (ZIB)


Reading parameters from </home/mcs001/s145344/20221025/FullRecourseKEP/code/check/../settings/method1-complexFALSE-cyc3-chain4-liftTRUE-policy2.set>.

Changed settings:
misc/usesymmetry = 0
kidney/maxchainlength = 4

Setting time limit to 3600.
Setting memory limit to 24000.
Setting node limit to 2100000000.
Setting display frequency to 10000.

Reading the graph
Reading graph from file /home/mcs001/s145344/20221025/FullRecourseKEP/code/check/../../instances/KlimentovaInstances100/Klimentova_100_22.txt
Finding the cycles
Enumerating all cycles
Number of cycles: 2396

Finding the chains
Enumerating all chains
Chain length maximum: 4
Number of chains: 1327392
Strengthening the node bounds
Find the triplets
Time needed to read graph and detecting cycles/chains/triplets:	0.98
Create the model
Time to create master model:	2.7
Solve the model
@99 Start master loop of trilevel optimization algorithm.
@98 masteriteration 1: objective value 56.000000.
@97 Set up Benders model 1.
memory limit reached@05================================================================================
   ================================   STATISTICS   ================================
[suboptimal] terminated after 2627.920000 seconds (stage 2: 27.720000, stage 3: 1.660000).

[patterns]
Used attack patterns:
@06================================================================================

SCIP Status        : problem creation / modification
Total Time         :       0.00
  reading          :       0.00
Original Problem   :
  Problem name     : name
  Variables        : 1329889 (1329888 binary, 0 integer, 0 implicit integer, 1 continuous)
  Constraints      : 201 initial, 201 maximal
  Objective        : maximize, 1 non-zeros (abs.min = 1, abs.max = 1)
Free the model
@04 1669303113
-----------------------------
Thu Nov 24 16:18:33 CET 2022
-----------------------------

=ready=
Linux mcs-computeA010 5.10.11-1.el7.elrepo.x86_64 #1 SMP Tue Jan 26 10:44:32 EST 2021 x86_64 x86_64 x86_64 GNU/Linux
@01 /home/mcs001/s145344/20221025/FullRecourseKEP/code/check/../../instances/KlimentovaInstances100/Klimentova_100_23.txt ===========
-----------------------------
Thu Nov 24 15:34:51 CET 2022
-----------------------------
@03 1669300491
/home/mcs001/s145344/20221025/FullRecourseKEP/code/check/../bin/fullrecoursekidney.linux.x86_64.gnu.opt.spx2 /home/mcs001/s145344/20221025/FullRecourseKEP/code/check/../../instances/KlimentovaInstances100/Klimentova_100_23.txt 4 -t 3600 -m 24000 -n 2100000000 -d 10000 -s /home/mcs001/s145344/20221025/FullRecourseKEP/code/check/../settings/method1-complexFALSE-cyc3-chain4-liftTRUE-policy2.set
SCIP version 8.0.2 [precision: 8 byte] [memory: block] [mode: optimized] [LP solver: Soplex 6.0.2] [GitHash: 5f0473c4fb]
Copyright (C) 2002-2022 Konrad-Zuse-Zentrum fuer Informationstechnik Berlin (ZIB)


Reading parameters from </home/mcs001/s145344/20221025/FullRecourseKEP/code/check/../settings/method1-complexFALSE-cyc3-chain4-liftTRUE-policy2.set>.

Changed settings:
misc/usesymmetry = 0
kidney/maxchainlength = 4

Setting time limit to 3600.
Setting memory limit to 24000.
Setting node limit to 2100000000.
Setting display frequency to 10000.

Reading the graph
Reading graph from file /home/mcs001/s145344/20221025/FullRecourseKEP/code/check/../../instances/KlimentovaInstances100/Klimentova_100_23.txt
Finding the cycles
Enumerating all cycles
Number of cycles: 3288

Finding the chains
Enumerating all chains
Chain length maximum: 4
Number of chains: 313185
Strengthening the node bounds
Find the triplets
Time needed to read graph and detecting cycles/chains/triplets:	0.21
Create the model
Time to create master model:	0.63
Solve the model
@99 Start master loop of trilevel optimization algorithm.
@98 masteriteration 1: objective value 59.000000.
@97 Set up Benders model 1.
Benders obj: 45.000000
Attack pattern: 
15 43 56 87 
@95 KEP objective: 54.000000
The recourse value 54.000000 of the currently considered attack pattern violates the master solution.
@96 Benders problem iteration 1: objective value 45.000000.
nattacks: 4
first attack: 15
time limit reached@05================================================================================
   ================================   STATISTICS   ================================
[suboptimal] terminated after 3604.500000 seconds (stage 2: 2151.020000, stage 3: 0.530000).

[patterns]
Used attack patterns:
[scenario]    0:	      15      43      56      87
@06================================================================================

SCIP Status        : problem creation / modification
Total Time         :       0.00
  reading          :       0.00
Original Problem   :
  Problem name     : name
  Variables        : 633145 (633144 binary, 0 integer, 0 implicit integer, 1 continuous)
  Constraints      : 498 initial, 498 maximal
  Objective        : maximize, 1 non-zeros (abs.min = 1, abs.max = 1)
Free the model
@04 1669304112
-----------------------------
Thu Nov 24 16:35:12 CET 2022
-----------------------------

=ready=
Linux mcs-computeA008 5.10.11-1.el7.elrepo.x86_64 #1 SMP Tue Jan 26 10:44:32 EST 2021 x86_64 x86_64 x86_64 GNU/Linux
@01 /home/mcs001/s145344/20221025/FullRecourseKEP/code/check/../../instances/KlimentovaInstances100/Klimentova_100_24.txt ===========
-----------------------------
Thu Nov 24 15:35:07 CET 2022
-----------------------------
@03 1669300507
/home/mcs001/s145344/20221025/FullRecourseKEP/code/check/../bin/fullrecoursekidney.linux.x86_64.gnu.opt.spx2 /home/mcs001/s145344/20221025/FullRecourseKEP/code/check/../../instances/KlimentovaInstances100/Klimentova_100_24.txt 4 -t 3600 -m 24000 -n 2100000000 -d 10000 -s /home/mcs001/s145344/20221025/FullRecourseKEP/code/check/../settings/method1-complexFALSE-cyc3-chain4-liftTRUE-policy2.set
SCIP version 8.0.2 [precision: 8 byte] [memory: block] [mode: optimized] [LP solver: Soplex 6.0.2] [GitHash: 5f0473c4fb]
Copyright (C) 2002-2022 Konrad-Zuse-Zentrum fuer Informationstechnik Berlin (ZIB)


Reading parameters from </home/mcs001/s145344/20221025/FullRecourseKEP/code/check/../settings/method1-complexFALSE-cyc3-chain4-liftTRUE-policy2.set>.

Changed settings:
misc/usesymmetry = 0
kidney/maxchainlength = 4

Setting time limit to 3600.
Setting memory limit to 24000.
Setting node limit to 2100000000.
Setting display frequency to 10000.

Reading the graph
Reading graph from file /home/mcs001/s145344/20221025/FullRecourseKEP/code/check/../../instances/KlimentovaInstances100/Klimentova_100_24.txt
Finding the cycles
Enumerating all cycles
Number of cycles: 3309

Finding the chains
Enumerating all chains
Chain length maximum: 4
Number of chains: 1031586
Strengthening the node bounds
Find the triplets
Time needed to read graph and detecting cycles/chains/triplets:	0.8
Create the model
Time to create master model:	2.52
Solve the model
@99 Start master loop of trilevel optimization algorithm.
@98 masteriteration 1: objective value 49.000000.
@97 Set up Benders model 1.
memory limit reached@05================================================================================
   ================================   STATISTICS   ================================
[suboptimal] terminated after 2420.790000 seconds (stage 2: 143.560000, stage 3: 1.360000).

[patterns]
Used attack patterns:
@06================================================================================

SCIP Status        : problem creation / modification
Total Time         :       0.00
  reading          :       0.00
Original Problem   :
  Problem name     : name
  Variables        : 1034996 (1034995 binary, 0 integer, 0 implicit integer, 1 continuous)
  Constraints      : 201 initial, 201 maximal
  Objective        : maximize, 1 non-zeros (abs.min = 1, abs.max = 1)
Free the model
@04 1669302929
-----------------------------
Thu Nov 24 16:15:29 CET 2022
-----------------------------

=ready=
Linux mcs-computeA004 5.10.11-1.el7.elrepo.x86_64 #1 SMP Tue Jan 26 10:44:32 EST 2021 x86_64 x86_64 x86_64 GNU/Linux
@01 /home/mcs001/s145344/20221025/FullRecourseKEP/code/check/../../instances/KlimentovaInstances100/Klimentova_100_25.txt ===========
-----------------------------
Thu Nov 24 15:35:13 CET 2022
-----------------------------
@03 1669300513
/home/mcs001/s145344/20221025/FullRecourseKEP/code/check/../bin/fullrecoursekidney.linux.x86_64.gnu.opt.spx2 /home/mcs001/s145344/20221025/FullRecourseKEP/code/check/../../instances/KlimentovaInstances100/Klimentova_100_25.txt 4 -t 3600 -m 24000 -n 2100000000 -d 10000 -s /home/mcs001/s145344/20221025/FullRecourseKEP/code/check/../settings/method1-complexFALSE-cyc3-chain4-liftTRUE-policy2.set
SCIP version 8.0.2 [precision: 8 byte] [memory: block] [mode: optimized] [LP solver: Soplex 6.0.2] [GitHash: 5f0473c4fb]
Copyright (C) 2002-2022 Konrad-Zuse-Zentrum fuer Informationstechnik Berlin (ZIB)


Reading parameters from </home/mcs001/s145344/20221025/FullRecourseKEP/code/check/../settings/method1-complexFALSE-cyc3-chain4-liftTRUE-policy2.set>.

Changed settings:
misc/usesymmetry = 0
kidney/maxchainlength = 4

Setting time limit to 3600.
Setting memory limit to 24000.
Setting node limit to 2100000000.
Setting display frequency to 10000.

Reading the graph
Reading graph from file /home/mcs001/s145344/20221025/FullRecourseKEP/code/check/../../instances/KlimentovaInstances100/Klimentova_100_25.txt
Finding the cycles
Enumerating all cycles
Number of cycles: 3029

Finding the chains
Enumerating all chains
Chain length maximum: 4
Number of chains: 796797
Strengthening the node bounds
Find the triplets
Time needed to read graph and detecting cycles/chains/triplets:	0.55
Create the model
Time to create master model:	1.53
Solve the model
@99 Start master loop of trilevel optimization algorithm.
@98 masteriteration 1: objective value 48.000000.
@97 Set up Benders model 1.
time limit reached@05================================================================================
   ================================   STATISTICS   ================================
[suboptimal] terminated after 4077.460000 seconds (stage 2: 2935.670000, stage 3: 1.270000).

[patterns]
Used attack patterns:
@06================================================================================

SCIP Status        : problem creation / modification
Total Time         :       0.00
  reading          :       0.00
Original Problem   :
  Problem name     : name
  Variables        : 799927 (799926 binary, 0 integer, 0 implicit integer, 1 continuous)
  Constraints      : 201 initial, 201 maximal
  Objective        : maximize, 1 non-zeros (abs.min = 1, abs.max = 1)
Free the model
@04 1669304605
-----------------------------
Thu Nov 24 16:43:25 CET 2022
-----------------------------

=ready=
Linux mcs-computeA003 5.10.11-1.el7.elrepo.x86_64 #1 SMP Tue Jan 26 10:44:32 EST 2021 x86_64 x86_64 x86_64 GNU/Linux
@01 /home/mcs001/s145344/20221025/FullRecourseKEP/code/check/../../instances/KlimentovaInstances100/Klimentova_100_26.txt ===========
-----------------------------
Thu Nov 24 15:35:15 CET 2022
-----------------------------
@03 1669300515
/home/mcs001/s145344/20221025/FullRecourseKEP/code/check/../bin/fullrecoursekidney.linux.x86_64.gnu.opt.spx2 /home/mcs001/s145344/20221025/FullRecourseKEP/code/check/../../instances/KlimentovaInstances100/Klimentova_100_26.txt 4 -t 3600 -m 24000 -n 2100000000 -d 10000 -s /home/mcs001/s145344/20221025/FullRecourseKEP/code/check/../settings/method1-complexFALSE-cyc3-chain4-liftTRUE-policy2.set
SCIP version 8.0.2 [precision: 8 byte] [memory: block] [mode: optimized] [LP solver: Soplex 6.0.2] [GitHash: 5f0473c4fb]
Copyright (C) 2002-2022 Konrad-Zuse-Zentrum fuer Informationstechnik Berlin (ZIB)


Reading parameters from </home/mcs001/s145344/20221025/FullRecourseKEP/code/check/../settings/method1-complexFALSE-cyc3-chain4-liftTRUE-policy2.set>.

Changed settings:
misc/usesymmetry = 0
kidney/maxchainlength = 4

Setting time limit to 3600.
Setting memory limit to 24000.
Setting node limit to 2100000000.
Setting display frequency to 10000.

Reading the graph
Reading graph from file /home/mcs001/s145344/20221025/FullRecourseKEP/code/check/../../instances/KlimentovaInstances100/Klimentova_100_26.txt
Finding the cycles
Enumerating all cycles
Number of cycles: 3454

Finding the chains
Enumerating all chains
Chain length maximum: 4
Number of chains: 1953320
Strengthening the node bounds
Find the triplets
Time needed to read graph and detecting cycles/chains/triplets:	1.54
Create the model
Time to create master model:	3.64
Solve the model
@99 Start master loop of trilevel optimization algorithm.
time limit reached@05================================================================================
   ================================   STATISTICS   ================================
[suboptimal] terminated after 4197.270000 seconds (stage 2: 0.000000, stage 3: 0.000000).

[patterns]
Used attack patterns:
@06================================================================================

SCIP Status        : problem creation / modification
Total Time         :       0.00
  reading          :       0.00
Original Problem   :
  Problem name     : name
  Variables        : 1956875 (1956874 binary, 0 integer, 0 implicit integer, 1 continuous)
  Constraints      : 201 initial, 201 maximal
  Objective        : maximize, 1 non-zeros (abs.min = 1, abs.max = 1)
Free the model
@04 1669304720
-----------------------------
Thu Nov 24 16:45:20 CET 2022
-----------------------------

=ready=
Linux mcs-computeA005 5.10.11-1.el7.elrepo.x86_64 #1 SMP Tue Jan 26 10:44:32 EST 2021 x86_64 x86_64 x86_64 GNU/Linux
@01 /home/mcs001/s145344/20221025/FullRecourseKEP/code/check/../../instances/KlimentovaInstances100/Klimentova_100_27.txt ===========
-----------------------------
Thu Nov 24 15:35:24 CET 2022
-----------------------------
@03 1669300524
/home/mcs001/s145344/20221025/FullRecourseKEP/code/check/../bin/fullrecoursekidney.linux.x86_64.gnu.opt.spx2 /home/mcs001/s145344/20221025/FullRecourseKEP/code/check/../../instances/KlimentovaInstances100/Klimentova_100_27.txt 4 -t 3600 -m 24000 -n 2100000000 -d 10000 -s /home/mcs001/s145344/20221025/FullRecourseKEP/code/check/../settings/method1-complexFALSE-cyc3-chain4-liftTRUE-policy2.set
SCIP version 8.0.2 [precision: 8 byte] [memory: block] [mode: optimized] [LP solver: Soplex 6.0.2] [GitHash: 5f0473c4fb]
Copyright (C) 2002-2022 Konrad-Zuse-Zentrum fuer Informationstechnik Berlin (ZIB)


Reading parameters from </home/mcs001/s145344/20221025/FullRecourseKEP/code/check/../settings/method1-complexFALSE-cyc3-chain4-liftTRUE-policy2.set>.

Changed settings:
misc/usesymmetry = 0
kidney/maxchainlength = 4

Setting time limit to 3600.
Setting memory limit to 24000.
Setting node limit to 2100000000.
Setting display frequency to 10000.

Reading the graph
Reading graph from file /home/mcs001/s145344/20221025/FullRecourseKEP/code/check/../../instances/KlimentovaInstances100/Klimentova_100_27.txt
Finding the cycles
Enumerating all cycles
Number of cycles: 2009

Finding the chains
Enumerating all chains
Chain length maximum: 4
Number of chains: 993213
Strengthening the node bounds
Find the triplets
Time needed to read graph and detecting cycles/chains/triplets:	0.74
Create the model
Time to create master model:	2.06
Solve the model
@99 Start master loop of trilevel optimization algorithm.
@98 masteriteration 1: objective value 48.000000.
@97 Set up Benders model 1.
memory limit reached@05================================================================================
   ================================   STATISTICS   ================================
[suboptimal] terminated after 3734.920000 seconds (stage 2: 296.040000, stage 3: 2.050000).

[patterns]
Used attack patterns:
@06================================================================================

SCIP Status        : problem creation / modification
Total Time         :       0.00
  reading          :       0.00
Original Problem   :
  Problem name     : name
  Variables        : 995323 (995322 binary, 0 integer, 0 implicit integer, 1 continuous)
  Constraints      : 201 initial, 201 maximal
  Objective        : maximize, 1 non-zeros (abs.min = 1, abs.max = 1)
Free the model
@04 1669304274
-----------------------------
Thu Nov 24 16:37:54 CET 2022
-----------------------------

=ready=
Linux mcs-computeA001 5.10.11-1.el7.elrepo.x86_64 #1 SMP Tue Jan 26 10:44:32 EST 2021 x86_64 x86_64 x86_64 GNU/Linux
@01 /home/mcs001/s145344/20221025/FullRecourseKEP/code/check/../../instances/KlimentovaInstances100/Klimentova_100_28.txt ===========
-----------------------------
Thu Nov 24 15:35:28 CET 2022
-----------------------------
@03 1669300528
/home/mcs001/s145344/20221025/FullRecourseKEP/code/check/../bin/fullrecoursekidney.linux.x86_64.gnu.opt.spx2 /home/mcs001/s145344/20221025/FullRecourseKEP/code/check/../../instances/KlimentovaInstances100/Klimentova_100_28.txt 4 -t 3600 -m 24000 -n 2100000000 -d 10000 -s /home/mcs001/s145344/20221025/FullRecourseKEP/code/check/../settings/method1-complexFALSE-cyc3-chain4-liftTRUE-policy2.set
SCIP version 8.0.2 [precision: 8 byte] [memory: block] [mode: optimized] [LP solver: Soplex 6.0.2] [GitHash: 5f0473c4fb]
Copyright (C) 2002-2022 Konrad-Zuse-Zentrum fuer Informationstechnik Berlin (ZIB)


Reading parameters from </home/mcs001/s145344/20221025/FullRecourseKEP/code/check/../settings/method1-complexFALSE-cyc3-chain4-liftTRUE-policy2.set>.

Changed settings:
misc/usesymmetry = 0
kidney/maxchainlength = 4

Setting time limit to 3600.
Setting memory limit to 24000.
Setting node limit to 2100000000.
Setting display frequency to 10000.

Reading the graph
Reading graph from file /home/mcs001/s145344/20221025/FullRecourseKEP/code/check/../../instances/KlimentovaInstances100/Klimentova_100_28.txt
Finding the cycles
Enumerating all cycles
Number of cycles: 3887

Finding the chains
Enumerating all chains
Chain length maximum: 4
Number of chains: 1312427
Strengthening the node bounds
Find the triplets
Time needed to read graph and detecting cycles/chains/triplets:	0.83
Create the model
Time to create master model:	2.46
Solve the model
@99 Start master loop of trilevel optimization algorithm.
@98 masteriteration 1: objective value 64.000000.
@97 Set up Benders model 1.
memory limit reached@05================================================================================
   ================================   STATISTICS   ================================
[suboptimal] terminated after 2623.390000 seconds (stage 2: 41.950000, stage 3: 2.490000).

[patterns]
Used attack patterns:
@06================================================================================

SCIP Status        : problem creation / modification
Total Time         :       0.00
  reading          :       0.00
Original Problem   :
  Problem name     : name
  Variables        : 1316415 (1316414 binary, 0 integer, 0 implicit integer, 1 continuous)
  Constraints      : 201 initial, 201 maximal
  Objective        : maximize, 1 non-zeros (abs.min = 1, abs.max = 1)
Free the model
@04 1669303156
-----------------------------
Thu Nov 24 16:19:16 CET 2022
-----------------------------

=ready=
Linux mcs-computeA011 5.10.11-1.el7.elrepo.x86_64 #1 SMP Tue Jan 26 10:44:32 EST 2021 x86_64 x86_64 x86_64 GNU/Linux
@01 /home/mcs001/s145344/20221025/FullRecourseKEP/code/check/../../instances/KlimentovaInstances100/Klimentova_100_29.txt ===========
-----------------------------
Thu Nov 24 15:35:43 CET 2022
-----------------------------
@03 1669300543
/home/mcs001/s145344/20221025/FullRecourseKEP/code/check/../bin/fullrecoursekidney.linux.x86_64.gnu.opt.spx2 /home/mcs001/s145344/20221025/FullRecourseKEP/code/check/../../instances/KlimentovaInstances100/Klimentova_100_29.txt 4 -t 3600 -m 24000 -n 2100000000 -d 10000 -s /home/mcs001/s145344/20221025/FullRecourseKEP/code/check/../settings/method1-complexFALSE-cyc3-chain4-liftTRUE-policy2.set
SCIP version 8.0.2 [precision: 8 byte] [memory: block] [mode: optimized] [LP solver: Soplex 6.0.2] [GitHash: 5f0473c4fb]
Copyright (C) 2002-2022 Konrad-Zuse-Zentrum fuer Informationstechnik Berlin (ZIB)


Reading parameters from </home/mcs001/s145344/20221025/FullRecourseKEP/code/check/../settings/method1-complexFALSE-cyc3-chain4-liftTRUE-policy2.set>.

Changed settings:
misc/usesymmetry = 0
kidney/maxchainlength = 4

Setting time limit to 3600.
Setting memory limit to 24000.
Setting node limit to 2100000000.
Setting display frequency to 10000.

Reading the graph
Reading graph from file /home/mcs001/s145344/20221025/FullRecourseKEP/code/check/../../instances/KlimentovaInstances100/Klimentova_100_29.txt
Finding the cycles
Enumerating all cycles
Number of cycles: 3341

Finding the chains
Enumerating all chains
Chain length maximum: 4
Number of chains: 993256
Strengthening the node bounds
Find the triplets
Time needed to read graph and detecting cycles/chains/triplets:	0.78
Create the model
Time to create master model:	2.3
Solve the model
@99 Start master loop of trilevel optimization algorithm.
@98 masteriteration 1: objective value 58.000000.
@97 Set up Benders model 1.
memory limit reached@05================================================================================
   ================================   STATISTICS   ================================
[suboptimal] terminated after 2219.080000 seconds (stage 2: 429.420000, stage 3: 1.730000).

[patterns]
Used attack patterns:
@06================================================================================

SCIP Status        : problem creation / modification
Total Time         :       0.00
  reading          :       0.00
Original Problem   :
  Problem name     : name
  Variables        : 996698 (996697 binary, 0 integer, 0 implicit integer, 1 continuous)
  Constraints      : 201 initial, 201 maximal
  Objective        : maximize, 1 non-zeros (abs.min = 1, abs.max = 1)
Free the model
@04 1669302765
-----------------------------
Thu Nov 24 16:12:45 CET 2022
-----------------------------

=ready=
