
Linux mcs-computeA010 5.10.11-1.el7.elrepo.x86_64 #1 SMP Tue Jan 26 10:44:32 EST 2021 x86_64 x86_64 x86_64 GNU/Linux
@01 /home/mcs001/s145344/20221025/FullRecourseKEP/code/check/../../instances/KlimentovaInstances100/Klimentova_100_0.txt ===========
-----------------------------
Thu Nov 24 13:01:16 CET 2022
-----------------------------
@03 1669291276
/home/mcs001/s145344/20221025/FullRecourseKEP/code/check/../bin/fullrecoursekidney.linux.x86_64.gnu.opt.spx2 /home/mcs001/s145344/20221025/FullRecourseKEP/code/check/../../instances/KlimentovaInstances100/Klimentova_100_0.txt 1 -t 3600 -m 24000 -n 2100000000 -d 10000 -s /home/mcs001/s145344/20221025/FullRecourseKEP/code/check/../settings/method1-complexFALSE-cyc4-chain4-liftTRUE-policy2.set
SCIP version 8.0.2 [precision: 8 byte] [memory: block] [mode: optimized] [LP solver: Soplex 6.0.2] [GitHash: 5f0473c4fb]
Copyright (C) 2002-2022 Konrad-Zuse-Zentrum fuer Informationstechnik Berlin (ZIB)


Reading parameters from </home/mcs001/s145344/20221025/FullRecourseKEP/code/check/../settings/method1-complexFALSE-cyc4-chain4-liftTRUE-policy2.set>.

Changed settings:
misc/usesymmetry = 0
kidney/maxcyclelength = 4
kidney/maxchainlength = 4

Setting time limit to 3600.
Setting memory limit to 24000.
Setting node limit to 2100000000.
Setting display frequency to 10000.

Reading the graph
Reading graph from file /home/mcs001/s145344/20221025/FullRecourseKEP/code/check/../../instances/KlimentovaInstances100/Klimentova_100_0.txt
Finding the cycles
Enumerating all cycles
Number of cycles: 16463

Finding the chains
Enumerating all chains
Chain length maximum: 4
Number of chains: 415257
Strengthening the node bounds
Find the triplets
Time needed to read graph and detecting cycles/chains/triplets:	0.24
Create the model
Time to create master model:	0.79
Solve the model
@99 Start master loop of trilevel optimization algorithm.
@98 masteriteration 1: objective value 43.000000.
@97 Set up Benders model 1.
Benders obj: 39.000000
Attack pattern: 
27 
@95 KEP objective: 42.000000
The recourse value 42.000000 of the currently considered attack pattern violates the master solution.
@96 Benders problem iteration 1: objective value 39.000000.
nattacks: 1
first attack: 27
time limit reached@05================================================================================
   ================================   STATISTICS   ================================
[suboptimal] terminated after 3606.870000 seconds (stage 2: 1481.250000, stage 3: 0.760000).

[patterns]
Used attack patterns:
[scenario]    0:	      27
@06================================================================================

SCIP Status        : problem creation / modification
Total Time         :       0.00
  reading          :       0.00
Original Problem   :
  Problem name     : name
  Variables        : 863638 (863637 binary, 0 integer, 0 implicit integer, 1 continuous)
  Constraints      : 496 initial, 496 maximal
  Objective        : maximize, 1 non-zeros (abs.min = 1, abs.max = 1)
Free the model
@04 1669294887
-----------------------------
Thu Nov 24 14:01:27 CET 2022
-----------------------------

=ready=
Linux mcs-computeA010 5.10.11-1.el7.elrepo.x86_64 #1 SMP Tue Jan 26 10:44:32 EST 2021 x86_64 x86_64 x86_64 GNU/Linux
@01 /home/mcs001/s145344/20221025/FullRecourseKEP/code/check/../../instances/KlimentovaInstances100/Klimentova_100_1.txt ===========
-----------------------------
Thu Nov 24 13:01:16 CET 2022
-----------------------------
@03 1669291276
/home/mcs001/s145344/20221025/FullRecourseKEP/code/check/../bin/fullrecoursekidney.linux.x86_64.gnu.opt.spx2 /home/mcs001/s145344/20221025/FullRecourseKEP/code/check/../../instances/KlimentovaInstances100/Klimentova_100_1.txt 1 -t 3600 -m 24000 -n 2100000000 -d 10000 -s /home/mcs001/s145344/20221025/FullRecourseKEP/code/check/../settings/method1-complexFALSE-cyc4-chain4-liftTRUE-policy2.set
SCIP version 8.0.2 [precision: 8 byte] [memory: block] [mode: optimized] [LP solver: Soplex 6.0.2] [GitHash: 5f0473c4fb]
Copyright (C) 2002-2022 Konrad-Zuse-Zentrum fuer Informationstechnik Berlin (ZIB)


Reading parameters from </home/mcs001/s145344/20221025/FullRecourseKEP/code/check/../settings/method1-complexFALSE-cyc4-chain4-liftTRUE-policy2.set>.

Changed settings:
misc/usesymmetry = 0
kidney/maxcyclelength = 4
kidney/maxchainlength = 4

Setting time limit to 3600.
Setting memory limit to 24000.
Setting node limit to 2100000000.
Setting display frequency to 10000.

Reading the graph
Reading graph from file /home/mcs001/s145344/20221025/FullRecourseKEP/code/check/../../instances/KlimentovaInstances100/Klimentova_100_1.txt
Finding the cycles
Enumerating all cycles
Number of cycles: 12889

Finding the chains
Enumerating all chains
Chain length maximum: 4
Number of chains: 1144552
Strengthening the node bounds
Find the triplets
Time needed to read graph and detecting cycles/chains/triplets:	0.72
Create the model
Time to create master model:	2.21
Solve the model
@99 Start master loop of trilevel optimization algorithm.
@98 masteriteration 1: objective value 47.000000.
@97 Set up Benders model 1.
memory limit reached@05================================================================================
   ================================   STATISTICS   ================================
[suboptimal] terminated after 2279.210000 seconds (stage 2: 88.070000, stage 3: 2.020000).

[patterns]
Used attack patterns:
@06================================================================================

SCIP Status        : problem creation / modification
Total Time         :       0.00
  reading          :       0.00
Original Problem   :
  Problem name     : name
  Variables        : 1157542 (1157541 binary, 0 integer, 0 implicit integer, 1 continuous)
  Constraints      : 201 initial, 201 maximal
  Objective        : maximize, 1 non-zeros (abs.min = 1, abs.max = 1)
Free the model
@04 1669293558
-----------------------------
Thu Nov 24 13:39:18 CET 2022
-----------------------------

=ready=
Linux mcs-computeA010 5.10.11-1.el7.elrepo.x86_64 #1 SMP Tue Jan 26 10:44:32 EST 2021 x86_64 x86_64 x86_64 GNU/Linux
@01 /home/mcs001/s145344/20221025/FullRecourseKEP/code/check/../../instances/KlimentovaInstances100/Klimentova_100_2.txt ===========
-----------------------------
Thu Nov 24 13:01:16 CET 2022
-----------------------------
@03 1669291276
/home/mcs001/s145344/20221025/FullRecourseKEP/code/check/../bin/fullrecoursekidney.linux.x86_64.gnu.opt.spx2 /home/mcs001/s145344/20221025/FullRecourseKEP/code/check/../../instances/KlimentovaInstances100/Klimentova_100_2.txt 1 -t 3600 -m 24000 -n 2100000000 -d 10000 -s /home/mcs001/s145344/20221025/FullRecourseKEP/code/check/../settings/method1-complexFALSE-cyc4-chain4-liftTRUE-policy2.set
SCIP version 8.0.2 [precision: 8 byte] [memory: block] [mode: optimized] [LP solver: Soplex 6.0.2] [GitHash: 5f0473c4fb]
Copyright (C) 2002-2022 Konrad-Zuse-Zentrum fuer Informationstechnik Berlin (ZIB)


Reading parameters from </home/mcs001/s145344/20221025/FullRecourseKEP/code/check/../settings/method1-complexFALSE-cyc4-chain4-liftTRUE-policy2.set>.

Changed settings:
misc/usesymmetry = 0
kidney/maxcyclelength = 4
kidney/maxchainlength = 4

Setting time limit to 3600.
Setting memory limit to 24000.
Setting node limit to 2100000000.
Setting display frequency to 10000.

Reading the graph
Reading graph from file /home/mcs001/s145344/20221025/FullRecourseKEP/code/check/../../instances/KlimentovaInstances100/Klimentova_100_2.txt
Finding the cycles
Enumerating all cycles
Number of cycles: 37929

Finding the chains
Enumerating all chains
Chain length maximum: 4
Number of chains: 111945
Strengthening the node bounds
Find the triplets
Time needed to read graph and detecting cycles/chains/triplets:	0.09
Create the model
Time to create master model:	0.24
Solve the model
@99 Start master loop of trilevel optimization algorithm.
@98 masteriteration 1: objective value 48.000000.
@97 Set up Benders model 1.
Benders obj: 44.000000
Attack pattern: 
42 
@95 KEP objective: 47.000000
The recourse value 47.000000 of the currently considered attack pattern violates the master solution.
@96 Benders problem iteration 1: objective value 44.000000.
nattacks: 1
first attack: 42
@98 masteriteration 2: objective value 47.000000.
@97 Set up Benders model 2.
Benders obj: 44.000000
Attack pattern: 
0 
@95 KEP objective: 46.000000
The recourse value 46.000000 of the currently considered attack pattern violates the master solution.
@96 Benders problem iteration 2: objective value 44.000000.
nattacks: 1
first attack: 0
@98 masteriteration 3: objective value 46.000000.
@97 Set up Benders model 3.
Benders obj: 44.000000
Attack pattern: 
97 
@95 KEP objective: 46.000000
Benders obj: 44.000000
Attack pattern: 
25 
@95 KEP objective: 47.000000
Benders obj: 44.000000
Attack pattern: 
1 
@95 KEP objective: 45.000000
The recourse value 45.000000 of the currently considered attack pattern violates the master solution.
@96 Benders problem iteration 3: objective value 44.000000.
nattacks: 1
first attack: 1
time limit reached@05================================================================================
   ================================   STATISTICS   ================================
[suboptimal] terminated after 3603.490000 seconds (stage 2: 1569.520000, stage 3: 30.910000).

[patterns]
Used attack patterns:
[scenario]    0:	      42
[scenario]    1:	       0
[scenario]    2:	       1
@06================================================================================

SCIP Status        : problem creation / modification
Total Time         :       0.00
  reading          :       0.00
Original Problem   :
  Problem name     : name
  Variables        : 599894 (599893 binary, 0 integer, 0 implicit integer, 1 continuous)
  Constraints      : 1098 initial, 1098 maximal
  Objective        : maximize, 1 non-zeros (abs.min = 1, abs.max = 1)
Free the model
@04 1669294884
-----------------------------
Thu Nov 24 14:01:24 CET 2022
-----------------------------

=ready=
Linux mcs-computeA010 5.10.11-1.el7.elrepo.x86_64 #1 SMP Tue Jan 26 10:44:32 EST 2021 x86_64 x86_64 x86_64 GNU/Linux
@01 /home/mcs001/s145344/20221025/FullRecourseKEP/code/check/../../instances/KlimentovaInstances100/Klimentova_100_3.txt ===========
-----------------------------
Thu Nov 24 13:01:16 CET 2022
-----------------------------
@03 1669291276
/home/mcs001/s145344/20221025/FullRecourseKEP/code/check/../bin/fullrecoursekidney.linux.x86_64.gnu.opt.spx2 /home/mcs001/s145344/20221025/FullRecourseKEP/code/check/../../instances/KlimentovaInstances100/Klimentova_100_3.txt 1 -t 3600 -m 24000 -n 2100000000 -d 10000 -s /home/mcs001/s145344/20221025/FullRecourseKEP/code/check/../settings/method1-complexFALSE-cyc4-chain4-liftTRUE-policy2.set
SCIP version 8.0.2 [precision: 8 byte] [memory: block] [mode: optimized] [LP solver: Soplex 6.0.2] [GitHash: 5f0473c4fb]
Copyright (C) 2002-2022 Konrad-Zuse-Zentrum fuer Informationstechnik Berlin (ZIB)


Reading parameters from </home/mcs001/s145344/20221025/FullRecourseKEP/code/check/../settings/method1-complexFALSE-cyc4-chain4-liftTRUE-policy2.set>.

Changed settings:
misc/usesymmetry = 0
kidney/maxcyclelength = 4
kidney/maxchainlength = 4

Setting time limit to 3600.
Setting memory limit to 24000.
Setting node limit to 2100000000.
Setting display frequency to 10000.

Reading the graph
Reading graph from file /home/mcs001/s145344/20221025/FullRecourseKEP/code/check/../../instances/KlimentovaInstances100/Klimentova_100_3.txt
Finding the cycles
Enumerating all cycles
Number of cycles: 26165

Finding the chains
Enumerating all chains
Chain length maximum: 4
Number of chains: 1528644
Strengthening the node bounds
Find the triplets
Time needed to read graph and detecting cycles/chains/triplets:	1.02
Create the model
Time to create master model:	2.91
Solve the model
@99 Start master loop of trilevel optimization algorithm.
time limit reached@05================================================================================
   ================================   STATISTICS   ================================
[suboptimal] terminated after 3692.500000 seconds (stage 2: 0.000000, stage 3: 0.000000).

[patterns]
Used attack patterns:
@06================================================================================

SCIP Status        : problem creation / modification
Total Time         :       0.00
  reading          :       0.00
Original Problem   :
  Problem name     : name
  Variables        : 1554910 (1554909 binary, 0 integer, 0 implicit integer, 1 continuous)
  Constraints      : 201 initial, 201 maximal
  Objective        : maximize, 1 non-zeros (abs.min = 1, abs.max = 1)
Free the model
@04 1669294974
-----------------------------
Thu Nov 24 14:02:54 CET 2022
-----------------------------

=ready=
Linux mcs-computeA010 5.10.11-1.el7.elrepo.x86_64 #1 SMP Tue Jan 26 10:44:32 EST 2021 x86_64 x86_64 x86_64 GNU/Linux
@01 /home/mcs001/s145344/20221025/FullRecourseKEP/code/check/../../instances/KlimentovaInstances100/Klimentova_100_4.txt ===========
-----------------------------
Thu Nov 24 13:01:17 CET 2022
-----------------------------
@03 1669291277
/home/mcs001/s145344/20221025/FullRecourseKEP/code/check/../bin/fullrecoursekidney.linux.x86_64.gnu.opt.spx2 /home/mcs001/s145344/20221025/FullRecourseKEP/code/check/../../instances/KlimentovaInstances100/Klimentova_100_4.txt 1 -t 3600 -m 24000 -n 2100000000 -d 10000 -s /home/mcs001/s145344/20221025/FullRecourseKEP/code/check/../settings/method1-complexFALSE-cyc4-chain4-liftTRUE-policy2.set
SCIP version 8.0.2 [precision: 8 byte] [memory: block] [mode: optimized] [LP solver: Soplex 6.0.2] [GitHash: 5f0473c4fb]
Copyright (C) 2002-2022 Konrad-Zuse-Zentrum fuer Informationstechnik Berlin (ZIB)


Reading parameters from </home/mcs001/s145344/20221025/FullRecourseKEP/code/check/../settings/method1-complexFALSE-cyc4-chain4-liftTRUE-policy2.set>.

Changed settings:
misc/usesymmetry = 0
kidney/maxcyclelength = 4
kidney/maxchainlength = 4

Setting time limit to 3600.
Setting memory limit to 24000.
Setting node limit to 2100000000.
Setting display frequency to 10000.

Reading the graph
Reading graph from file /home/mcs001/s145344/20221025/FullRecourseKEP/code/check/../../instances/KlimentovaInstances100/Klimentova_100_4.txt
Finding the cycles
Enumerating all cycles
Number of cycles: 26420

Finding the chains
Enumerating all chains
Chain length maximum: 4
Number of chains: 935073
Strengthening the node bounds
Find the triplets
Time needed to read graph and detecting cycles/chains/triplets:	0.68
Create the model
Time to create master model:	1.86
Solve the model
@99 Start master loop of trilevel optimization algorithm.
@98 masteriteration 1: objective value 62.000000.
@97 Set up Benders model 1.
memory limit reached@05================================================================================
   ================================   STATISTICS   ================================
[suboptimal] terminated after 3019.920000 seconds (stage 2: 1181.760000, stage 3: 1.970000).

[patterns]
Used attack patterns:
@06================================================================================

SCIP Status        : problem creation / modification
Total Time         :       0.00
  reading          :       0.00
Original Problem   :
  Problem name     : name
  Variables        : 961594 (961593 binary, 0 integer, 0 implicit integer, 1 continuous)
  Constraints      : 201 initial, 201 maximal
  Objective        : maximize, 1 non-zeros (abs.min = 1, abs.max = 1)
Free the model
@04 1669294299
-----------------------------
Thu Nov 24 13:51:39 CET 2022
-----------------------------

=ready=
Linux mcs-computeA010 5.10.11-1.el7.elrepo.x86_64 #1 SMP Tue Jan 26 10:44:32 EST 2021 x86_64 x86_64 x86_64 GNU/Linux
@01 /home/mcs001/s145344/20221025/FullRecourseKEP/code/check/../../instances/KlimentovaInstances100/Klimentova_100_5.txt ===========
-----------------------------
Thu Nov 24 13:01:16 CET 2022
-----------------------------
@03 1669291276
/home/mcs001/s145344/20221025/FullRecourseKEP/code/check/../bin/fullrecoursekidney.linux.x86_64.gnu.opt.spx2 /home/mcs001/s145344/20221025/FullRecourseKEP/code/check/../../instances/KlimentovaInstances100/Klimentova_100_5.txt 1 -t 3600 -m 24000 -n 2100000000 -d 10000 -s /home/mcs001/s145344/20221025/FullRecourseKEP/code/check/../settings/method1-complexFALSE-cyc4-chain4-liftTRUE-policy2.set
SCIP version 8.0.2 [precision: 8 byte] [memory: block] [mode: optimized] [LP solver: Soplex 6.0.2] [GitHash: 5f0473c4fb]
Copyright (C) 2002-2022 Konrad-Zuse-Zentrum fuer Informationstechnik Berlin (ZIB)


Reading parameters from </home/mcs001/s145344/20221025/FullRecourseKEP/code/check/../settings/method1-complexFALSE-cyc4-chain4-liftTRUE-policy2.set>.

Changed settings:
misc/usesymmetry = 0
kidney/maxcyclelength = 4
kidney/maxchainlength = 4

Setting time limit to 3600.
Setting memory limit to 24000.
Setting node limit to 2100000000.
Setting display frequency to 10000.

Reading the graph
Reading graph from file /home/mcs001/s145344/20221025/FullRecourseKEP/code/check/../../instances/KlimentovaInstances100/Klimentova_100_5.txt
Finding the cycles
Enumerating all cycles
Number of cycles: 17405

Finding the chains
Enumerating all chains
Chain length maximum: 4
Number of chains: 677587
Strengthening the node bounds
Find the triplets
Time needed to read graph and detecting cycles/chains/triplets:	0.43
Create the model
Time to create master model:	1.21
Solve the model
@99 Start master loop of trilevel optimization algorithm.
@98 masteriteration 1: objective value 39.000000.
@97 Set up Benders model 1.
time limit reached@05================================================================================
   ================================   STATISTICS   ================================
[suboptimal] terminated after 3802.360000 seconds (stage 2: 2477.120000, stage 3: 1.140000).

[patterns]
Used attack patterns:
@06================================================================================

SCIP Status        : problem creation / modification
Total Time         :       0.00
  reading          :       0.00
Original Problem   :
  Problem name     : name
  Variables        : 695093 (695092 binary, 0 integer, 0 implicit integer, 1 continuous)
  Constraints      : 201 initial, 201 maximal
  Objective        : maximize, 1 non-zeros (abs.min = 1, abs.max = 1)
Free the model
@04 1669295083
-----------------------------
Thu Nov 24 14:04:43 CET 2022
-----------------------------

=ready=
Linux mcs-computeA002 5.10.11-1.el7.elrepo.x86_64 #1 SMP Tue Jan 26 10:44:32 EST 2021 x86_64 x86_64 x86_64 GNU/Linux
@01 /home/mcs001/s145344/20221025/FullRecourseKEP/code/check/../../instances/KlimentovaInstances100/Klimentova_100_6.txt ===========
-----------------------------
Wed Nov  2 01:20:01 CET 2022
-----------------------------
@03 1667348401
/home/mcs001/s145344/20221025/FullRecourseKEP/code/check/../bin/fullrecoursekidney.linux.x86_64.gnu.opt.spx2 /home/mcs001/s145344/20221025/FullRecourseKEP/code/check/../../instances/KlimentovaInstances100/Klimentova_100_6.txt 1 -t 3600 -m 24000 -n 2100000000 -d 10000 -s /home/mcs001/s145344/20221025/FullRecourseKEP/code/check/../settings/method1-complexFALSE-cyc4-chain4-liftTRUE-policy2.set
SCIP version 8.0.2 [precision: 8 byte] [memory: block] [mode: optimized] [LP solver: Soplex 6.0.2] [GitHash: 5f0473c4fb]
Copyright (C) 2002-2022 Konrad-Zuse-Zentrum fuer Informationstechnik Berlin (ZIB)


Reading parameters from </home/mcs001/s145344/20221025/FullRecourseKEP/code/check/../settings/method1-complexFALSE-cyc4-chain4-liftTRUE-policy2.set>.

Changed settings:
misc/usesymmetry = 0
kidney/maxcyclelength = 4
kidney/maxchainlength = 4

Setting time limit to 3600.
Setting memory limit to 24000.
Setting node limit to 2100000000.
Setting display frequency to 10000.

Reading the graph
Reading graph from file /home/mcs001/s145344/20221025/FullRecourseKEP/code/check/../../instances/KlimentovaInstances100/Klimentova_100_6.txt
Finding the cycles
Enumerating all cycles
Number of cycles: 6558

Finding the chains
Enumerating all chains
Chain length maximum: 4
Number of chains: 49780
Strengthening the node bounds
Find the triplets
Time needed to read graph and detecting cycles/chains/triplets:	0.03
Create the model
Time to create master model:	0.06
Solve the model
@99 Start master loop of trilevel optimization algorithm.
@98 masteriteration 1: objective value 41.000000.
@97 Set up Benders model 1.
Benders obj: 37.000000
Attack pattern: 
50 
@95 KEP objective: 39.000000
The recourse value 39.000000 of the currently considered attack pattern violates the master solution.
@96 Benders problem iteration 1: objective value 37.000000.
nattacks: 1
first attack: 50
@98 masteriteration 2: objective value 40.000000.
@97 Set up Benders model 2.
Benders obj: 36.000000
Attack pattern: 
84 
@95 KEP objective: 39.000000
The recourse value 39.000000 of the currently considered attack pattern violates the master solution.
@96 Benders problem iteration 2: objective value 36.000000.
nattacks: 1
first attack: 84
@98 masteriteration 3: objective value 39.000000.
@97 Set up Benders model 3.
Benders obj: 36.000000
Attack pattern: 
61 
@95 KEP objective: 39.000000
Benders obj: 36.000000
Attack pattern: 
38 
@95 KEP objective: 36.000000
The recourse value 36.000000 of the currently considered attack pattern violates the master solution.
@96 Benders problem iteration 3: objective value 36.000000.
nattacks: 1
first attack: 38
@98 masteriteration 4: objective value 39.000000.
@97 Set up Benders model 4.
Benders obj: 37.000000
Attack pattern: 
3 
@95 KEP objective: 40.000000
Benders obj: 37.000000
Attack pattern: 
61 
@95 KEP objective: 40.000000
Benders obj: 37.000000
Attack pattern: 
88 
@95 KEP objective: 37.000000
The recourse value 37.000000 of the currently considered attack pattern violates the master solution.
@96 Benders problem iteration 4: objective value 37.000000.
nattacks: 1
first attack: 88
@98 masteriteration 5: objective value 38.000000.
@97 Set up Benders model 5.
Benders obj: 36.000000
Attack pattern: 
0 
@95 KEP objective: 39.000000
Benders obj: 36.000000
Attack pattern: 
98 
@95 KEP objective: 38.000000
Benders obj: 36.000000
Attack pattern: 
61 
@95 KEP objective: 39.000000
Benders obj: 36.000000
Attack pattern: 
67 
@95 KEP objective: 37.000000
The recourse value 37.000000 of the currently considered attack pattern violates the master solution.
@96 Benders problem iteration 5: objective value 36.000000.
nattacks: 1
first attack: 67
time limit reached@05================================================================================
   ================================   STATISTICS   ================================
[suboptimal] terminated after 3602.970000 seconds (stage 2: 374.590000, stage 3: 14.580000).

[patterns]
Used attack patterns:
[scenario]    0:	      50
[scenario]    1:	      84
[scenario]    2:	      38
[scenario]    3:	      88
[scenario]    4:	      67
@06================================================================================

SCIP Status        : problem creation / modification
Total Time         :       0.00
  reading          :       0.00
Original Problem   :
  Problem name     : name
  Variables        : 338619 (338618 binary, 0 integer, 0 implicit integer, 1 continuous)
  Constraints      : 1686 initial, 1686 maximal
  Objective        : maximize, 1 non-zeros (abs.min = 1, abs.max = 1)
Free the model
@04 1667352004
-----------------------------
Wed Nov  2 02:20:04 CET 2022
-----------------------------

=ready=
Linux mcs-computeA010 5.10.11-1.el7.elrepo.x86_64 #1 SMP Tue Jan 26 10:44:32 EST 2021 x86_64 x86_64 x86_64 GNU/Linux
@01 /home/mcs001/s145344/20221025/FullRecourseKEP/code/check/../../instances/KlimentovaInstances100/Klimentova_100_7.txt ===========
-----------------------------
Thu Nov 24 13:01:16 CET 2022
-----------------------------
@03 1669291276
/home/mcs001/s145344/20221025/FullRecourseKEP/code/check/../bin/fullrecoursekidney.linux.x86_64.gnu.opt.spx2 /home/mcs001/s145344/20221025/FullRecourseKEP/code/check/../../instances/KlimentovaInstances100/Klimentova_100_7.txt 1 -t 3600 -m 24000 -n 2100000000 -d 10000 -s /home/mcs001/s145344/20221025/FullRecourseKEP/code/check/../settings/method1-complexFALSE-cyc4-chain4-liftTRUE-policy2.set
SCIP version 8.0.2 [precision: 8 byte] [memory: block] [mode: optimized] [LP solver: Soplex 6.0.2] [GitHash: 5f0473c4fb]
Copyright (C) 2002-2022 Konrad-Zuse-Zentrum fuer Informationstechnik Berlin (ZIB)


Reading parameters from </home/mcs001/s145344/20221025/FullRecourseKEP/code/check/../settings/method1-complexFALSE-cyc4-chain4-liftTRUE-policy2.set>.

Changed settings:
misc/usesymmetry = 0
kidney/maxcyclelength = 4
kidney/maxchainlength = 4

Setting time limit to 3600.
Setting memory limit to 24000.
Setting node limit to 2100000000.
Setting display frequency to 10000.

Reading the graph
Reading graph from file /home/mcs001/s145344/20221025/FullRecourseKEP/code/check/../../instances/KlimentovaInstances100/Klimentova_100_7.txt
Finding the cycles
Enumerating all cycles
Number of cycles: 156324

Finding the chains
Enumerating all chains
Chain length maximum: 4
Number of chains: 3235101
Strengthening the node bounds
Find the triplets
Time needed to read graph and detecting cycles/chains/triplets:	2.31
Create the model
Time to create master model:	6.45
Solve the model
@99 Start master loop of trilevel optimization algorithm.
time limit reached@05================================================================================
   ================================   STATISTICS   ================================
[suboptimal] terminated after 5823.090000 seconds (stage 2: 0.000000, stage 3: 0.000000).

[patterns]
Used attack patterns:
@06================================================================================

SCIP Status        : problem creation / modification
Total Time         :       0.00
  reading          :       0.00
Original Problem   :
  Problem name     : name
  Variables        : 3391526 (3391525 binary, 0 integer, 0 implicit integer, 1 continuous)
  Constraints      : 201 initial, 201 maximal
  Objective        : maximize, 1 non-zeros (abs.min = 1, abs.max = 1)
Free the model
@04 1669297108
-----------------------------
Thu Nov 24 14:38:28 CET 2022
-----------------------------

=ready=
Linux mcs-computeA010 5.10.11-1.el7.elrepo.x86_64 #1 SMP Tue Jan 26 10:44:32 EST 2021 x86_64 x86_64 x86_64 GNU/Linux
@01 /home/mcs001/s145344/20221025/FullRecourseKEP/code/check/../../instances/KlimentovaInstances100/Klimentova_100_8.txt ===========
-----------------------------
Thu Nov 24 13:01:16 CET 2022
-----------------------------
@03 1669291276
/home/mcs001/s145344/20221025/FullRecourseKEP/code/check/../bin/fullrecoursekidney.linux.x86_64.gnu.opt.spx2 /home/mcs001/s145344/20221025/FullRecourseKEP/code/check/../../instances/KlimentovaInstances100/Klimentova_100_8.txt 1 -t 3600 -m 24000 -n 2100000000 -d 10000 -s /home/mcs001/s145344/20221025/FullRecourseKEP/code/check/../settings/method1-complexFALSE-cyc4-chain4-liftTRUE-policy2.set
SCIP version 8.0.2 [precision: 8 byte] [memory: block] [mode: optimized] [LP solver: Soplex 6.0.2] [GitHash: 5f0473c4fb]
Copyright (C) 2002-2022 Konrad-Zuse-Zentrum fuer Informationstechnik Berlin (ZIB)


Reading parameters from </home/mcs001/s145344/20221025/FullRecourseKEP/code/check/../settings/method1-complexFALSE-cyc4-chain4-liftTRUE-policy2.set>.

Changed settings:
misc/usesymmetry = 0
kidney/maxcyclelength = 4
kidney/maxchainlength = 4

Setting time limit to 3600.
Setting memory limit to 24000.
Setting node limit to 2100000000.
Setting display frequency to 10000.

Reading the graph
Reading graph from file /home/mcs001/s145344/20221025/FullRecourseKEP/code/check/../../instances/KlimentovaInstances100/Klimentova_100_8.txt
Finding the cycles
Enumerating all cycles
Number of cycles: 68251

Finding the chains
Enumerating all chains
Chain length maximum: 4
Number of chains: 2456639
Strengthening the node bounds
Find the triplets
Time needed to read graph and detecting cycles/chains/triplets:	1.73
Create the model
Time to create master model:	4.99
Solve the model
@99 Start master loop of trilevel optimization algorithm.
time limit reached@05================================================================================
   ================================   STATISTICS   ================================
[suboptimal] terminated after 3611.760000 seconds (stage 2: 0.000000, stage 3: 0.000000).

[patterns]
Used attack patterns:
@06================================================================================

SCIP Status        : problem creation / modification
Total Time         :       0.00
  reading          :       0.00
Original Problem   :
  Problem name     : name
  Variables        : 2524991 (2524990 binary, 0 integer, 0 implicit integer, 1 continuous)
  Constraints      : 201 initial, 201 maximal
  Objective        : maximize, 1 non-zeros (abs.min = 1, abs.max = 1)
Free the model
@04 1669294894
-----------------------------
Thu Nov 24 14:01:34 CET 2022
-----------------------------

=ready=
Linux mcs-computeA001 5.10.11-1.el7.elrepo.x86_64 #1 SMP Tue Jan 26 10:44:32 EST 2021 x86_64 x86_64 x86_64 GNU/Linux
@01 /home/mcs001/s145344/20221025/FullRecourseKEP/code/check/../../instances/KlimentovaInstances100/Klimentova_100_9.txt ===========
-----------------------------
Thu Nov 24 13:01:17 CET 2022
-----------------------------
@03 1669291277
/home/mcs001/s145344/20221025/FullRecourseKEP/code/check/../bin/fullrecoursekidney.linux.x86_64.gnu.opt.spx2 /home/mcs001/s145344/20221025/FullRecourseKEP/code/check/../../instances/KlimentovaInstances100/Klimentova_100_9.txt 1 -t 3600 -m 24000 -n 2100000000 -d 10000 -s /home/mcs001/s145344/20221025/FullRecourseKEP/code/check/../settings/method1-complexFALSE-cyc4-chain4-liftTRUE-policy2.set
SCIP version 8.0.2 [precision: 8 byte] [memory: block] [mode: optimized] [LP solver: Soplex 6.0.2] [GitHash: 5f0473c4fb]
Copyright (C) 2002-2022 Konrad-Zuse-Zentrum fuer Informationstechnik Berlin (ZIB)


Reading parameters from </home/mcs001/s145344/20221025/FullRecourseKEP/code/check/../settings/method1-complexFALSE-cyc4-chain4-liftTRUE-policy2.set>.

Changed settings:
misc/usesymmetry = 0
kidney/maxcyclelength = 4
kidney/maxchainlength = 4

Setting time limit to 3600.
Setting memory limit to 24000.
Setting node limit to 2100000000.
Setting display frequency to 10000.

Reading the graph
Reading graph from file /home/mcs001/s145344/20221025/FullRecourseKEP/code/check/../../instances/KlimentovaInstances100/Klimentova_100_9.txt
Finding the cycles
Enumerating all cycles
Number of cycles: 129024

Finding the chains
Enumerating all chains
Chain length maximum: 4
Number of chains: 6930447
Strengthening the node bounds
Find the triplets
Time needed to read graph and detecting cycles/chains/triplets:	4.53
Create the model
Time to create master model:	12.48
Solve the model
@99 Start master loop of trilevel optimization algorithm.
memory limit reached@05================================================================================
   ================================   STATISTICS   ================================
[suboptimal] terminated after 138.990000 seconds (stage 2: 0.000000, stage 3: 0.000000).

[patterns]
Used attack patterns:
@06================================================================================

SCIP Status        : problem creation / modification
Total Time         :       0.00
  reading          :       0.00
Original Problem   :
  Problem name     : name
  Variables        : 7059572 (7059571 binary, 0 integer, 0 implicit integer, 1 continuous)
  Constraints      : 201 initial, 201 maximal
  Objective        : maximize, 1 non-zeros (abs.min = 1, abs.max = 1)
Free the model
@04 1669291422
-----------------------------
Thu Nov 24 13:03:42 CET 2022
-----------------------------

=ready=
Linux mcs-computeA001 5.10.11-1.el7.elrepo.x86_64 #1 SMP Tue Jan 26 10:44:32 EST 2021 x86_64 x86_64 x86_64 GNU/Linux
@01 /home/mcs001/s145344/20221025/FullRecourseKEP/code/check/../../instances/KlimentovaInstances100/Klimentova_100_10.txt ===========
-----------------------------
Thu Nov 24 13:01:16 CET 2022
-----------------------------
@03 1669291276
/home/mcs001/s145344/20221025/FullRecourseKEP/code/check/../bin/fullrecoursekidney.linux.x86_64.gnu.opt.spx2 /home/mcs001/s145344/20221025/FullRecourseKEP/code/check/../../instances/KlimentovaInstances100/Klimentova_100_10.txt 1 -t 3600 -m 24000 -n 2100000000 -d 10000 -s /home/mcs001/s145344/20221025/FullRecourseKEP/code/check/../settings/method1-complexFALSE-cyc4-chain4-liftTRUE-policy2.set
SCIP version 8.0.2 [precision: 8 byte] [memory: block] [mode: optimized] [LP solver: Soplex 6.0.2] [GitHash: 5f0473c4fb]
Copyright (C) 2002-2022 Konrad-Zuse-Zentrum fuer Informationstechnik Berlin (ZIB)


Reading parameters from </home/mcs001/s145344/20221025/FullRecourseKEP/code/check/../settings/method1-complexFALSE-cyc4-chain4-liftTRUE-policy2.set>.

Changed settings:
misc/usesymmetry = 0
kidney/maxcyclelength = 4
kidney/maxchainlength = 4

Setting time limit to 3600.
Setting memory limit to 24000.
Setting node limit to 2100000000.
Setting display frequency to 10000.

Reading the graph
Reading graph from file /home/mcs001/s145344/20221025/FullRecourseKEP/code/check/../../instances/KlimentovaInstances100/Klimentova_100_10.txt
Finding the cycles
Enumerating all cycles
Number of cycles: 66143

Finding the chains
Enumerating all chains
Chain length maximum: 4
Number of chains: 2878692
Strengthening the node bounds
Find the triplets
Time needed to read graph and detecting cycles/chains/triplets:	1.99
Create the model
Time to create master model:	5.64
Solve the model
@99 Start master loop of trilevel optimization algorithm.
time limit reached@05================================================================================
   ================================   STATISTICS   ================================
[suboptimal] terminated after 4591.240000 seconds (stage 2: 0.000000, stage 3: 0.000000).

[patterns]
Used attack patterns:
@06================================================================================

SCIP Status        : problem creation / modification
Total Time         :       0.00
  reading          :       0.00
Original Problem   :
  Problem name     : name
  Variables        : 2944936 (2944935 binary, 0 integer, 0 implicit integer, 1 continuous)
  Constraints      : 201 initial, 201 maximal
  Objective        : maximize, 1 non-zeros (abs.min = 1, abs.max = 1)
Free the model
@04 1669295871
-----------------------------
Thu Nov 24 14:17:51 CET 2022
-----------------------------

=ready=
Linux mcs-computeA001 5.10.11-1.el7.elrepo.x86_64 #1 SMP Tue Jan 26 10:44:32 EST 2021 x86_64 x86_64 x86_64 GNU/Linux
@01 /home/mcs001/s145344/20221025/FullRecourseKEP/code/check/../../instances/KlimentovaInstances100/Klimentova_100_11.txt ===========
-----------------------------
Thu Nov 24 13:01:16 CET 2022
-----------------------------
@03 1669291276
/home/mcs001/s145344/20221025/FullRecourseKEP/code/check/../bin/fullrecoursekidney.linux.x86_64.gnu.opt.spx2 /home/mcs001/s145344/20221025/FullRecourseKEP/code/check/../../instances/KlimentovaInstances100/Klimentova_100_11.txt 1 -t 3600 -m 24000 -n 2100000000 -d 10000 -s /home/mcs001/s145344/20221025/FullRecourseKEP/code/check/../settings/method1-complexFALSE-cyc4-chain4-liftTRUE-policy2.set
SCIP version 8.0.2 [precision: 8 byte] [memory: block] [mode: optimized] [LP solver: Soplex 6.0.2] [GitHash: 5f0473c4fb]
Copyright (C) 2002-2022 Konrad-Zuse-Zentrum fuer Informationstechnik Berlin (ZIB)


Reading parameters from </home/mcs001/s145344/20221025/FullRecourseKEP/code/check/../settings/method1-complexFALSE-cyc4-chain4-liftTRUE-policy2.set>.

Changed settings:
misc/usesymmetry = 0
kidney/maxcyclelength = 4
kidney/maxchainlength = 4

Setting time limit to 3600.
Setting memory limit to 24000.
Setting node limit to 2100000000.
Setting display frequency to 10000.

Reading the graph
Reading graph from file /home/mcs001/s145344/20221025/FullRecourseKEP/code/check/../../instances/KlimentovaInstances100/Klimentova_100_11.txt
Finding the cycles
Enumerating all cycles
Number of cycles: 52645

Finding the chains
Enumerating all chains
Chain length maximum: 4
Number of chains: 680436
Strengthening the node bounds
Find the triplets
Time needed to read graph and detecting cycles/chains/triplets:	0.41
Create the model
Time to create master model:	1.16
Solve the model
@99 Start master loop of trilevel optimization algorithm.
@98 masteriteration 1: objective value 61.000000.
@97 Set up Benders model 1.
time limit reached@05================================================================================
   ================================   STATISTICS   ================================
[suboptimal] terminated after 4014.210000 seconds (stage 2: 2858.320000, stage 3: 1.050000).

[patterns]
Used attack patterns:
@06================================================================================

SCIP Status        : problem creation / modification
Total Time         :       0.00
  reading          :       0.00
Original Problem   :
  Problem name     : name
  Variables        : 733182 (733181 binary, 0 integer, 0 implicit integer, 1 continuous)
  Constraints      : 201 initial, 201 maximal
  Objective        : maximize, 1 non-zeros (abs.min = 1, abs.max = 1)
Free the model
@04 1669295291
-----------------------------
Thu Nov 24 14:08:11 CET 2022
-----------------------------

=ready=
Linux mcs-computeA001 5.10.11-1.el7.elrepo.x86_64 #1 SMP Tue Jan 26 10:44:32 EST 2021 x86_64 x86_64 x86_64 GNU/Linux
@01 /home/mcs001/s145344/20221025/FullRecourseKEP/code/check/../../instances/KlimentovaInstances100/Klimentova_100_12.txt ===========
-----------------------------
Thu Nov 24 13:01:17 CET 2022
-----------------------------
@03 1669291277
/home/mcs001/s145344/20221025/FullRecourseKEP/code/check/../bin/fullrecoursekidney.linux.x86_64.gnu.opt.spx2 /home/mcs001/s145344/20221025/FullRecourseKEP/code/check/../../instances/KlimentovaInstances100/Klimentova_100_12.txt 1 -t 3600 -m 24000 -n 2100000000 -d 10000 -s /home/mcs001/s145344/20221025/FullRecourseKEP/code/check/../settings/method1-complexFALSE-cyc4-chain4-liftTRUE-policy2.set
SCIP version 8.0.2 [precision: 8 byte] [memory: block] [mode: optimized] [LP solver: Soplex 6.0.2] [GitHash: 5f0473c4fb]
Copyright (C) 2002-2022 Konrad-Zuse-Zentrum fuer Informationstechnik Berlin (ZIB)


Reading parameters from </home/mcs001/s145344/20221025/FullRecourseKEP/code/check/../settings/method1-complexFALSE-cyc4-chain4-liftTRUE-policy2.set>.

Changed settings:
misc/usesymmetry = 0
kidney/maxcyclelength = 4
kidney/maxchainlength = 4

Setting time limit to 3600.
Setting memory limit to 24000.
Setting node limit to 2100000000.
Setting display frequency to 10000.

Reading the graph
Reading graph from file /home/mcs001/s145344/20221025/FullRecourseKEP/code/check/../../instances/KlimentovaInstances100/Klimentova_100_12.txt
Finding the cycles
Enumerating all cycles
Number of cycles: 34167

Finding the chains
Enumerating all chains
Chain length maximum: 4
Number of chains: 1184510
Strengthening the node bounds
Find the triplets
Time needed to read graph and detecting cycles/chains/triplets:	0.87
Create the model
Time to create master model:	2.29
Solve the model
@99 Start master loop of trilevel optimization algorithm.
@98 masteriteration 1: objective value 66.000000.
@97 Set up Benders model 1.
memory limit reached@05================================================================================
   ================================   STATISTICS   ================================
[suboptimal] terminated after 1906.690000 seconds (stage 2: 105.270000, stage 3: 1.930000).

[patterns]
Used attack patterns:
@06================================================================================

SCIP Status        : problem creation / modification
Total Time         :       0.00
  reading          :       0.00
Original Problem   :
  Problem name     : name
  Variables        : 1218778 (1218777 binary, 0 integer, 0 implicit integer, 1 continuous)
  Constraints      : 201 initial, 201 maximal
  Objective        : maximize, 1 non-zeros (abs.min = 1, abs.max = 1)
Free the model
@04 1669293185
-----------------------------
Thu Nov 24 13:33:05 CET 2022
-----------------------------

=ready=
Linux mcs-computeA001 5.10.11-1.el7.elrepo.x86_64 #1 SMP Tue Jan 26 10:44:32 EST 2021 x86_64 x86_64 x86_64 GNU/Linux
@01 /home/mcs001/s145344/20221025/FullRecourseKEP/code/check/../../instances/KlimentovaInstances100/Klimentova_100_13.txt ===========
-----------------------------
Thu Nov 24 13:01:16 CET 2022
-----------------------------
@03 1669291276
/home/mcs001/s145344/20221025/FullRecourseKEP/code/check/../bin/fullrecoursekidney.linux.x86_64.gnu.opt.spx2 /home/mcs001/s145344/20221025/FullRecourseKEP/code/check/../../instances/KlimentovaInstances100/Klimentova_100_13.txt 1 -t 3600 -m 24000 -n 2100000000 -d 10000 -s /home/mcs001/s145344/20221025/FullRecourseKEP/code/check/../settings/method1-complexFALSE-cyc4-chain4-liftTRUE-policy2.set
SCIP version 8.0.2 [precision: 8 byte] [memory: block] [mode: optimized] [LP solver: Soplex 6.0.2] [GitHash: 5f0473c4fb]
Copyright (C) 2002-2022 Konrad-Zuse-Zentrum fuer Informationstechnik Berlin (ZIB)


Reading parameters from </home/mcs001/s145344/20221025/FullRecourseKEP/code/check/../settings/method1-complexFALSE-cyc4-chain4-liftTRUE-policy2.set>.

Changed settings:
misc/usesymmetry = 0
kidney/maxcyclelength = 4
kidney/maxchainlength = 4

Setting time limit to 3600.
Setting memory limit to 24000.
Setting node limit to 2100000000.
Setting display frequency to 10000.

Reading the graph
Reading graph from file /home/mcs001/s145344/20221025/FullRecourseKEP/code/check/../../instances/KlimentovaInstances100/Klimentova_100_13.txt
Finding the cycles
Enumerating all cycles
Number of cycles: 76579

Finding the chains
Enumerating all chains
Chain length maximum: 4
Number of chains: 886289
Strengthening the node bounds
Find the triplets
Time needed to read graph and detecting cycles/chains/triplets:	0.6
Create the model
Time to create master model:	1.67
Solve the model
@99 Start master loop of trilevel optimization algorithm.
@98 masteriteration 1: objective value 58.000000.
@97 Set up Benders model 1.
memory limit reached@05================================================================================
   ================================   STATISTICS   ================================
[suboptimal] terminated after 2613.410000 seconds (stage 2: 1286.010000, stage 3: 1.480000).

[patterns]
Used attack patterns:
@06================================================================================

SCIP Status        : problem creation / modification
Total Time         :       0.00
  reading          :       0.00
Original Problem   :
  Problem name     : name
  Variables        : 962969 (962968 binary, 0 integer, 0 implicit integer, 1 continuous)
  Constraints      : 201 initial, 201 maximal
  Objective        : maximize, 1 non-zeros (abs.min = 1, abs.max = 1)
Free the model
@04 1669293891
-----------------------------
Thu Nov 24 13:44:51 CET 2022
-----------------------------

=ready=
Linux mcs-computeA001 5.10.11-1.el7.elrepo.x86_64 #1 SMP Tue Jan 26 10:44:32 EST 2021 x86_64 x86_64 x86_64 GNU/Linux
@01 /home/mcs001/s145344/20221025/FullRecourseKEP/code/check/../../instances/KlimentovaInstances100/Klimentova_100_14.txt ===========
-----------------------------
Thu Nov 24 13:01:17 CET 2022
-----------------------------
@03 1669291277
/home/mcs001/s145344/20221025/FullRecourseKEP/code/check/../bin/fullrecoursekidney.linux.x86_64.gnu.opt.spx2 /home/mcs001/s145344/20221025/FullRecourseKEP/code/check/../../instances/KlimentovaInstances100/Klimentova_100_14.txt 1 -t 3600 -m 24000 -n 2100000000 -d 10000 -s /home/mcs001/s145344/20221025/FullRecourseKEP/code/check/../settings/method1-complexFALSE-cyc4-chain4-liftTRUE-policy2.set
SCIP version 8.0.2 [precision: 8 byte] [memory: block] [mode: optimized] [LP solver: Soplex 6.0.2] [GitHash: 5f0473c4fb]
Copyright (C) 2002-2022 Konrad-Zuse-Zentrum fuer Informationstechnik Berlin (ZIB)


Reading parameters from </home/mcs001/s145344/20221025/FullRecourseKEP/code/check/../settings/method1-complexFALSE-cyc4-chain4-liftTRUE-policy2.set>.

Changed settings:
misc/usesymmetry = 0
kidney/maxcyclelength = 4
kidney/maxchainlength = 4

Setting time limit to 3600.
Setting memory limit to 24000.
Setting node limit to 2100000000.
Setting display frequency to 10000.

Reading the graph
Reading graph from file /home/mcs001/s145344/20221025/FullRecourseKEP/code/check/../../instances/KlimentovaInstances100/Klimentova_100_14.txt
Finding the cycles
Enumerating all cycles
Number of cycles: 18129

Finding the chains
Enumerating all chains
Chain length maximum: 4
Number of chains: 1055222
Strengthening the node bounds
Find the triplets
Time needed to read graph and detecting cycles/chains/triplets:	0.77
Create the model
Time to create master model:	2.01
Solve the model
@99 Start master loop of trilevel optimization algorithm.
@98 masteriteration 1: objective value 50.000000.
@97 Set up Benders model 1.
memory limit reached@05================================================================================
   ================================   STATISTICS   ================================
[suboptimal] terminated after 2428.820000 seconds (stage 2: 427.460000, stage 3: 1.600000).

[patterns]
Used attack patterns:
@06================================================================================

SCIP Status        : problem creation / modification
Total Time         :       0.00
  reading          :       0.00
Original Problem   :
  Problem name     : name
  Variables        : 1073452 (1073451 binary, 0 integer, 0 implicit integer, 1 continuous)
  Constraints      : 201 initial, 201 maximal
  Objective        : maximize, 1 non-zeros (abs.min = 1, abs.max = 1)
Free the model
@04 1669293707
-----------------------------
Thu Nov 24 13:41:47 CET 2022
-----------------------------

=ready=
Linux mcs-computeA001 5.10.11-1.el7.elrepo.x86_64 #1 SMP Tue Jan 26 10:44:32 EST 2021 x86_64 x86_64 x86_64 GNU/Linux
@01 /home/mcs001/s145344/20221025/FullRecourseKEP/code/check/../../instances/KlimentovaInstances100/Klimentova_100_15.txt ===========
-----------------------------
Thu Nov 24 13:01:16 CET 2022
-----------------------------
@03 1669291276
/home/mcs001/s145344/20221025/FullRecourseKEP/code/check/../bin/fullrecoursekidney.linux.x86_64.gnu.opt.spx2 /home/mcs001/s145344/20221025/FullRecourseKEP/code/check/../../instances/KlimentovaInstances100/Klimentova_100_15.txt 1 -t 3600 -m 24000 -n 2100000000 -d 10000 -s /home/mcs001/s145344/20221025/FullRecourseKEP/code/check/../settings/method1-complexFALSE-cyc4-chain4-liftTRUE-policy2.set
SCIP version 8.0.2 [precision: 8 byte] [memory: block] [mode: optimized] [LP solver: Soplex 6.0.2] [GitHash: 5f0473c4fb]
Copyright (C) 2002-2022 Konrad-Zuse-Zentrum fuer Informationstechnik Berlin (ZIB)


Reading parameters from </home/mcs001/s145344/20221025/FullRecourseKEP/code/check/../settings/method1-complexFALSE-cyc4-chain4-liftTRUE-policy2.set>.

Changed settings:
misc/usesymmetry = 0
kidney/maxcyclelength = 4
kidney/maxchainlength = 4

Setting time limit to 3600.
Setting memory limit to 24000.
Setting node limit to 2100000000.
Setting display frequency to 10000.

Reading the graph
Reading graph from file /home/mcs001/s145344/20221025/FullRecourseKEP/code/check/../../instances/KlimentovaInstances100/Klimentova_100_15.txt
Finding the cycles
Enumerating all cycles
Number of cycles: 21628

Finding the chains
Enumerating all chains
Chain length maximum: 4
Number of chains: 1098176
Strengthening the node bounds
Find the triplets
Time needed to read graph and detecting cycles/chains/triplets:	0.73
Create the model
Time to create master model:	2.13
Solve the model
@99 Start master loop of trilevel optimization algorithm.
@98 masteriteration 1: objective value 59.000000.
@97 Set up Benders model 1.
memory limit reached@05================================================================================
   ================================   STATISTICS   ================================
[suboptimal] terminated after 1868.890000 seconds (stage 2: 115.260000, stage 3: 1.880000).

[patterns]
Used attack patterns:
@06================================================================================

SCIP Status        : problem creation / modification
Total Time         :       0.00
  reading          :       0.00
Original Problem   :
  Problem name     : name
  Variables        : 1119905 (1119904 binary, 0 integer, 0 implicit integer, 1 continuous)
  Constraints      : 201 initial, 201 maximal
  Objective        : maximize, 1 non-zeros (abs.min = 1, abs.max = 1)
Free the model
@04 1669293147
-----------------------------
Thu Nov 24 13:32:27 CET 2022
-----------------------------

=ready=
Linux mcs-computeA001 5.10.11-1.el7.elrepo.x86_64 #1 SMP Tue Jan 26 10:44:32 EST 2021 x86_64 x86_64 x86_64 GNU/Linux
@01 /home/mcs001/s145344/20221025/FullRecourseKEP/code/check/../../instances/KlimentovaInstances100/Klimentova_100_16.txt ===========
-----------------------------
Thu Nov 24 13:01:16 CET 2022
-----------------------------
@03 1669291276
/home/mcs001/s145344/20221025/FullRecourseKEP/code/check/../bin/fullrecoursekidney.linux.x86_64.gnu.opt.spx2 /home/mcs001/s145344/20221025/FullRecourseKEP/code/check/../../instances/KlimentovaInstances100/Klimentova_100_16.txt 1 -t 3600 -m 24000 -n 2100000000 -d 10000 -s /home/mcs001/s145344/20221025/FullRecourseKEP/code/check/../settings/method1-complexFALSE-cyc4-chain4-liftTRUE-policy2.set
SCIP version 8.0.2 [precision: 8 byte] [memory: block] [mode: optimized] [LP solver: Soplex 6.0.2] [GitHash: 5f0473c4fb]
Copyright (C) 2002-2022 Konrad-Zuse-Zentrum fuer Informationstechnik Berlin (ZIB)


Reading parameters from </home/mcs001/s145344/20221025/FullRecourseKEP/code/check/../settings/method1-complexFALSE-cyc4-chain4-liftTRUE-policy2.set>.

Changed settings:
misc/usesymmetry = 0
kidney/maxcyclelength = 4
kidney/maxchainlength = 4

Setting time limit to 3600.
Setting memory limit to 24000.
Setting node limit to 2100000000.
Setting display frequency to 10000.

Reading the graph
Reading graph from file /home/mcs001/s145344/20221025/FullRecourseKEP/code/check/../../instances/KlimentovaInstances100/Klimentova_100_16.txt
Finding the cycles
Enumerating all cycles
Number of cycles: 37344

Finding the chains
Enumerating all chains
Chain length maximum: 4
Number of chains: 826521
Strengthening the node bounds
Find the triplets
Time needed to read graph and detecting cycles/chains/triplets:	0.59
Create the model
Time to create master model:	1.57
Solve the model
@99 Start master loop of trilevel optimization algorithm.
@98 masteriteration 1: objective value 50.000000.
@97 Set up Benders model 1.
memory limit reached@05================================================================================
   ================================   STATISTICS   ================================
[suboptimal] terminated after 2257.460000 seconds (stage 2: 994.780000, stage 3: 1.330000).

[patterns]
Used attack patterns:
@06================================================================================

SCIP Status        : problem creation / modification
Total Time         :       0.00
  reading          :       0.00
Original Problem   :
  Problem name     : name
  Variables        : 863966 (863965 binary, 0 integer, 0 implicit integer, 1 continuous)
  Constraints      : 201 initial, 201 maximal
  Objective        : maximize, 1 non-zeros (abs.min = 1, abs.max = 1)
Free the model
@04 1669293535
-----------------------------
Thu Nov 24 13:38:55 CET 2022
-----------------------------

=ready=
Linux mcs-computeA001 5.10.11-1.el7.elrepo.x86_64 #1 SMP Tue Jan 26 10:44:32 EST 2021 x86_64 x86_64 x86_64 GNU/Linux
@01 /home/mcs001/s145344/20221025/FullRecourseKEP/code/check/../../instances/KlimentovaInstances100/Klimentova_100_17.txt ===========
-----------------------------
Thu Nov 24 13:01:16 CET 2022
-----------------------------
@03 1669291276
/home/mcs001/s145344/20221025/FullRecourseKEP/code/check/../bin/fullrecoursekidney.linux.x86_64.gnu.opt.spx2 /home/mcs001/s145344/20221025/FullRecourseKEP/code/check/../../instances/KlimentovaInstances100/Klimentova_100_17.txt 1 -t 3600 -m 24000 -n 2100000000 -d 10000 -s /home/mcs001/s145344/20221025/FullRecourseKEP/code/check/../settings/method1-complexFALSE-cyc4-chain4-liftTRUE-policy2.set
SCIP version 8.0.2 [precision: 8 byte] [memory: block] [mode: optimized] [LP solver: Soplex 6.0.2] [GitHash: 5f0473c4fb]
Copyright (C) 2002-2022 Konrad-Zuse-Zentrum fuer Informationstechnik Berlin (ZIB)


Reading parameters from </home/mcs001/s145344/20221025/FullRecourseKEP/code/check/../settings/method1-complexFALSE-cyc4-chain4-liftTRUE-policy2.set>.

Changed settings:
misc/usesymmetry = 0
kidney/maxcyclelength = 4
kidney/maxchainlength = 4

Setting time limit to 3600.
Setting memory limit to 24000.
Setting node limit to 2100000000.
Setting display frequency to 10000.

Reading the graph
Reading graph from file /home/mcs001/s145344/20221025/FullRecourseKEP/code/check/../../instances/KlimentovaInstances100/Klimentova_100_17.txt
Finding the cycles
Enumerating all cycles
Number of cycles: 21030

Finding the chains
Enumerating all chains
Chain length maximum: 4
Number of chains: 118522
Strengthening the node bounds
Find the triplets
Time needed to read graph and detecting cycles/chains/triplets:	0.09
Create the model
Time to create master model:	0.24
Solve the model
@99 Start master loop of trilevel optimization algorithm.
@98 masteriteration 1: objective value 44.000000.
@97 Set up Benders model 1.
Benders obj: 40.000000
Attack pattern: 
63 
@95 KEP objective: 42.000000
The recourse value 42.000000 of the currently considered attack pattern violates the master solution.
@96 Benders problem iteration 1: objective value 40.000000.
nattacks: 1
first attack: 63
@98 masteriteration 2: objective value 43.000000.
@97 Set up Benders model 2.
Benders obj: 39.000000
Attack pattern: 
34 
@95 KEP objective: 41.000000
The recourse value 41.000000 of the currently considered attack pattern violates the master solution.
@96 Benders problem iteration 2: objective value 39.000000.
nattacks: 1
first attack: 34
@98 masteriteration 3: objective value 42.000000.
@97 Set up Benders model 3.
Benders obj: 40.000000
Attack pattern: 
19 
@95 KEP objective: 43.000000
Benders obj: 40.000000
Attack pattern: 
2 
@95 KEP objective: 43.000000
Benders obj: 40.000000
Attack pattern: 
26 
@95 KEP objective: 43.000000
Benders obj: 40.000000
Attack pattern: 
76 
@95 KEP objective: 43.000000
Benders obj: 40.000000
Attack pattern: 
81 
@95 KEP objective: 43.000000
Benders obj: 40.000000
Attack pattern: 
94 
@95 KEP objective: 42.000000
Benders obj: 40.000000
Attack pattern: 
13 
@95 KEP objective: 43.000000
Benders obj: 40.000000
Attack pattern: 
14 
@95 KEP objective: 42.000000
time limit reached@05================================================================================
   ================================   STATISTICS   ================================
[suboptimal] terminated after 3981.940000 seconds (stage 2: 2759.290000, stage 3: 94.360000).

[patterns]
Used attack patterns:
[scenario]    0:	      63
[scenario]    1:	      34
@06================================================================================

SCIP Status        : problem creation / modification
Total Time         :       0.00
  reading          :       0.00
Original Problem   :
  Problem name     : name
  Variables        : 418953 (418952 binary, 0 integer, 0 implicit integer, 1 continuous)
  Constraints      : 795 initial, 795 maximal
  Objective        : maximize, 1 non-zeros (abs.min = 1, abs.max = 1)
Free the model
@04 1669295259
-----------------------------
Thu Nov 24 14:07:39 CET 2022
-----------------------------

=ready=
Linux mcs-computeA001 5.10.11-1.el7.elrepo.x86_64 #1 SMP Tue Jan 26 10:44:32 EST 2021 x86_64 x86_64 x86_64 GNU/Linux
@01 /home/mcs001/s145344/20221025/FullRecourseKEP/code/check/../../instances/KlimentovaInstances100/Klimentova_100_18.txt ===========
-----------------------------
Thu Nov 24 13:01:16 CET 2022
-----------------------------
@03 1669291276
/home/mcs001/s145344/20221025/FullRecourseKEP/code/check/../bin/fullrecoursekidney.linux.x86_64.gnu.opt.spx2 /home/mcs001/s145344/20221025/FullRecourseKEP/code/check/../../instances/KlimentovaInstances100/Klimentova_100_18.txt 1 -t 3600 -m 24000 -n 2100000000 -d 10000 -s /home/mcs001/s145344/20221025/FullRecourseKEP/code/check/../settings/method1-complexFALSE-cyc4-chain4-liftTRUE-policy2.set
SCIP version 8.0.2 [precision: 8 byte] [memory: block] [mode: optimized] [LP solver: Soplex 6.0.2] [GitHash: 5f0473c4fb]
Copyright (C) 2002-2022 Konrad-Zuse-Zentrum fuer Informationstechnik Berlin (ZIB)


Reading parameters from </home/mcs001/s145344/20221025/FullRecourseKEP/code/check/../settings/method1-complexFALSE-cyc4-chain4-liftTRUE-policy2.set>.

Changed settings:
misc/usesymmetry = 0
kidney/maxcyclelength = 4
kidney/maxchainlength = 4

Setting time limit to 3600.
Setting memory limit to 24000.
Setting node limit to 2100000000.
Setting display frequency to 10000.

Reading the graph
Reading graph from file /home/mcs001/s145344/20221025/FullRecourseKEP/code/check/../../instances/KlimentovaInstances100/Klimentova_100_18.txt
Finding the cycles
Enumerating all cycles
Number of cycles: 20661

Finding the chains
Enumerating all chains
Chain length maximum: 4
Number of chains: 1262551
Strengthening the node bounds
Find the triplets
Time needed to read graph and detecting cycles/chains/triplets:	0.77
Create the model
Time to create master model:	2.25
Solve the model
@99 Start master loop of trilevel optimization algorithm.
@98 masteriteration 1: objective value 61.000000.
@97 Set up Benders model 1.
memory limit reached@05================================================================================
   ================================   STATISTICS   ================================
[suboptimal] terminated after 2460.610000 seconds (stage 2: 36.190000, stage 3: 2.330000).

[patterns]
Used attack patterns:
@06================================================================================

SCIP Status        : problem creation / modification
Total Time         :       0.00
  reading          :       0.00
Original Problem   :
  Problem name     : name
  Variables        : 1283313 (1283312 binary, 0 integer, 0 implicit integer, 1 continuous)
  Constraints      : 201 initial, 201 maximal
  Objective        : maximize, 1 non-zeros (abs.min = 1, abs.max = 1)
Free the model
@04 1669293739
-----------------------------
Thu Nov 24 13:42:19 CET 2022
-----------------------------

=ready=
Linux mcs-computeA001 5.10.11-1.el7.elrepo.x86_64 #1 SMP Tue Jan 26 10:44:32 EST 2021 x86_64 x86_64 x86_64 GNU/Linux
@01 /home/mcs001/s145344/20221025/FullRecourseKEP/code/check/../../instances/KlimentovaInstances100/Klimentova_100_19.txt ===========
-----------------------------
Thu Nov 24 13:01:16 CET 2022
-----------------------------
@03 1669291276
/home/mcs001/s145344/20221025/FullRecourseKEP/code/check/../bin/fullrecoursekidney.linux.x86_64.gnu.opt.spx2 /home/mcs001/s145344/20221025/FullRecourseKEP/code/check/../../instances/KlimentovaInstances100/Klimentova_100_19.txt 1 -t 3600 -m 24000 -n 2100000000 -d 10000 -s /home/mcs001/s145344/20221025/FullRecourseKEP/code/check/../settings/method1-complexFALSE-cyc4-chain4-liftTRUE-policy2.set
SCIP version 8.0.2 [precision: 8 byte] [memory: block] [mode: optimized] [LP solver: Soplex 6.0.2] [GitHash: 5f0473c4fb]
Copyright (C) 2002-2022 Konrad-Zuse-Zentrum fuer Informationstechnik Berlin (ZIB)


Reading parameters from </home/mcs001/s145344/20221025/FullRecourseKEP/code/check/../settings/method1-complexFALSE-cyc4-chain4-liftTRUE-policy2.set>.

Changed settings:
misc/usesymmetry = 0
kidney/maxcyclelength = 4
kidney/maxchainlength = 4

Setting time limit to 3600.
Setting memory limit to 24000.
Setting node limit to 2100000000.
Setting display frequency to 10000.

Reading the graph
Reading graph from file /home/mcs001/s145344/20221025/FullRecourseKEP/code/check/../../instances/KlimentovaInstances100/Klimentova_100_19.txt
Finding the cycles
Enumerating all cycles
Number of cycles: 77016

Finding the chains
Enumerating all chains
Chain length maximum: 4
Number of chains: 1248490
Strengthening the node bounds
Find the triplets
Time needed to read graph and detecting cycles/chains/triplets:	0.93
Create the model
Time to create master model:	2.49
Solve the model
@99 Start master loop of trilevel optimization algorithm.
@98 masteriteration 1: objective value 52.000000.
@97 Set up Benders model 1.
memory limit reached@05================================================================================
   ================================   STATISTICS   ================================
[suboptimal] terminated after 1665.950000 seconds (stage 2: 33.770000, stage 3: 2.120000).

[patterns]
Used attack patterns:
@06================================================================================

SCIP Status        : problem creation / modification
Total Time         :       0.00
  reading          :       0.00
Original Problem   :
  Problem name     : name
  Variables        : 1325607 (1325606 binary, 0 integer, 0 implicit integer, 1 continuous)
  Constraints      : 201 initial, 201 maximal
  Objective        : maximize, 1 non-zeros (abs.min = 1, abs.max = 1)
Free the model
@04 1669292944
-----------------------------
Thu Nov 24 13:29:04 CET 2022
-----------------------------

=ready=
Linux mcs-computeA001 5.10.11-1.el7.elrepo.x86_64 #1 SMP Tue Jan 26 10:44:32 EST 2021 x86_64 x86_64 x86_64 GNU/Linux
@01 /home/mcs001/s145344/20221025/FullRecourseKEP/code/check/../../instances/KlimentovaInstances100/Klimentova_100_20.txt ===========
-----------------------------
Thu Nov 24 13:01:16 CET 2022
-----------------------------
@03 1669291276
/home/mcs001/s145344/20221025/FullRecourseKEP/code/check/../bin/fullrecoursekidney.linux.x86_64.gnu.opt.spx2 /home/mcs001/s145344/20221025/FullRecourseKEP/code/check/../../instances/KlimentovaInstances100/Klimentova_100_20.txt 1 -t 3600 -m 24000 -n 2100000000 -d 10000 -s /home/mcs001/s145344/20221025/FullRecourseKEP/code/check/../settings/method1-complexFALSE-cyc4-chain4-liftTRUE-policy2.set
SCIP version 8.0.2 [precision: 8 byte] [memory: block] [mode: optimized] [LP solver: Soplex 6.0.2] [GitHash: 5f0473c4fb]
Copyright (C) 2002-2022 Konrad-Zuse-Zentrum fuer Informationstechnik Berlin (ZIB)


Reading parameters from </home/mcs001/s145344/20221025/FullRecourseKEP/code/check/../settings/method1-complexFALSE-cyc4-chain4-liftTRUE-policy2.set>.

Changed settings:
misc/usesymmetry = 0
kidney/maxcyclelength = 4
kidney/maxchainlength = 4

Setting time limit to 3600.
Setting memory limit to 24000.
Setting node limit to 2100000000.
Setting display frequency to 10000.

Reading the graph
Reading graph from file /home/mcs001/s145344/20221025/FullRecourseKEP/code/check/../../instances/KlimentovaInstances100/Klimentova_100_20.txt
Finding the cycles
Enumerating all cycles
Number of cycles: 44954

Finding the chains
Enumerating all chains
Chain length maximum: 4
Number of chains: 1134941
Strengthening the node bounds
Find the triplets
Time needed to read graph and detecting cycles/chains/triplets:	0.72
Create the model
Time to create master model:	2.02
Solve the model
@99 Start master loop of trilevel optimization algorithm.
@98 masteriteration 1: objective value 54.000000.
@97 Set up Benders model 1.
memory limit reached@05================================================================================
   ================================   STATISTICS   ================================
[suboptimal] terminated after 1352.740000 seconds (stage 2: 86.880000, stage 3: 1.760000).

[patterns]
Used attack patterns:
@06================================================================================

SCIP Status        : problem creation / modification
Total Time         :       0.00
  reading          :       0.00
Original Problem   :
  Problem name     : name
  Variables        : 1179996 (1179995 binary, 0 integer, 0 implicit integer, 1 continuous)
  Constraints      : 201 initial, 201 maximal
  Objective        : maximize, 1 non-zeros (abs.min = 1, abs.max = 1)
Free the model
@04 1669292630
-----------------------------
Thu Nov 24 13:23:50 CET 2022
-----------------------------

=ready=
Linux mcs-computeA001 5.10.11-1.el7.elrepo.x86_64 #1 SMP Tue Jan 26 10:44:32 EST 2021 x86_64 x86_64 x86_64 GNU/Linux
@01 /home/mcs001/s145344/20221025/FullRecourseKEP/code/check/../../instances/KlimentovaInstances100/Klimentova_100_21.txt ===========
-----------------------------
Thu Nov 24 13:01:16 CET 2022
-----------------------------
@03 1669291276
/home/mcs001/s145344/20221025/FullRecourseKEP/code/check/../bin/fullrecoursekidney.linux.x86_64.gnu.opt.spx2 /home/mcs001/s145344/20221025/FullRecourseKEP/code/check/../../instances/KlimentovaInstances100/Klimentova_100_21.txt 1 -t 3600 -m 24000 -n 2100000000 -d 10000 -s /home/mcs001/s145344/20221025/FullRecourseKEP/code/check/../settings/method1-complexFALSE-cyc4-chain4-liftTRUE-policy2.set
SCIP version 8.0.2 [precision: 8 byte] [memory: block] [mode: optimized] [LP solver: Soplex 6.0.2] [GitHash: 5f0473c4fb]
Copyright (C) 2002-2022 Konrad-Zuse-Zentrum fuer Informationstechnik Berlin (ZIB)


Reading parameters from </home/mcs001/s145344/20221025/FullRecourseKEP/code/check/../settings/method1-complexFALSE-cyc4-chain4-liftTRUE-policy2.set>.

Changed settings:
misc/usesymmetry = 0
kidney/maxcyclelength = 4
kidney/maxchainlength = 4

Setting time limit to 3600.
Setting memory limit to 24000.
Setting node limit to 2100000000.
Setting display frequency to 10000.

Reading the graph
Reading graph from file /home/mcs001/s145344/20221025/FullRecourseKEP/code/check/../../instances/KlimentovaInstances100/Klimentova_100_21.txt
Finding the cycles
Enumerating all cycles
Number of cycles: 33610

Finding the chains
Enumerating all chains
Chain length maximum: 4
Number of chains: 799806
Strengthening the node bounds
Find the triplets
Time needed to read graph and detecting cycles/chains/triplets:	0.49
Create the model
Time to create master model:	1.36
Solve the model
@99 Start master loop of trilevel optimization algorithm.
@98 masteriteration 1: objective value 55.000000.
@97 Set up Benders model 1.
time limit reached@05================================================================================
   ================================   STATISTICS   ================================
[suboptimal] terminated after 3916.030000 seconds (stage 2: 2721.980000, stage 3: 1.230000).

[patterns]
Used attack patterns:
@06================================================================================

SCIP Status        : problem creation / modification
Total Time         :       0.00
  reading          :       0.00
Original Problem   :
  Problem name     : name
  Variables        : 833517 (833516 binary, 0 integer, 0 implicit integer, 1 continuous)
  Constraints      : 201 initial, 201 maximal
  Objective        : maximize, 1 non-zeros (abs.min = 1, abs.max = 1)
Free the model
@04 1669295194
-----------------------------
Thu Nov 24 14:06:34 CET 2022
-----------------------------

=ready=
Linux mcs-computeA001 5.10.11-1.el7.elrepo.x86_64 #1 SMP Tue Jan 26 10:44:32 EST 2021 x86_64 x86_64 x86_64 GNU/Linux
@01 /home/mcs001/s145344/20221025/FullRecourseKEP/code/check/../../instances/KlimentovaInstances100/Klimentova_100_22.txt ===========
-----------------------------
Thu Nov 24 13:01:16 CET 2022
-----------------------------
@03 1669291276
/home/mcs001/s145344/20221025/FullRecourseKEP/code/check/../bin/fullrecoursekidney.linux.x86_64.gnu.opt.spx2 /home/mcs001/s145344/20221025/FullRecourseKEP/code/check/../../instances/KlimentovaInstances100/Klimentova_100_22.txt 1 -t 3600 -m 24000 -n 2100000000 -d 10000 -s /home/mcs001/s145344/20221025/FullRecourseKEP/code/check/../settings/method1-complexFALSE-cyc4-chain4-liftTRUE-policy2.set
SCIP version 8.0.2 [precision: 8 byte] [memory: block] [mode: optimized] [LP solver: Soplex 6.0.2] [GitHash: 5f0473c4fb]
Copyright (C) 2002-2022 Konrad-Zuse-Zentrum fuer Informationstechnik Berlin (ZIB)


Reading parameters from </home/mcs001/s145344/20221025/FullRecourseKEP/code/check/../settings/method1-complexFALSE-cyc4-chain4-liftTRUE-policy2.set>.

Changed settings:
misc/usesymmetry = 0
kidney/maxcyclelength = 4
kidney/maxchainlength = 4

Setting time limit to 3600.
Setting memory limit to 24000.
Setting node limit to 2100000000.
Setting display frequency to 10000.

Reading the graph
Reading graph from file /home/mcs001/s145344/20221025/FullRecourseKEP/code/check/../../instances/KlimentovaInstances100/Klimentova_100_22.txt
Finding the cycles
Enumerating all cycles
Number of cycles: 40002

Finding the chains
Enumerating all chains
Chain length maximum: 4
Number of chains: 1327392
Strengthening the node bounds
Find the triplets
Time needed to read graph and detecting cycles/chains/triplets:	0.92
Create the model
Time to create master model:	2.56
Solve the model
@99 Start master loop of trilevel optimization algorithm.
@98 masteriteration 1: objective value 56.000000.
@97 Set up Benders model 1.
memory limit reached@05================================================================================
   ================================   STATISTICS   ================================
[suboptimal] terminated after 1199.890000 seconds (stage 2: 33.450000, stage 3: 2.020000).

[patterns]
Used attack patterns:
@06================================================================================

SCIP Status        : problem creation / modification
Total Time         :       0.00
  reading          :       0.00
Original Problem   :
  Problem name     : name
  Variables        : 1367495 (1367494 binary, 0 integer, 0 implicit integer, 1 continuous)
  Constraints      : 201 initial, 201 maximal
  Objective        : maximize, 1 non-zeros (abs.min = 1, abs.max = 1)
Free the model
@04 1669292478
-----------------------------
Thu Nov 24 13:21:18 CET 2022
-----------------------------

=ready=
Linux mcs-computeA001 5.10.11-1.el7.elrepo.x86_64 #1 SMP Tue Jan 26 10:44:32 EST 2021 x86_64 x86_64 x86_64 GNU/Linux
@01 /home/mcs001/s145344/20221025/FullRecourseKEP/code/check/../../instances/KlimentovaInstances100/Klimentova_100_23.txt ===========
-----------------------------
Thu Nov 24 13:01:16 CET 2022
-----------------------------
@03 1669291276
/home/mcs001/s145344/20221025/FullRecourseKEP/code/check/../bin/fullrecoursekidney.linux.x86_64.gnu.opt.spx2 /home/mcs001/s145344/20221025/FullRecourseKEP/code/check/../../instances/KlimentovaInstances100/Klimentova_100_23.txt 1 -t 3600 -m 24000 -n 2100000000 -d 10000 -s /home/mcs001/s145344/20221025/FullRecourseKEP/code/check/../settings/method1-complexFALSE-cyc4-chain4-liftTRUE-policy2.set
SCIP version 8.0.2 [precision: 8 byte] [memory: block] [mode: optimized] [LP solver: Soplex 6.0.2] [GitHash: 5f0473c4fb]
Copyright (C) 2002-2022 Konrad-Zuse-Zentrum fuer Informationstechnik Berlin (ZIB)


Reading parameters from </home/mcs001/s145344/20221025/FullRecourseKEP/code/check/../settings/method1-complexFALSE-cyc4-chain4-liftTRUE-policy2.set>.

Changed settings:
misc/usesymmetry = 0
kidney/maxcyclelength = 4
kidney/maxchainlength = 4

Setting time limit to 3600.
Setting memory limit to 24000.
Setting node limit to 2100000000.
Setting display frequency to 10000.

Reading the graph
Reading graph from file /home/mcs001/s145344/20221025/FullRecourseKEP/code/check/../../instances/KlimentovaInstances100/Klimentova_100_23.txt
Finding the cycles
Enumerating all cycles
Number of cycles: 48125

Finding the chains
Enumerating all chains
Chain length maximum: 4
Number of chains: 313185
Strengthening the node bounds
Find the triplets
Time needed to read graph and detecting cycles/chains/triplets:	0.2
Create the model
Time to create master model:	0.57
Solve the model
@99 Start master loop of trilevel optimization algorithm.
@98 masteriteration 1: objective value 59.000000.
@97 Set up Benders model 1.
time limit reached@05================================================================================
   ================================   STATISTICS   ================================
[suboptimal] terminated after 3654.280000 seconds (stage 2: 3376.450000, stage 3: 0.490000).

[patterns]
Used attack patterns:
@06================================================================================

SCIP Status        : problem creation / modification
Total Time         :       0.00
  reading          :       0.00
Original Problem   :
  Problem name     : name
  Variables        : 361411 (361410 binary, 0 integer, 0 implicit integer, 1 continuous)
  Constraints      : 201 initial, 201 maximal
  Objective        : maximize, 1 non-zeros (abs.min = 1, abs.max = 1)
Free the model
@04 1669294931
-----------------------------
Thu Nov 24 14:02:11 CET 2022
-----------------------------

=ready=
Linux mcs-computeA001 5.10.11-1.el7.elrepo.x86_64 #1 SMP Tue Jan 26 10:44:32 EST 2021 x86_64 x86_64 x86_64 GNU/Linux
@01 /home/mcs001/s145344/20221025/FullRecourseKEP/code/check/../../instances/KlimentovaInstances100/Klimentova_100_24.txt ===========
-----------------------------
Thu Nov 24 13:01:17 CET 2022
-----------------------------
@03 1669291277
/home/mcs001/s145344/20221025/FullRecourseKEP/code/check/../bin/fullrecoursekidney.linux.x86_64.gnu.opt.spx2 /home/mcs001/s145344/20221025/FullRecourseKEP/code/check/../../instances/KlimentovaInstances100/Klimentova_100_24.txt 1 -t 3600 -m 24000 -n 2100000000 -d 10000 -s /home/mcs001/s145344/20221025/FullRecourseKEP/code/check/../settings/method1-complexFALSE-cyc4-chain4-liftTRUE-policy2.set
SCIP version 8.0.2 [precision: 8 byte] [memory: block] [mode: optimized] [LP solver: Soplex 6.0.2] [GitHash: 5f0473c4fb]
Copyright (C) 2002-2022 Konrad-Zuse-Zentrum fuer Informationstechnik Berlin (ZIB)


Reading parameters from </home/mcs001/s145344/20221025/FullRecourseKEP/code/check/../settings/method1-complexFALSE-cyc4-chain4-liftTRUE-policy2.set>.

Changed settings:
misc/usesymmetry = 0
kidney/maxcyclelength = 4
kidney/maxchainlength = 4

Setting time limit to 3600.
Setting memory limit to 24000.
Setting node limit to 2100000000.
Setting display frequency to 10000.

Reading the graph
Reading graph from file /home/mcs001/s145344/20221025/FullRecourseKEP/code/check/../../instances/KlimentovaInstances100/Klimentova_100_24.txt
Finding the cycles
Enumerating all cycles
Number of cycles: 50373

Finding the chains
Enumerating all chains
Chain length maximum: 4
Number of chains: 1031586
Strengthening the node bounds
Find the triplets
Time needed to read graph and detecting cycles/chains/triplets:	0.66
Create the model
Time to create master model:	1.89
Solve the model
@99 Start master loop of trilevel optimization algorithm.
@98 masteriteration 1: objective value 49.000000.
@97 Set up Benders model 1.
memory limit reached@05================================================================================
   ================================   STATISTICS   ================================
[suboptimal] terminated after 1360.090000 seconds (stage 2: 231.750000, stage 3: 1.630000).

[patterns]
Used attack patterns:
@06================================================================================

SCIP Status        : problem creation / modification
Total Time         :       0.00
  reading          :       0.00
Original Problem   :
  Problem name     : name
  Variables        : 1082060 (1082059 binary, 0 integer, 0 implicit integer, 1 continuous)
  Constraints      : 201 initial, 201 maximal
  Objective        : maximize, 1 non-zeros (abs.min = 1, abs.max = 1)
Free the model
@04 1669292638
-----------------------------
Thu Nov 24 13:23:58 CET 2022
-----------------------------

=ready=
Linux mcs-computeA001 5.10.11-1.el7.elrepo.x86_64 #1 SMP Tue Jan 26 10:44:32 EST 2021 x86_64 x86_64 x86_64 GNU/Linux
@01 /home/mcs001/s145344/20221025/FullRecourseKEP/code/check/../../instances/KlimentovaInstances100/Klimentova_100_25.txt ===========
-----------------------------
Thu Nov 24 13:01:17 CET 2022
-----------------------------
@03 1669291277
/home/mcs001/s145344/20221025/FullRecourseKEP/code/check/../bin/fullrecoursekidney.linux.x86_64.gnu.opt.spx2 /home/mcs001/s145344/20221025/FullRecourseKEP/code/check/../../instances/KlimentovaInstances100/Klimentova_100_25.txt 1 -t 3600 -m 24000 -n 2100000000 -d 10000 -s /home/mcs001/s145344/20221025/FullRecourseKEP/code/check/../settings/method1-complexFALSE-cyc4-chain4-liftTRUE-policy2.set
SCIP version 8.0.2 [precision: 8 byte] [memory: block] [mode: optimized] [LP solver: Soplex 6.0.2] [GitHash: 5f0473c4fb]
Copyright (C) 2002-2022 Konrad-Zuse-Zentrum fuer Informationstechnik Berlin (ZIB)


Reading parameters from </home/mcs001/s145344/20221025/FullRecourseKEP/code/check/../settings/method1-complexFALSE-cyc4-chain4-liftTRUE-policy2.set>.

Changed settings:
misc/usesymmetry = 0
kidney/maxcyclelength = 4
kidney/maxchainlength = 4

Setting time limit to 3600.
Setting memory limit to 24000.
Setting node limit to 2100000000.
Setting display frequency to 10000.

Reading the graph
Reading graph from file /home/mcs001/s145344/20221025/FullRecourseKEP/code/check/../../instances/KlimentovaInstances100/Klimentova_100_25.txt
Finding the cycles
Enumerating all cycles
Number of cycles: 49425

Finding the chains
Enumerating all chains
Chain length maximum: 4
Number of chains: 796797
Strengthening the node bounds
Find the triplets
Time needed to read graph and detecting cycles/chains/triplets:	0.53
Create the model
Time to create master model:	1.39
Solve the model
@99 Start master loop of trilevel optimization algorithm.
@98 masteriteration 1: objective value 48.000000.
@97 Set up Benders model 1.
time limit reached@05================================================================================
   ================================   STATISTICS   ================================
[suboptimal] terminated after 4113.520000 seconds (stage 2: 2926.620000, stage 3: 1.210000).

[patterns]
Used attack patterns:
@06================================================================================

SCIP Status        : problem creation / modification
Total Time         :       0.00
  reading          :       0.00
Original Problem   :
  Problem name     : name
  Variables        : 846323 (846322 binary, 0 integer, 0 implicit integer, 1 continuous)
  Constraints      : 201 initial, 201 maximal
  Objective        : maximize, 1 non-zeros (abs.min = 1, abs.max = 1)
Free the model
@04 1669295391
-----------------------------
Thu Nov 24 14:09:51 CET 2022
-----------------------------

=ready=
Linux mcs-computeA009 5.10.11-1.el7.elrepo.x86_64 #1 SMP Tue Jan 26 10:44:32 EST 2021 x86_64 x86_64 x86_64 GNU/Linux
@01 /home/mcs001/s145344/20221025/FullRecourseKEP/code/check/../../instances/KlimentovaInstances100/Klimentova_100_26.txt ===========
-----------------------------
Wed Nov 23 16:19:44 CET 2022
-----------------------------
@03 1669216784
/home/mcs001/s145344/20221025/FullRecourseKEP/code/check/../bin/fullrecoursekidney.linux.x86_64.gnu.opt.spx2 /home/mcs001/s145344/20221025/FullRecourseKEP/code/check/../../instances/KlimentovaInstances100/Klimentova_100_26.txt 1 -t 3600 -m 24000 -n 2100000000 -d 10000 -s /home/mcs001/s145344/20221025/FullRecourseKEP/code/check/../settings/method1-complexFALSE-cyc4-chain4-liftTRUE-policy2.set
SCIP version 8.0.2 [precision: 8 byte] [memory: block] [mode: optimized] [LP solver: Soplex 6.0.2] [GitHash: 5f0473c4fb]
Copyright (C) 2002-2022 Konrad-Zuse-Zentrum fuer Informationstechnik Berlin (ZIB)


Reading parameters from </home/mcs001/s145344/20221025/FullRecourseKEP/code/check/../settings/method1-complexFALSE-cyc4-chain4-liftTRUE-policy2.set>.

Changed settings:
misc/usesymmetry = 0
kidney/maxcyclelength = 4
kidney/maxchainlength = 4

Setting time limit to 3600.
Setting memory limit to 24000.
Setting node limit to 2100000000.
Setting display frequency to 10000.

Reading the graph
Reading graph from file /home/mcs001/s145344/20221025/FullRecourseKEP/code/check/../../instances/KlimentovaInstances100/Klimentova_100_26.txt
Finding the cycles
Enumerating all cycles
Number of cycles: 51796

Finding the chains
Enumerating all chains
Chain length maximum: 4
Number of chains: 1953320
Strengthening the node bounds
Find the triplets
Time needed to read graph and detecting cycles/chains/triplets:	1.21
Create the model
Time to create master model:	3.24
Solve the model
@99 Start master loop of trilevel optimization algorithm.
time limit reached@05================================================================================
   ================================   STATISTICS   ================================
[suboptimal] terminated after 3610.620000 seconds (stage 2: 0.000000, stage 3: 0.000000).

[patterns]
Used attack patterns:
@06================================================================================

SCIP Status        : problem creation / modification
Total Time         :       0.00
  reading          :       0.00
Original Problem   :
  Problem name     : name
  Variables        : 2005217 (2005216 binary, 0 integer, 0 implicit integer, 1 continuous)
  Constraints      : 201 initial, 201 maximal
  Objective        : maximize, 1 non-zeros (abs.min = 1, abs.max = 1)
Free the model
@04 1669220399
-----------------------------
Wed Nov 23 17:19:59 CET 2022
-----------------------------

=ready=
Linux mcs-computeA001 5.10.11-1.el7.elrepo.x86_64 #1 SMP Tue Jan 26 10:44:32 EST 2021 x86_64 x86_64 x86_64 GNU/Linux
@01 /home/mcs001/s145344/20221025/FullRecourseKEP/code/check/../../instances/KlimentovaInstances100/Klimentova_100_27.txt ===========
-----------------------------
Thu Nov 24 13:01:17 CET 2022
-----------------------------
@03 1669291277
/home/mcs001/s145344/20221025/FullRecourseKEP/code/check/../bin/fullrecoursekidney.linux.x86_64.gnu.opt.spx2 /home/mcs001/s145344/20221025/FullRecourseKEP/code/check/../../instances/KlimentovaInstances100/Klimentova_100_27.txt 1 -t 3600 -m 24000 -n 2100000000 -d 10000 -s /home/mcs001/s145344/20221025/FullRecourseKEP/code/check/../settings/method1-complexFALSE-cyc4-chain4-liftTRUE-policy2.set
SCIP version 8.0.2 [precision: 8 byte] [memory: block] [mode: optimized] [LP solver: Soplex 6.0.2] [GitHash: 5f0473c4fb]
Copyright (C) 2002-2022 Konrad-Zuse-Zentrum fuer Informationstechnik Berlin (ZIB)


Reading parameters from </home/mcs001/s145344/20221025/FullRecourseKEP/code/check/../settings/method1-complexFALSE-cyc4-chain4-liftTRUE-policy2.set>.

Changed settings:
misc/usesymmetry = 0
kidney/maxcyclelength = 4
kidney/maxchainlength = 4

Setting time limit to 3600.
Setting memory limit to 24000.
Setting node limit to 2100000000.
Setting display frequency to 10000.

Reading the graph
Reading graph from file /home/mcs001/s145344/20221025/FullRecourseKEP/code/check/../../instances/KlimentovaInstances100/Klimentova_100_27.txt
Finding the cycles
Enumerating all cycles
Number of cycles: 29170

Finding the chains
Enumerating all chains
Chain length maximum: 4
Number of chains: 993213
Strengthening the node bounds
Find the triplets
Time needed to read graph and detecting cycles/chains/triplets:	0.63
Create the model
Time to create master model:	1.8
Solve the model
@99 Start master loop of trilevel optimization algorithm.
@98 masteriteration 1: objective value 49.000000.
@97 Set up Benders model 1.
memory limit reached@05================================================================================
   ================================   STATISTICS   ================================
[suboptimal] terminated after 3403.250000 seconds (stage 2: 1483.430000, stage 3: 1.700000).

[patterns]
Used attack patterns:
@06================================================================================

SCIP Status        : problem creation / modification
Total Time         :       0.00
  reading          :       0.00
Original Problem   :
  Problem name     : name
  Variables        : 1022484 (1022483 binary, 0 integer, 0 implicit integer, 1 continuous)
  Constraints      : 201 initial, 201 maximal
  Objective        : maximize, 1 non-zeros (abs.min = 1, abs.max = 1)
Free the model
@04 1669294681
-----------------------------
Thu Nov 24 13:58:01 CET 2022
-----------------------------

=ready=
Linux mcs-computeA001 5.10.11-1.el7.elrepo.x86_64 #1 SMP Tue Jan 26 10:44:32 EST 2021 x86_64 x86_64 x86_64 GNU/Linux
@01 /home/mcs001/s145344/20221025/FullRecourseKEP/code/check/../../instances/KlimentovaInstances100/Klimentova_100_28.txt ===========
-----------------------------
Thu Nov 24 13:01:16 CET 2022
-----------------------------
@03 1669291276
/home/mcs001/s145344/20221025/FullRecourseKEP/code/check/../bin/fullrecoursekidney.linux.x86_64.gnu.opt.spx2 /home/mcs001/s145344/20221025/FullRecourseKEP/code/check/../../instances/KlimentovaInstances100/Klimentova_100_28.txt 1 -t 3600 -m 24000 -n 2100000000 -d 10000 -s /home/mcs001/s145344/20221025/FullRecourseKEP/code/check/../settings/method1-complexFALSE-cyc4-chain4-liftTRUE-policy2.set
SCIP version 8.0.2 [precision: 8 byte] [memory: block] [mode: optimized] [LP solver: Soplex 6.0.2] [GitHash: 5f0473c4fb]
Copyright (C) 2002-2022 Konrad-Zuse-Zentrum fuer Informationstechnik Berlin (ZIB)


Reading parameters from </home/mcs001/s145344/20221025/FullRecourseKEP/code/check/../settings/method1-complexFALSE-cyc4-chain4-liftTRUE-policy2.set>.

Changed settings:
misc/usesymmetry = 0
kidney/maxcyclelength = 4
kidney/maxchainlength = 4

Setting time limit to 3600.
Setting memory limit to 24000.
Setting node limit to 2100000000.
Setting display frequency to 10000.

Reading the graph
Reading graph from file /home/mcs001/s145344/20221025/FullRecourseKEP/code/check/../../instances/KlimentovaInstances100/Klimentova_100_28.txt
Finding the cycles
Enumerating all cycles
Number of cycles: 62554

Finding the chains
Enumerating all chains
Chain length maximum: 4
Number of chains: 1312427
Strengthening the node bounds
Find the triplets
Time needed to read graph and detecting cycles/chains/triplets:	1.03
Create the model
Time to create master model:	2.42
Solve the model
@99 Start master loop of trilevel optimization algorithm.
@98 masteriteration 1: objective value 66.000000.
@97 Set up Benders model 1.
memory limit reached@05================================================================================
   ================================   STATISTICS   ================================
[suboptimal] terminated after 1335.980000 seconds (stage 2: 35.370000, stage 3: 2.150000).

[patterns]
Used attack patterns:
@06================================================================================

SCIP Status        : problem creation / modification
Total Time         :       0.00
  reading          :       0.00
Original Problem   :
  Problem name     : name
  Variables        : 1375082 (1375081 binary, 0 integer, 0 implicit integer, 1 continuous)
  Constraints      : 201 initial, 201 maximal
  Objective        : maximize, 1 non-zeros (abs.min = 1, abs.max = 1)
Free the model
@04 1669292614
-----------------------------
Thu Nov 24 13:23:34 CET 2022
-----------------------------

=ready=
Linux mcs-computeA001 5.10.11-1.el7.elrepo.x86_64 #1 SMP Tue Jan 26 10:44:32 EST 2021 x86_64 x86_64 x86_64 GNU/Linux
@01 /home/mcs001/s145344/20221025/FullRecourseKEP/code/check/../../instances/KlimentovaInstances100/Klimentova_100_29.txt ===========
-----------------------------
Thu Nov 24 13:01:17 CET 2022
-----------------------------
@03 1669291277
/home/mcs001/s145344/20221025/FullRecourseKEP/code/check/../bin/fullrecoursekidney.linux.x86_64.gnu.opt.spx2 /home/mcs001/s145344/20221025/FullRecourseKEP/code/check/../../instances/KlimentovaInstances100/Klimentova_100_29.txt 1 -t 3600 -m 24000 -n 2100000000 -d 10000 -s /home/mcs001/s145344/20221025/FullRecourseKEP/code/check/../settings/method1-complexFALSE-cyc4-chain4-liftTRUE-policy2.set
SCIP version 8.0.2 [precision: 8 byte] [memory: block] [mode: optimized] [LP solver: Soplex 6.0.2] [GitHash: 5f0473c4fb]
Copyright (C) 2002-2022 Konrad-Zuse-Zentrum fuer Informationstechnik Berlin (ZIB)


Reading parameters from </home/mcs001/s145344/20221025/FullRecourseKEP/code/check/../settings/method1-complexFALSE-cyc4-chain4-liftTRUE-policy2.set>.

Changed settings:
misc/usesymmetry = 0
kidney/maxcyclelength = 4
kidney/maxchainlength = 4

Setting time limit to 3600.
Setting memory limit to 24000.
Setting node limit to 2100000000.
Setting display frequency to 10000.

Reading the graph
Reading graph from file /home/mcs001/s145344/20221025/FullRecourseKEP/code/check/../../instances/KlimentovaInstances100/Klimentova_100_29.txt
Finding the cycles
Enumerating all cycles
Number of cycles: 50745

Finding the chains
Enumerating all chains
Chain length maximum: 4
Number of chains: 993256
Strengthening the node bounds
Find the triplets
Time needed to read graph and detecting cycles/chains/triplets:	0.65
Create the model
Time to create master model:	1.8
Solve the model
@99 Start master loop of trilevel optimization algorithm.
@98 masteriteration 1: objective value 58.000000.
@97 Set up Benders model 1.
memory limit reached@05================================================================================
   ================================   STATISTICS   ================================
[suboptimal] terminated after 3542.310000 seconds (stage 2: 1612.640000, stage 3: 1.700000).

[patterns]
Used attack patterns:
@06================================================================================

SCIP Status        : problem creation / modification
Total Time         :       0.00
  reading          :       0.00
Original Problem   :
  Problem name     : name
  Variables        : 1044102 (1044101 binary, 0 integer, 0 implicit integer, 1 continuous)
  Constraints      : 201 initial, 201 maximal
  Objective        : maximize, 1 non-zeros (abs.min = 1, abs.max = 1)
Free the model
@04 1669294820
-----------------------------
Thu Nov 24 14:00:20 CET 2022
-----------------------------

=ready=
