
Linux mcs-computeA011 5.10.11-1.el7.elrepo.x86_64 #1 SMP Tue Jan 26 10:44:32 EST 2021 x86_64 x86_64 x86_64 GNU/Linux
@01 /home/mcs001/s145344/20221025/FullRecourseKEP/code/check/../../instances/KlimentovaInstances100/Klimentova_100_0.txt ===========
-----------------------------
Thu Nov 24 13:01:14 CET 2022
-----------------------------
@03 1669291274
/home/mcs001/s145344/20221025/FullRecourseKEP/code/check/../bin/fullrecoursekidney.linux.x86_64.gnu.opt.spx2 /home/mcs001/s145344/20221025/FullRecourseKEP/code/check/../../instances/KlimentovaInstances100/Klimentova_100_0.txt 1 -t 3600 -m 24000 -n 2100000000 -d 10000 -s /home/mcs001/s145344/20221025/FullRecourseKEP/code/check/../settings/method1-complexFALSE-cyc4-chain4-liftFALSE-policy2.set
SCIP version 8.0.2 [precision: 8 byte] [memory: block] [mode: optimized] [LP solver: Soplex 6.0.2] [GitHash: 5f0473c4fb]
Copyright (C) 2002-2022 Konrad-Zuse-Zentrum fuer Informationstechnik Berlin (ZIB)


Reading parameters from </home/mcs001/s145344/20221025/FullRecourseKEP/code/check/../settings/method1-complexFALSE-cyc4-chain4-liftFALSE-policy2.set>.

Changed settings:
misc/usesymmetry = 0
kidney/maxcyclelength = 4
kidney/maxchainlength = 4
kidney/liftbenderscuts = FALSE

Setting time limit to 3600.
Setting memory limit to 24000.
Setting node limit to 2100000000.
Setting display frequency to 10000.

Reading the graph
Reading graph from file /home/mcs001/s145344/20221025/FullRecourseKEP/code/check/../../instances/KlimentovaInstances100/Klimentova_100_0.txt
Finding the cycles
Enumerating all cycles
Number of cycles: 16463

Finding the chains
Enumerating all chains
Chain length maximum: 4
Number of chains: 415257
Strengthening the node bounds
Find the triplets
Time needed to read graph and detecting cycles/chains/triplets:	0.31
Create the model
Time to create master model:	0.84
Solve the model
@99 Start master loop of trilevel optimization algorithm.
@98 masteriteration 1: objective value 43.000000.
@97 Set up Benders model 1.
Benders obj: 39.000000
Attack pattern: 
27 
@95 KEP objective: 42.000000
The recourse value 42.000000 of the currently considered attack pattern violates the master solution.
@96 Benders problem iteration 1: objective value 39.000000.
nattacks: 1
first attack: 27
time limit reached@05================================================================================
   ================================   STATISTICS   ================================
[suboptimal] terminated after 3709.960000 seconds (stage 2: 1674.310000, stage 3: 0.870000).

[patterns]
Used attack patterns:
[scenario]    0:	      27
@06================================================================================

SCIP Status        : problem creation / modification
Total Time         :       0.00
  reading          :       0.00
Original Problem   :
  Problem name     : name
  Variables        : 863638 (863637 binary, 0 integer, 0 implicit integer, 1 continuous)
  Constraints      : 496 initial, 496 maximal
  Objective        : maximize, 1 non-zeros (abs.min = 1, abs.max = 1)
Free the model
@04 1669294987
-----------------------------
Thu Nov 24 14:03:07 CET 2022
-----------------------------

=ready=
Linux mcs-computeA011 5.10.11-1.el7.elrepo.x86_64 #1 SMP Tue Jan 26 10:44:32 EST 2021 x86_64 x86_64 x86_64 GNU/Linux
@01 /home/mcs001/s145344/20221025/FullRecourseKEP/code/check/../../instances/KlimentovaInstances100/Klimentova_100_1.txt ===========
-----------------------------
Thu Nov 24 13:01:10 CET 2022
-----------------------------
@03 1669291270
/home/mcs001/s145344/20221025/FullRecourseKEP/code/check/../bin/fullrecoursekidney.linux.x86_64.gnu.opt.spx2 /home/mcs001/s145344/20221025/FullRecourseKEP/code/check/../../instances/KlimentovaInstances100/Klimentova_100_1.txt 1 -t 3600 -m 24000 -n 2100000000 -d 10000 -s /home/mcs001/s145344/20221025/FullRecourseKEP/code/check/../settings/method1-complexFALSE-cyc4-chain4-liftFALSE-policy2.set
SCIP version 8.0.2 [precision: 8 byte] [memory: block] [mode: optimized] [LP solver: Soplex 6.0.2] [GitHash: 5f0473c4fb]
Copyright (C) 2002-2022 Konrad-Zuse-Zentrum fuer Informationstechnik Berlin (ZIB)


Reading parameters from </home/mcs001/s145344/20221025/FullRecourseKEP/code/check/../settings/method1-complexFALSE-cyc4-chain4-liftFALSE-policy2.set>.

Changed settings:
misc/usesymmetry = 0
kidney/maxcyclelength = 4
kidney/maxchainlength = 4
kidney/liftbenderscuts = FALSE

Setting time limit to 3600.
Setting memory limit to 24000.
Setting node limit to 2100000000.
Setting display frequency to 10000.

Reading the graph
Reading graph from file /home/mcs001/s145344/20221025/FullRecourseKEP/code/check/../../instances/KlimentovaInstances100/Klimentova_100_1.txt
Finding the cycles
Enumerating all cycles
Number of cycles: 12889

Finding the chains
Enumerating all chains
Chain length maximum: 4
Number of chains: 1144552
Strengthening the node bounds
Find the triplets
Time needed to read graph and detecting cycles/chains/triplets:	0.77
Create the model
Time to create master model:	2.24
Solve the model
@99 Start master loop of trilevel optimization algorithm.
@98 masteriteration 1: objective value 47.000000.
@97 Set up Benders model 1.
memory limit reached@05================================================================================
   ================================   STATISTICS   ================================
[suboptimal] terminated after 2855.630000 seconds (stage 2: 102.610000, stage 3: 2.230000).

[patterns]
Used attack patterns:
@06================================================================================

SCIP Status        : problem creation / modification
Total Time         :       0.00
  reading          :       0.00
Original Problem   :
  Problem name     : name
  Variables        : 1157542 (1157541 binary, 0 integer, 0 implicit integer, 1 continuous)
  Constraints      : 201 initial, 201 maximal
  Objective        : maximize, 1 non-zeros (abs.min = 1, abs.max = 1)
Free the model
@04 1669294129
-----------------------------
Thu Nov 24 13:48:49 CET 2022
-----------------------------

=ready=
Linux mcs-computeA011 5.10.11-1.el7.elrepo.x86_64 #1 SMP Tue Jan 26 10:44:32 EST 2021 x86_64 x86_64 x86_64 GNU/Linux
@01 /home/mcs001/s145344/20221025/FullRecourseKEP/code/check/../../instances/KlimentovaInstances100/Klimentova_100_2.txt ===========
-----------------------------
Thu Nov 24 13:01:10 CET 2022
-----------------------------
@03 1669291270
/home/mcs001/s145344/20221025/FullRecourseKEP/code/check/../bin/fullrecoursekidney.linux.x86_64.gnu.opt.spx2 /home/mcs001/s145344/20221025/FullRecourseKEP/code/check/../../instances/KlimentovaInstances100/Klimentova_100_2.txt 1 -t 3600 -m 24000 -n 2100000000 -d 10000 -s /home/mcs001/s145344/20221025/FullRecourseKEP/code/check/../settings/method1-complexFALSE-cyc4-chain4-liftFALSE-policy2.set
SCIP version 8.0.2 [precision: 8 byte] [memory: block] [mode: optimized] [LP solver: Soplex 6.0.2] [GitHash: 5f0473c4fb]
Copyright (C) 2002-2022 Konrad-Zuse-Zentrum fuer Informationstechnik Berlin (ZIB)


Reading parameters from </home/mcs001/s145344/20221025/FullRecourseKEP/code/check/../settings/method1-complexFALSE-cyc4-chain4-liftFALSE-policy2.set>.

Changed settings:
misc/usesymmetry = 0
kidney/maxcyclelength = 4
kidney/maxchainlength = 4
kidney/liftbenderscuts = FALSE

Setting time limit to 3600.
Setting memory limit to 24000.
Setting node limit to 2100000000.
Setting display frequency to 10000.

Reading the graph
Reading graph from file /home/mcs001/s145344/20221025/FullRecourseKEP/code/check/../../instances/KlimentovaInstances100/Klimentova_100_2.txt
Finding the cycles
Enumerating all cycles
Number of cycles: 37929

Finding the chains
Enumerating all chains
Chain length maximum: 4
Number of chains: 111945
Strengthening the node bounds
Find the triplets
Time needed to read graph and detecting cycles/chains/triplets:	0.09
Create the model
Time to create master model:	0.22
Solve the model
@99 Start master loop of trilevel optimization algorithm.
@98 masteriteration 1: objective value 48.000000.
@97 Set up Benders model 1.
Benders obj: 44.000000
Attack pattern: 
42 
@95 KEP objective: 47.000000
The recourse value 47.000000 of the currently considered attack pattern violates the master solution.
@96 Benders problem iteration 1: objective value 44.000000.
nattacks: 1
first attack: 42
@98 masteriteration 2: objective value 47.000000.
@97 Set up Benders model 2.
Benders obj: 44.000000
Attack pattern: 
0 
@95 KEP objective: 46.000000
The recourse value 46.000000 of the currently considered attack pattern violates the master solution.
@96 Benders problem iteration 2: objective value 44.000000.
nattacks: 1
first attack: 0
@98 masteriteration 3: objective value 46.000000.
@97 Set up Benders model 3.
Benders obj: 44.000000
Attack pattern: 
97 
@95 KEP objective: 46.000000
Benders obj: 44.000000
Attack pattern: 
25 
@95 KEP objective: 47.000000
Benders obj: 44.000000
Attack pattern: 
1 
@95 KEP objective: 45.000000
The recourse value 45.000000 of the currently considered attack pattern violates the master solution.
@96 Benders problem iteration 3: objective value 44.000000.
nattacks: 1
first attack: 1
time limit reached@05================================================================================
   ================================   STATISTICS   ================================
[suboptimal] terminated after 3617.470000 seconds (stage 2: 1744.160000, stage 3: 32.910000).

[patterns]
Used attack patterns:
[scenario]    0:	      42
[scenario]    1:	       0
[scenario]    2:	       1
@06================================================================================

SCIP Status        : problem creation / modification
Total Time         :       0.00
  reading          :       0.00
Original Problem   :
  Problem name     : name
  Variables        : 599894 (599893 binary, 0 integer, 0 implicit integer, 1 continuous)
  Constraints      : 1098 initial, 1098 maximal
  Objective        : maximize, 1 non-zeros (abs.min = 1, abs.max = 1)
Free the model
@04 1669294890
-----------------------------
Thu Nov 24 14:01:30 CET 2022
-----------------------------

=ready=
Linux mcs-computeA011 5.10.11-1.el7.elrepo.x86_64 #1 SMP Tue Jan 26 10:44:32 EST 2021 x86_64 x86_64 x86_64 GNU/Linux
@01 /home/mcs001/s145344/20221025/FullRecourseKEP/code/check/../../instances/KlimentovaInstances100/Klimentova_100_3.txt ===========
-----------------------------
Thu Nov 24 13:01:10 CET 2022
-----------------------------
@03 1669291270
/home/mcs001/s145344/20221025/FullRecourseKEP/code/check/../bin/fullrecoursekidney.linux.x86_64.gnu.opt.spx2 /home/mcs001/s145344/20221025/FullRecourseKEP/code/check/../../instances/KlimentovaInstances100/Klimentova_100_3.txt 1 -t 3600 -m 24000 -n 2100000000 -d 10000 -s /home/mcs001/s145344/20221025/FullRecourseKEP/code/check/../settings/method1-complexFALSE-cyc4-chain4-liftFALSE-policy2.set
SCIP version 8.0.2 [precision: 8 byte] [memory: block] [mode: optimized] [LP solver: Soplex 6.0.2] [GitHash: 5f0473c4fb]
Copyright (C) 2002-2022 Konrad-Zuse-Zentrum fuer Informationstechnik Berlin (ZIB)


Reading parameters from </home/mcs001/s145344/20221025/FullRecourseKEP/code/check/../settings/method1-complexFALSE-cyc4-chain4-liftFALSE-policy2.set>.

Changed settings:
misc/usesymmetry = 0
kidney/maxcyclelength = 4
kidney/maxchainlength = 4
kidney/liftbenderscuts = FALSE

Setting time limit to 3600.
Setting memory limit to 24000.
Setting node limit to 2100000000.
Setting display frequency to 10000.

Reading the graph
Reading graph from file /home/mcs001/s145344/20221025/FullRecourseKEP/code/check/../../instances/KlimentovaInstances100/Klimentova_100_3.txt
Finding the cycles
Enumerating all cycles
Number of cycles: 26165

Finding the chains
Enumerating all chains
Chain length maximum: 4
Number of chains: 1528644
Strengthening the node bounds
Find the triplets
Time needed to read graph and detecting cycles/chains/triplets:	1.05
Create the model
Time to create master model:	3.04
Solve the model
@99 Start master loop of trilevel optimization algorithm.
time limit reached@05================================================================================
   ================================   STATISTICS   ================================
[suboptimal] terminated after 4130.490000 seconds (stage 2: 0.000000, stage 3: 0.000000).

[patterns]
Used attack patterns:
@06================================================================================

SCIP Status        : problem creation / modification
Total Time         :       0.00
  reading          :       0.00
Original Problem   :
  Problem name     : name
  Variables        : 1554910 (1554909 binary, 0 integer, 0 implicit integer, 1 continuous)
  Constraints      : 201 initial, 201 maximal
  Objective        : maximize, 1 non-zeros (abs.min = 1, abs.max = 1)
Free the model
@04 1669295405
-----------------------------
Thu Nov 24 14:10:05 CET 2022
-----------------------------

=ready=
Linux mcs-computeA011 5.10.11-1.el7.elrepo.x86_64 #1 SMP Tue Jan 26 10:44:32 EST 2021 x86_64 x86_64 x86_64 GNU/Linux
@01 /home/mcs001/s145344/20221025/FullRecourseKEP/code/check/../../instances/KlimentovaInstances100/Klimentova_100_4.txt ===========
-----------------------------
Thu Nov 24 13:01:10 CET 2022
-----------------------------
@03 1669291270
/home/mcs001/s145344/20221025/FullRecourseKEP/code/check/../bin/fullrecoursekidney.linux.x86_64.gnu.opt.spx2 /home/mcs001/s145344/20221025/FullRecourseKEP/code/check/../../instances/KlimentovaInstances100/Klimentova_100_4.txt 1 -t 3600 -m 24000 -n 2100000000 -d 10000 -s /home/mcs001/s145344/20221025/FullRecourseKEP/code/check/../settings/method1-complexFALSE-cyc4-chain4-liftFALSE-policy2.set
SCIP version 8.0.2 [precision: 8 byte] [memory: block] [mode: optimized] [LP solver: Soplex 6.0.2] [GitHash: 5f0473c4fb]
Copyright (C) 2002-2022 Konrad-Zuse-Zentrum fuer Informationstechnik Berlin (ZIB)


Reading parameters from </home/mcs001/s145344/20221025/FullRecourseKEP/code/check/../settings/method1-complexFALSE-cyc4-chain4-liftFALSE-policy2.set>.

Changed settings:
misc/usesymmetry = 0
kidney/maxcyclelength = 4
kidney/maxchainlength = 4
kidney/liftbenderscuts = FALSE

Setting time limit to 3600.
Setting memory limit to 24000.
Setting node limit to 2100000000.
Setting display frequency to 10000.

Reading the graph
Reading graph from file /home/mcs001/s145344/20221025/FullRecourseKEP/code/check/../../instances/KlimentovaInstances100/Klimentova_100_4.txt
Finding the cycles
Enumerating all cycles
Number of cycles: 26420

Finding the chains
Enumerating all chains
Chain length maximum: 4
Number of chains: 935073
Strengthening the node bounds
Find the triplets
Time needed to read graph and detecting cycles/chains/triplets:	0.59
Create the model
Time to create master model:	1.93
Solve the model
@99 Start master loop of trilevel optimization algorithm.
@98 masteriteration 1: objective value 62.000000.
@97 Set up Benders model 1.
memory limit reached@05================================================================================
   ================================   STATISTICS   ================================
[suboptimal] terminated after 3667.920000 seconds (stage 2: 1344.740000, stage 3: 1.940000).

[patterns]
Used attack patterns:
@06================================================================================

SCIP Status        : problem creation / modification
Total Time         :       0.00
  reading          :       0.00
Original Problem   :
  Problem name     : name
  Variables        : 961594 (961593 binary, 0 integer, 0 implicit integer, 1 continuous)
  Constraints      : 201 initial, 201 maximal
  Objective        : maximize, 1 non-zeros (abs.min = 1, abs.max = 1)
Free the model
@04 1669294942
-----------------------------
Thu Nov 24 14:02:22 CET 2022
-----------------------------

=ready=
Linux mcs-computeA011 5.10.11-1.el7.elrepo.x86_64 #1 SMP Tue Jan 26 10:44:32 EST 2021 x86_64 x86_64 x86_64 GNU/Linux
@01 /home/mcs001/s145344/20221025/FullRecourseKEP/code/check/../../instances/KlimentovaInstances100/Klimentova_100_5.txt ===========
-----------------------------
Thu Nov 24 13:01:10 CET 2022
-----------------------------
@03 1669291270
/home/mcs001/s145344/20221025/FullRecourseKEP/code/check/../bin/fullrecoursekidney.linux.x86_64.gnu.opt.spx2 /home/mcs001/s145344/20221025/FullRecourseKEP/code/check/../../instances/KlimentovaInstances100/Klimentova_100_5.txt 1 -t 3600 -m 24000 -n 2100000000 -d 10000 -s /home/mcs001/s145344/20221025/FullRecourseKEP/code/check/../settings/method1-complexFALSE-cyc4-chain4-liftFALSE-policy2.set
SCIP version 8.0.2 [precision: 8 byte] [memory: block] [mode: optimized] [LP solver: Soplex 6.0.2] [GitHash: 5f0473c4fb]
Copyright (C) 2002-2022 Konrad-Zuse-Zentrum fuer Informationstechnik Berlin (ZIB)


Reading parameters from </home/mcs001/s145344/20221025/FullRecourseKEP/code/check/../settings/method1-complexFALSE-cyc4-chain4-liftFALSE-policy2.set>.

Changed settings:
misc/usesymmetry = 0
kidney/maxcyclelength = 4
kidney/maxchainlength = 4
kidney/liftbenderscuts = FALSE

Setting time limit to 3600.
Setting memory limit to 24000.
Setting node limit to 2100000000.
Setting display frequency to 10000.

Reading the graph
Reading graph from file /home/mcs001/s145344/20221025/FullRecourseKEP/code/check/../../instances/KlimentovaInstances100/Klimentova_100_5.txt
Finding the cycles
Enumerating all cycles
Number of cycles: 17405

Finding the chains
Enumerating all chains
Chain length maximum: 4
Number of chains: 677587
Strengthening the node bounds
Find the triplets
Time needed to read graph and detecting cycles/chains/triplets:	0.46
Create the model
Time to create master model:	1.33
Solve the model
@99 Start master loop of trilevel optimization algorithm.
@98 masteriteration 1: objective value 39.000000.
@97 Set up Benders model 1.
time limit reached@05================================================================================
   ================================   STATISTICS   ================================
[suboptimal] terminated after 3821.670000 seconds (stage 2: 2244.860000, stage 3: 1.310000).

[patterns]
Used attack patterns:
@06================================================================================

SCIP Status        : problem creation / modification
Total Time         :       0.00
  reading          :       0.00
Original Problem   :
  Problem name     : name
  Variables        : 695093 (695092 binary, 0 integer, 0 implicit integer, 1 continuous)
  Constraints      : 201 initial, 201 maximal
  Objective        : maximize, 1 non-zeros (abs.min = 1, abs.max = 1)
Free the model
@04 1669295095
-----------------------------
Thu Nov 24 14:04:55 CET 2022
-----------------------------

=ready=
Linux mcs-computeA006 5.10.11-1.el7.elrepo.x86_64 #1 SMP Tue Jan 26 10:44:32 EST 2021 x86_64 x86_64 x86_64 GNU/Linux
@01 /home/mcs001/s145344/20221025/FullRecourseKEP/code/check/../../instances/KlimentovaInstances100/Klimentova_100_6.txt ===========
-----------------------------
Wed Nov  2 00:53:04 CET 2022
-----------------------------
@03 1667346784
/home/mcs001/s145344/20221025/FullRecourseKEP/code/check/../bin/fullrecoursekidney.linux.x86_64.gnu.opt.spx2 /home/mcs001/s145344/20221025/FullRecourseKEP/code/check/../../instances/KlimentovaInstances100/Klimentova_100_6.txt 1 -t 3600 -m 24000 -n 2100000000 -d 10000 -s /home/mcs001/s145344/20221025/FullRecourseKEP/code/check/../settings/method1-complexFALSE-cyc4-chain4-liftFALSE-policy2.set
SCIP version 8.0.2 [precision: 8 byte] [memory: block] [mode: optimized] [LP solver: Soplex 6.0.2] [GitHash: 5f0473c4fb]
Copyright (C) 2002-2022 Konrad-Zuse-Zentrum fuer Informationstechnik Berlin (ZIB)


Reading parameters from </home/mcs001/s145344/20221025/FullRecourseKEP/code/check/../settings/method1-complexFALSE-cyc4-chain4-liftFALSE-policy2.set>.

Changed settings:
misc/usesymmetry = 0
kidney/maxcyclelength = 4
kidney/maxchainlength = 4
kidney/liftbenderscuts = FALSE

Setting time limit to 3600.
Setting memory limit to 24000.
Setting node limit to 2100000000.
Setting display frequency to 10000.

Reading the graph
Reading graph from file /home/mcs001/s145344/20221025/FullRecourseKEP/code/check/../../instances/KlimentovaInstances100/Klimentova_100_6.txt
Finding the cycles
Enumerating all cycles
Number of cycles: 6558

Finding the chains
Enumerating all chains
Chain length maximum: 4
Number of chains: 49780
Strengthening the node bounds
Find the triplets
Time needed to read graph and detecting cycles/chains/triplets:	0.02
Create the model
Time to create master model:	0.06
Solve the model
@99 Start master loop of trilevel optimization algorithm.
@98 masteriteration 1: objective value 41.000000.
@97 Set up Benders model 1.
Benders obj: 37.000000
Attack pattern: 
50 
@95 KEP objective: 39.000000
The recourse value 39.000000 of the currently considered attack pattern violates the master solution.
@96 Benders problem iteration 1: objective value 37.000000.
nattacks: 1
first attack: 50
@98 masteriteration 2: objective value 40.000000.
@97 Set up Benders model 2.
Benders obj: 36.000000
Attack pattern: 
84 
@95 KEP objective: 39.000000
The recourse value 39.000000 of the currently considered attack pattern violates the master solution.
@96 Benders problem iteration 2: objective value 36.000000.
nattacks: 1
first attack: 84
@98 masteriteration 3: objective value 39.000000.
@97 Set up Benders model 3.
Benders obj: 36.000000
Attack pattern: 
61 
@95 KEP objective: 39.000000
Benders obj: 36.000000
Attack pattern: 
38 
@95 KEP objective: 36.000000
The recourse value 36.000000 of the currently considered attack pattern violates the master solution.
@96 Benders problem iteration 3: objective value 36.000000.
nattacks: 1
first attack: 38
@98 masteriteration 4: objective value 39.000000.
@97 Set up Benders model 4.
Benders obj: 37.000000
Attack pattern: 
3 
@95 KEP objective: 40.000000
Benders obj: 37.000000
Attack pattern: 
61 
@95 KEP objective: 40.000000
Benders obj: 37.000000
Attack pattern: 
88 
@95 KEP objective: 37.000000
The recourse value 37.000000 of the currently considered attack pattern violates the master solution.
@96 Benders problem iteration 4: objective value 37.000000.
nattacks: 1
first attack: 88
@98 masteriteration 5: objective value 38.000000.
@97 Set up Benders model 5.
Benders obj: 36.000000
Attack pattern: 
0 
@95 KEP objective: 39.000000
Benders obj: 36.000000
Attack pattern: 
98 
@95 KEP objective: 38.000000
Benders obj: 36.000000
Attack pattern: 
61 
@95 KEP objective: 39.000000
Benders obj: 36.000000
Attack pattern: 
67 
@95 KEP objective: 37.000000
The recourse value 37.000000 of the currently considered attack pattern violates the master solution.
@96 Benders problem iteration 5: objective value 36.000000.
nattacks: 1
first attack: 67
time limit reached@05================================================================================
   ================================   STATISTICS   ================================
[suboptimal] terminated after 3602.020000 seconds (stage 2: 357.610000, stage 3: 14.100000).

[patterns]
Used attack patterns:
[scenario]    0:	      50
[scenario]    1:	      84
[scenario]    2:	      38
[scenario]    3:	      88
[scenario]    4:	      67
@06================================================================================

SCIP Status        : problem creation / modification
Total Time         :       0.00
  reading          :       0.00
Original Problem   :
  Problem name     : name
  Variables        : 338619 (338618 binary, 0 integer, 0 implicit integer, 1 continuous)
  Constraints      : 1686 initial, 1686 maximal
  Objective        : maximize, 1 non-zeros (abs.min = 1, abs.max = 1)
Free the model
@04 1667350387
-----------------------------
Wed Nov  2 01:53:07 CET 2022
-----------------------------

=ready=
Linux mcs-computeA011 5.10.11-1.el7.elrepo.x86_64 #1 SMP Tue Jan 26 10:44:32 EST 2021 x86_64 x86_64 x86_64 GNU/Linux
@01 /home/mcs001/s145344/20221025/FullRecourseKEP/code/check/../../instances/KlimentovaInstances100/Klimentova_100_7.txt ===========
-----------------------------
Thu Nov 24 13:01:10 CET 2022
-----------------------------
@03 1669291270
/home/mcs001/s145344/20221025/FullRecourseKEP/code/check/../bin/fullrecoursekidney.linux.x86_64.gnu.opt.spx2 /home/mcs001/s145344/20221025/FullRecourseKEP/code/check/../../instances/KlimentovaInstances100/Klimentova_100_7.txt 1 -t 3600 -m 24000 -n 2100000000 -d 10000 -s /home/mcs001/s145344/20221025/FullRecourseKEP/code/check/../settings/method1-complexFALSE-cyc4-chain4-liftFALSE-policy2.set
SCIP version 8.0.2 [precision: 8 byte] [memory: block] [mode: optimized] [LP solver: Soplex 6.0.2] [GitHash: 5f0473c4fb]
Copyright (C) 2002-2022 Konrad-Zuse-Zentrum fuer Informationstechnik Berlin (ZIB)


Reading parameters from </home/mcs001/s145344/20221025/FullRecourseKEP/code/check/../settings/method1-complexFALSE-cyc4-chain4-liftFALSE-policy2.set>.

Changed settings:
misc/usesymmetry = 0
kidney/maxcyclelength = 4
kidney/maxchainlength = 4
kidney/liftbenderscuts = FALSE

Setting time limit to 3600.
Setting memory limit to 24000.
Setting node limit to 2100000000.
Setting display frequency to 10000.

Reading the graph
Reading graph from file /home/mcs001/s145344/20221025/FullRecourseKEP/code/check/../../instances/KlimentovaInstances100/Klimentova_100_7.txt
Finding the cycles
Enumerating all cycles
Number of cycles: 156324

Finding the chains
Enumerating all chains
Chain length maximum: 4
Number of chains: 3235101
Strengthening the node bounds
Find the triplets
Time needed to read graph and detecting cycles/chains/triplets:	2.33
Create the model
Time to create master model:	6.93
Solve the model
@99 Start master loop of trilevel optimization algorithm.
time limit reached@05================================================================================
   ================================   STATISTICS   ================================
[suboptimal] terminated after 6328.590000 seconds (stage 2: 0.000000, stage 3: 0.000000).

[patterns]
Used attack patterns:
@06================================================================================

SCIP Status        : problem creation / modification
Total Time         :       0.00
  reading          :       0.00
Original Problem   :
  Problem name     : name
  Variables        : 3391526 (3391525 binary, 0 integer, 0 implicit integer, 1 continuous)
  Constraints      : 201 initial, 201 maximal
  Objective        : maximize, 1 non-zeros (abs.min = 1, abs.max = 1)
Free the model
@04 1669297608
-----------------------------
Thu Nov 24 14:46:48 CET 2022
-----------------------------

=ready=
Linux mcs-computeA011 5.10.11-1.el7.elrepo.x86_64 #1 SMP Tue Jan 26 10:44:32 EST 2021 x86_64 x86_64 x86_64 GNU/Linux
@01 /home/mcs001/s145344/20221025/FullRecourseKEP/code/check/../../instances/KlimentovaInstances100/Klimentova_100_8.txt ===========
-----------------------------
Thu Nov 24 13:01:10 CET 2022
-----------------------------
@03 1669291270
/home/mcs001/s145344/20221025/FullRecourseKEP/code/check/../bin/fullrecoursekidney.linux.x86_64.gnu.opt.spx2 /home/mcs001/s145344/20221025/FullRecourseKEP/code/check/../../instances/KlimentovaInstances100/Klimentova_100_8.txt 1 -t 3600 -m 24000 -n 2100000000 -d 10000 -s /home/mcs001/s145344/20221025/FullRecourseKEP/code/check/../settings/method1-complexFALSE-cyc4-chain4-liftFALSE-policy2.set
SCIP version 8.0.2 [precision: 8 byte] [memory: block] [mode: optimized] [LP solver: Soplex 6.0.2] [GitHash: 5f0473c4fb]
Copyright (C) 2002-2022 Konrad-Zuse-Zentrum fuer Informationstechnik Berlin (ZIB)


Reading parameters from </home/mcs001/s145344/20221025/FullRecourseKEP/code/check/../settings/method1-complexFALSE-cyc4-chain4-liftFALSE-policy2.set>.

Changed settings:
misc/usesymmetry = 0
kidney/maxcyclelength = 4
kidney/maxchainlength = 4
kidney/liftbenderscuts = FALSE

Setting time limit to 3600.
Setting memory limit to 24000.
Setting node limit to 2100000000.
Setting display frequency to 10000.

Reading the graph
Reading graph from file /home/mcs001/s145344/20221025/FullRecourseKEP/code/check/../../instances/KlimentovaInstances100/Klimentova_100_8.txt
Finding the cycles
Enumerating all cycles
Number of cycles: 68251

Finding the chains
Enumerating all chains
Chain length maximum: 4
Number of chains: 2456639
Strengthening the node bounds
Find the triplets
Time needed to read graph and detecting cycles/chains/triplets:	1.68
Create the model
Time to create master model:	6.65
Solve the model
@99 Start master loop of trilevel optimization algorithm.
time limit reached@05================================================================================
   ================================   STATISTICS   ================================
[suboptimal] terminated after 3645.760000 seconds (stage 2: 0.000000, stage 3: 0.000000).

[patterns]
Used attack patterns:
@06================================================================================

SCIP Status        : problem creation / modification
Total Time         :       0.00
  reading          :       0.00
Original Problem   :
  Problem name     : name
  Variables        : 2524991 (2524990 binary, 0 integer, 0 implicit integer, 1 continuous)
  Constraints      : 201 initial, 201 maximal
  Objective        : maximize, 1 non-zeros (abs.min = 1, abs.max = 1)
Free the model
@04 1669294925
-----------------------------
Thu Nov 24 14:02:05 CET 2022
-----------------------------

=ready=
Linux mcs-computeA011 5.10.11-1.el7.elrepo.x86_64 #1 SMP Tue Jan 26 10:44:32 EST 2021 x86_64 x86_64 x86_64 GNU/Linux
@01 /home/mcs001/s145344/20221025/FullRecourseKEP/code/check/../../instances/KlimentovaInstances100/Klimentova_100_9.txt ===========
-----------------------------
Thu Nov 24 13:01:10 CET 2022
-----------------------------
@03 1669291270
/home/mcs001/s145344/20221025/FullRecourseKEP/code/check/../bin/fullrecoursekidney.linux.x86_64.gnu.opt.spx2 /home/mcs001/s145344/20221025/FullRecourseKEP/code/check/../../instances/KlimentovaInstances100/Klimentova_100_9.txt 1 -t 3600 -m 24000 -n 2100000000 -d 10000 -s /home/mcs001/s145344/20221025/FullRecourseKEP/code/check/../settings/method1-complexFALSE-cyc4-chain4-liftFALSE-policy2.set
SCIP version 8.0.2 [precision: 8 byte] [memory: block] [mode: optimized] [LP solver: Soplex 6.0.2] [GitHash: 5f0473c4fb]
Copyright (C) 2002-2022 Konrad-Zuse-Zentrum fuer Informationstechnik Berlin (ZIB)


Reading parameters from </home/mcs001/s145344/20221025/FullRecourseKEP/code/check/../settings/method1-complexFALSE-cyc4-chain4-liftFALSE-policy2.set>.

Changed settings:
misc/usesymmetry = 0
kidney/maxcyclelength = 4
kidney/maxchainlength = 4
kidney/liftbenderscuts = FALSE

Setting time limit to 3600.
Setting memory limit to 24000.
Setting node limit to 2100000000.
Setting display frequency to 10000.

Reading the graph
Reading graph from file /home/mcs001/s145344/20221025/FullRecourseKEP/code/check/../../instances/KlimentovaInstances100/Klimentova_100_9.txt
Finding the cycles
Enumerating all cycles
Number of cycles: 129024

Finding the chains
Enumerating all chains
Chain length maximum: 4
Number of chains: 6930447
Strengthening the node bounds
Find the triplets
Time needed to read graph and detecting cycles/chains/triplets:	4.96
Create the model
Time to create master model:	14.18
Solve the model
@99 Start master loop of trilevel optimization algorithm.
memory limit reached@05================================================================================
   ================================   STATISTICS   ================================
[suboptimal] terminated after 165.650000 seconds (stage 2: 0.000000, stage 3: 0.000000).

[patterns]
Used attack patterns:
@06================================================================================

SCIP Status        : problem creation / modification
Total Time         :       0.00
  reading          :       0.00
Original Problem   :
  Problem name     : name
  Variables        : 7059572 (7059571 binary, 0 integer, 0 implicit integer, 1 continuous)
  Constraints      : 201 initial, 201 maximal
  Objective        : maximize, 1 non-zeros (abs.min = 1, abs.max = 1)
Free the model
@04 1669291445
-----------------------------
Thu Nov 24 13:04:05 CET 2022
-----------------------------

=ready=
Linux mcs-computeA004 5.10.11-1.el7.elrepo.x86_64 #1 SMP Tue Jan 26 10:44:32 EST 2021 x86_64 x86_64 x86_64 GNU/Linux
@01 /home/mcs001/s145344/20221025/FullRecourseKEP/code/check/../../instances/KlimentovaInstances100/Klimentova_100_10.txt ===========
-----------------------------
Thu Nov 24 13:01:16 CET 2022
-----------------------------
@03 1669291276
/home/mcs001/s145344/20221025/FullRecourseKEP/code/check/../bin/fullrecoursekidney.linux.x86_64.gnu.opt.spx2 /home/mcs001/s145344/20221025/FullRecourseKEP/code/check/../../instances/KlimentovaInstances100/Klimentova_100_10.txt 1 -t 3600 -m 24000 -n 2100000000 -d 10000 -s /home/mcs001/s145344/20221025/FullRecourseKEP/code/check/../settings/method1-complexFALSE-cyc4-chain4-liftFALSE-policy2.set
SCIP version 8.0.2 [precision: 8 byte] [memory: block] [mode: optimized] [LP solver: Soplex 6.0.2] [GitHash: 5f0473c4fb]
Copyright (C) 2002-2022 Konrad-Zuse-Zentrum fuer Informationstechnik Berlin (ZIB)


Reading parameters from </home/mcs001/s145344/20221025/FullRecourseKEP/code/check/../settings/method1-complexFALSE-cyc4-chain4-liftFALSE-policy2.set>.

Changed settings:
misc/usesymmetry = 0
kidney/maxcyclelength = 4
kidney/maxchainlength = 4
kidney/liftbenderscuts = FALSE

Setting time limit to 3600.
Setting memory limit to 24000.
Setting node limit to 2100000000.
Setting display frequency to 10000.

Reading the graph
Reading graph from file /home/mcs001/s145344/20221025/FullRecourseKEP/code/check/../../instances/KlimentovaInstances100/Klimentova_100_10.txt
Finding the cycles
Enumerating all cycles
Number of cycles: 66143

Finding the chains
Enumerating all chains
Chain length maximum: 4
Number of chains: 2878692
Strengthening the node bounds
Find the triplets
Time needed to read graph and detecting cycles/chains/triplets:	1.74
Create the model
Time to create master model:	4.79
Solve the model
@99 Start master loop of trilevel optimization algorithm.
time limit reached@05================================================================================
   ================================   STATISTICS   ================================
[suboptimal] terminated after 3870.230000 seconds (stage 2: 0.000000, stage 3: 0.000000).

[patterns]
Used attack patterns:
@06================================================================================

SCIP Status        : problem creation / modification
Total Time         :       0.00
  reading          :       0.00
Original Problem   :
  Problem name     : name
  Variables        : 2944936 (2944935 binary, 0 integer, 0 implicit integer, 1 continuous)
  Constraints      : 201 initial, 201 maximal
  Objective        : maximize, 1 non-zeros (abs.min = 1, abs.max = 1)
Free the model
@04 1669295153
-----------------------------
Thu Nov 24 14:05:53 CET 2022
-----------------------------

=ready=
Linux mcs-computeA004 5.10.11-1.el7.elrepo.x86_64 #1 SMP Tue Jan 26 10:44:32 EST 2021 x86_64 x86_64 x86_64 GNU/Linux
@01 /home/mcs001/s145344/20221025/FullRecourseKEP/code/check/../../instances/KlimentovaInstances100/Klimentova_100_11.txt ===========
-----------------------------
Thu Nov 24 13:01:15 CET 2022
-----------------------------
@03 1669291275
/home/mcs001/s145344/20221025/FullRecourseKEP/code/check/../bin/fullrecoursekidney.linux.x86_64.gnu.opt.spx2 /home/mcs001/s145344/20221025/FullRecourseKEP/code/check/../../instances/KlimentovaInstances100/Klimentova_100_11.txt 1 -t 3600 -m 24000 -n 2100000000 -d 10000 -s /home/mcs001/s145344/20221025/FullRecourseKEP/code/check/../settings/method1-complexFALSE-cyc4-chain4-liftFALSE-policy2.set
SCIP version 8.0.2 [precision: 8 byte] [memory: block] [mode: optimized] [LP solver: Soplex 6.0.2] [GitHash: 5f0473c4fb]
Copyright (C) 2002-2022 Konrad-Zuse-Zentrum fuer Informationstechnik Berlin (ZIB)


Reading parameters from </home/mcs001/s145344/20221025/FullRecourseKEP/code/check/../settings/method1-complexFALSE-cyc4-chain4-liftFALSE-policy2.set>.

Changed settings:
misc/usesymmetry = 0
kidney/maxcyclelength = 4
kidney/maxchainlength = 4
kidney/liftbenderscuts = FALSE

Setting time limit to 3600.
Setting memory limit to 24000.
Setting node limit to 2100000000.
Setting display frequency to 10000.

Reading the graph
Reading graph from file /home/mcs001/s145344/20221025/FullRecourseKEP/code/check/../../instances/KlimentovaInstances100/Klimentova_100_11.txt
Finding the cycles
Enumerating all cycles
Number of cycles: 52645

Finding the chains
Enumerating all chains
Chain length maximum: 4
Number of chains: 680436
Strengthening the node bounds
Find the triplets
Time needed to read graph and detecting cycles/chains/triplets:	0.39
Create the model
Time to create master model:	1.07
Solve the model
@99 Start master loop of trilevel optimization algorithm.
@98 masteriteration 1: objective value 61.000000.
@97 Set up Benders model 1.
time limit reached@05================================================================================
   ================================   STATISTICS   ================================
[suboptimal] terminated after 3899.340000 seconds (stage 2: 2874.160000, stage 3: 0.990000).

[patterns]
Used attack patterns:
@06================================================================================

SCIP Status        : problem creation / modification
Total Time         :       0.00
  reading          :       0.00
Original Problem   :
  Problem name     : name
  Variables        : 733182 (733181 binary, 0 integer, 0 implicit integer, 1 continuous)
  Constraints      : 201 initial, 201 maximal
  Objective        : maximize, 1 non-zeros (abs.min = 1, abs.max = 1)
Free the model
@04 1669295182
-----------------------------
Thu Nov 24 14:06:22 CET 2022
-----------------------------

=ready=
Linux mcs-computeA004 5.10.11-1.el7.elrepo.x86_64 #1 SMP Tue Jan 26 10:44:32 EST 2021 x86_64 x86_64 x86_64 GNU/Linux
@01 /home/mcs001/s145344/20221025/FullRecourseKEP/code/check/../../instances/KlimentovaInstances100/Klimentova_100_12.txt ===========
-----------------------------
Thu Nov 24 13:01:16 CET 2022
-----------------------------
@03 1669291276
/home/mcs001/s145344/20221025/FullRecourseKEP/code/check/../bin/fullrecoursekidney.linux.x86_64.gnu.opt.spx2 /home/mcs001/s145344/20221025/FullRecourseKEP/code/check/../../instances/KlimentovaInstances100/Klimentova_100_12.txt 1 -t 3600 -m 24000 -n 2100000000 -d 10000 -s /home/mcs001/s145344/20221025/FullRecourseKEP/code/check/../settings/method1-complexFALSE-cyc4-chain4-liftFALSE-policy2.set
SCIP version 8.0.2 [precision: 8 byte] [memory: block] [mode: optimized] [LP solver: Soplex 6.0.2] [GitHash: 5f0473c4fb]
Copyright (C) 2002-2022 Konrad-Zuse-Zentrum fuer Informationstechnik Berlin (ZIB)


Reading parameters from </home/mcs001/s145344/20221025/FullRecourseKEP/code/check/../settings/method1-complexFALSE-cyc4-chain4-liftFALSE-policy2.set>.

Changed settings:
misc/usesymmetry = 0
kidney/maxcyclelength = 4
kidney/maxchainlength = 4
kidney/liftbenderscuts = FALSE

Setting time limit to 3600.
Setting memory limit to 24000.
Setting node limit to 2100000000.
Setting display frequency to 10000.

Reading the graph
Reading graph from file /home/mcs001/s145344/20221025/FullRecourseKEP/code/check/../../instances/KlimentovaInstances100/Klimentova_100_12.txt
Finding the cycles
Enumerating all cycles
Number of cycles: 34167

Finding the chains
Enumerating all chains
Chain length maximum: 4
Number of chains: 1184510
Strengthening the node bounds
Find the triplets
Time needed to read graph and detecting cycles/chains/triplets:	0.72
Create the model
Time to create master model:	1.93
Solve the model
@99 Start master loop of trilevel optimization algorithm.
@98 masteriteration 1: objective value 66.000000.
@97 Set up Benders model 1.
memory limit reached@05================================================================================
   ================================   STATISTICS   ================================
[suboptimal] terminated after 1741.190000 seconds (stage 2: 105.970000, stage 3: 2.390000).

[patterns]
Used attack patterns:
@06================================================================================

SCIP Status        : problem creation / modification
Total Time         :       0.00
  reading          :       0.00
Original Problem   :
  Problem name     : name
  Variables        : 1218778 (1218777 binary, 0 integer, 0 implicit integer, 1 continuous)
  Constraints      : 201 initial, 201 maximal
  Objective        : maximize, 1 non-zeros (abs.min = 1, abs.max = 1)
Free the model
@04 1669293037
-----------------------------
Thu Nov 24 13:30:37 CET 2022
-----------------------------

=ready=
Linux mcs-computeA004 5.10.11-1.el7.elrepo.x86_64 #1 SMP Tue Jan 26 10:44:32 EST 2021 x86_64 x86_64 x86_64 GNU/Linux
@01 /home/mcs001/s145344/20221025/FullRecourseKEP/code/check/../../instances/KlimentovaInstances100/Klimentova_100_13.txt ===========
-----------------------------
Thu Nov 24 13:01:16 CET 2022
-----------------------------
@03 1669291276
/home/mcs001/s145344/20221025/FullRecourseKEP/code/check/../bin/fullrecoursekidney.linux.x86_64.gnu.opt.spx2 /home/mcs001/s145344/20221025/FullRecourseKEP/code/check/../../instances/KlimentovaInstances100/Klimentova_100_13.txt 1 -t 3600 -m 24000 -n 2100000000 -d 10000 -s /home/mcs001/s145344/20221025/FullRecourseKEP/code/check/../settings/method1-complexFALSE-cyc4-chain4-liftFALSE-policy2.set
SCIP version 8.0.2 [precision: 8 byte] [memory: block] [mode: optimized] [LP solver: Soplex 6.0.2] [GitHash: 5f0473c4fb]
Copyright (C) 2002-2022 Konrad-Zuse-Zentrum fuer Informationstechnik Berlin (ZIB)


Reading parameters from </home/mcs001/s145344/20221025/FullRecourseKEP/code/check/../settings/method1-complexFALSE-cyc4-chain4-liftFALSE-policy2.set>.

Changed settings:
misc/usesymmetry = 0
kidney/maxcyclelength = 4
kidney/maxchainlength = 4
kidney/liftbenderscuts = FALSE

Setting time limit to 3600.
Setting memory limit to 24000.
Setting node limit to 2100000000.
Setting display frequency to 10000.

Reading the graph
Reading graph from file /home/mcs001/s145344/20221025/FullRecourseKEP/code/check/../../instances/KlimentovaInstances100/Klimentova_100_13.txt
Finding the cycles
Enumerating all cycles
Number of cycles: 76579

Finding the chains
Enumerating all chains
Chain length maximum: 4
Number of chains: 886289
Strengthening the node bounds
Find the triplets
Time needed to read graph and detecting cycles/chains/triplets:	0.6
Create the model
Time to create master model:	1.57
Solve the model
@99 Start master loop of trilevel optimization algorithm.
@98 masteriteration 1: objective value 58.000000.
@97 Set up Benders model 1.
@04 1669292946
-----------------------------
Thu Nov 24 13:29:06 CET 2022
-----------------------------

=ready=
Linux mcs-computeA004 5.10.11-1.el7.elrepo.x86_64 #1 SMP Tue Jan 26 10:44:32 EST 2021 x86_64 x86_64 x86_64 GNU/Linux
@01 /home/mcs001/s145344/20221025/FullRecourseKEP/code/check/../../instances/KlimentovaInstances100/Klimentova_100_14.txt ===========
-----------------------------
Thu Nov 24 13:01:13 CET 2022
-----------------------------
@03 1669291273
/home/mcs001/s145344/20221025/FullRecourseKEP/code/check/../bin/fullrecoursekidney.linux.x86_64.gnu.opt.spx2 /home/mcs001/s145344/20221025/FullRecourseKEP/code/check/../../instances/KlimentovaInstances100/Klimentova_100_14.txt 1 -t 3600 -m 24000 -n 2100000000 -d 10000 -s /home/mcs001/s145344/20221025/FullRecourseKEP/code/check/../settings/method1-complexFALSE-cyc4-chain4-liftFALSE-policy2.set
SCIP version 8.0.2 [precision: 8 byte] [memory: block] [mode: optimized] [LP solver: Soplex 6.0.2] [GitHash: 5f0473c4fb]
Copyright (C) 2002-2022 Konrad-Zuse-Zentrum fuer Informationstechnik Berlin (ZIB)


Reading parameters from </home/mcs001/s145344/20221025/FullRecourseKEP/code/check/../settings/method1-complexFALSE-cyc4-chain4-liftFALSE-policy2.set>.

Changed settings:
misc/usesymmetry = 0
kidney/maxcyclelength = 4
kidney/maxchainlength = 4
kidney/liftbenderscuts = FALSE

Setting time limit to 3600.
Setting memory limit to 24000.
Setting node limit to 2100000000.
Setting display frequency to 10000.

Reading the graph
Reading graph from file /home/mcs001/s145344/20221025/FullRecourseKEP/code/check/../../instances/KlimentovaInstances100/Klimentova_100_14.txt
Finding the cycles
Enumerating all cycles
Number of cycles: 18129

Finding the chains
Enumerating all chains
Chain length maximum: 4
Number of chains: 1055222
Strengthening the node bounds
Find the triplets
Time needed to read graph and detecting cycles/chains/triplets:	0.56
Create the model
Time to create master model:	1.45
Solve the model
@99 Start master loop of trilevel optimization algorithm.
@98 masteriteration 1: objective value 50.000000.
@97 Set up Benders model 1.
memory limit reached@05================================================================================
   ================================   STATISTICS   ================================
[suboptimal] terminated after 2157.810000 seconds (stage 2: 381.050000, stage 3: 1.640000).

[patterns]
Used attack patterns:
@06================================================================================

SCIP Status        : problem creation / modification
Total Time         :       0.00
  reading          :       0.00
Original Problem   :
  Problem name     : name
  Variables        : 1073452 (1073451 binary, 0 integer, 0 implicit integer, 1 continuous)
  Constraints      : 201 initial, 201 maximal
  Objective        : maximize, 1 non-zeros (abs.min = 1, abs.max = 1)
Free the model
@04 1669293450
-----------------------------
Thu Nov 24 13:37:30 CET 2022
-----------------------------

=ready=
Linux mcs-computeA004 5.10.11-1.el7.elrepo.x86_64 #1 SMP Tue Jan 26 10:44:32 EST 2021 x86_64 x86_64 x86_64 GNU/Linux
@01 /home/mcs001/s145344/20221025/FullRecourseKEP/code/check/../../instances/KlimentovaInstances100/Klimentova_100_15.txt ===========
-----------------------------
Thu Nov 24 13:01:16 CET 2022
-----------------------------
@03 1669291276
/home/mcs001/s145344/20221025/FullRecourseKEP/code/check/../bin/fullrecoursekidney.linux.x86_64.gnu.opt.spx2 /home/mcs001/s145344/20221025/FullRecourseKEP/code/check/../../instances/KlimentovaInstances100/Klimentova_100_15.txt 1 -t 3600 -m 24000 -n 2100000000 -d 10000 -s /home/mcs001/s145344/20221025/FullRecourseKEP/code/check/../settings/method1-complexFALSE-cyc4-chain4-liftFALSE-policy2.set
SCIP version 8.0.2 [precision: 8 byte] [memory: block] [mode: optimized] [LP solver: Soplex 6.0.2] [GitHash: 5f0473c4fb]
Copyright (C) 2002-2022 Konrad-Zuse-Zentrum fuer Informationstechnik Berlin (ZIB)


Reading parameters from </home/mcs001/s145344/20221025/FullRecourseKEP/code/check/../settings/method1-complexFALSE-cyc4-chain4-liftFALSE-policy2.set>.

Changed settings:
misc/usesymmetry = 0
kidney/maxcyclelength = 4
kidney/maxchainlength = 4
kidney/liftbenderscuts = FALSE

Setting time limit to 3600.
Setting memory limit to 24000.
Setting node limit to 2100000000.
Setting display frequency to 10000.

Reading the graph
Reading graph from file /home/mcs001/s145344/20221025/FullRecourseKEP/code/check/../../instances/KlimentovaInstances100/Klimentova_100_15.txt
Finding the cycles
Enumerating all cycles
Number of cycles: 21628

Finding the chains
Enumerating all chains
Chain length maximum: 4
Number of chains: 1098176
Strengthening the node bounds
Find the triplets
Time needed to read graph and detecting cycles/chains/triplets:	0.66
Create the model
Time to create master model:	1.82
Solve the model
@99 Start master loop of trilevel optimization algorithm.
@98 masteriteration 1: objective value 59.000000.
@97 Set up Benders model 1.
memory limit reached@05================================================================================
   ================================   STATISTICS   ================================
[suboptimal] terminated after 1756.660000 seconds (stage 2: 101.500000, stage 3: 1.670000).

[patterns]
Used attack patterns:
@06================================================================================

SCIP Status        : problem creation / modification
Total Time         :       0.00
  reading          :       0.00
Original Problem   :
  Problem name     : name
  Variables        : 1119905 (1119904 binary, 0 integer, 0 implicit integer, 1 continuous)
  Constraints      : 201 initial, 201 maximal
  Objective        : maximize, 1 non-zeros (abs.min = 1, abs.max = 1)
Free the model
@04 1669293035
-----------------------------
Thu Nov 24 13:30:35 CET 2022
-----------------------------

=ready=
Linux mcs-computeA004 5.10.11-1.el7.elrepo.x86_64 #1 SMP Tue Jan 26 10:44:32 EST 2021 x86_64 x86_64 x86_64 GNU/Linux
@01 /home/mcs001/s145344/20221025/FullRecourseKEP/code/check/../../instances/KlimentovaInstances100/Klimentova_100_16.txt ===========
-----------------------------
Thu Nov 24 13:01:16 CET 2022
-----------------------------
@03 1669291276
/home/mcs001/s145344/20221025/FullRecourseKEP/code/check/../bin/fullrecoursekidney.linux.x86_64.gnu.opt.spx2 /home/mcs001/s145344/20221025/FullRecourseKEP/code/check/../../instances/KlimentovaInstances100/Klimentova_100_16.txt 1 -t 3600 -m 24000 -n 2100000000 -d 10000 -s /home/mcs001/s145344/20221025/FullRecourseKEP/code/check/../settings/method1-complexFALSE-cyc4-chain4-liftFALSE-policy2.set
SCIP version 8.0.2 [precision: 8 byte] [memory: block] [mode: optimized] [LP solver: Soplex 6.0.2] [GitHash: 5f0473c4fb]
Copyright (C) 2002-2022 Konrad-Zuse-Zentrum fuer Informationstechnik Berlin (ZIB)


Reading parameters from </home/mcs001/s145344/20221025/FullRecourseKEP/code/check/../settings/method1-complexFALSE-cyc4-chain4-liftFALSE-policy2.set>.

Changed settings:
misc/usesymmetry = 0
kidney/maxcyclelength = 4
kidney/maxchainlength = 4
kidney/liftbenderscuts = FALSE

Setting time limit to 3600.
Setting memory limit to 24000.
Setting node limit to 2100000000.
Setting display frequency to 10000.

Reading the graph
Reading graph from file /home/mcs001/s145344/20221025/FullRecourseKEP/code/check/../../instances/KlimentovaInstances100/Klimentova_100_16.txt
Finding the cycles
Enumerating all cycles
Number of cycles: 37344

Finding the chains
Enumerating all chains
Chain length maximum: 4
Number of chains: 826521
Strengthening the node bounds
Find the triplets
Time needed to read graph and detecting cycles/chains/triplets:	0.52
Create the model
Time to create master model:	1.33
Solve the model
@99 Start master loop of trilevel optimization algorithm.
@98 masteriteration 1: objective value 50.000000.
@97 Set up Benders model 1.
memory limit reached@05================================================================================
   ================================   STATISTICS   ================================
[suboptimal] terminated after 1977.420000 seconds (stage 2: 877.140000, stage 3: 1.180000).

[patterns]
Used attack patterns:
@06================================================================================

SCIP Status        : problem creation / modification
Total Time         :       0.00
  reading          :       0.00
Original Problem   :
  Problem name     : name
  Variables        : 863966 (863965 binary, 0 integer, 0 implicit integer, 1 continuous)
  Constraints      : 201 initial, 201 maximal
  Objective        : maximize, 1 non-zeros (abs.min = 1, abs.max = 1)
Free the model
@04 1669293294
-----------------------------
Thu Nov 24 13:34:54 CET 2022
-----------------------------

=ready=
Linux mcs-computeA004 5.10.11-1.el7.elrepo.x86_64 #1 SMP Tue Jan 26 10:44:32 EST 2021 x86_64 x86_64 x86_64 GNU/Linux
@01 /home/mcs001/s145344/20221025/FullRecourseKEP/code/check/../../instances/KlimentovaInstances100/Klimentova_100_17.txt ===========
-----------------------------
Thu Nov 24 13:01:16 CET 2022
-----------------------------
@03 1669291276
/home/mcs001/s145344/20221025/FullRecourseKEP/code/check/../bin/fullrecoursekidney.linux.x86_64.gnu.opt.spx2 /home/mcs001/s145344/20221025/FullRecourseKEP/code/check/../../instances/KlimentovaInstances100/Klimentova_100_17.txt 1 -t 3600 -m 24000 -n 2100000000 -d 10000 -s /home/mcs001/s145344/20221025/FullRecourseKEP/code/check/../settings/method1-complexFALSE-cyc4-chain4-liftFALSE-policy2.set
SCIP version 8.0.2 [precision: 8 byte] [memory: block] [mode: optimized] [LP solver: Soplex 6.0.2] [GitHash: 5f0473c4fb]
Copyright (C) 2002-2022 Konrad-Zuse-Zentrum fuer Informationstechnik Berlin (ZIB)


Reading parameters from </home/mcs001/s145344/20221025/FullRecourseKEP/code/check/../settings/method1-complexFALSE-cyc4-chain4-liftFALSE-policy2.set>.

Changed settings:
misc/usesymmetry = 0
kidney/maxcyclelength = 4
kidney/maxchainlength = 4
kidney/liftbenderscuts = FALSE

Setting time limit to 3600.
Setting memory limit to 24000.
Setting node limit to 2100000000.
Setting display frequency to 10000.

Reading the graph
Reading graph from file /home/mcs001/s145344/20221025/FullRecourseKEP/code/check/../../instances/KlimentovaInstances100/Klimentova_100_17.txt
Finding the cycles
Enumerating all cycles
Number of cycles: 21030

Finding the chains
Enumerating all chains
Chain length maximum: 4
Number of chains: 118522
Strengthening the node bounds
Find the triplets
Time needed to read graph and detecting cycles/chains/triplets:	0.08
Create the model
Time to create master model:	0.18
Solve the model
@99 Start master loop of trilevel optimization algorithm.
@98 masteriteration 1: objective value 44.000000.
@97 Set up Benders model 1.
Benders obj: 40.000000
Attack pattern: 
63 
@95 KEP objective: 42.000000
The recourse value 42.000000 of the currently considered attack pattern violates the master solution.
@96 Benders problem iteration 1: objective value 40.000000.
nattacks: 1
first attack: 63
@98 masteriteration 2: objective value 43.000000.
@97 Set up Benders model 2.
Benders obj: 39.000000
Attack pattern: 
34 
@95 KEP objective: 41.000000
The recourse value 41.000000 of the currently considered attack pattern violates the master solution.
@96 Benders problem iteration 2: objective value 39.000000.
nattacks: 1
first attack: 34
@98 masteriteration 3: objective value 42.000000.
@97 Set up Benders model 3.
Benders obj: 40.000000
Attack pattern: 
19 
@95 KEP objective: 43.000000
Benders obj: 40.000000
Attack pattern: 
2 
@95 KEP objective: 43.000000
Benders obj: 40.000000
Attack pattern: 
26 
@95 KEP objective: 43.000000
Benders obj: 40.000000
Attack pattern: 
76 
@95 KEP objective: 43.000000
Benders obj: 40.000000
Attack pattern: 
81 
@95 KEP objective: 43.000000
Benders obj: 40.000000
Attack pattern: 
94 
@95 KEP objective: 42.000000
Benders obj: 40.000000
Attack pattern: 
13 
@95 KEP objective: 43.000000
Benders obj: 40.000000
Attack pattern: 
14 
@95 KEP objective: 42.000000
Benders obj: 40.000000
Attack pattern: 
23 
@95 KEP objective: 40.000000
The recourse value 40.000000 of the currently considered attack pattern violates the master solution.
@96 Benders problem iteration 3: objective value 40.000000.
nattacks: 1
first attack: 23
time limit reached@05================================================================================
   ================================   STATISTICS   ================================
[suboptimal] terminated after 3606.610000 seconds (stage 2: 2321.970000, stage 3: 86.330000).

[patterns]
Used attack patterns:
[scenario]    0:	      63
[scenario]    1:	      34
[scenario]    2:	      23
@06================================================================================

SCIP Status        : problem creation / modification
Total Time         :       0.00
  reading          :       0.00
Original Problem   :
  Problem name     : name
  Variables        : 558603 (558602 binary, 0 integer, 0 implicit integer, 1 continuous)
  Constraints      : 1092 initial, 1092 maximal
  Objective        : maximize, 1 non-zeros (abs.min = 1, abs.max = 1)
Free the model
@04 1669294886
-----------------------------
Thu Nov 24 14:01:26 CET 2022
-----------------------------

=ready=
Linux mcs-computeA004 5.10.11-1.el7.elrepo.x86_64 #1 SMP Tue Jan 26 10:44:32 EST 2021 x86_64 x86_64 x86_64 GNU/Linux
@01 /home/mcs001/s145344/20221025/FullRecourseKEP/code/check/../../instances/KlimentovaInstances100/Klimentova_100_18.txt ===========
-----------------------------
Thu Nov 24 13:01:16 CET 2022
-----------------------------
@03 1669291276
/home/mcs001/s145344/20221025/FullRecourseKEP/code/check/../bin/fullrecoursekidney.linux.x86_64.gnu.opt.spx2 /home/mcs001/s145344/20221025/FullRecourseKEP/code/check/../../instances/KlimentovaInstances100/Klimentova_100_18.txt 1 -t 3600 -m 24000 -n 2100000000 -d 10000 -s /home/mcs001/s145344/20221025/FullRecourseKEP/code/check/../settings/method1-complexFALSE-cyc4-chain4-liftFALSE-policy2.set
SCIP version 8.0.2 [precision: 8 byte] [memory: block] [mode: optimized] [LP solver: Soplex 6.0.2] [GitHash: 5f0473c4fb]
Copyright (C) 2002-2022 Konrad-Zuse-Zentrum fuer Informationstechnik Berlin (ZIB)


Reading parameters from </home/mcs001/s145344/20221025/FullRecourseKEP/code/check/../settings/method1-complexFALSE-cyc4-chain4-liftFALSE-policy2.set>.

Changed settings:
misc/usesymmetry = 0
kidney/maxcyclelength = 4
kidney/maxchainlength = 4
kidney/liftbenderscuts = FALSE

Setting time limit to 3600.
Setting memory limit to 24000.
Setting node limit to 2100000000.
Setting display frequency to 10000.

Reading the graph
Reading graph from file /home/mcs001/s145344/20221025/FullRecourseKEP/code/check/../../instances/KlimentovaInstances100/Klimentova_100_18.txt
Finding the cycles
Enumerating all cycles
Number of cycles: 20661

Finding the chains
Enumerating all chains
Chain length maximum: 4
Number of chains: 1262551
Strengthening the node bounds
Find the triplets
Time needed to read graph and detecting cycles/chains/triplets:	0.77
Create the model
Time to create master model:	2.08
Solve the model
@99 Start master loop of trilevel optimization algorithm.
@98 masteriteration 1: objective value 61.000000.
@97 Set up Benders model 1.
memory limit reached@05================================================================================
   ================================   STATISTICS   ================================
[suboptimal] terminated after 2003.850000 seconds (stage 2: 31.020000, stage 3: 1.830000).

[patterns]
Used attack patterns:
@06================================================================================

SCIP Status        : problem creation / modification
Total Time         :       0.00
  reading          :       0.00
Original Problem   :
  Problem name     : name
  Variables        : 1283313 (1283312 binary, 0 integer, 0 implicit integer, 1 continuous)
  Constraints      : 201 initial, 201 maximal
  Objective        : maximize, 1 non-zeros (abs.min = 1, abs.max = 1)
Free the model
@04 1669293283
-----------------------------
Thu Nov 24 13:34:43 CET 2022
-----------------------------

=ready=
Linux mcs-computeA004 5.10.11-1.el7.elrepo.x86_64 #1 SMP Tue Jan 26 10:44:32 EST 2021 x86_64 x86_64 x86_64 GNU/Linux
@01 /home/mcs001/s145344/20221025/FullRecourseKEP/code/check/../../instances/KlimentovaInstances100/Klimentova_100_19.txt ===========
-----------------------------
Thu Nov 24 13:01:16 CET 2022
-----------------------------
@03 1669291276
/home/mcs001/s145344/20221025/FullRecourseKEP/code/check/../bin/fullrecoursekidney.linux.x86_64.gnu.opt.spx2 /home/mcs001/s145344/20221025/FullRecourseKEP/code/check/../../instances/KlimentovaInstances100/Klimentova_100_19.txt 1 -t 3600 -m 24000 -n 2100000000 -d 10000 -s /home/mcs001/s145344/20221025/FullRecourseKEP/code/check/../settings/method1-complexFALSE-cyc4-chain4-liftFALSE-policy2.set
SCIP version 8.0.2 [precision: 8 byte] [memory: block] [mode: optimized] [LP solver: Soplex 6.0.2] [GitHash: 5f0473c4fb]
Copyright (C) 2002-2022 Konrad-Zuse-Zentrum fuer Informationstechnik Berlin (ZIB)


Reading parameters from </home/mcs001/s145344/20221025/FullRecourseKEP/code/check/../settings/method1-complexFALSE-cyc4-chain4-liftFALSE-policy2.set>.

Changed settings:
misc/usesymmetry = 0
kidney/maxcyclelength = 4
kidney/maxchainlength = 4
kidney/liftbenderscuts = FALSE

Setting time limit to 3600.
Setting memory limit to 24000.
Setting node limit to 2100000000.
Setting display frequency to 10000.

Reading the graph
Reading graph from file /home/mcs001/s145344/20221025/FullRecourseKEP/code/check/../../instances/KlimentovaInstances100/Klimentova_100_19.txt
Finding the cycles
Enumerating all cycles
Number of cycles: 77016

Finding the chains
Enumerating all chains
Chain length maximum: 4
Number of chains: 1248490
Strengthening the node bounds
Find the triplets
Time needed to read graph and detecting cycles/chains/triplets:	0.83
Create the model
Time to create master model:	2.13
Solve the model
@99 Start master loop of trilevel optimization algorithm.
@98 masteriteration 1: objective value 52.000000.
@97 Set up Benders model 1.
memory limit reached@05================================================================================
   ================================   STATISTICS   ================================
[suboptimal] terminated after 1478.730000 seconds (stage 2: 36.560000, stage 3: 2.490000).

[patterns]
Used attack patterns:
@06================================================================================

SCIP Status        : problem creation / modification
Total Time         :       0.00
  reading          :       0.00
Original Problem   :
  Problem name     : name
  Variables        : 1325607 (1325606 binary, 0 integer, 0 implicit integer, 1 continuous)
  Constraints      : 201 initial, 201 maximal
  Objective        : maximize, 1 non-zeros (abs.min = 1, abs.max = 1)
Free the model
@04 1669292757
-----------------------------
Thu Nov 24 13:25:57 CET 2022
-----------------------------

=ready=
Linux mcs-computeA004 5.10.11-1.el7.elrepo.x86_64 #1 SMP Tue Jan 26 10:44:32 EST 2021 x86_64 x86_64 x86_64 GNU/Linux
@01 /home/mcs001/s145344/20221025/FullRecourseKEP/code/check/../../instances/KlimentovaInstances100/Klimentova_100_20.txt ===========
-----------------------------
Thu Nov 24 13:01:16 CET 2022
-----------------------------
@03 1669291276
/home/mcs001/s145344/20221025/FullRecourseKEP/code/check/../bin/fullrecoursekidney.linux.x86_64.gnu.opt.spx2 /home/mcs001/s145344/20221025/FullRecourseKEP/code/check/../../instances/KlimentovaInstances100/Klimentova_100_20.txt 1 -t 3600 -m 24000 -n 2100000000 -d 10000 -s /home/mcs001/s145344/20221025/FullRecourseKEP/code/check/../settings/method1-complexFALSE-cyc4-chain4-liftFALSE-policy2.set
SCIP version 8.0.2 [precision: 8 byte] [memory: block] [mode: optimized] [LP solver: Soplex 6.0.2] [GitHash: 5f0473c4fb]
Copyright (C) 2002-2022 Konrad-Zuse-Zentrum fuer Informationstechnik Berlin (ZIB)


Reading parameters from </home/mcs001/s145344/20221025/FullRecourseKEP/code/check/../settings/method1-complexFALSE-cyc4-chain4-liftFALSE-policy2.set>.

Changed settings:
misc/usesymmetry = 0
kidney/maxcyclelength = 4
kidney/maxchainlength = 4
kidney/liftbenderscuts = FALSE

Setting time limit to 3600.
Setting memory limit to 24000.
Setting node limit to 2100000000.
Setting display frequency to 10000.

Reading the graph
Reading graph from file /home/mcs001/s145344/20221025/FullRecourseKEP/code/check/../../instances/KlimentovaInstances100/Klimentova_100_20.txt
Finding the cycles
Enumerating all cycles
Number of cycles: 44954

Finding the chains
Enumerating all chains
Chain length maximum: 4
Number of chains: 1134941
Strengthening the node bounds
Find the triplets
Time needed to read graph and detecting cycles/chains/triplets:	0.72
Create the model
Time to create master model:	1.91
Solve the model
@99 Start master loop of trilevel optimization algorithm.
@98 masteriteration 1: objective value 54.000000.
@97 Set up Benders model 1.
memory limit reached@05================================================================================
   ================================   STATISTICS   ================================
[suboptimal] terminated after 1291.790000 seconds (stage 2: 84.570000, stage 3: 1.730000).

[patterns]
Used attack patterns:
@06================================================================================

SCIP Status        : problem creation / modification
Total Time         :       0.00
  reading          :       0.00
Original Problem   :
  Problem name     : name
  Variables        : 1179996 (1179995 binary, 0 integer, 0 implicit integer, 1 continuous)
  Constraints      : 201 initial, 201 maximal
  Objective        : maximize, 1 non-zeros (abs.min = 1, abs.max = 1)
Free the model
@04 1669292570
-----------------------------
Thu Nov 24 13:22:50 CET 2022
-----------------------------

=ready=
Linux mcs-computeA004 5.10.11-1.el7.elrepo.x86_64 #1 SMP Tue Jan 26 10:44:32 EST 2021 x86_64 x86_64 x86_64 GNU/Linux
@01 /home/mcs001/s145344/20221025/FullRecourseKEP/code/check/../../instances/KlimentovaInstances100/Klimentova_100_21.txt ===========
-----------------------------
Thu Nov 24 13:01:16 CET 2022
-----------------------------
@03 1669291276
/home/mcs001/s145344/20221025/FullRecourseKEP/code/check/../bin/fullrecoursekidney.linux.x86_64.gnu.opt.spx2 /home/mcs001/s145344/20221025/FullRecourseKEP/code/check/../../instances/KlimentovaInstances100/Klimentova_100_21.txt 1 -t 3600 -m 24000 -n 2100000000 -d 10000 -s /home/mcs001/s145344/20221025/FullRecourseKEP/code/check/../settings/method1-complexFALSE-cyc4-chain4-liftFALSE-policy2.set
SCIP version 8.0.2 [precision: 8 byte] [memory: block] [mode: optimized] [LP solver: Soplex 6.0.2] [GitHash: 5f0473c4fb]
Copyright (C) 2002-2022 Konrad-Zuse-Zentrum fuer Informationstechnik Berlin (ZIB)


Reading parameters from </home/mcs001/s145344/20221025/FullRecourseKEP/code/check/../settings/method1-complexFALSE-cyc4-chain4-liftFALSE-policy2.set>.

Changed settings:
misc/usesymmetry = 0
kidney/maxcyclelength = 4
kidney/maxchainlength = 4
kidney/liftbenderscuts = FALSE

Setting time limit to 3600.
Setting memory limit to 24000.
Setting node limit to 2100000000.
Setting display frequency to 10000.

Reading the graph
Reading graph from file /home/mcs001/s145344/20221025/FullRecourseKEP/code/check/../../instances/KlimentovaInstances100/Klimentova_100_21.txt
Finding the cycles
Enumerating all cycles
Number of cycles: 33610

Finding the chains
Enumerating all chains
Chain length maximum: 4
Number of chains: 799806
Strengthening the node bounds
Find the triplets
Time needed to read graph and detecting cycles/chains/triplets:	0.49
Create the model
Time to create master model:	1.27
Solve the model
@99 Start master loop of trilevel optimization algorithm.
@98 masteriteration 1: objective value 55.000000.
@97 Set up Benders model 1.
time limit reached@05================================================================================
   ================================   STATISTICS   ================================
[suboptimal] terminated after 3824.450000 seconds (stage 2: 2768.920000, stage 3: 1.150000).

[patterns]
Used attack patterns:
@06================================================================================

SCIP Status        : problem creation / modification
Total Time         :       0.00
  reading          :       0.00
Original Problem   :
  Problem name     : name
  Variables        : 833517 (833516 binary, 0 integer, 0 implicit integer, 1 continuous)
  Constraints      : 201 initial, 201 maximal
  Objective        : maximize, 1 non-zeros (abs.min = 1, abs.max = 1)
Free the model
@04 1669295134
-----------------------------
Thu Nov 24 14:05:34 CET 2022
-----------------------------

=ready=
Linux mcs-computeA004 5.10.11-1.el7.elrepo.x86_64 #1 SMP Tue Jan 26 10:44:32 EST 2021 x86_64 x86_64 x86_64 GNU/Linux
@01 /home/mcs001/s145344/20221025/FullRecourseKEP/code/check/../../instances/KlimentovaInstances100/Klimentova_100_22.txt ===========
-----------------------------
Thu Nov 24 13:01:16 CET 2022
-----------------------------
@03 1669291276
/home/mcs001/s145344/20221025/FullRecourseKEP/code/check/../bin/fullrecoursekidney.linux.x86_64.gnu.opt.spx2 /home/mcs001/s145344/20221025/FullRecourseKEP/code/check/../../instances/KlimentovaInstances100/Klimentova_100_22.txt 1 -t 3600 -m 24000 -n 2100000000 -d 10000 -s /home/mcs001/s145344/20221025/FullRecourseKEP/code/check/../settings/method1-complexFALSE-cyc4-chain4-liftFALSE-policy2.set
SCIP version 8.0.2 [precision: 8 byte] [memory: block] [mode: optimized] [LP solver: Soplex 6.0.2] [GitHash: 5f0473c4fb]
Copyright (C) 2002-2022 Konrad-Zuse-Zentrum fuer Informationstechnik Berlin (ZIB)


Reading parameters from </home/mcs001/s145344/20221025/FullRecourseKEP/code/check/../settings/method1-complexFALSE-cyc4-chain4-liftFALSE-policy2.set>.

Changed settings:
misc/usesymmetry = 0
kidney/maxcyclelength = 4
kidney/maxchainlength = 4
kidney/liftbenderscuts = FALSE

Setting time limit to 3600.
Setting memory limit to 24000.
Setting node limit to 2100000000.
Setting display frequency to 10000.

Reading the graph
Reading graph from file /home/mcs001/s145344/20221025/FullRecourseKEP/code/check/../../instances/KlimentovaInstances100/Klimentova_100_22.txt
Finding the cycles
Enumerating all cycles
Number of cycles: 40002

Finding the chains
Enumerating all chains
Chain length maximum: 4
Number of chains: 1327392
Strengthening the node bounds
Find the triplets
Time needed to read graph and detecting cycles/chains/triplets:	0.85
Create the model
Time to create master model:	2.17
Solve the model
@99 Start master loop of trilevel optimization algorithm.
@98 masteriteration 1: objective value 56.000000.
@97 Set up Benders model 1.
memory limit reached@05================================================================================
   ================================   STATISTICS   ================================
[suboptimal] terminated after 1127.020000 seconds (stage 2: 40.980000, stage 3: 2.040000).

[patterns]
Used attack patterns:
@06================================================================================

SCIP Status        : problem creation / modification
Total Time         :       0.00
  reading          :       0.00
Original Problem   :
  Problem name     : name
  Variables        : 1367495 (1367494 binary, 0 integer, 0 implicit integer, 1 continuous)
  Constraints      : 201 initial, 201 maximal
  Objective        : maximize, 1 non-zeros (abs.min = 1, abs.max = 1)
Free the model
@04 1669292405
-----------------------------
Thu Nov 24 13:20:05 CET 2022
-----------------------------

=ready=
Linux mcs-computeA004 5.10.11-1.el7.elrepo.x86_64 #1 SMP Tue Jan 26 10:44:32 EST 2021 x86_64 x86_64 x86_64 GNU/Linux
@01 /home/mcs001/s145344/20221025/FullRecourseKEP/code/check/../../instances/KlimentovaInstances100/Klimentova_100_23.txt ===========
-----------------------------
Thu Nov 24 13:01:16 CET 2022
-----------------------------
@03 1669291276
/home/mcs001/s145344/20221025/FullRecourseKEP/code/check/../bin/fullrecoursekidney.linux.x86_64.gnu.opt.spx2 /home/mcs001/s145344/20221025/FullRecourseKEP/code/check/../../instances/KlimentovaInstances100/Klimentova_100_23.txt 1 -t 3600 -m 24000 -n 2100000000 -d 10000 -s /home/mcs001/s145344/20221025/FullRecourseKEP/code/check/../settings/method1-complexFALSE-cyc4-chain4-liftFALSE-policy2.set
SCIP version 8.0.2 [precision: 8 byte] [memory: block] [mode: optimized] [LP solver: Soplex 6.0.2] [GitHash: 5f0473c4fb]
Copyright (C) 2002-2022 Konrad-Zuse-Zentrum fuer Informationstechnik Berlin (ZIB)


Reading parameters from </home/mcs001/s145344/20221025/FullRecourseKEP/code/check/../settings/method1-complexFALSE-cyc4-chain4-liftFALSE-policy2.set>.

Changed settings:
misc/usesymmetry = 0
kidney/maxcyclelength = 4
kidney/maxchainlength = 4
kidney/liftbenderscuts = FALSE

Setting time limit to 3600.
Setting memory limit to 24000.
Setting node limit to 2100000000.
Setting display frequency to 10000.

Reading the graph
Reading graph from file /home/mcs001/s145344/20221025/FullRecourseKEP/code/check/../../instances/KlimentovaInstances100/Klimentova_100_23.txt
Finding the cycles
Enumerating all cycles
Number of cycles: 48125

Finding the chains
Enumerating all chains
Chain length maximum: 4
Number of chains: 313185
Strengthening the node bounds
Find the triplets
Time needed to read graph and detecting cycles/chains/triplets:	0.21
Create the model
Time to create master model:	0.53
Solve the model
@99 Start master loop of trilevel optimization algorithm.
@98 masteriteration 1: objective value 59.000000.
@97 Set up Benders model 1.
time limit reached@05================================================================================
   ================================   STATISTICS   ================================
[suboptimal] terminated after 3651.020000 seconds (stage 2: 3385.340000, stage 3: 0.490000).

[patterns]
Used attack patterns:
@06================================================================================

SCIP Status        : problem creation / modification
Total Time         :       0.00
  reading          :       0.00
Original Problem   :
  Problem name     : name
  Variables        : 361411 (361410 binary, 0 integer, 0 implicit integer, 1 continuous)
  Constraints      : 201 initial, 201 maximal
  Objective        : maximize, 1 non-zeros (abs.min = 1, abs.max = 1)
Free the model
@04 1669294930
-----------------------------
Thu Nov 24 14:02:10 CET 2022
-----------------------------

=ready=
Linux mcs-computeA004 5.10.11-1.el7.elrepo.x86_64 #1 SMP Tue Jan 26 10:44:32 EST 2021 x86_64 x86_64 x86_64 GNU/Linux
@01 /home/mcs001/s145344/20221025/FullRecourseKEP/code/check/../../instances/KlimentovaInstances100/Klimentova_100_24.txt ===========
-----------------------------
Thu Nov 24 13:01:16 CET 2022
-----------------------------
@03 1669291276
/home/mcs001/s145344/20221025/FullRecourseKEP/code/check/../bin/fullrecoursekidney.linux.x86_64.gnu.opt.spx2 /home/mcs001/s145344/20221025/FullRecourseKEP/code/check/../../instances/KlimentovaInstances100/Klimentova_100_24.txt 1 -t 3600 -m 24000 -n 2100000000 -d 10000 -s /home/mcs001/s145344/20221025/FullRecourseKEP/code/check/../settings/method1-complexFALSE-cyc4-chain4-liftFALSE-policy2.set
SCIP version 8.0.2 [precision: 8 byte] [memory: block] [mode: optimized] [LP solver: Soplex 6.0.2] [GitHash: 5f0473c4fb]
Copyright (C) 2002-2022 Konrad-Zuse-Zentrum fuer Informationstechnik Berlin (ZIB)


Reading parameters from </home/mcs001/s145344/20221025/FullRecourseKEP/code/check/../settings/method1-complexFALSE-cyc4-chain4-liftFALSE-policy2.set>.

Changed settings:
misc/usesymmetry = 0
kidney/maxcyclelength = 4
kidney/maxchainlength = 4
kidney/liftbenderscuts = FALSE

Setting time limit to 3600.
Setting memory limit to 24000.
Setting node limit to 2100000000.
Setting display frequency to 10000.

Reading the graph
Reading graph from file /home/mcs001/s145344/20221025/FullRecourseKEP/code/check/../../instances/KlimentovaInstances100/Klimentova_100_24.txt
Finding the cycles
Enumerating all cycles
Number of cycles: 50373

Finding the chains
Enumerating all chains
Chain length maximum: 4
Number of chains: 1031586
Strengthening the node bounds
Find the triplets
Time needed to read graph and detecting cycles/chains/triplets:	0.67
Create the model
Time to create master model:	1.75
Solve the model
@99 Start master loop of trilevel optimization algorithm.
@98 masteriteration 1: objective value 49.000000.
@97 Set up Benders model 1.
memory limit reached@05================================================================================
   ================================   STATISTICS   ================================
[suboptimal] terminated after 1355.980000 seconds (stage 2: 220.220000, stage 3: 1.570000).

[patterns]
Used attack patterns:
@06================================================================================

SCIP Status        : problem creation / modification
Total Time         :       0.00
  reading          :       0.00
Original Problem   :
  Problem name     : name
  Variables        : 1082060 (1082059 binary, 0 integer, 0 implicit integer, 1 continuous)
  Constraints      : 201 initial, 201 maximal
  Objective        : maximize, 1 non-zeros (abs.min = 1, abs.max = 1)
Free the model
@04 1669292634
-----------------------------
Thu Nov 24 13:23:54 CET 2022
-----------------------------

=ready=
Linux mcs-computeA004 5.10.11-1.el7.elrepo.x86_64 #1 SMP Tue Jan 26 10:44:32 EST 2021 x86_64 x86_64 x86_64 GNU/Linux
@01 /home/mcs001/s145344/20221025/FullRecourseKEP/code/check/../../instances/KlimentovaInstances100/Klimentova_100_25.txt ===========
-----------------------------
Thu Nov 24 13:01:16 CET 2022
-----------------------------
@03 1669291276
/home/mcs001/s145344/20221025/FullRecourseKEP/code/check/../bin/fullrecoursekidney.linux.x86_64.gnu.opt.spx2 /home/mcs001/s145344/20221025/FullRecourseKEP/code/check/../../instances/KlimentovaInstances100/Klimentova_100_25.txt 1 -t 3600 -m 24000 -n 2100000000 -d 10000 -s /home/mcs001/s145344/20221025/FullRecourseKEP/code/check/../settings/method1-complexFALSE-cyc4-chain4-liftFALSE-policy2.set
SCIP version 8.0.2 [precision: 8 byte] [memory: block] [mode: optimized] [LP solver: Soplex 6.0.2] [GitHash: 5f0473c4fb]
Copyright (C) 2002-2022 Konrad-Zuse-Zentrum fuer Informationstechnik Berlin (ZIB)


Reading parameters from </home/mcs001/s145344/20221025/FullRecourseKEP/code/check/../settings/method1-complexFALSE-cyc4-chain4-liftFALSE-policy2.set>.

Changed settings:
misc/usesymmetry = 0
kidney/maxcyclelength = 4
kidney/maxchainlength = 4
kidney/liftbenderscuts = FALSE

Setting time limit to 3600.
Setting memory limit to 24000.
Setting node limit to 2100000000.
Setting display frequency to 10000.

Reading the graph
Reading graph from file /home/mcs001/s145344/20221025/FullRecourseKEP/code/check/../../instances/KlimentovaInstances100/Klimentova_100_25.txt
Finding the cycles
Enumerating all cycles
Number of cycles: 49425

Finding the chains
Enumerating all chains
Chain length maximum: 4
Number of chains: 796797
Strengthening the node bounds
Find the triplets
Time needed to read graph and detecting cycles/chains/triplets:	0.51
Create the model
Time to create master model:	1.31
Solve the model
@99 Start master loop of trilevel optimization algorithm.
@98 masteriteration 1: objective value 48.000000.
@97 Set up Benders model 1.
time limit reached@05================================================================================
   ================================   STATISTICS   ================================
[suboptimal] terminated after 3959.890000 seconds (stage 2: 2920.810000, stage 3: 1.190000).

[patterns]
Used attack patterns:
@06================================================================================

SCIP Status        : problem creation / modification
Total Time         :       0.00
  reading          :       0.00
Original Problem   :
  Problem name     : name
  Variables        : 846323 (846322 binary, 0 integer, 0 implicit integer, 1 continuous)
  Constraints      : 201 initial, 201 maximal
  Objective        : maximize, 1 non-zeros (abs.min = 1, abs.max = 1)
Free the model
@04 1669295258
-----------------------------
Thu Nov 24 14:07:38 CET 2022
-----------------------------

=ready=
Linux mcs-computeA007 5.10.11-1.el7.elrepo.x86_64 #1 SMP Tue Jan 26 10:44:32 EST 2021 x86_64 x86_64 x86_64 GNU/Linux
@01 /home/mcs001/s145344/20221025/FullRecourseKEP/code/check/../../instances/KlimentovaInstances100/Klimentova_100_26.txt ===========
-----------------------------
Wed Nov 23 15:19:54 CET 2022
-----------------------------
@03 1669213194
/home/mcs001/s145344/20221025/FullRecourseKEP/code/check/../bin/fullrecoursekidney.linux.x86_64.gnu.opt.spx2 /home/mcs001/s145344/20221025/FullRecourseKEP/code/check/../../instances/KlimentovaInstances100/Klimentova_100_26.txt 1 -t 3600 -m 24000 -n 2100000000 -d 10000 -s /home/mcs001/s145344/20221025/FullRecourseKEP/code/check/../settings/method1-complexFALSE-cyc4-chain4-liftFALSE-policy2.set
SCIP version 8.0.2 [precision: 8 byte] [memory: block] [mode: optimized] [LP solver: Soplex 6.0.2] [GitHash: 5f0473c4fb]
Copyright (C) 2002-2022 Konrad-Zuse-Zentrum fuer Informationstechnik Berlin (ZIB)


Reading parameters from </home/mcs001/s145344/20221025/FullRecourseKEP/code/check/../settings/method1-complexFALSE-cyc4-chain4-liftFALSE-policy2.set>.

Changed settings:
misc/usesymmetry = 0
kidney/maxcyclelength = 4
kidney/maxchainlength = 4
kidney/liftbenderscuts = FALSE

Setting time limit to 3600.
Setting memory limit to 24000.
Setting node limit to 2100000000.
Setting display frequency to 10000.

Reading the graph
Reading graph from file /home/mcs001/s145344/20221025/FullRecourseKEP/code/check/../../instances/KlimentovaInstances100/Klimentova_100_26.txt
Finding the cycles
Enumerating all cycles
Number of cycles: 51796

Finding the chains
Enumerating all chains
Chain length maximum: 4
Number of chains: 1953320
Strengthening the node bounds
Find the triplets
Time needed to read graph and detecting cycles/chains/triplets:	1.2
Create the model
Time to create master model:	7.17
Solve the model
@99 Start master loop of trilevel optimization algorithm.
time limit reached@05================================================================================
   ================================   STATISTICS   ================================
[suboptimal] terminated after 3707.970000 seconds (stage 2: 0.000000, stage 3: 0.000000).

[patterns]
Used attack patterns:
@06================================================================================

SCIP Status        : problem creation / modification
Total Time         :       0.00
  reading          :       0.00
Original Problem   :
  Problem name     : name
  Variables        : 2005217 (2005216 binary, 0 integer, 0 implicit integer, 1 continuous)
  Constraints      : 201 initial, 201 maximal
  Objective        : maximize, 1 non-zeros (abs.min = 1, abs.max = 1)
Free the model
@04 1669216919
-----------------------------
Wed Nov 23 16:21:59 CET 2022
-----------------------------

=ready=
Linux mcs-computeA004 5.10.11-1.el7.elrepo.x86_64 #1 SMP Tue Jan 26 10:44:32 EST 2021 x86_64 x86_64 x86_64 GNU/Linux
@01 /home/mcs001/s145344/20221025/FullRecourseKEP/code/check/../../instances/KlimentovaInstances100/Klimentova_100_27.txt ===========
-----------------------------
Thu Nov 24 13:01:16 CET 2022
-----------------------------
@03 1669291276
/home/mcs001/s145344/20221025/FullRecourseKEP/code/check/../bin/fullrecoursekidney.linux.x86_64.gnu.opt.spx2 /home/mcs001/s145344/20221025/FullRecourseKEP/code/check/../../instances/KlimentovaInstances100/Klimentova_100_27.txt 1 -t 3600 -m 24000 -n 2100000000 -d 10000 -s /home/mcs001/s145344/20221025/FullRecourseKEP/code/check/../settings/method1-complexFALSE-cyc4-chain4-liftFALSE-policy2.set
SCIP version 8.0.2 [precision: 8 byte] [memory: block] [mode: optimized] [LP solver: Soplex 6.0.2] [GitHash: 5f0473c4fb]
Copyright (C) 2002-2022 Konrad-Zuse-Zentrum fuer Informationstechnik Berlin (ZIB)


Reading parameters from </home/mcs001/s145344/20221025/FullRecourseKEP/code/check/../settings/method1-complexFALSE-cyc4-chain4-liftFALSE-policy2.set>.

Changed settings:
misc/usesymmetry = 0
kidney/maxcyclelength = 4
kidney/maxchainlength = 4
kidney/liftbenderscuts = FALSE

Setting time limit to 3600.
Setting memory limit to 24000.
Setting node limit to 2100000000.
Setting display frequency to 10000.

Reading the graph
Reading graph from file /home/mcs001/s145344/20221025/FullRecourseKEP/code/check/../../instances/KlimentovaInstances100/Klimentova_100_27.txt
Finding the cycles
Enumerating all cycles
Number of cycles: 29170

Finding the chains
Enumerating all chains
Chain length maximum: 4
Number of chains: 993213
Strengthening the node bounds
Find the triplets
Time needed to read graph and detecting cycles/chains/triplets:	0.62
Create the model
Time to create master model:	1.68
Solve the model
@99 Start master loop of trilevel optimization algorithm.
@98 masteriteration 1: objective value 49.000000.
@97 Set up Benders model 1.
memory limit reached@05================================================================================
   ================================   STATISTICS   ================================
[suboptimal] terminated after 2879.110000 seconds (stage 2: 1125.540000, stage 3: 1.460000).

[patterns]
Used attack patterns:
@06================================================================================

SCIP Status        : problem creation / modification
Total Time         :       0.00
  reading          :       0.00
Original Problem   :
  Problem name     : name
  Variables        : 1022484 (1022483 binary, 0 integer, 0 implicit integer, 1 continuous)
  Constraints      : 201 initial, 201 maximal
  Objective        : maximize, 1 non-zeros (abs.min = 1, abs.max = 1)
Free the model
@04 1669294158
-----------------------------
Thu Nov 24 13:49:18 CET 2022
-----------------------------

=ready=
Linux mcs-computeA004 5.10.11-1.el7.elrepo.x86_64 #1 SMP Tue Jan 26 10:44:32 EST 2021 x86_64 x86_64 x86_64 GNU/Linux
@01 /home/mcs001/s145344/20221025/FullRecourseKEP/code/check/../../instances/KlimentovaInstances100/Klimentova_100_28.txt ===========
-----------------------------
Thu Nov 24 13:01:16 CET 2022
-----------------------------
@03 1669291276
/home/mcs001/s145344/20221025/FullRecourseKEP/code/check/../bin/fullrecoursekidney.linux.x86_64.gnu.opt.spx2 /home/mcs001/s145344/20221025/FullRecourseKEP/code/check/../../instances/KlimentovaInstances100/Klimentova_100_28.txt 1 -t 3600 -m 24000 -n 2100000000 -d 10000 -s /home/mcs001/s145344/20221025/FullRecourseKEP/code/check/../settings/method1-complexFALSE-cyc4-chain4-liftFALSE-policy2.set
SCIP version 8.0.2 [precision: 8 byte] [memory: block] [mode: optimized] [LP solver: Soplex 6.0.2] [GitHash: 5f0473c4fb]
Copyright (C) 2002-2022 Konrad-Zuse-Zentrum fuer Informationstechnik Berlin (ZIB)


Reading parameters from </home/mcs001/s145344/20221025/FullRecourseKEP/code/check/../settings/method1-complexFALSE-cyc4-chain4-liftFALSE-policy2.set>.

Changed settings:
misc/usesymmetry = 0
kidney/maxcyclelength = 4
kidney/maxchainlength = 4
kidney/liftbenderscuts = FALSE

Setting time limit to 3600.
Setting memory limit to 24000.
Setting node limit to 2100000000.
Setting display frequency to 10000.

Reading the graph
Reading graph from file /home/mcs001/s145344/20221025/FullRecourseKEP/code/check/../../instances/KlimentovaInstances100/Klimentova_100_28.txt
Finding the cycles
Enumerating all cycles
Number of cycles: 62554

Finding the chains
Enumerating all chains
Chain length maximum: 4
Number of chains: 1312427
Strengthening the node bounds
Find the triplets
Time needed to read graph and detecting cycles/chains/triplets:	0.82
Create the model
Time to create master model:	2.18
Solve the model
@99 Start master loop of trilevel optimization algorithm.
@98 masteriteration 1: objective value 66.000000.
@97 Set up Benders model 1.
memory limit reached@05================================================================================
   ================================   STATISTICS   ================================
[suboptimal] terminated after 1242.770000 seconds (stage 2: 32.050000, stage 3: 1.960000).

[patterns]
Used attack patterns:
@06================================================================================

SCIP Status        : problem creation / modification
Total Time         :       0.00
  reading          :       0.00
Original Problem   :
  Problem name     : name
  Variables        : 1375082 (1375081 binary, 0 integer, 0 implicit integer, 1 continuous)
  Constraints      : 201 initial, 201 maximal
  Objective        : maximize, 1 non-zeros (abs.min = 1, abs.max = 1)
Free the model
@04 1669292521
-----------------------------
Thu Nov 24 13:22:01 CET 2022
-----------------------------

=ready=
Linux mcs-computeA004 5.10.11-1.el7.elrepo.x86_64 #1 SMP Tue Jan 26 10:44:32 EST 2021 x86_64 x86_64 x86_64 GNU/Linux
@01 /home/mcs001/s145344/20221025/FullRecourseKEP/code/check/../../instances/KlimentovaInstances100/Klimentova_100_29.txt ===========
-----------------------------
Thu Nov 24 13:01:16 CET 2022
-----------------------------
@03 1669291276
/home/mcs001/s145344/20221025/FullRecourseKEP/code/check/../bin/fullrecoursekidney.linux.x86_64.gnu.opt.spx2 /home/mcs001/s145344/20221025/FullRecourseKEP/code/check/../../instances/KlimentovaInstances100/Klimentova_100_29.txt 1 -t 3600 -m 24000 -n 2100000000 -d 10000 -s /home/mcs001/s145344/20221025/FullRecourseKEP/code/check/../settings/method1-complexFALSE-cyc4-chain4-liftFALSE-policy2.set
SCIP version 8.0.2 [precision: 8 byte] [memory: block] [mode: optimized] [LP solver: Soplex 6.0.2] [GitHash: 5f0473c4fb]
Copyright (C) 2002-2022 Konrad-Zuse-Zentrum fuer Informationstechnik Berlin (ZIB)


Reading parameters from </home/mcs001/s145344/20221025/FullRecourseKEP/code/check/../settings/method1-complexFALSE-cyc4-chain4-liftFALSE-policy2.set>.

Changed settings:
misc/usesymmetry = 0
kidney/maxcyclelength = 4
kidney/maxchainlength = 4
kidney/liftbenderscuts = FALSE

Setting time limit to 3600.
Setting memory limit to 24000.
Setting node limit to 2100000000.
Setting display frequency to 10000.

Reading the graph
Reading graph from file /home/mcs001/s145344/20221025/FullRecourseKEP/code/check/../../instances/KlimentovaInstances100/Klimentova_100_29.txt
Finding the cycles
Enumerating all cycles
Number of cycles: 50745

Finding the chains
Enumerating all chains
Chain length maximum: 4
Number of chains: 993256
Strengthening the node bounds
Find the triplets
Time needed to read graph and detecting cycles/chains/triplets:	0.66
Create the model
Time to create master model:	1.69
Solve the model
@99 Start master loop of trilevel optimization algorithm.
@98 masteriteration 1: objective value 58.000000.
@97 Set up Benders model 1.
memory limit reached@05================================================================================
   ================================   STATISTICS   ================================
[suboptimal] terminated after 2917.530000 seconds (stage 2: 1216.880000, stage 3: 1.550000).

[patterns]
Used attack patterns:
@06================================================================================

SCIP Status        : problem creation / modification
Total Time         :       0.00
  reading          :       0.00
Original Problem   :
  Problem name     : name
  Variables        : 1044102 (1044101 binary, 0 integer, 0 implicit integer, 1 continuous)
  Constraints      : 201 initial, 201 maximal
  Objective        : maximize, 1 non-zeros (abs.min = 1, abs.max = 1)
Free the model
@04 1669294197
-----------------------------
Thu Nov 24 13:49:57 CET 2022
-----------------------------

=ready=
